https://en.wikipedia.org/wiki/List_of_films:_G
hello
https://en.wikipedia.org/wiki/List_of_films:_G
https://en.wikipedia.org/wiki/A_Gathering_of_Eagles
https://en.wikipedia.org/wiki/A_Geisha
https://en.wikipedia.org/wiki/A_Generation
https://en.wikipedia.org/wiki/A_Genius,_Two_Partners_and_a_Dupe
https://en.wikipedia.org/wiki/A_Gentle_Creature_(film)
https://en.wikipedia.org/wiki/A_Gentle_Woman
https://en.wikipedia.org/wiki/A_Ghost_Story
https://en.wikipedia.org/wiki/A_Ghost_Waits
https://en.wikipedia.org/wiki/A_Ghost_and_the_Boy_with_a_Box_on_His_Head
https://en.wikipedia.org/wiki/A_Gift_from_Bob
https://en.wikipedia.org/wiki/A_Girl_Walks_Home_Alone_at_Night
https://en.wikipedia.org/wiki/A_Girl_and_a_Dolphin
https://en.wikipedia.org/wiki/A_Girl_from_Hunan
https://en.wikipedia.org/wiki/A_Girl_in_Every_Port_(1928_film)
https://en.wikipedia.org/wiki/A_Girl_in_Every_Port_(1952_film)
https://en.wikipedia.org/wiki/A_Glimpse_Inside_the_Mind_of_Charles_Swan_III
https://en.wikipedia.org/wiki/A_Glitch_in_the_Matrix
https://en.wikipedia.org/wiki/A_Global_Affair
https://en.wikipedia.org/wiki/A_Gnome_Named_Gnorm
https://en.wikipedia.org/wiki/A_Goat%27s_Tail
https://en.wikipedia.org/wiki/A_Gold_Medal_Winning_Tramp_Dog
https://en.wikipedia.org/wiki/A_Golden_Boy
https://en.wikipedia.org/wiki/A_Golden_Christmas
https://en.wikipedia.org/wiki/A_Good_Day_to_Die_Hard
https://en.wikipedia.org/wiki/A_Good_Lawyer%27s_Wife
https://en.wikipedia.org/wiki/A_Good_Old_Fashioned_Orgy
https://en.wikipedia.org/wiki/A_Good_Woman_(film)
https://en.wikipedia.org/wiki/A_Good_Year
https://en.wikipedia.org/wiki/A_Goofy_Movie
https://en.wikipedia.org/wiki/A_Gorgeous_Girl_Like_Me
https://en.wikipedia.org/wiki/A_Grand_Day_Out_with_Wallace_and_Gromit
https://en.wikipedia.org/wiki/A_Great_Day_in_Harlem_(film)
https://en.wikipedia.org/wiki/A_Guide_for_the_Married_Man
https://en.wikipedia.org/wiki/A_Guide_to_Recognizing_Your_Saints_(film)
https://en.wikipedia.org/wiki/A_Gunfighter%27s_Pledge
https://en.wikipedia.org/wiki/A_Guy_Named_Joe
https://en.wikipedia.org/wiki/A_Guy_Thing
https://en.wikipedia.org/wiki/All_Monsters_Attack
https://en.wikipedia.org/wiki/Destroy_All_Monsters
https://en.wikipedia.org/wiki/Die_gro%C3%9Fe_Liebe_(1931_film)
https://en.wikipedia.org/wiki/Ebirah,_Horror_of_the_Deep
https://en.wikipedia.org/wiki/El_Gringo
https://en.wikipedia.org/wiki/Elizabeth:_The_Golden_Age
https://en.wikipedia.org/wiki/G-Force_(film)
https://en.wikipedia.org/wiki/G-Men_from_Hell
https://en.wikipedia.org/wiki/G-SALE
https://en.wikipedia.org/wiki/G.I._Blues
https://en.wikipedia.org/wiki/G.I._Jane
https://en.wikipedia.org/wiki/G.I._Joe:_Retaliation
https://en.wikipedia.org/wiki/G.I._Joe:_The_Movie
https://en.wikipedia.org/wiki/G.I._Joe:_The_Rise_of_Cobra
https://en.wikipedia.org/wiki/G.O.R.A.
https://en.wikipedia.org/wiki/G@me
https://en.wikipedia.org/wiki/GG_Bond:_Guarding
https://en.wikipedia.org/wiki/GG_Bond_2
https://en.wikipedia.org/wiki/GG_Bond_Movie:_Ultimate_Battle
https://en.wikipedia.org/wiki/G_(2002_film)
https://en.wikipedia.org/wiki/G_(2004_film)
https://en.wikipedia.org/wiki/G_Men
https://en.wikipedia.org/wiki/Gaai_Aur_Gori
https://en.wikipedia.org/wiki/Gaali
https://en.wikipedia.org/wiki/Gaali_Gopura
https://en.wikipedia.org/wiki/Gaali_Maathu
https://en.wikipedia.org/wiki/Gaali_Medalu
https://en.wikipedia.org/wiki/Gaali_Sampath
https://en.wikipedia.org/wiki/Gaalipata
https://en.wikipedia.org/wiki/Gaalipata_2
https://en.wikipedia.org/wiki/Gaana_Bajaana
https://en.wikipedia.org/wiki/Gaanam
https://en.wikipedia.org/wiki/Gaandharvam
https://en.wikipedia.org/wiki/Gaane_Ki_Aane
https://en.wikipedia.org/wiki/Gaatho
https://en.wikipedia.org/wiki/Gaayam
https://en.wikipedia.org/wiki/Gaayam_2
https://en.wikipedia.org/wiki/Gaayathri
https://en.wikipedia.org/wiki/Gaayathridevi_Ente_Amma
https://en.wikipedia.org/wiki/Gaban_(film)
https://en.wikipedia.org/wiki/Gabbar_Is_Back
https://en.wikipedia.org/wiki/Gabbar_Singh_(film)
https://en.wikipedia.org/wiki/Gabbeh_(film)
https://en.wikipedia.org/wiki/Gabbia_(film)
https://en.wikipedia.org/wiki/Gabi_(film)
https://en.wikipedia.org/wiki/Gabriel%27s_Passion
https://en.wikipedia.org/wiki/Gabriel_(1976_film)
https://en.wikipedia.org/wiki/Gabriel_(2007_film)
https://en.wikipedia.org/wiki/Gabriel_Over_the_White_House
https://en.wikipedia.org/wiki/Gabrielle_(1954_film)
https://en.wikipedia.org/wiki/Gabrielle_(2005_film)
https://en.wikipedia.org/wiki/Gabrielle_(2013_film)
https://en.wikipedia.org/wiki/Gaby_(film)
https://en.wikipedia.org/wiki/Gacaca,_Living_Together_Again_In_Rwanda%3F
https://en.wikipedia.org/wiki/Gachchi_(film)
https://en.wikipedia.org/wiki/Gacy_(film)
https://en.wikipedia.org/wiki/Gada_Meilin_(film)
https://en.wikipedia.org/wiki/Gaddar:_The_Traitor
https://en.wikipedia.org/wiki/Gaga_(film)
https://en.wikipedia.org/wiki/Gagak_Item
https://en.wikipedia.org/wiki/Gagamboy
https://en.wikipedia.org/wiki/Gagarin%27s_Grandson
https://en.wikipedia.org/wiki/Gagetown_(film)
https://en.wikipedia.org/wiki/Gai_Shanxi_and_Her_Sisters
https://en.wikipedia.org/wiki/Gaia_(film)
https://en.wikipedia.org/wiki/Gaiji_Keisatsu_(film)
https://en.wikipedia.org/wiki/Gaijin:_Roads_to_Freedom
https://en.wikipedia.org/wiki/Gaijin_2:_Love_Me_as_I_Am
https://en.wikipedia.org/wiki/Gainsbourg:_A_Heroic_Life
https://en.wikipedia.org/wiki/Gair_(film)
https://en.wikipedia.org/wiki/Gair_Kanooni
https://en.wikipedia.org/wiki/Gaja_(film)
https://en.wikipedia.org/wiki/Gajaar:_Journey_of_the_Soul
https://en.wikipedia.org/wiki/Gajab_Thai_Gayo!
https://en.wikipedia.org/wiki/Gajakesari
https://en.wikipedia.org/wiki/Gajakesariyogam
https://en.wikipedia.org/wiki/Gajanana_and_Gang
https://en.wikipedia.org/wiki/Gajapathi_Garvabhanga
https://en.wikipedia.org/wiki/Gaku:_Minna_no_Yama_(film)
https://en.wikipedia.org/wiki/Gala_(film)
https://en.wikipedia.org/wiki/Galata_(film)
https://en.wikipedia.org/wiki/Galaxina
https://en.wikipedia.org/wiki/Galaxy_Express_999_(film)
https://en.wikipedia.org/wiki/Galaxy_Invader
https://en.wikipedia.org/wiki/Galaxy_Quest
https://en.wikipedia.org/wiki/Galaxy_Turnpike
https://en.wikipedia.org/wiki/Galaxy_of_Terror
https://en.wikipedia.org/wiki/Gallipoli_(1981_film)
https://en.wikipedia.org/wiki/Gallipoli_(2005_film)
https://en.wikipedia.org/wiki/Galloping_Thunder_(1927_film)
https://en.wikipedia.org/wiki/Galloping_Thunder_(1946_film)
https://en.wikipedia.org/wiki/Galveston_(film)
https://en.wikipedia.org/wiki/Gambit_(1966_film)
https://en.wikipedia.org/wiki/Gambit_(2012_film)
https://en.wikipedia.org/wiki/Gambit_(unproduced_film)
https://en.wikipedia.org/wiki/Gambler_(film)
https://en.wikipedia.org/wiki/Game_6
https://en.wikipedia.org/wiki/Game_Night_(film)
https://en.wikipedia.org/wiki/Game_Over,_Man!
https://en.wikipedia.org/wiki/Game_Over:_Kasparov_and_the_Machine
https://en.wikipedia.org/wiki/Game_Over_(2003_film)
https://en.wikipedia.org/wiki/Game_Over_(2013_film)
https://en.wikipedia.org/wiki/Game_Over_(2019_film)
https://en.wikipedia.org/wiki/Game_of_Death
https://en.wikipedia.org/wiki/Game_of_Death_II
https://en.wikipedia.org/wiki/Gamer_(2009_film)
https://en.wikipedia.org/wiki/Gamer_(2011_film)
https://en.wikipedia.org/wiki/Gamera:_Guardian_of_the_Universe
https://en.wikipedia.org/wiki/Gamera_2:_Attack_of_Legion
https://en.wikipedia.org/wiki/Gamera_3:_The_Revenge_of_Iris
https://en.wikipedia.org/wiki/Gamera_vs._Guiron
https://en.wikipedia.org/wiki/Gamera_vs._Gyaos
https://en.wikipedia.org/wiki/Gamera_vs._Zigra
https://en.wikipedia.org/wiki/Gamers:_The_Movie
https://en.wikipedia.org/wiki/Ganbare!_Gian!!
https://en.wikipedia.org/wiki/Gandahar_(film)
https://en.wikipedia.org/wiki/Gandhi,_My_Father
https://en.wikipedia.org/wiki/Gandhi_(film)
https://en.wikipedia.org/wiki/Gang_Related_(film)
https://en.wikipedia.org/wiki/Gang_in_Blue
https://en.wikipedia.org/wiki/Gangaajal
https://en.wikipedia.org/wiki/Gangs_of_New_York
https://en.wikipedia.org/wiki/Gangs_of_Wasseypur
https://en.wikipedia.org/wiki/Gangster_No._1
https://en.wikipedia.org/wiki/Gangster_Payday
https://en.wikipedia.org/wiki/Gangster_Squad_(film)
https://en.wikipedia.org/wiki/Ganja_and_Hess
https://en.wikipedia.org/wiki/Gantz:_O
https://en.wikipedia.org/wiki/Gaon_(film)
https://en.wikipedia.org/wiki/Gaon_Hamara_Shaher_Tumhara
https://en.wikipedia.org/wiki/Gaon_Ki_Gori
https://en.wikipedia.org/wiki/Gaon_Tasa_Changla_Pan_Veshila_Tangla
https://en.wikipedia.org/wiki/Gaon_Thor_Pudhari_Chor
https://en.wikipedia.org/wiki/Gappa:_The_Triphibian_Monster
https://en.wikipedia.org/wiki/Gar%C3%A7on_stupide
https://en.wikipedia.org/wiki/Gar%C5%8Dden
https://en.wikipedia.org/wiki/Garage_Days
https://en.wikipedia.org/wiki/Garagouz
https://en.wikipedia.org/wiki/Garakowa:_Restore_the_World
https://en.wikipedia.org/wiki/Garbo_(film)
https://en.wikipedia.org/wiki/Garden_Party_(2008_film)
https://en.wikipedia.org/wiki/Garden_Party_(2017_film)
https://en.wikipedia.org/wiki/Garden_State_(film)
https://en.wikipedia.org/wiki/Garden_of_Eden_(1954_film)
https://en.wikipedia.org/wiki/Garden_of_Evil
https://en.wikipedia.org/wiki/Garden_of_Heaven
https://en.wikipedia.org/wiki/Gardens_of_Stone
https://en.wikipedia.org/wiki/Garfield:_A_Tale_of_Two_Kitties
https://en.wikipedia.org/wiki/Garfield:_The_Movie
https://en.wikipedia.org/wiki/Garm_Wars:_The_Last_Druid
https://en.wikipedia.org/wiki/Gas-s-s-s
https://en.wikipedia.org/wiki/Gas_Food_Lodging
https://en.wikipedia.org/wiki/Gaslight_(1940_film)
https://en.wikipedia.org/wiki/Gaslight_(1944_film)
https://en.wikipedia.org/wiki/Gasoline_(film)
https://en.wikipedia.org/wiki/Gate_of_Flesh
https://en.wikipedia.org/wiki/Gate_of_Hell_(film)
https://en.wikipedia.org/wiki/Gates_of_Heaven
https://en.wikipedia.org/wiki/Gattaca
https://en.wikipedia.org/wiki/Gawain_and_the_Green_Knight_(film)
https://en.wikipedia.org/wiki/Gay_Purr-ee
https://en.wikipedia.org/wiki/Gay_USA_(film)
https://en.wikipedia.org/wiki/Gaza_(film)
https://en.wikipedia.org/wiki/Gaza_Strip_(film)
https://en.wikipedia.org/wiki/Gazal_(1964_film)
https://en.wikipedia.org/wiki/GeGeGe_no_Ny%C5%8Db%C5%8D
https://en.wikipedia.org/wiki/Geared_to_Go
https://en.wikipedia.org/wiki/Gebo_and_the_Shadow
https://en.wikipedia.org/wiki/Geek_Charming
https://en.wikipedia.org/wiki/Geek_Maggot_Bingo
https://en.wikipedia.org/wiki/Geeks_(film)
https://en.wikipedia.org/wiki/Geet_Gaata_Chal
https://en.wikipedia.org/wiki/Geet_Gaya_Patharon_Ne
https://en.wikipedia.org/wiki/Geeta_(1940_film)
https://en.wikipedia.org/wiki/Geetaa_Mera_Naam
https://en.wikipedia.org/wiki/Geetanjali_(1993_film)
https://en.wikipedia.org/wiki/Geetha_Bangle_Store
https://en.wikipedia.org/wiki/Geetha_Gandhi
https://en.wikipedia.org/wiki/Geetha_Govindam
https://en.wikipedia.org/wiki/Geetham_(film)
https://en.wikipedia.org/wiki/Geez_%26_Ann
https://en.wikipedia.org/wiki/Gekij%C5%8Dban_D%C5%8Dbutsu_no_Mori
https://en.wikipedia.org/wiki/Gekij%C5%8Dban_Meiji_Tokyo_Renka:_Yumihari_no_Serenade
https://en.wikipedia.org/wiki/Gemeni_(film)
https://en.wikipedia.org/wiki/Gemini_(1999_film)
https://en.wikipedia.org/wiki/Gemini_(2002_film)
https://en.wikipedia.org/wiki/Gemini_(2017_film)
https://en.wikipedia.org/wiki/Gemini_Man_(film)
https://en.wikipedia.org/wiki/Gen_(film)
https://en.wikipedia.org/wiki/Gene-X
https://en.wikipedia.org/wiki/Genealogies_of_a_Crime
https://en.wikipedia.org/wiki/General_Idi_Amin_Dada:_A_Self_Portrait
https://en.wikipedia.org/wiki/General_Spanky
https://en.wikipedia.org/wiki/General_della_Rovere
https://en.wikipedia.org/wiki/Generation_X_(film)
https://en.wikipedia.org/wiki/Genesis:_The_Creation_and_the_Flood
https://en.wikipedia.org/wiki/Genesis_(1986_film)
https://en.wikipedia.org/wiki/Genesis_(1999_film)
https://en.wikipedia.org/wiki/Genesis_(2018_Canadian_film)
https://en.wikipedia.org/wiki/Genesis_(2018_Hungarian_film)
https://en.wikipedia.org/wiki/Genevieve_(film)
https://en.wikipedia.org/wiki/Genghis_Blues
https://en.wikipedia.org/wiki/Genghis_Khan:_To_the_Ends_of_the_Earth_and_Sea
https://en.wikipedia.org/wiki/Genghis_Khan_(1950_film)
https://en.wikipedia.org/wiki/Genghis_Khan_(1965_film)
https://en.wikipedia.org/wiki/Genghis_Khan_(1998_film)
https://en.wikipedia.org/wiki/Genghis_Khan_(2018_film)
https://en.wikipedia.org/wiki/Genova_(1953_film)
https://en.wikipedia.org/wiki/Genova_(2008_film)
https://en.wikipedia.org/wiki/Gentleman%27s_Agreement
https://en.wikipedia.org/wiki/Gentleman_(1989_film)
https://en.wikipedia.org/wiki/Gentleman_(1993_film)
https://en.wikipedia.org/wiki/Gentleman_(2016_film)
https://en.wikipedia.org/wiki/Gentleman_Jim_(film)
https://en.wikipedia.org/wiki/Gentlemen_(2014_film)
https://en.wikipedia.org/wiki/Gentlemen_Broncos
https://en.wikipedia.org/wiki/Gentlemen_Marry_Brunettes
https://en.wikipedia.org/wiki/Gentlemen_Prefer_Blondes_(1928_film)
https://en.wikipedia.org/wiki/Gentlemen_Prefer_Blondes_(1953_film)
https://en.wikipedia.org/wiki/Gentlemen_of_Fortune
https://en.wikipedia.org/wiki/Genuine_(film)
https://en.wikipedia.org/wiki/Geographies_of_Solitude
https://en.wikipedia.org/wiki/Geography_Club_(film)
https://en.wikipedia.org/wiki/Georg_(film)
https://en.wikipedia.org/wiki/George_Harrison:_Living_in_the_Material_World
https://en.wikipedia.org/wiki/George_Lopez_Why_You_Crying%3F
https://en.wikipedia.org/wiki/George_Lucas_in_Love
https://en.wikipedia.org/wiki/George_Wallace_(film)
https://en.wikipedia.org/wiki/George_Washington_(film)
https://en.wikipedia.org/wiki/George_Washington_Slept_Here
https://en.wikipedia.org/wiki/George_White%27s_1935_Scandals
https://en.wikipedia.org/wiki/George_of_the_Jungle_(film)
https://en.wikipedia.org/wiki/George_of_the_Jungle_2
https://en.wikipedia.org/wiki/Georgetown_(film)
https://en.wikipedia.org/wiki/Georgia_(1988_film)
https://en.wikipedia.org/wiki/Georgia_(1995_film)
https://en.wikipedia.org/wiki/Georgia_Rule
https://en.wikipedia.org/wiki/Georgica_(film)
https://en.wikipedia.org/wiki/Georgy_Girl
https://en.wikipedia.org/wiki/Geostorm
https://en.wikipedia.org/wiki/Geppetto_(film)
https://en.wikipedia.org/wiki/Gerald%27s_Game_(film)
https://en.wikipedia.org/wiki/Gerald_(film)
https://en.wikipedia.org/wiki/Gerald_Cranston%27s_Lady
https://en.wikipedia.org/wiki/Gerald_McBoing-Boing
https://en.wikipedia.org/wiki/Geraldine%27s_Fortune
https://en.wikipedia.org/wiki/Geran_(film)
https://en.wikipedia.org/wiki/Geri%27s_Game
https://en.wikipedia.org/wiki/Germany,_Year_Zero
https://en.wikipedia.org/wiki/Germany_Pale_Mother
https://en.wikipedia.org/wiki/Germany_in_Autumn
https://en.wikipedia.org/wiki/Germinal_(1913_film)
https://en.wikipedia.org/wiki/Germinal_(1963_film)
https://en.wikipedia.org/wiki/Germinal_(1993_film)
https://en.wikipedia.org/wiki/Geronimo%27s_Last_Raid
https://en.wikipedia.org/wiki/Geronimo_(1939_film)
https://en.wikipedia.org/wiki/Geronimo_(1962_film)
https://en.wikipedia.org/wiki/Geronimo_(1993_film)
https://en.wikipedia.org/wiki/Geronimo_(2014_film)
https://en.wikipedia.org/wiki/Gerry_(2002_film)
https://en.wikipedia.org/wiki/Gerry_(2011_film)
https://en.wikipedia.org/wiki/Gertie_the_Dinosaur
https://en.wikipedia.org/wiki/Gertrud_(film)
https://en.wikipedia.org/wiki/Gervaise_(film)
https://en.wikipedia.org/wiki/Gesetze_der_Liebe
https://en.wikipedia.org/wiki/Gestapo%27s_Last_Orgy
https://en.wikipedia.org/wiki/Get_Carter
https://en.wikipedia.org/wiki/Get_Carter_(2000_film)
https://en.wikipedia.org/wiki/Get_Christie_Love!
https://en.wikipedia.org/wiki/Get_Crazy
https://en.wikipedia.org/wiki/Get_Duked!
https://en.wikipedia.org/wiki/Get_Hard
https://en.wikipedia.org/wiki/Get_Him_to_the_Greek
https://en.wikipedia.org/wiki/Get_In_(film)
https://en.wikipedia.org/wiki/Get_Low_(film)
https://en.wikipedia.org/wiki/Get_Me_Roger_Stone
https://en.wikipedia.org/wiki/Get_Out
https://en.wikipedia.org/wiki/Get_Out_Your_Handkerchiefs
https://en.wikipedia.org/wiki/Get_Out_of_My_Room
https://en.wikipedia.org/wiki/Get_Over_It_(film)
https://en.wikipedia.org/wiki/Get_Real_(film)
https://en.wikipedia.org/wiki/Get_Rich_or_Die_Tryin%27_(2005_film)
https://en.wikipedia.org/wiki/Get_Shorty_(film)
https://en.wikipedia.org/wiki/Get_Smart_(film)
https://en.wikipedia.org/wiki/Get_Up!_(film)
https://en.wikipedia.org/wiki/Get_a_Clue
https://en.wikipedia.org/wiki/Get_on_Up_(film)
https://en.wikipedia.org/wiki/Get_on_the_Bus
https://en.wikipedia.org/wiki/Get_the_Gringo
https://en.wikipedia.org/wiki/Getaway_(2013_film)
https://en.wikipedia.org/wiki/Gettin%27_Square
https://en.wikipedia.org/wiki/Getting_Any%3F
https://en.wikipedia.org/wiki/Getting_Away_with_Murder:_The_JonBenet_Ramsey_Story
https://en.wikipedia.org/wiki/Getting_Away_with_Murder_(1996_film)
https://en.wikipedia.org/wiki/Getting_Even_with_Dad
https://en.wikipedia.org/wiki/Getting_Home
https://en.wikipedia.org/wiki/Getting_In
https://en.wikipedia.org/wiki/Getting_Lucky
https://en.wikipedia.org/wiki/Getting_My_Brother_Laid
https://en.wikipedia.org/wiki/Getting_There_(film)
https://en.wikipedia.org/wiki/Gettysburg_(1993_film)
https://en.wikipedia.org/wiki/Gettysburg_(2011_film)
https://en.wikipedia.org/wiki/Geulimja
https://en.wikipedia.org/wiki/Geumbungeo
https://en.wikipedia.org/wiki/Geylang_(film)
https://en.wikipedia.org/wiki/Ghaath_(2000_film)
https://en.wikipedia.org/wiki/Ghaath_(2023_film)
https://en.wikipedia.org/wiki/Ghaav:_The_Wound
https://en.wikipedia.org/wiki/Ghaazee_Bandaarain
https://en.wikipedia.org/wiki/Ghadi_(film)
https://en.wikipedia.org/wiki/Ghajini_(2005_film)
https://en.wikipedia.org/wiki/Ghajini_(2008_film)
https://en.wikipedia.org/wiki/Ghalib_(film)
https://en.wikipedia.org/wiki/Ghana_Must_Go_(film)
https://en.wikipedia.org/wiki/Ghanchakkar_(film)
https://en.wikipedia.org/wiki/Ghani_(2006_film)
https://en.wikipedia.org/wiki/Ghani_(2021_film)
https://en.wikipedia.org/wiki/Ghar_(1978_film)
https://en.wikipedia.org/wiki/Ghar_Banduk_Biryani
https://en.wikipedia.org/wiki/Ghar_Basake_Dekho
https://en.wikipedia.org/wiki/Ghar_Ek_Mandir_(film)
https://en.wikipedia.org/wiki/Ghar_Ghar_Ki_Kahani_(1970_film)
https://en.wikipedia.org/wiki/Ghar_Ghar_Ki_Kahani_(1988_film)
https://en.wikipedia.org/wiki/Ghar_Ho_To_Aisa
https://en.wikipedia.org/wiki/Ghar_Jamai_(1992_film)
https://en.wikipedia.org/wiki/Ghare_Baire_(film)
https://en.wikipedia.org/wiki/Gharsallah,_la_semence_de_Dieu
https://en.wikipedia.org/wiki/Ghetto_(film)
https://en.wikipedia.org/wiki/Ghetto_Freaks
https://en.wikipedia.org/wiki/Ghetto_Stories_(film)
https://en.wikipedia.org/wiki/Ghidorah,_the_Three-Headed_Monster
https://en.wikipedia.org/wiki/Ghilli
https://en.wikipedia.org/wiki/Gholamreza_Takhti_(film)
https://en.wikipedia.org/wiki/Ghoom_(film)
https://en.wikipedia.org/wiki/Ghore_Pherar_Gaan
https://en.wikipedia.org/wiki/Ghost:_Mouichido_Dakishimetai
https://en.wikipedia.org/wiki/Ghost_(1990_film)
https://en.wikipedia.org/wiki/Ghost_(1998_film)
https://en.wikipedia.org/wiki/Ghost_(2012_film)
https://en.wikipedia.org/wiki/Ghost_(2015_film)
https://en.wikipedia.org/wiki/Ghost_(2019_film)
https://en.wikipedia.org/wiki/Ghost_(2020_film)
https://en.wikipedia.org/wiki/Ghost_Bird
https://en.wikipedia.org/wiki/Ghost_Brigade
https://en.wikipedia.org/wiki/Ghost_Cat
https://en.wikipedia.org/wiki/Ghost_Cat_of_Yonaki_Swamp
https://en.wikipedia.org/wiki/Ghost_Catchers
https://en.wikipedia.org/wiki/Ghost_Child
https://en.wikipedia.org/wiki/Ghost_Dad
https://en.wikipedia.org/wiki/Ghost_Day_(film)
https://en.wikipedia.org/wiki/Ghost_Diver
https://en.wikipedia.org/wiki/Ghost_Dog:_The_Way_of_the_Samurai
https://en.wikipedia.org/wiki/Ghost_Fever
https://en.wikipedia.org/wiki/Ghost_Game_(film)
https://en.wikipedia.org/wiki/Ghost_Graduation
https://en.wikipedia.org/wiki/Ghost_House_(2004_film)
https://en.wikipedia.org/wiki/Ghost_House_(2017_film)
https://en.wikipedia.org/wiki/Ghost_Hunting_(film)
https://en.wikipedia.org/wiki/Ghost_Lab_(film)
https://en.wikipedia.org/wiki/Ghost_Light_(2018_film)
https://en.wikipedia.org/wiki/Ghost_Rider:_Spirit_of_Vengeance
https://en.wikipedia.org/wiki/Ghost_Rider_(1982_film)
https://en.wikipedia.org/wiki/Ghost_Rider_(2007_film)
https://en.wikipedia.org/wiki/Ghost_Ship_(1952_film)
https://en.wikipedia.org/wiki/Ghost_Ship_(2002_film)
https://en.wikipedia.org/wiki/Ghost_Station_(film)
https://en.wikipedia.org/wiki/Ghost_Story_(1974_film)
https://en.wikipedia.org/wiki/Ghost_Story_(1981_film)
https://en.wikipedia.org/wiki/Ghost_Town_(2008_film)
https://en.wikipedia.org/wiki/Ghost_Train_(1927_film)
https://en.wikipedia.org/wiki/Ghost_Train_(2006_film)
https://en.wikipedia.org/wiki/Ghost_Train_International
https://en.wikipedia.org/wiki/Ghost_Tropic_(film)
https://en.wikipedia.org/wiki/Ghost_Valley
https://en.wikipedia.org/wiki/Ghost_Valley_Raiders
https://en.wikipedia.org/wiki/Ghost_World_(film)
https://en.wikipedia.org/wiki/Ghost_in_Love
https://en.wikipedia.org/wiki/Ghost_in_the_Machine_(film)
https://en.wikipedia.org/wiki/Ghost_in_the_Noonday_Sun
https://en.wikipedia.org/wiki/Ghost_in_the_Shell_(1995_film)
https://en.wikipedia.org/wiki/Ghost_in_the_Shell_(2017_film)
https://en.wikipedia.org/wiki/Ghost_in_the_Shell_2:_Innocence
https://en.wikipedia.org/wiki/Ghost_of_Saga_Mansion
https://en.wikipedia.org/wiki/Ghostbusters
https://en.wikipedia.org/wiki/Ghostbusters:_Afterlife
https://en.wikipedia.org/wiki/Ghostbusters:_Frozen_Empire
https://en.wikipedia.org/wiki/Ghostbusters_(2016_film)
https://en.wikipedia.org/wiki/Ghostbusters_(franchise)
https://en.wikipedia.org/wiki/Ghostbusters_II
https://en.wikipedia.org/wiki/Ghostheads
https://en.wikipedia.org/wiki/Ghosthouse_(film)
https://en.wikipedia.org/wiki/Ghosthunters:_On_Icy_Trails
https://en.wikipedia.org/wiki/Ghosthunters_(film)
https://en.wikipedia.org/wiki/Ghosting:_The_Spirit_of_Christmas
https://en.wikipedia.org/wiki/Ghostkeeper
https://en.wikipedia.org/wiki/Ghostland
https://en.wikipedia.org/wiki/Ghostline
https://en.wikipedia.org/wiki/Ghostquake
https://en.wikipedia.org/wiki/Ghosts%E2%80%A6_of_the_Civil_Dead
https://en.wikipedia.org/wiki/Ghosts_(1915_film)
https://en.wikipedia.org/wiki/Ghosts_(2005_film)
https://en.wikipedia.org/wiki/Ghosts_(2006_film)
https://en.wikipedia.org/wiki/Ghosts_(2014_film)
https://en.wikipedia.org/wiki/Ghosts_Before_Breakfast
https://en.wikipedia.org/wiki/Ghosts_Can%27t_Do_It
https://en.wikipedia.org/wiki/Ghosts_of_Chosun
https://en.wikipedia.org/wiki/Ghosts_of_Girlfriends_Past
https://en.wikipedia.org/wiki/Ghosts_of_Mars
https://en.wikipedia.org/wiki/Ghosts_of_Mississippi
https://en.wikipedia.org/wiki/Ghosts_of_Our_Forest
https://en.wikipedia.org/wiki/Ghosts_of_Rome
https://en.wikipedia.org/wiki/Ghosts_of_War_(2020_film)
https://en.wikipedia.org/wiki/Ghosts_of_the_Abyss
https://en.wikipedia.org/wiki/Ghostwatch
https://en.wikipedia.org/wiki/Ghoulies
https://en.wikipedia.org/wiki/Ghoulies_(film_series)
https://en.wikipedia.org/wiki/Ghoulies_(film_series)#Ghoulies_III:_Ghoulies_Go_to_College_(1991)
https://en.wikipedia.org/wiki/Ghoulies_(film_series)#Ghoulies_II_(1987)
https://en.wikipedia.org/wiki/Ghoulies_(film_series)#Ghoulies_IV_(1994)
https://en.wikipedia.org/wiki/Ghulam_(film)
https://en.wikipedia.org/wiki/Ghulami_(1985_Punjabi_film)
https://en.wikipedia.org/wiki/Ghunda_Raj
https://en.wikipedia.org/wiki/Ghundi_Run
https://en.wikipedia.org/wiki/Ghunghat_(1960_film)
https://en.wikipedia.org/wiki/Ghunghat_(1962_film)
https://en.wikipedia.org/wiki/Ghunghat_(1996_film)
https://en.wikipedia.org/wiki/Ghungroo_Ki_Awaaz
https://en.wikipedia.org/wiki/Ghutan_(film)
https://en.wikipedia.org/wiki/Gia
https://en.wikipedia.org/wiki/Giallo_(2009_film)
https://en.wikipedia.org/wiki/Giant_(1956_film)
https://en.wikipedia.org/wiki/Giants_and_Toys
https://en.wikipedia.org/wiki/Gideon%27s_Day_(film)
https://en.wikipedia.org/wiki/Gideon%27s_Trumpet_(1980_film)
https://en.wikipedia.org/wiki/Gidget_(film)
https://en.wikipedia.org/wiki/Gidget_Goes_Hawaiian
https://en.wikipedia.org/wiki/Gidget_Goes_to_Rome
https://en.wikipedia.org/wiki/Gie
https://en.wikipedia.org/wiki/Gift_(1966_film)
https://en.wikipedia.org/wiki/Gift_(1993_film)
https://en.wikipedia.org/wiki/Gift_of_Gab_(film)
https://en.wikipedia.org/wiki/Gigantic_(A_Tale_of_Two_Johns)
https://en.wikipedia.org/wiki/Gigantic_(film)
https://en.wikipedia.org/wiki/Gigi_(1949_film)
https://en.wikipedia.org/wiki/Gigi_(1958_film)
https://en.wikipedia.org/wiki/Gigli
https://en.wikipedia.org/wiki/Gigolo_(1926_film)
https://en.wikipedia.org/wiki/Gigot_(film)
https://en.wikipedia.org/wiki/Gilda
https://en.wikipedia.org/wiki/Giliap
https://en.wikipedia.org/wiki/Gimme_Shelter_(1970_film)
https://en.wikipedia.org/wiki/Gimme_Shelter_(2013_film)
https://en.wikipedia.org/wiki/Gimme_the_Loot_(film)
https://en.wikipedia.org/wiki/Gin_Tama#Films
https://en.wikipedia.org/wiki/Ginger_Mick
https://en.wikipedia.org/wiki/Ginger_Snaps_(film)
https://en.wikipedia.org/wiki/Ginger_Snaps_2:_Unleashed
https://en.wikipedia.org/wiki/Ginger_Snaps_Back:_The_Beginning
https://en.wikipedia.org/wiki/Ginger_and_Fred
https://en.wikipedia.org/wiki/Ginger_in_the_Morning
https://en.wikipedia.org/wiki/Gingerclown
https://en.wikipedia.org/wiki/Gintama:_The_Movie
https://en.wikipedia.org/wiki/Gintama:_The_Movie:_The_Final_Chapter:_Be_Forever_Yorozuya
https://en.wikipedia.org/wiki/Gintama:_The_Very_Final
https://en.wikipedia.org/wiki/Gintama_(film)
https://en.wikipedia.org/wiki/Gintama_(film)#Sequel
https://en.wikipedia.org/wiki/Giovanni%27s_Island
https://en.wikipedia.org/wiki/Giovanni_Falcone_(film)
https://en.wikipedia.org/wiki/Giran_(film)
https://en.wikipedia.org/wiki/Girl,_Interrupted_(film)
https://en.wikipedia.org/wiki/Girl,_Positive
https://en.wikipedia.org/wiki/Girl_6_(film)
https://en.wikipedia.org/wiki/Girl_Asleep_(film)
https://en.wikipedia.org/wiki/Girl_Crazy_(1932_film)
https://en.wikipedia.org/wiki/Girl_Crazy_(1943_film)
https://en.wikipedia.org/wiki/Girl_Friends_(1936_film)
https://en.wikipedia.org/wiki/Girl_Happy
https://en.wikipedia.org/wiki/Girl_Lost
https://en.wikipedia.org/wiki/Girl_Most_Likely
https://en.wikipedia.org/wiki/Girl_Picture
https://en.wikipedia.org/wiki/Girl_Shy
https://en.wikipedia.org/wiki/Girl_Stroke_Boy
https://en.wikipedia.org/wiki/Girl_from_Rio_(1939_film)
https://en.wikipedia.org/wiki/Girl_from_Rio_(2001_film)
https://en.wikipedia.org/wiki/Girl_in_Gold_Boots
https://en.wikipedia.org/wiki/Girl_in_the_Picture
https://en.wikipedia.org/wiki/Girl_on_a_Bicycle_(film)
https://en.wikipedia.org/wiki/Girl_on_the_Bridge
https://en.wikipedia.org/wiki/Girl_on_the_Third_Floor
https://en.wikipedia.org/wiki/Girl_with_a_Pearl_Earring_(film)
https://en.wikipedia.org/wiki/Girlfight
https://en.wikipedia.org/wiki/Girlfriend%27s_Day
https://en.wikipedia.org/wiki/Girlfriend_(2004_film)
https://en.wikipedia.org/wiki/Girlfriend_(2010_film)
https://en.wikipedia.org/wiki/Girlfriend_(2018_film)
https://en.wikipedia.org/wiki/Girlfriend_From_Hell
https://en.wikipedia.org/wiki/Girlfriends_(1978_film)
https://en.wikipedia.org/wiki/Girlfriends_(2006_film)
https://en.wikipedia.org/wiki/Girlfriends_(2009_film)
https://en.wikipedia.org/wiki/Girls!_Girls!_Girls!
https://en.wikipedia.org/wiki/Girls%27_Night_Out_(1998_film)
https://en.wikipedia.org/wiki/Girls%27_School_(1938_film)
https://en.wikipedia.org/wiki/Girls%27_School_(1950_film)
https://en.wikipedia.org/wiki/Girls%27_Town
https://en.wikipedia.org/wiki/Girls_Just_Want_to_Have_Fun_(film)
https://en.wikipedia.org/wiki/Girls_Lost
https://en.wikipedia.org/wiki/Girls_Nite_Out_(1982_film)
https://en.wikipedia.org/wiki/Girls_Town_(1959_film)
https://en.wikipedia.org/wiki/Girls_Town_(1996_film)
https://en.wikipedia.org/wiki/Girls_Trip
https://en.wikipedia.org/wiki/Girls_Will_Be_Girls_(2003_film)
https://en.wikipedia.org/wiki/Girls_of_the_Sun
https://en.wikipedia.org/wiki/Girls_und_Panzer_der_Film
https://en.wikipedia.org/wiki/Giuseppe_Makes_a_Movie
https://en.wikipedia.org/wiki/Give_Me_Liberty_(1936_film)
https://en.wikipedia.org/wiki/Give_Me_Liberty_(2019_film)
https://en.wikipedia.org/wiki/Give_Seven_Days
https://en.wikipedia.org/wiki/Give_a_Girl_a_Break
https://en.wikipedia.org/wiki/Gjest_Baardsen_(film)
https://en.wikipedia.org/wiki/Glad_Rag_Doll_(film)
https://en.wikipedia.org/wiki/Glad_Tidings_(film)
https://en.wikipedia.org/wiki/Gladiator_(1992_film)
https://en.wikipedia.org/wiki/Gladiator_(2000_film)
https://en.wikipedia.org/wiki/Gladiators_of_Rome_(film)
https://en.wikipedia.org/wiki/Gladiola_(film)
https://en.wikipedia.org/wiki/Glago%27s_Guest
https://en.wikipedia.org/wiki/Glamorous_Night_(film)
https://en.wikipedia.org/wiki/Glamour_Boy_(film)
https://en.wikipedia.org/wiki/Glass_(1958_film)
https://en.wikipedia.org/wiki/Glass_(2019_film)
https://en.wikipedia.org/wiki/Glass_House:_The_Good_Mother
https://en.wikipedia.org/wiki/Glass_Houses_(1922_film)
https://en.wikipedia.org/wiki/Glass_Houses_(1972_film)
https://en.wikipedia.org/wiki/Glass_Onion:_A_Knives_Out_Mystery
https://en.wikipedia.org/wiki/Glasshouse_(film)
https://en.wikipedia.org/wiki/Glassland
https://en.wikipedia.org/wiki/Glastonbury_(film)
https://en.wikipedia.org/wiki/Glastonbury_Fayre_(film)
https://en.wikipedia.org/wiki/Gleaming_the_Cube
https://en.wikipedia.org/wiki/Glee:_The_3D_Concert_Movie
https://en.wikipedia.org/wiki/Gleich_(2023_film)
https://en.wikipedia.org/wiki/Glen_Campbell:_I%27ll_Be_Me
https://en.wikipedia.org/wiki/Glen_or_Glenda
https://en.wikipedia.org/wiki/Glengarry_Glen_Ross_(film)
https://en.wikipedia.org/wiki/Glitch:_The_Rise_%26_Fall_of_HQ_Trivia
https://en.wikipedia.org/wiki/Glitter_(film)
https://en.wikipedia.org/wiki/Gloomy_Sunday_(film)
https://en.wikipedia.org/wiki/Gloria_(1980_film)
https://en.wikipedia.org/wiki/Gloria_(1999_American_film)
https://en.wikipedia.org/wiki/Gloria_(1999_Portuguese_film)
https://en.wikipedia.org/wiki/Gloria_(2013_film)
https://en.wikipedia.org/wiki/Gloria_(2014_film)
https://en.wikipedia.org/wiki/Glorifying_the_American_Girl
https://en.wikipedia.org/wiki/Glorious_39
https://en.wikipedia.org/wiki/Glorious_Betsy
https://en.wikipedia.org/wiki/Glory_(1956_film)
https://en.wikipedia.org/wiki/Glory_(1989_film)
https://en.wikipedia.org/wiki/Glory_(2016_film)
https://en.wikipedia.org/wiki/Glory_Road_(film)
https://en.wikipedia.org/wiki/Glow_of_the_Firefly
https://en.wikipedia.org/wiki/Gnanambika
https://en.wikipedia.org/wiki/Gnome_Alone
https://en.wikipedia.org/wiki/Gnomeo_%26_Juliet
https://en.wikipedia.org/wiki/Gnomes_(film)
https://en.wikipedia.org/wiki/Gnomes_and_Trolls:_The_Secret_Chamber
https://en.wikipedia.org/wiki/Go_(1999_film)
https://en.wikipedia.org/wiki/Go_(2001_film)
https://en.wikipedia.org/wiki/Go_(2007_film)
https://en.wikipedia.org/wiki/Go_Away_(film)
https://en.wikipedia.org/wiki/Go_Away_from_Me
https://en.wikipedia.org/wiki/Go_Back_to_China
https://en.wikipedia.org/wiki/Go_Chase_Yourself
https://en.wikipedia.org/wiki/Go_Down,_Death!
https://en.wikipedia.org/wiki/Go_Figure_(film)
https://en.wikipedia.org/wiki/Go_Fish_(film)
https://en.wikipedia.org/wiki/Go_Further
https://en.wikipedia.org/wiki/Go_Gorilla_Go
https://en.wikipedia.org/wiki/Go_Karts_(film)
https://en.wikipedia.org/wiki/Go_Lala_Go!
https://en.wikipedia.org/wiki/Go_Lala_Go_2
https://en.wikipedia.org/wiki/Go_Man_Go_(film)
https://en.wikipedia.org/wiki/Go_Naked_in_the_World
https://en.wikipedia.org/wiki/Go_North_(film)
https://en.wikipedia.org/wiki/Go_Now_(film)
https://en.wikipedia.org/wiki/Go_Tell_It_on_the_Mountain_(film)
https://en.wikipedia.org/wiki/Go_Tell_the_Spartans
https://en.wikipedia.org/wiki/Go_West_(1925_film)
https://en.wikipedia.org/wiki/Go_West_(1940_film)
https://en.wikipedia.org/wiki/Go_West_(2005_film)
https://en.wikipedia.org/wiki/Goal!_(film)
https://en.wikipedia.org/wiki/Goal!_2:_Living_the_Dream...
https://en.wikipedia.org/wiki/Goal_III:_Taking_on_the_World
https://en.wikipedia.org/wiki/Goat_(2015_film)
https://en.wikipedia.org/wiki/Goat_(2016_film)
https://en.wikipedia.org/wiki/Goats_(film)
https://en.wikipedia.org/wiki/Goblin_(film)
https://en.wikipedia.org/wiki/Gobs_and_Gals
https://en.wikipedia.org/wiki/Gobseck_(film)
https://en.wikipedia.org/wiki/God%27s_Angry_Man
https://en.wikipedia.org/wiki/God%27s_Army_(film)
https://en.wikipedia.org/wiki/God%27s_Clay_(1919_film)
https://en.wikipedia.org/wiki/God%27s_Clay_(1928_film)
https://en.wikipedia.org/wiki/God%27s_Comedy
https://en.wikipedia.org/wiki/God%27s_Country_(1946_film)
https://en.wikipedia.org/wiki/God%27s_Country_(1985_film)
https://en.wikipedia.org/wiki/God%27s_Country_(2011_film)
https://en.wikipedia.org/wiki/God%27s_Country_(2022_film)
https://en.wikipedia.org/wiki/God%27s_Country_and_the_Law
https://en.wikipedia.org/wiki/God%27s_Country_and_the_Man_(1937_film)
https://en.wikipedia.org/wiki/God%27s_Country_and_the_Woman
https://en.wikipedia.org/wiki/God%27s_Crucible_(1917_film)
https://en.wikipedia.org/wiki/God%27s_Crucible_(1921_film)
https://en.wikipedia.org/wiki/God%27s_Doorkeeper:_St._Andr%C3%A9_of_Montreal
https://en.wikipedia.org/wiki/God%27s_Faithful_Servant:_Barla
https://en.wikipedia.org/wiki/God%27s_Gift
https://en.wikipedia.org/wiki/God%27s_Gift_to_Women
https://en.wikipedia.org/wiki/God%27s_Good_Man
https://en.wikipedia.org/wiki/God%27s_Gun
https://en.wikipedia.org/wiki/God%27s_Inn_by_the_Sea
https://en.wikipedia.org/wiki/God%27s_Lake_Narrows_(film)
https://en.wikipedia.org/wiki/God%27s_Law_and_Man%27s
https://en.wikipedia.org/wiki/God%27s_Left_Hand,_Devil%27s_Right_Hand
https://en.wikipedia.org/wiki/God%27s_Little_Acre_(film)
https://en.wikipedia.org/wiki/God%27s_Man_(film)
https://en.wikipedia.org/wiki/God%27s_Money_(film)
https://en.wikipedia.org/wiki/God%27s_Neighbors
https://en.wikipedia.org/wiki/God%27s_Nightmares
https://en.wikipedia.org/wiki/God%27s_Not_Dead:_A_Light_in_Darkness
https://en.wikipedia.org/wiki/God%27s_Not_Dead_(film)
https://en.wikipedia.org/wiki/God%27s_Not_Dead_2
https://en.wikipedia.org/wiki/God%27s_Outlaw_(1919_film)
https://en.wikipedia.org/wiki/God%27s_Outlaw_(1986_film)
https://en.wikipedia.org/wiki/God%27s_Own_Country_(2014_film)
https://en.wikipedia.org/wiki/God%27s_Own_Country_(2017_film)
https://en.wikipedia.org/wiki/God%27s_Pocket
https://en.wikipedia.org/wiki/God,_Sex_and_Truth
https://en.wikipedia.org/wiki/God_Bless_America_(film)
https://en.wikipedia.org/wiki/God_Exists,_Her_Name_Is_Petrunija
https://en.wikipedia.org/wiki/God_Father_(2017_film)
https://en.wikipedia.org/wiki/God_Father_(2020_film)
https://en.wikipedia.org/wiki/God_Forgives..._I_Don%27t!
https://en.wikipedia.org/wiki/God_Grew_Tired_of_Us
https://en.wikipedia.org/wiki/God_Made_Them..._I_Kill_Them
https://en.wikipedia.org/wiki/God_Sleeps_in_Rwanda
https://en.wikipedia.org/wiki/God_Told_Me_To
https://en.wikipedia.org/wiki/God_of_Gamblers
https://en.wikipedia.org/wiki/God_of_War_(film)
https://en.wikipedia.org/wiki/God_on_My_Side
https://en.wikipedia.org/wiki/Godbeast_Megazord:_Return_of_Green_Dragon
https://en.wikipedia.org/wiki/Goddess:_How_I_fell_in_Love
https://en.wikipedia.org/wiki/Goddess_(2013_film)
https://en.wikipedia.org/wiki/Godfather_(1991_film)
https://en.wikipedia.org/wiki/Godfather_(2007_film)
https://en.wikipedia.org/wiki/Godfather_(2012_film)
https://en.wikipedia.org/wiki/Godmonster_of_Indian_Flats
https://en.wikipedia.org/wiki/Godmother_(film)
https://en.wikipedia.org/wiki/Gods_and_Generals_(film)
https://en.wikipedia.org/wiki/Gods_and_Monsters_(film)
https://en.wikipedia.org/wiki/Gods_of_Egypt_(film)
https://en.wikipedia.org/wiki/Godsend_(2004_film)
https://en.wikipedia.org/wiki/Godsend_(2014_film)
https://en.wikipedia.org/wiki/Godspell_(film)
https://en.wikipedia.org/wiki/Godzilla,_Mothra_and_King_Ghidorah:_Giant_Monsters_All-Out_Attack
https://en.wikipedia.org/wiki/Godzilla:_City_on_the_Edge_of_Battle
https://en.wikipedia.org/wiki/Godzilla:_Final_Wars
https://en.wikipedia.org/wiki/Godzilla:_King_of_the_Monsters_(2019_film)
https://en.wikipedia.org/wiki/Godzilla:_Planet_of_the_Monsters
https://en.wikipedia.org/wiki/Godzilla:_The_Planet_Eater
https://en.wikipedia.org/wiki/Godzilla:_Tokyo_S.O.S.
https://en.wikipedia.org/wiki/Godzilla_(1954_film)
https://en.wikipedia.org/wiki/Godzilla_(1998_film)
https://en.wikipedia.org/wiki/Godzilla_(2014_film)
https://en.wikipedia.org/wiki/Godzilla_(franchise)
https://en.wikipedia.org/wiki/Godzilla_1985
https://en.wikipedia.org/wiki/Godzilla_2000
https://en.wikipedia.org/wiki/Godzilla_Against_Mechagodzilla
https://en.wikipedia.org/wiki/Godzilla_Minus_One
https://en.wikipedia.org/wiki/Godzilla_Raids_Again
https://en.wikipedia.org/wiki/Godzilla_vs._Biollante
https://en.wikipedia.org/wiki/Godzilla_vs._Destoroyah
https://en.wikipedia.org/wiki/Godzilla_vs._Gigan
https://en.wikipedia.org/wiki/Godzilla_vs._Hedorah
https://en.wikipedia.org/wiki/Godzilla_vs._King_Ghidorah
https://en.wikipedia.org/wiki/Godzilla_vs._Kong
https://en.wikipedia.org/wiki/Godzilla_vs._Mechagodzilla
https://en.wikipedia.org/wiki/Godzilla_vs._Mechagodzilla_II
https://en.wikipedia.org/wiki/Godzilla_vs._Megaguirus
https://en.wikipedia.org/wiki/Godzilla_vs._Megalon
https://en.wikipedia.org/wiki/Godzilla_vs._Mothra
https://en.wikipedia.org/wiki/Godzilla_vs._SpaceGodzilla
https://en.wikipedia.org/wiki/Godzilla_x_Kong:_The_New_Empire
https://en.wikipedia.org/wiki/Goemon_(film)
https://en.wikipedia.org/wiki/Goetz_von_Berlichingen_(film)
https://en.wikipedia.org/wiki/Gog_(film)
https://en.wikipedia.org/wiki/Gohatto
https://en.wikipedia.org/wiki/Goin%27_Coconuts
https://en.wikipedia.org/wiki/Goin%27_South
https://en.wikipedia.org/wiki/Going_Berserk
https://en.wikipedia.org/wiki/Going_Blind
https://en.wikipedia.org/wiki/Going_Clear_(film)
https://en.wikipedia.org/wiki/Going_Hollywood
https://en.wikipedia.org/wiki/Going_My_Way
https://en.wikipedia.org/wiki/Going_Overboard
https://en.wikipedia.org/wiki/Going_Places_(1938_film)
https://en.wikipedia.org/wiki/Going_Places_(1974_film)
https://en.wikipedia.org/wiki/Going_Upriver
https://en.wikipedia.org/wiki/Going_by_the_Book
https://en.wikipedia.org/wiki/Going_in_Style
https://en.wikipedia.org/wiki/Going_in_Style_(2017_film)
https://en.wikipedia.org/wiki/Going_the_Distance_(2004_film)
https://en.wikipedia.org/wiki/Going_the_Distance_(2010_film)
https://en.wikipedia.org/wiki/Going_to_Pieces:_The_Rise_and_Fall_of_the_Slasher_Film
https://en.wikipedia.org/wiki/Going_to_the_Mat
https://en.wikipedia.org/wiki/Gokula_(film)
https://en.wikipedia.org/wiki/Gokuladasi
https://en.wikipedia.org/wiki/Gokulam
https://en.wikipedia.org/wiki/Gokulamlo_Seetha
https://en.wikipedia.org/wiki/Gokulathil_Seethai_(film)
https://en.wikipedia.org/wiki/Gokusen:_The_Movie
https://en.wikipedia.org/wiki/Gol_Maal
https://en.wikipedia.org/wiki/Gola_Barood
https://en.wikipedia.org/wiki/Gold_Diggers_of_%2749
https://en.wikipedia.org/wiki/Gold_Diggers_of_1933
https://en.wikipedia.org/wiki/Gold_Diggers_of_1935
https://en.wikipedia.org/wiki/Gold_Diggers_of_Broadway_(film)
https://en.wikipedia.org/wiki/Gold_Rush_Daze
https://en.wikipedia.org/wiki/GoldenEye
https://en.wikipedia.org/wiki/Golden_Arm_(film)
https://en.wikipedia.org/wiki/Golden_Boy_(1925_film)
https://en.wikipedia.org/wiki/Golden_Boy_(1939_film)
https://en.wikipedia.org/wiki/Golden_Brother
https://en.wikipedia.org/wiki/Golden_Earrings
https://en.wikipedia.org/wiki/Golden_Eighties
https://en.wikipedia.org/wiki/Golden_Girl_(film)
https://en.wikipedia.org/wiki/Golden_Needles
https://en.wikipedia.org/wiki/Golden_Swallow_(1968_film)
https://en.wikipedia.org/wiki/Golden_Yeggs
https://en.wikipedia.org/wiki/Goldengirl
https://en.wikipedia.org/wiki/Goldfinger_(film)
https://en.wikipedia.org/wiki/Goldie_(film)
https://en.wikipedia.org/wiki/Goldwyn_Follies
https://en.wikipedia.org/wiki/Golem_(1979_film)
https://en.wikipedia.org/wiki/Golem_(2000_film)
https://en.wikipedia.org/wiki/Goliath_Against_the_Giants
https://en.wikipedia.org/wiki/Goliath_Awaits
https://en.wikipedia.org/wiki/Goliath_and_the_Barbarians
https://en.wikipedia.org/wiki/Goliath_and_the_Dragon
https://en.wikipedia.org/wiki/Goliath_and_the_Rebel_Slave
https://en.wikipedia.org/wiki/Goliath_and_the_Sins_of_Babylon
https://en.wikipedia.org/wiki/Goliath_and_the_Vampires
https://en.wikipedia.org/wiki/Goliath_at_the_Conquest_of_Damascus
https://en.wikipedia.org/wiki/GomBurZa_(film)
https://en.wikipedia.org/wiki/Gomorrah_(film)
https://en.wikipedia.org/wiki/Gone_(2007_film)
https://en.wikipedia.org/wiki/Gone_(2012_film)
https://en.wikipedia.org/wiki/Gone_Are_the_Days_(2018_film)
https://en.wikipedia.org/wiki/Gone_Baby_Gone
https://en.wikipedia.org/wiki/Gone_Fishin%27_(film)
https://en.wikipedia.org/wiki/Gone_Girl_(film)
https://en.wikipedia.org/wiki/Gone_Nutty
https://en.wikipedia.org/wiki/Gone_in_60_Seconds_(1974_film)
https://en.wikipedia.org/wiki/Gone_in_60_Seconds_(2000_film)
https://en.wikipedia.org/wiki/Gone_in_the_Night_(1996_film)
https://en.wikipedia.org/wiki/Gone_in_the_Night_(2022_film)
https://en.wikipedia.org/wiki/Gone_to_Earth_(film)
https://en.wikipedia.org/wiki/Gone_with_the_Pope
https://en.wikipedia.org/wiki/Gone_with_the_Wind_(film)
https://en.wikipedia.org/wiki/Gonjiam:_Haunted_Asylum
https://en.wikipedia.org/wiki/Gonks_Go_Beat
https://en.wikipedia.org/wiki/Good_Advice_(film)
https://en.wikipedia.org/wiki/Good_Boy!
https://en.wikipedia.org/wiki/Good_Boys_(film)
https://en.wikipedia.org/wiki/Good_Burger
https://en.wikipedia.org/wiki/Good_Burger_2
https://en.wikipedia.org/wiki/Good_Bye,_Lenin!
https://en.wikipedia.org/wiki/Good_Deeds
https://en.wikipedia.org/wiki/Good_Dick
https://en.wikipedia.org/wiki/Good_Guys_Wear_Black
https://en.wikipedia.org/wiki/Good_Hair_(film)
https://en.wikipedia.org/wiki/Good_Luck_Charlie,_It%27s_Christmas!
https://en.wikipedia.org/wiki/Good_Luck_Chuck
https://en.wikipedia.org/wiki/Good_Luck_to_You,_Leo_Grande
https://en.wikipedia.org/wiki/Good_Manners_(2017_film)
https://en.wikipedia.org/wiki/Good_Men,_Good_Women
https://en.wikipedia.org/wiki/Good_Morning,_Babylon
https://en.wikipedia.org/wiki/Good_Morning,_Boys
https://en.wikipedia.org/wiki/Good_Morning,_Vietnam
https://en.wikipedia.org/wiki/Good_Morning_(1955_film)
https://en.wikipedia.org/wiki/Good_Morning_(1959_film)
https://en.wikipedia.org/wiki/Good_Morning_and..._Goodbye!
https://en.wikipedia.org/wiki/Good_Neighbor_Sam
https://en.wikipedia.org/wiki/Good_Neighbours_(film)
https://en.wikipedia.org/wiki/Good_News_(1930_film)
https://en.wikipedia.org/wiki/Good_News_(1947_film)
https://en.wikipedia.org/wiki/Good_Night,_and_Good_Luck
https://en.wikipedia.org/wiki/Good_People_(film)
https://en.wikipedia.org/wiki/Good_Scouts
https://en.wikipedia.org/wiki/Good_Time_(film)
https://en.wikipedia.org/wiki/Good_Times_(film)
https://en.wikipedia.org/wiki/Good_Will_Hunting
https://en.wikipedia.org/wiki/Good_on_Paper
https://en.wikipedia.org/wiki/Goodbye,_Columbus_(film)
https://en.wikipedia.org/wiki/Goodbye,_Dragon_Inn
https://en.wikipedia.org/wiki/Goodbye,_Mr._Chips_(1939_film)
https://en.wikipedia.org/wiki/Goodbye,_Mr._Chips_(1969_film)
https://en.wikipedia.org/wiki/Goodbye_Again_(1933_film)
https://en.wikipedia.org/wiki/Goodbye_Again_(1961_film)
https://en.wikipedia.org/wiki/Goodbye_Casanova
https://en.wikipedia.org/wiki/Goodbye_Christopher_Robin
https://en.wikipedia.org/wiki/Goodbye_Lover
https://en.wikipedia.org/wiki/Goodbye_South,_Goodbye
https://en.wikipedia.org/wiki/Goodbye_Uncle_Tom
https://en.wikipedia.org/wiki/Goodbye_Youth_(1918_film)
https://en.wikipedia.org/wiki/Goodbye_Youth_(1927_film)
https://en.wikipedia.org/wiki/Goodbye_Youth_(1940_film)
https://en.wikipedia.org/wiki/Goodfellas
https://en.wikipedia.org/wiki/Goodnight_Mister_Tom_(film)
https://en.wikipedia.org/wiki/Goodnight_Mommy
https://en.wikipedia.org/wiki/Goofy_and_Wilbur
https://en.wikipedia.org/wiki/Goon_(film)
https://en.wikipedia.org/wiki/Goosebumps_(film)
https://en.wikipedia.org/wiki/Goosebumps_2:_Haunted_Halloween
https://en.wikipedia.org/wiki/Gor_(film)
https://en.wikipedia.org/wiki/Gora_Aur_Kala
https://en.wikipedia.org/wiki/Goran_(film)
https://en.wikipedia.org/wiki/Gorantha_Deepam
https://en.wikipedia.org/wiki/Gordon_Lightfoot:_If_You_Could_Read_My_Mind
https://en.wikipedia.org/wiki/Gordon_of_Ghost_City
https://en.wikipedia.org/wiki/Gordonia_(film)
https://en.wikipedia.org/wiki/Gore,_Quebec_(film)
https://en.wikipedia.org/wiki/Gore_Orphanage_(film)
https://en.wikipedia.org/wiki/Gore_Vidal:_The_United_States_of_Amnesia
https://en.wikipedia.org/wiki/Goree_(film)
https://en.wikipedia.org/wiki/Gorgeous_(film)
https://en.wikipedia.org/wiki/Gorgo_(film)
https://en.wikipedia.org/wiki/Gori_Tere_Pyaar_Mein
https://en.wikipedia.org/wiki/Gorilla_(film)
https://en.wikipedia.org/wiki/Gorilla_at_Large
https://en.wikipedia.org/wiki/Gorillas_in_the_Mist
https://en.wikipedia.org/wiki/Gorky_Park_(film)
https://en.wikipedia.org/wiki/Gorosthaney_Sabdhan_(film)
https://en.wikipedia.org/wiki/Gosford_Park
https://en.wikipedia.org/wiki/Gosnell:_The_Trial_of_America%27s_Biggest_Serial_Killer
https://en.wikipedia.org/wiki/Gospel_Road:_A_Story_of_Jesus
https://en.wikipedia.org/wiki/Gossip_(1923_film)
https://en.wikipedia.org/wiki/Gossip_(2000_American_film)
https://en.wikipedia.org/wiki/Gossip_(2000_Swedish_film)
https://en.wikipedia.org/wiki/Gossip_(unfinished_film)
https://en.wikipedia.org/wiki/Gotcha!_(1985_film)
https://en.wikipedia.org/wiki/Gothic_(film)
https://en.wikipedia.org/wiki/Gothika
https://en.wikipedia.org/wiki/Goto,_Island_of_Love
https://en.wikipedia.org/wiki/Gotta_Kick_It_Up!
https://en.wikipedia.org/wiki/Gour_Hari_Dastaan
https://en.wikipedia.org/wiki/Gouravam_(2013_film)
https://en.wikipedia.org/wiki/Govinda_Naam_Mera
https://en.wikipedia.org/wiki/Gow_the_Headhunter
https://en.wikipedia.org/wiki/Gowli_(film)
https://en.wikipedia.org/wiki/Gowri_Ganda
https://en.wikipedia.org/wiki/Gowri_Kalyanam
https://en.wikipedia.org/wiki/Gowri_Putra
https://en.wikipedia.org/wiki/Goya%27s_Ghosts
https://en.wikipedia.org/wiki/Goya,_a_Story_of_Solitude
https://en.wikipedia.org/wiki/Goya_(film)
https://en.wikipedia.org/wiki/Goyo:_The_Boy_General
https://en.wikipedia.org/wiki/Goyokin
https://en.wikipedia.org/wiki/Gozu
https://en.wikipedia.org/wiki/Grace_(2009_film)
https://en.wikipedia.org/wiki/Grace_(2014_film)
https://en.wikipedia.org/wiki/Grace_Is_Gone_(film)
https://en.wikipedia.org/wiki/Grace_Quigley
https://en.wikipedia.org/wiki/Grace_of_Monaco_(film)
https://en.wikipedia.org/wiki/Grace_of_My_Heart
https://en.wikipedia.org/wiki/Gracie%27s_Choice
https://en.wikipedia.org/wiki/Graciela_(film)
https://en.wikipedia.org/wiki/Graduation_Day_(film)
https://en.wikipedia.org/wiki/Graffiti_(film)
https://en.wikipedia.org/wiki/Graffiti_Bridge_(film)
https://en.wikipedia.org/wiki/Grahan
https://en.wikipedia.org/wiki/Grahana_(film)
https://en.wikipedia.org/wiki/Grahanam
https://en.wikipedia.org/wiki/Grahasti_(film)
https://en.wikipedia.org/wiki/Grain_(film)
https://en.wikipedia.org/wiki/Grain_in_Ear
https://en.wikipedia.org/wiki/Grama_Kanya
https://en.wikipedia.org/wiki/Gramathu_Athiyayam
https://en.wikipedia.org/wiki/Gramatthu_Minnal
https://en.wikipedia.org/wiki/Gramavrikshathile_Kuyil
https://en.wikipedia.org/wiki/Grambling%27s_White_Tiger
https://en.wikipedia.org/wiki/Grampy%27s_Indoor_Outing
https://en.wikipedia.org/wiki/Gran_Casino
https://en.wikipedia.org/wiki/Gran_Torino_(film)
https://en.wikipedia.org/wiki/Gran_Turismo_(film)
https://en.wikipedia.org/wiki/Grand-Daddy_Day_Care
https://en.wikipedia.org/wiki/Grand_Avenue_(film)
https://en.wikipedia.org/wiki/Grand_Canyon_(1958_film)
https://en.wikipedia.org/wiki/Grand_Canyon_(1991_film)
https://en.wikipedia.org/wiki/Grand_Canyon_Adventure:_River_at_Risk
https://en.wikipedia.org/wiki/Grand_Champion
https://en.wikipedia.org/wiki/Grand_Exit
https://en.wikipedia.org/wiki/Grand_Hotel_(1927_film)
https://en.wikipedia.org/wiki/Grand_Hotel_(1932_film)
https://en.wikipedia.org/wiki/Grand_Illusion_(film)
https://en.wikipedia.org/wiki/Grand_Prix_(1934_film)
https://en.wikipedia.org/wiki/Grand_Prix_(1966_film)
https://en.wikipedia.org/wiki/Grand_Prix_(2010_film)
https://en.wikipedia.org/wiki/Grand_Slam_(1933_film)
https://en.wikipedia.org/wiki/Grand_Slam_(1967_film)
https://en.wikipedia.org/wiki/Grand_Slam_(1978_film)
https://en.wikipedia.org/wiki/Grand_Theft_Auto_(film)
https://en.wikipedia.org/wiki/Grand_Theft_Parsons
https://en.wikipedia.org/wiki/Granddaughter_of_Ice
https://en.wikipedia.org/wiki/Grande_%C3%89cole_(film)
https://en.wikipedia.org/wiki/Grandhotel
https://en.wikipedia.org/wiki/Grandma%27s_Boy_(1922_film)
https://en.wikipedia.org/wiki/Grandma%27s_Boy_(2006_film)
https://en.wikipedia.org/wiki/Grandma%27s_Reading_Glass
https://en.wikipedia.org/wiki/Grandma%27s_Wedding
https://en.wikipedia.org/wiki/Grandma_(1979_film)
https://en.wikipedia.org/wiki/Grandma_(2015_film)
https://en.wikipedia.org/wiki/Grandmother%27s_House_(film)
https://en.wikipedia.org/wiki/Grandview,_U.S.A.
https://en.wikipedia.org/wiki/Granny_Get_Your_Gun
https://en.wikipedia.org/wiki/Grass_(1925_film)
https://en.wikipedia.org/wiki/Grass_(1999_film)
https://en.wikipedia.org/wiki/Grass_(2018_film)
https://en.wikipedia.org/wiki/Grass_Roots_(film)
https://en.wikipedia.org/wiki/Grasshopper_(film)
https://en.wikipedia.org/wiki/Grassland_(film)
https://en.wikipedia.org/wiki/Grassroots_(film)
https://en.wikipedia.org/wiki/Grave_Encounters
https://en.wikipedia.org/wiki/Grave_Encounters_2
https://en.wikipedia.org/wiki/Grave_Halloween
https://en.wikipedia.org/wiki/Grave_Intentions
https://en.wikipedia.org/wiki/Grave_Robbers_(film)
https://en.wikipedia.org/wiki/Grave_of_the_Fireflies
https://en.wikipedia.org/wiki/Grave_of_the_Vampire
https://en.wikipedia.org/wiki/Graverobbers_(film)
https://en.wikipedia.org/wiki/Graves_Without_a_Name
https://en.wikipedia.org/wiki/Gravesend_(film)
https://en.wikipedia.org/wiki/Graveyard_Keeper%27s_Daughter
https://en.wikipedia.org/wiki/Graveyard_Shift_(1987_film)
https://en.wikipedia.org/wiki/Graveyard_Shift_(1990_film)
https://en.wikipedia.org/wiki/Graveyard_Shift_(2005_film)
https://en.wikipedia.org/wiki/Graveyard_of_Honor_(1975_film)
https://en.wikipedia.org/wiki/Graveyard_of_Honor_(2002_film)
https://en.wikipedia.org/wiki/Gravity_(2009_film)
https://en.wikipedia.org/wiki/Gravity_(2013_film)
https://en.wikipedia.org/wiki/Gravy_(film)
https://en.wikipedia.org/wiki/Gray%27s_Anatomy_(film)
https://en.wikipedia.org/wiki/Gray_Lady_Down
https://en.wikipedia.org/wiki/Gray_Matters_(2006_film)
https://en.wikipedia.org/wiki/Gray_Matters_(2014_film)
https://en.wikipedia.org/wiki/Grayson_(film)
https://en.wikipedia.org/wiki/Grease_(film)
https://en.wikipedia.org/wiki/Grease_2
https://en.wikipedia.org/wiki/Grease_Live!
https://en.wikipedia.org/wiki/Greased_Lightning_(1977_film)
https://en.wikipedia.org/wiki/Great_Balls_of_Fire!_(film)
https://en.wikipedia.org/wiki/Great_Expectations_(1917_film)
https://en.wikipedia.org/wiki/Great_Expectations_(1934_film)
https://en.wikipedia.org/wiki/Great_Expectations_(1946_film)
https://en.wikipedia.org/wiki/Great_Expectations_(1974_film)
https://en.wikipedia.org/wiki/Great_Expectations_(1998_film)
https://en.wikipedia.org/wiki/Great_Expectations_(1999_film)
https://en.wikipedia.org/wiki/Great_Expectations_(2012_film)
https://en.wikipedia.org/wiki/Great_Freedom
https://en.wikipedia.org/wiki/Great_White_(1981_film)
https://en.wikipedia.org/wiki/Great_White_(2021_film)
https://en.wikipedia.org/wiki/Greed_(1924_film)
https://en.wikipedia.org/wiki/Greed_(2019_film)
https://en.wikipedia.org/wiki/Greedy_(film)
https://en.wikipedia.org/wiki/Green_Book_(film)
https://en.wikipedia.org/wiki/Green_Card_(film)
https://en.wikipedia.org/wiki/Green_Card_Fever
https://en.wikipedia.org/wiki/Green_Dolphin_Street_(film)
https://en.wikipedia.org/wiki/Green_Fire
https://en.wikipedia.org/wiki/Green_Fish
https://en.wikipedia.org/wiki/Green_Grass_of_Wyoming
https://en.wikipedia.org/wiki/Green_Ice
https://en.wikipedia.org/wiki/Green_Lantern
https://en.wikipedia.org/wiki/Green_Lantern:_Emerald_Knights
https://en.wikipedia.org/wiki/Green_Lantern:_First_Flight
https://en.wikipedia.org/wiki/Green_Lantern_(film)
https://en.wikipedia.org/wiki/Green_Mansions_(film)
https://en.wikipedia.org/wiki/Green_Room_(film)
https://en.wikipedia.org/wiki/Green_Snake_(1993_film)
https://en.wikipedia.org/wiki/Green_Street_(film)
https://en.wikipedia.org/wiki/Green_Tea_(film)
https://en.wikipedia.org/wiki/Green_Zone_(film)
https://en.wikipedia.org/wiki/Green_for_Danger_(film)
https://en.wikipedia.org/wiki/Greenberg_(film)
https://en.wikipedia.org/wiki/Greener_Grass
https://en.wikipedia.org/wiki/Greenfingers
https://en.wikipedia.org/wiki/Greenland_(film)
https://en.wikipedia.org/wiki/Greetings_(1968_film)
https://en.wikipedia.org/wiki/Greetings_from_Tim_Buckley
https://en.wikipedia.org/wiki/Gregory%27s_Girl
https://en.wikipedia.org/wiki/Gregory%27s_Two_Girls
https://en.wikipedia.org/wiki/Gremlins
https://en.wikipedia.org/wiki/Gremlins_2:_The_New_Batch
https://en.wikipedia.org/wiki/Grendel_Grendel_Grendel
https://en.wikipedia.org/wiki/Greta_(2018_film)
https://en.wikipedia.org/wiki/Gretel_%26_Hansel
https://en.wikipedia.org/wiki/Grey_Gardens
https://en.wikipedia.org/wiki/Grey_Gardens_(2009_film)
https://en.wikipedia.org/wiki/Grey_Matter_(film)
https://en.wikipedia.org/wiki/Grey_Owl_(film)
https://en.wikipedia.org/wiki/Greyhound_(film)
https://en.wikipedia.org/wiki/Greystoke_-_The_Legend_of_Tarzan,_Lord_of_the_Apes
https://en.wikipedia.org/wiki/Gribiche_(film)
https://en.wikipedia.org/wiki/Gribouille_(film)
https://en.wikipedia.org/wiki/Gridiron_Flash
https://en.wikipedia.org/wiki/Gridiron_Gang
https://en.wikipedia.org/wiki/Gridiron_Gang_(1993_film)
https://en.wikipedia.org/wiki/Gridlock%27d
https://en.wikipedia.org/wiki/Gridlocked_(film)
https://en.wikipedia.org/wiki/Grierson_(film)
https://en.wikipedia.org/wiki/Grievous_Bodily_Harm
https://en.wikipedia.org/wiki/Griff_the_Invisible
https://en.wikipedia.org/wiki/Griffin_%26_Phoenix_(2006_film)
https://en.wikipedia.org/wiki/Griffin_and_Phoenix_(1976_film)
https://en.wikipedia.org/wiki/Grill_Point
https://en.wikipedia.org/wiki/Grilled_(film)
https://en.wikipedia.org/wiki/Grim_Reaper_(film)
https://en.wikipedia.org/wiki/Grimm_(film)
https://en.wikipedia.org/wiki/Grimsby_(film)
https://en.wikipedia.org/wiki/Grind_(1997_film)
https://en.wikipedia.org/wiki/Grind_(2003_film)
https://en.wikipedia.org/wiki/Grindhouse_(film)
https://en.wikipedia.org/wiki/Gringo_(2018_film)
https://en.wikipedia.org/wiki/Grizzly_(film)
https://en.wikipedia.org/wiki/Grizzly_II:_Revenge
https://en.wikipedia.org/wiki/Grizzly_Man
https://en.wikipedia.org/wiki/Groom_Lake_(film)
https://en.wikipedia.org/wiki/Groomed_(film)
https://en.wikipedia.org/wiki/Groove_(film)
https://en.wikipedia.org/wiki/Gross_Anatomy_(film)
https://en.wikipedia.org/wiki/Grosse_Pointe_Blank
https://en.wikipedia.org/wiki/Grotesque_(2009_film)
https://en.wikipedia.org/wiki/Ground_Control_(film)
https://en.wikipedia.org/wiki/Groundhog_Day_(film)
https://en.wikipedia.org/wiki/Grounds_for_Marriage
https://en.wikipedia.org/wiki/Group_Marriage
https://en.wikipedia.org/wiki/Group_Sex_(film)
https://en.wikipedia.org/wiki/Grow_Your_Own
https://en.wikipedia.org/wiki/Growing_Up_Brady_(film)
https://en.wikipedia.org/wiki/Growing_Up_Female_(film)
https://en.wikipedia.org/wiki/Growing_Up_Smith
https://en.wikipedia.org/wiki/Growing_Up_and_Other_Lies
https://en.wikipedia.org/wiki/Growing_Up_in_America
https://en.wikipedia.org/wiki/Growing_the_Big_One
https://en.wikipedia.org/wiki/Grown_Ups_(film)
https://en.wikipedia.org/wiki/Grown_Ups_2
https://en.wikipedia.org/wiki/Growth_(film)
https://en.wikipedia.org/wiki/Growth_of_the_Soil_(film)
https://en.wikipedia.org/wiki/Grudge_Match_(film)
https://en.wikipedia.org/wiki/Grumpier_Old_Men
https://en.wikipedia.org/wiki/Grumpy_Cat%27s_Worst_Christmas_Ever
https://en.wikipedia.org/wiki/Grumpy_Christmas
https://en.wikipedia.org/wiki/Grumpy_Old_Men_(film)
https://en.wikipedia.org/wiki/Gryphon_(film)
https://en.wikipedia.org/wiki/Guadalcanal_Diary_(film)
https://en.wikipedia.org/wiki/Guang_(film)
https://en.wikipedia.org/wiki/Guarany_(film)
https://en.wikipedia.org/wiki/Guard_(2019_film)
https://en.wikipedia.org/wiki/Guard_Dog_(film)
https://en.wikipedia.org/wiki/Guard_Me,_My_Talisman
https://en.wikipedia.org/wiki/Guard_That_Girl
https://en.wikipedia.org/wiki/Guardia,_guardia_scelta,_brigadiere_e_maresciallo
https://en.wikipedia.org/wiki/Guardian_(2021_film)
https://en.wikipedia.org/wiki/Guardian_Angel_(2014_film)
https://en.wikipedia.org/wiki/Guardians_(2017_film)
https://en.wikipedia.org/wiki/Guardians_of_Oz
https://en.wikipedia.org/wiki/Guardians_of_the_Clouds
https://en.wikipedia.org/wiki/Guardians_of_the_Formula
https://en.wikipedia.org/wiki/Guardians_of_the_Galaxy_(2008_team)#Film
https://en.wikipedia.org/wiki/Guardians_of_the_Galaxy_(film)
https://en.wikipedia.org/wiki/Guardians_of_the_Galaxy_Vol._2
https://en.wikipedia.org/wiki/Guardians_of_the_Galaxy_Vol._3
https://en.wikipedia.org/wiki/Guardians_of_the_Lost_Code
https://en.wikipedia.org/wiki/Guardians_of_the_Tomb
https://en.wikipedia.org/wiki/Guarding_Tess
https://en.wikipedia.org/wiki/Guards_of_the_North
https://en.wikipedia.org/wiki/Gubbi_(film)
https://en.wikipedia.org/wiki/Gubbi_Mele_Brahmastra
https://en.wikipedia.org/wiki/Gubeer
https://en.wikipedia.org/wiki/Guddi_(1961_film)
https://en.wikipedia.org/wiki/Guddi_(1971_film)
https://en.wikipedia.org/wiki/Guddi_Gudda
https://en.wikipedia.org/wiki/Guddiyan_Patole
https://en.wikipedia.org/wiki/Guddu_(film)
https://en.wikipedia.org/wiki/Guddu_Ki_Gun
https://en.wikipedia.org/wiki/Guddu_Rangeela
https://en.wikipedia.org/wiki/Gudgudee
https://en.wikipedia.org/wiki/Gudhurathuge_Niyaa
https://en.wikipedia.org/wiki/Gudi_Gantalu
https://en.wikipedia.org/wiki/Gudia_(1997_film)
https://en.wikipedia.org/wiki/Gudumba_Shankar
https://en.wikipedia.org/wiki/Guernica_(2016_film)
https://en.wikipedia.org/wiki/Guerrero_(film)
https://en.wikipedia.org/wiki/Guerrilla_(1985_film)
https://en.wikipedia.org/wiki/Guerrilla_(2011_film)
https://en.wikipedia.org/wiki/Guess_Who%27s_Coming_to_Dinner
https://en.wikipedia.org/wiki/Guess_Who_(film)
https://en.wikipedia.org/wiki/Guest_(2019_film)
https://en.wikipedia.org/wiki/Guest_(2020_film)
https://en.wikipedia.org/wiki/Guest_Artist
https://en.wikipedia.org/wiki/Guest_House_(1980_film)
https://en.wikipedia.org/wiki/Guest_House_(2020_film)
https://en.wikipedia.org/wiki/Guest_House_Paradiso
https://en.wikipedia.org/wiki/Guest_House_Room_Number:201
https://en.wikipedia.org/wiki/Guest_from_the_Future
https://en.wikipedia.org/wiki/Guest_from_the_Future_(film)
https://en.wikipedia.org/wiki/Guest_iin_London
https://en.wikipedia.org/wiki/Guest_in_the_House
https://en.wikipedia.org/wiki/Guest_of_Honour_(1934_film)
https://en.wikipedia.org/wiki/Guest_of_Honour_(2019_film)
https://en.wikipedia.org/wiki/Gugu_and_Andile
https://en.wikipedia.org/wiki/Gugusse_and_the_Automaton
https://en.wikipedia.org/wiki/Guha_(film)
https://en.wikipedia.org/wiki/Guidelines_(film)
https://en.wikipedia.org/wiki/Guilt_Is_My_Shadow
https://en.wikipedia.org/wiki/Guilty%3F_(1930_film)
https://en.wikipedia.org/wiki/Guilty%3F_(1951_film)
https://en.wikipedia.org/wiki/Guilty_(1916_film)
https://en.wikipedia.org/wiki/Guilty_(1928_film)
https://en.wikipedia.org/wiki/Guilty_(1953_film)
https://en.wikipedia.org/wiki/Guilty_(2011_film)
https://en.wikipedia.org/wiki/Guilty_(2020_film)
https://en.wikipedia.org/wiki/Guilty_Bystander
https://en.wikipedia.org/wiki/Guilty_Hearts
https://en.wikipedia.org/wiki/Guilty_as_Sin
https://en.wikipedia.org/wiki/Guilty_by_Suspicion
https://en.wikipedia.org/wiki/Guilty_of_Romance
https://en.wikipedia.org/wiki/Guimoon:_The_Lightless_Door
https://en.wikipedia.org/wiki/Guinea_Pig:_Devil%27s_Experiment
https://en.wikipedia.org/wiki/Guinea_Pig_(film_series)
https://en.wikipedia.org/wiki/Guinea_Pig_2:_Flower_of_Flesh_and_Blood
https://en.wikipedia.org/wiki/Guinevere_(1994_film)
https://en.wikipedia.org/wiki/Guinevere_(1999_film)
https://en.wikipedia.org/wiki/Gulliver%27s_Travels_(1924_film)
https://en.wikipedia.org/wiki/Gulliver%27s_Travels_(1939_film)
https://en.wikipedia.org/wiki/Gulliver%27s_Travels_(1977_film)
https://en.wikipedia.org/wiki/Gulliver%27s_Travels_(2010_film)
https://en.wikipedia.org/wiki/Gulliver%27s_Travels_(miniseries)
https://en.wikipedia.org/wiki/Gulliver_Mickey
https://en.wikipedia.org/wiki/Gully_(film)
https://en.wikipedia.org/wiki/Gumby:_The_Movie
https://en.wikipedia.org/wiki/Gummo
https://en.wikipedia.org/wiki/Gumshoe_(film)
https://en.wikipedia.org/wiki/Gun_Crazy
https://en.wikipedia.org/wiki/Gun_Crazy:_A_Woman_from_Nowhere
https://en.wikipedia.org/wiki/Gun_Shy_(2000_film)
https://en.wikipedia.org/wiki/Gun_Shy_(2017_film)
https://en.wikipedia.org/wiki/Gun_Woman
https://en.wikipedia.org/wiki/Guncrazy
https://en.wikipedia.org/wiki/Gunfight_at_the_O.K._Corral_(film)
https://en.wikipedia.org/wiki/Gunfight_in_Abilene
https://en.wikipedia.org/wiki/Gung_Ho_(film)
https://en.wikipedia.org/wiki/Gunga_Din_(film)
https://en.wikipedia.org/wiki/Gunjan_Saxena:_The_Kargil_Girl
https://en.wikipedia.org/wiki/Gunman_(film)
https://en.wikipedia.org/wiki/Gunman_in_the_Streets
https://en.wikipedia.org/wiki/Gunpowder,_Treason_%26_Plot
https://en.wikipedia.org/wiki/Gunpowder_Milkshake
https://en.wikipedia.org/wiki/Guns_and_Guitars
https://en.wikipedia.org/wiki/Guns_for_San_Sebastian
https://en.wikipedia.org/wiki/Guns_of_El_Chupacabra
https://en.wikipedia.org/wiki/Gupt:_The_Hidden_Truth
https://en.wikipedia.org/wiki/Guru_(1980_film)
https://en.wikipedia.org/wiki/Guru_(1989_film)
https://en.wikipedia.org/wiki/Guru_(1997_film)
https://en.wikipedia.org/wiki/Guru_(2007_film)
https://en.wikipedia.org/wiki/Guru_(2012_film)
https://en.wikipedia.org/wiki/Guru_(2016_film)
https://en.wikipedia.org/wiki/Guru_(2017_film)
https://en.wikipedia.org/wiki/Gustave_(film)
https://en.wikipedia.org/wiki/Guyana:_Crime_of_the_Century
https://en.wikipedia.org/wiki/Guyana_Tragedy:_The_Story_of_Jim_Jones
https://en.wikipedia.org/wiki/Guys_and_Dolls_(film)
https://en.wikipedia.org/wiki/Guyver:_Dark_Hero
https://en.wikipedia.org/wiki/Guzaarish_(2010_film)
https://en.wikipedia.org/wiki/Guzaarish_(2015_drama)
https://en.wikipedia.org/wiki/Gwen,_or_the_Book_of_Sand
https://en.wikipedia.org/wiki/Gwen_(film)
https://en.wikipedia.org/wiki/Gwyneth_of_the_Welsh_Hills
https://en.wikipedia.org/wiki/Gym_Teacher:_The_Movie
https://en.wikipedia.org/wiki/Gymkata
https://en.wikipedia.org/wiki/Gypsies_(1922_film)
https://en.wikipedia.org/wiki/Gypsies_Are_Found_Near_Heaven
https://en.wikipedia.org/wiki/Gypsy_(1937_film)
https://en.wikipedia.org/wiki/Gypsy_(1962_film)
https://en.wikipedia.org/wiki/Gypsy_(1993_film)
https://en.wikipedia.org/wiki/Gypsy_(2011_film)
https://en.wikipedia.org/wiki/Gypsy_(2020_film)
https://en.wikipedia.org/wiki/Gypsy_83
https://en.wikipedia.org/wiki/Gypsy_Blood_(1920_film)
https://en.wikipedia.org/wiki/Gypsy_Blood_(1934_film)
https://en.wikipedia.org/wiki/Gypsy_Colt
https://en.wikipedia.org/wiki/Gypsy_Curse
https://en.wikipedia.org/wiki/Gypsy_Davy_(film)
https://en.wikipedia.org/wiki/Gypsy_Happiness
https://en.wikipedia.org/wiki/Gypsy_Melody
https://en.wikipedia.org/wiki/Gypsy_Wildcat
https://en.wikipedia.org/wiki/Il_Grido
https://en.wikipedia.org/wiki/Invasion_of_Astro-Monster
https://en.wikipedia.org/wiki/King_Kong_vs._Godzilla
https://en.wikipedia.org/wiki/La_Grande_Vadrouille
https://en.wikipedia.org/wiki/Le_Golem
https://en.wikipedia.org/wiki/Le_Grand_Voyage
https://en.wikipedia.org/wiki/Les_Girls
https://en.wikipedia.org/wiki/Mothra_vs._Godzilla
https://en.wikipedia.org/wiki/Shin_Godzilla
https://en.wikipedia.org/wiki/Son_of_Godzilla
https://en.wikipedia.org/wiki/Television_film
https://en.wikipedia.org/wiki/Terror_of_Mechagodzilla
https://en.wikipedia.org/wiki/The_First_Great_Train_Robbery
https://en.wikipedia.org/wiki/The_Galaxy_on_Earth
https://en.wikipedia.org/wiki/The_Gallant_Hours
https://en.wikipedia.org/wiki/The_Galloping_Major_(film)
https://en.wikipedia.org/wiki/The_Gamble_(1916_film)
https://en.wikipedia.org/wiki/The_Gamble_(1971_film)
https://en.wikipedia.org/wiki/The_Gamble_(1988_film)
https://en.wikipedia.org/wiki/The_Gambler_(1919_film)
https://en.wikipedia.org/wiki/The_Gambler_(1938_film)
https://en.wikipedia.org/wiki/The_Gambler_(1958_film)
https://en.wikipedia.org/wiki/The_Gambler_(1974_film)
https://en.wikipedia.org/wiki/The_Gambler_(1995_film)
https://en.wikipedia.org/wiki/The_Gambler_(1997_film)
https://en.wikipedia.org/wiki/The_Gambler_(2013_film)
https://en.wikipedia.org/wiki/The_Gambler_(2014_film)
https://en.wikipedia.org/wiki/The_Game_(1997_film)
https://en.wikipedia.org/wiki/The_Game_(2010_film)
https://en.wikipedia.org/wiki/The_Game_Plan_(film)
https://en.wikipedia.org/wiki/The_Game_of_Their_Lives_(2002_film)
https://en.wikipedia.org/wiki/The_Game_of_Their_Lives_(2005_film)
https://en.wikipedia.org/wiki/The_Gamers_(film)
https://en.wikipedia.org/wiki/The_Gang_That_Couldn%27t_Shoot_Straight
https://en.wikipedia.org/wiki/The_Gangster,_the_Cop,_the_Devil
https://en.wikipedia.org/wiki/The_Garden_of_Eden_(1928_film)
https://en.wikipedia.org/wiki/The_Garden_of_Eden_(1984_film)
https://en.wikipedia.org/wiki/The_Garden_of_Eden_(1998_film)
https://en.wikipedia.org/wiki/The_Garden_of_Eden_(2008_film)
https://en.wikipedia.org/wiki/The_Garden_of_Evening_Mists_(film)
https://en.wikipedia.org/wiki/The_Garden_of_Words
https://en.wikipedia.org/wiki/The_Garden_of_the_Finzi-Continis_(film)
https://en.wikipedia.org/wiki/The_Gardener_(1912_film)
https://en.wikipedia.org/wiki/The_Gardener_(1974_film)
https://en.wikipedia.org/wiki/The_Gardener_(1987_film)
https://en.wikipedia.org/wiki/The_Gardener_(2012_film)
https://en.wikipedia.org/wiki/The_Garment_Jungle
https://en.wikipedia.org/wiki/The_Gate_(1987_film)
https://en.wikipedia.org/wiki/The_Gate_(2014_film)
https://en.wikipedia.org/wiki/The_Gate_of_Heavenly_Peace_(film)
https://en.wikipedia.org/wiki/The_Gathering_(1977_film)
https://en.wikipedia.org/wiki/The_Gathering_(2002_film)
https://en.wikipedia.org/wiki/The_Gauntlet_(film)
https://en.wikipedia.org/wiki/The_Gay_Deceiver
https://en.wikipedia.org/wiki/The_Gay_Deceivers
https://en.wikipedia.org/wiki/The_Gay_Divorcee
https://en.wikipedia.org/wiki/The_Gay_Falcon
https://en.wikipedia.org/wiki/The_Geisha_(1914_film)
https://en.wikipedia.org/wiki/The_Geisha_(1983_film)
https://en.wikipedia.org/wiki/The_Geisha_Boy
https://en.wikipedia.org/wiki/The_Geisha_and_the_Samurai
https://en.wikipedia.org/wiki/The_Gene_Generation
https://en.wikipedia.org/wiki/The_General%27s_Daughter_(film)
https://en.wikipedia.org/wiki/The_General_(1926_film)
https://en.wikipedia.org/wiki/The_General_(1992_film)
https://en.wikipedia.org/wiki/The_General_(1998_film)
https://en.wikipedia.org/wiki/The_General_Died_at_Dawn
https://en.wikipedia.org/wiki/The_General_Line
https://en.wikipedia.org/wiki/The_Gentle_Art_of_Burglary
https://en.wikipedia.org/wiki/The_Gentleman_(film)
https://en.wikipedia.org/wiki/The_Gentlemen_(1965_film)
https://en.wikipedia.org/wiki/The_Gentlemen_(2019_film)
https://en.wikipedia.org/wiki/The_Getaway_(1972_film)
https://en.wikipedia.org/wiki/The_Getaway_(1994_film)
https://en.wikipedia.org/wiki/The_Getting_of_Wisdom_(film)
https://en.wikipedia.org/wiki/The_Ghost_(1963_film)
https://en.wikipedia.org/wiki/The_Ghost_(1982_film)
https://en.wikipedia.org/wiki/The_Ghost_(2004_film)
https://en.wikipedia.org/wiki/The_Ghost_(2008_film)
https://en.wikipedia.org/wiki/The_Ghost_(2010_film)
https://en.wikipedia.org/wiki/The_Ghost_Breakers
https://en.wikipedia.org/wiki/The_Ghost_Galleon
https://en.wikipedia.org/wiki/The_Ghost_Goes_West
https://en.wikipedia.org/wiki/The_Ghost_Hunt
https://en.wikipedia.org/wiki/The_Ghost_Inside_(film)
https://en.wikipedia.org/wiki/The_Ghost_Rider_(1935_film)
https://en.wikipedia.org/wiki/The_Ghost_Rider_(1943_film)
https://en.wikipedia.org/wiki/The_Ghost_Ship
https://en.wikipedia.org/wiki/The_Ghost_Train_(1931_film)
https://en.wikipedia.org/wiki/The_Ghost_Train_(1941_film)
https://en.wikipedia.org/wiki/The_Ghost_Valley%27s_Treasure_Mysteries
https://en.wikipedia.org/wiki/The_Ghost_Writer_(film)
https://en.wikipedia.org/wiki/The_Ghost_and_Mr._Chicken
https://en.wikipedia.org/wiki/The_Ghost_and_Mrs._Muir
https://en.wikipedia.org/wiki/The_Ghost_and_the_Darkness
https://en.wikipedia.org/wiki/The_Ghost_of_Frankenstein
https://en.wikipedia.org/wiki/The_Ghost_of_Sierra_de_Cobre
https://en.wikipedia.org/wiki/The_Ghosts_of_Buxley_Hall
https://en.wikipedia.org/wiki/The_Giant_Claw
https://en.wikipedia.org/wiki/The_Giant_Spider_Invasion
https://en.wikipedia.org/wiki/The_Giant_of_Marathon
https://en.wikipedia.org/wiki/The_Gift_(1979_film)
https://en.wikipedia.org/wiki/The_Gift_(1994_film)
https://en.wikipedia.org/wiki/The_Gift_(2000_film)
https://en.wikipedia.org/wiki/The_Gift_(2003_film)
https://en.wikipedia.org/wiki/The_Gift_(2014_film)
https://en.wikipedia.org/wiki/The_Gift_(2015_American_film)
https://en.wikipedia.org/wiki/The_Gift_(2015_Scottish_film)
https://en.wikipedia.org/wiki/The_Gigolo_(1960_film)
https://en.wikipedia.org/wiki/The_Gigolo_(2015_film)
https://en.wikipedia.org/wiki/The_Gigolo_2
https://en.wikipedia.org/wiki/The_Gigolos
https://en.wikipedia.org/wiki/The_Gilded_Lily_(1921_film)
https://en.wikipedia.org/wiki/The_Gilded_Lily_(1935_film)
https://en.wikipedia.org/wiki/The_Gingerbread_Man_(film)
https://en.wikipedia.org/wiki/The_Girl_(1987_film)
https://en.wikipedia.org/wiki/The_Girl_(2000_film)
https://en.wikipedia.org/wiki/The_Girl_(2012_TV_film)
https://en.wikipedia.org/wiki/The_Girl_(2014_film)
https://en.wikipedia.org/wiki/The_Girl_Can%27t_Help_It
https://en.wikipedia.org/wiki/The_Girl_Next_Door_(2004_film)
https://en.wikipedia.org/wiki/The_Girl_Next_Door_(2007_film)
https://en.wikipedia.org/wiki/The_Girl_Who_Believes_in_Miracles
https://en.wikipedia.org/wiki/The_Girl_Who_Kicked_the_Hornets%27_Nest_(film)
https://en.wikipedia.org/wiki/The_Girl_Who_Knew_Too_Much_(1969_film)
https://en.wikipedia.org/wiki/The_Girl_Who_Leapt_Through_Time_(2006_film)
https://en.wikipedia.org/wiki/The_Girl_Who_Played_with_Fire_(film)
https://en.wikipedia.org/wiki/The_Girl_and_the_Spider
https://en.wikipedia.org/wiki/The_Girl_from_Monday
https://en.wikipedia.org/wiki/The_Girl_from_Rio_(1927_film)
https://en.wikipedia.org/wiki/The_Girl_from_Rio_(1969_film)
https://en.wikipedia.org/wiki/The_Girl_in_Room_20
https://en.wikipedia.org/wiki/The_Girl_in_Room_2A
https://en.wikipedia.org/wiki/The_Girl_in_the_Park
https://en.wikipedia.org/wiki/The_Girl_in_the_Picture_(1957_film)
https://en.wikipedia.org/wiki/The_Girl_in_the_Picture_(1985_film)
https://en.wikipedia.org/wiki/The_Girl_in_the_Spider%27s_Web_(film)
https://en.wikipedia.org/wiki/The_Girl_in_the_Taxi_(1921_film)
https://en.wikipedia.org/wiki/The_Girl_in_the_Taxi_(1937_film)
https://en.wikipedia.org/wiki/The_Girl_of_the_Golden_West_(1915_film)
https://en.wikipedia.org/wiki/The_Girl_of_the_Golden_West_(1922_film)
https://en.wikipedia.org/wiki/The_Girl_of_the_Golden_West_(1923_film)
https://en.wikipedia.org/wiki/The_Girl_of_the_Golden_West_(1930_film)
https://en.wikipedia.org/wiki/The_Girl_of_the_Golden_West_(1938_film)
https://en.wikipedia.org/wiki/The_Girl_on_a_Motorcycle
https://en.wikipedia.org/wiki/The_Girl_on_the_Train_(2013_film)
https://en.wikipedia.org/wiki/The_Girl_on_the_Train_(2016_film)
https://en.wikipedia.org/wiki/The_Girl_with_the_Dragon_Tattoo_(2009_film)
https://en.wikipedia.org/wiki/The_Girl_with_the_Dragon_Tattoo_(2011_film)
https://en.wikipedia.org/wiki/The_Girlfriend_Experience
https://en.wikipedia.org/wiki/The_Girls_(1961_film)
https://en.wikipedia.org/wiki/The_Girls_(1968_film)
https://en.wikipedia.org/wiki/The_Girls_of_Pleasure_Island
https://en.wikipedia.org/wiki/The_Giver_(film)
https://en.wikipedia.org/wiki/The_Gladiator_(1938_film)
https://en.wikipedia.org/wiki/The_Gladiator_(1986_film)
https://en.wikipedia.org/wiki/The_Gladiators_(film)
https://en.wikipedia.org/wiki/The_Glass_Bottom_Boat
https://en.wikipedia.org/wiki/The_Glass_Castle_(1950_film)
https://en.wikipedia.org/wiki/The_Glass_Castle_(2017_film)
https://en.wikipedia.org/wiki/The_Glass_House_(1972_film)
https://en.wikipedia.org/wiki/The_Glass_House_(2001_film)
https://en.wikipedia.org/wiki/The_Glass_House_(2009_film)
https://en.wikipedia.org/wiki/The_Glass_Key_(1935_film)
https://en.wikipedia.org/wiki/The_Glass_Key_(1942_film)
https://en.wikipedia.org/wiki/The_Glass_Menagerie_(1950_film)
https://en.wikipedia.org/wiki/The_Glass_Menagerie_(1966_film)
https://en.wikipedia.org/wiki/The_Glass_Menagerie_(1973_film)
https://en.wikipedia.org/wiki/The_Glass_Menagerie_(1987_film)
https://en.wikipedia.org/wiki/The_Glass_Slipper_(film)
https://en.wikipedia.org/wiki/The_Glass_Web
https://en.wikipedia.org/wiki/The_Gleaners_and_I
https://en.wikipedia.org/wiki/The_Glenn_Miller_Story
https://en.wikipedia.org/wiki/The_Glimmer_Man
https://en.wikipedia.org/wiki/The_Gnome-Mobile
https://en.wikipedia.org/wiki/The_Go-Between_(1971_film)
https://en.wikipedia.org/wiki/The_Go-Between_(2015_film)
https://en.wikipedia.org/wiki/The_Go-Go%27s_(film)
https://en.wikipedia.org/wiki/The_Goalkeeper%27s_Fear_of_the_Penalty
https://en.wikipedia.org/wiki/The_Goat_(1917_film)
https://en.wikipedia.org/wiki/The_Goat_(1918_film)
https://en.wikipedia.org/wiki/The_Goat_(1921_film)
https://en.wikipedia.org/wiki/The_God_Within
https://en.wikipedia.org/wiki/The_Goddess_(1934_film)
https://en.wikipedia.org/wiki/The_Goddess_(1958_film)
https://en.wikipedia.org/wiki/The_Goddess_of_1967
https://en.wikipedia.org/wiki/The_Godfather
https://en.wikipedia.org/wiki/The_Godfather_(film_series)
https://en.wikipedia.org/wiki/The_Godfather_Part_II
https://en.wikipedia.org/wiki/The_Godfather_Part_III
https://en.wikipedia.org/wiki/The_Gods_Must_Be_Crazy
https://en.wikipedia.org/wiki/The_Gods_Must_Be_Crazy_II
https://en.wikipedia.org/wiki/The_Godson_(film)
https://en.wikipedia.org/wiki/The_Gold_Rush
https://en.wikipedia.org/wiki/The_Golden_Bowl_(film)
https://en.wikipedia.org/wiki/The_Golden_Boys
https://en.wikipedia.org/wiki/The_Golden_Chance
https://en.wikipedia.org/wiki/The_Golden_Child
https://en.wikipedia.org/wiki/The_Golden_Coach
https://en.wikipedia.org/wiki/The_Golden_Compass_(film)
https://en.wikipedia.org/wiki/The_Golden_Doll
https://en.wikipedia.org/wiki/The_Golden_Girls_(film)
https://en.wikipedia.org/wiki/The_Golden_Lotus_(film)
https://en.wikipedia.org/wiki/The_Golden_Voyage_of_Sinbad
https://en.wikipedia.org/wiki/The_Goldfinch_(film)
https://en.wikipedia.org/wiki/The_Golem:_How_He_Came_into_the_World
https://en.wikipedia.org/wiki/The_Golem_(1915_film)
https://en.wikipedia.org/wiki/The_Golem_(2018_film)
https://en.wikipedia.org/wiki/The_Golem_and_the_Dancing_Girl
https://en.wikipedia.org/wiki/The_Good,_the_Bad,_the_Weird
https://en.wikipedia.org/wiki/The_Good,_the_Bad_and_the_Ugly
https://en.wikipedia.org/wiki/The_Good_Boss
https://en.wikipedia.org/wiki/The_Good_Catholic
https://en.wikipedia.org/wiki/The_Good_Dinosaur
https://en.wikipedia.org/wiki/The_Good_Doctor_(1939_film)
https://en.wikipedia.org/wiki/The_Good_Doctor_(2011_film)
https://en.wikipedia.org/wiki/The_Good_Earth_(film)
https://en.wikipedia.org/wiki/The_Good_Father
https://en.wikipedia.org/wiki/The_Good_German
https://en.wikipedia.org/wiki/The_Good_Girl
https://en.wikipedia.org/wiki/The_Good_Girl_(2004_film)
https://en.wikipedia.org/wiki/The_Good_Girls_(film)
https://en.wikipedia.org/wiki/The_Good_Liar
https://en.wikipedia.org/wiki/The_Good_Lie
https://en.wikipedia.org/wiki/The_Good_Life_(1996_film)
https://en.wikipedia.org/wiki/The_Good_Life_(1997_film)
https://en.wikipedia.org/wiki/The_Good_Life_(2007_film)
https://en.wikipedia.org/wiki/The_Good_Life_(2008_film)
https://en.wikipedia.org/wiki/The_Good_Neighbor_(film)
https://en.wikipedia.org/wiki/The_Good_Nurse
https://en.wikipedia.org/wiki/The_Good_Shepherd_(film)
https://en.wikipedia.org/wiki/The_Good_Son_(film)
https://en.wikipedia.org/wiki/The_Good_Thief_(film)
https://en.wikipedia.org/wiki/The_Goodbye_Girl
https://en.wikipedia.org/wiki/The_Goods:_Live_Hard,_Sell_Hard
https://en.wikipedia.org/wiki/The_Goonies
https://en.wikipedia.org/wiki/The_Goose_Steps_Out
https://en.wikipedia.org/wiki/The_Gore_Gore_Girls
https://en.wikipedia.org/wiki/The_Gorgeous_Hussy
https://en.wikipedia.org/wiki/The_Gospel_(film)
https://en.wikipedia.org/wiki/The_Gospel_According_to_St._Matthew_(film)
https://en.wikipedia.org/wiki/The_Gospel_of_John_(film)
https://en.wikipedia.org/wiki/The_Governess
https://en.wikipedia.org/wiki/The_Graduate
https://en.wikipedia.org/wiki/The_Graduates_of_Malibu_High
https://en.wikipedia.org/wiki/The_Grail_(film)
https://en.wikipedia.org/wiki/The_Grand_(film)
https://en.wikipedia.org/wiki/The_Grand_Budapest_Hotel
https://en.wikipedia.org/wiki/The_Grand_Duel
https://en.wikipedia.org/wiki/The_Grandmaster_(film)
https://en.wikipedia.org/wiki/The_Grapes_of_Wrath_(film)
https://en.wikipedia.org/wiki/The_Grass_Is_Greener
https://en.wikipedia.org/wiki/The_Grasshopper_and_the_Ants_(film)
https://en.wikipedia.org/wiki/The_Grave_(1996_film)
https://en.wikipedia.org/wiki/The_Grave_(2020_film)
https://en.wikipedia.org/wiki/The_Gravedancers
https://en.wikipedia.org/wiki/The_Gravy_Train
https://en.wikipedia.org/wiki/The_Gray_Man_(2007_film)
https://en.wikipedia.org/wiki/The_Gray_Man_(2022_film)
https://en.wikipedia.org/wiki/The_Great_Adventures_of_Captain_Kidd
https://en.wikipedia.org/wiki/The_Great_Alibi
https://en.wikipedia.org/wiki/The_Great_Alligator_River
https://en.wikipedia.org/wiki/The_Great_Alone_(film)
https://en.wikipedia.org/wiki/The_Great_Beauty
https://en.wikipedia.org/wiki/The_Great_Buck_Howard
https://en.wikipedia.org/wiki/The_Great_Buster:_A_Celebration
https://en.wikipedia.org/wiki/The_Great_Caruso
https://en.wikipedia.org/wiki/The_Great_Debaters
https://en.wikipedia.org/wiki/The_Great_Detective_(film)
https://en.wikipedia.org/wiki/The_Great_Dictator
https://en.wikipedia.org/wiki/The_Great_Ecstasy_of_Robert_Carmichael
https://en.wikipedia.org/wiki/The_Great_Ecstasy_of_Woodcarver_Steiner
https://en.wikipedia.org/wiki/The_Great_Escape_(film)
https://en.wikipedia.org/wiki/The_Great_Gabbo
https://en.wikipedia.org/wiki/The_Great_Game_(1930_film)
https://en.wikipedia.org/wiki/The_Great_Game_(1953_film)
https://en.wikipedia.org/wiki/The_Great_Game_(2015_film)
https://en.wikipedia.org/wiki/The_Great_Gatsby_(1926_film)
https://en.wikipedia.org/wiki/The_Great_Gatsby_(1949_film)
https://en.wikipedia.org/wiki/The_Great_Gatsby_(1974_film)
https://en.wikipedia.org/wiki/The_Great_Gatsby_(2000_TV)
https://en.wikipedia.org/wiki/The_Great_Gatsby_(2013_film)
https://en.wikipedia.org/wiki/The_Great_Hack
https://en.wikipedia.org/wiki/The_Great_Kidnapping
https://en.wikipedia.org/wiki/The_Great_Lie
https://en.wikipedia.org/wiki/The_Great_Love_(1918_film)
https://en.wikipedia.org/wiki/The_Great_Love_(1925_film)
https://en.wikipedia.org/wiki/The_Great_Love_(1942_film)
https://en.wikipedia.org/wiki/The_Great_Love_(1969_film)
https://en.wikipedia.org/wiki/The_Great_Lover_(1920_film)
https://en.wikipedia.org/wiki/The_Great_Lover_(1931_film)
https://en.wikipedia.org/wiki/The_Great_Lover_(1949_film)
https://en.wikipedia.org/wiki/The_Great_Madcap
https://en.wikipedia.org/wiki/The_Great_Man
https://en.wikipedia.org/wiki/The_Great_Man%27s_Whiskers
https://en.wikipedia.org/wiki/The_Great_McGinty
https://en.wikipedia.org/wiki/The_Great_Moment_(1921_film)
https://en.wikipedia.org/wiki/The_Great_Moment_(1944_film)
https://en.wikipedia.org/wiki/The_Great_Morgan
https://en.wikipedia.org/wiki/The_Great_Mouse_Detective
https://en.wikipedia.org/wiki/The_Great_Muppet_Caper
https://en.wikipedia.org/wiki/The_Great_Mystical_Circus_(film)
https://en.wikipedia.org/wiki/The_Great_New_Wonderful
https://en.wikipedia.org/wiki/The_Great_Outdoors_(film)
https://en.wikipedia.org/wiki/The_Great_Pretender_(film)
https://en.wikipedia.org/wiki/The_Great_Race
https://en.wikipedia.org/wiki/The_Great_Raid
https://en.wikipedia.org/wiki/The_Great_Rupert
https://en.wikipedia.org/wiki/The_Great_Santini
https://en.wikipedia.org/wiki/The_Great_Silence
https://en.wikipedia.org/wiki/The_Great_St_Trinian%27s_Train_Robbery
https://en.wikipedia.org/wiki/The_Great_Train_Robbery_(1903_film)
https://en.wikipedia.org/wiki/The_Great_Train_Robbery_(1941_film)
https://en.wikipedia.org/wiki/The_Great_Waldo_Pepper
https://en.wikipedia.org/wiki/The_Great_Wall_(film)
https://en.wikipedia.org/wiki/The_Great_War_(1959_film)
https://en.wikipedia.org/wiki/The_Great_War_(2007_film)
https://en.wikipedia.org/wiki/The_Great_War_(2017_film)
https://en.wikipedia.org/wiki/The_Great_War_(2019_film)
https://en.wikipedia.org/wiki/The_Great_White_Hope_(film)
https://en.wikipedia.org/wiki/The_Great_White_Hype
https://en.wikipedia.org/wiki/The_Great_Yokai_War
https://en.wikipedia.org/wiki/The_Great_Yokai_War:_Guardians
https://en.wikipedia.org/wiki/The_Great_Ziegfeld
https://en.wikipedia.org/wiki/The_Greatest_(1977_film)
https://en.wikipedia.org/wiki/The_Greatest_(2009_film)
https://en.wikipedia.org/wiki/The_Greatest_Beer_Run_Ever
https://en.wikipedia.org/wiki/The_Greatest_Game_Ever_Played
https://en.wikipedia.org/wiki/The_Greatest_Show_on_Earth_(film)
https://en.wikipedia.org/wiki/The_Greatest_Showman
https://en.wikipedia.org/wiki/The_Greatest_Story_Ever_Told
https://en.wikipedia.org/wiki/The_Greek_Tycoon
https://en.wikipedia.org/wiki/The_Green_Berets_(film)
https://en.wikipedia.org/wiki/The_Green_Cockatoo
https://en.wikipedia.org/wiki/The_Green_Goddess_(1923_film)
https://en.wikipedia.org/wiki/The_Green_Goddess_(1930_film)
https://en.wikipedia.org/wiki/The_Green_Hornet_(2006_film)
https://en.wikipedia.org/wiki/The_Green_Hornet_(2011_film)
https://en.wikipedia.org/wiki/The_Green_Hornet_(Hong_Kong_film)
https://en.wikipedia.org/wiki/The_Green_Hornet_(serial)
https://en.wikipedia.org/wiki/The_Green_Hornet_Strikes_Again!
https://en.wikipedia.org/wiki/The_Green_Inferno_(film)
https://en.wikipedia.org/wiki/The_Green_Knight_(film)
https://en.wikipedia.org/wiki/The_Green_Mile_(film)
https://en.wikipedia.org/wiki/The_Green_Ray_(film)
https://en.wikipedia.org/wiki/The_Green_Slime
https://en.wikipedia.org/wiki/The_Green_Years_(film)
https://en.wikipedia.org/wiki/The_Grey_(film)
https://en.wikipedia.org/wiki/The_Grey_Fox
https://en.wikipedia.org/wiki/The_Grey_Zone
https://en.wikipedia.org/wiki/The_Grifters_(film)
https://en.wikipedia.org/wiki/The_Grim_Game
https://en.wikipedia.org/wiki/The_Grinch_(film)
https://en.wikipedia.org/wiki/The_Grind_(1915_film)
https://en.wikipedia.org/wiki/The_Grinning_Face
https://en.wikipedia.org/wiki/The_Grissom_Gang
https://en.wikipedia.org/wiki/The_Groomsmen
https://en.wikipedia.org/wiki/The_Groove_Tube
https://en.wikipedia.org/wiki/The_Group_(film)
https://en.wikipedia.org/wiki/The_Grow
https://en.wikipedia.org/wiki/The_Grow_2
https://en.wikipedia.org/wiki/The_Grudge
https://en.wikipedia.org/wiki/The_Grudge_(2020_film)
https://en.wikipedia.org/wiki/The_Grudge_(film_series)
https://en.wikipedia.org/wiki/The_Grudge_2
https://en.wikipedia.org/wiki/The_Grudge_3
https://en.wikipedia.org/wiki/The_Gruffalo%27s_Child_(film)
https://en.wikipedia.org/wiki/The_Gruffalo_(film)
https://en.wikipedia.org/wiki/The_Gua_Sha_Treatment
https://en.wikipedia.org/wiki/The_Guard_(1990_film)
https://en.wikipedia.org/wiki/The_Guard_(2001_film)
https://en.wikipedia.org/wiki/The_Guard_(2011_film)
https://en.wikipedia.org/wiki/The_Guard_from_Underground
https://en.wikipedia.org/wiki/The_Guardian_(1990_film)
https://en.wikipedia.org/wiki/The_Guardian_(2006_film)
https://en.wikipedia.org/wiki/The_Guardians_of_the_Galaxy_Holiday_Special
https://en.wikipedia.org/wiki/The_Guatemalan_Handshake
https://en.wikipedia.org/wiki/The_Guerrilla
https://en.wikipedia.org/wiki/The_Guerrilla_(1973_film)
https://en.wikipedia.org/wiki/The_Guest_(2014_American_film)
https://en.wikipedia.org/wiki/The_Guest_(2014_Chilean_film)
https://en.wikipedia.org/wiki/The_Guest_(2017_film)
https://en.wikipedia.org/wiki/The_Guest_Room_(film)
https://en.wikipedia.org/wiki/The_Guilt_Trip_(film)
https://en.wikipedia.org/wiki/The_Guilty_(1947_film)
https://en.wikipedia.org/wiki/The_Guilty_(1975_film)
https://en.wikipedia.org/wiki/The_Guilty_(2000_film)
https://en.wikipedia.org/wiki/The_Guilty_(2018_film)
https://en.wikipedia.org/wiki/The_Guilty_(2021_film)
https://en.wikipedia.org/wiki/The_Guinea_Pig_(film)
https://en.wikipedia.org/wiki/The_Gulf_Between
https://en.wikipedia.org/wiki/The_Gumball_Rally
https://en.wikipedia.org/wiki/The_Gunfighter_(film)
https://en.wikipedia.org/wiki/The_Gunman_(1952_film)
https://en.wikipedia.org/wiki/The_Gunman_(2015_film)
https://en.wikipedia.org/wiki/The_Guns_of_Navarone_(film)
https://en.wikipedia.org/wiki/The_Guru_(1969_film)
https://en.wikipedia.org/wiki/The_Guru_(2002_film)
https://en.wikipedia.org/wiki/The_Guyver
https://en.wikipedia.org/wiki/The_Gymnast_(film)
https://en.wikipedia.org/wiki/The_Gypsies_of_Svinia
https://en.wikipedia.org/wiki/The_Gypsy_(film)
https://en.wikipedia.org/wiki/The_Gypsy_Moths
https://en.wikipedia.org/wiki/The_Gypsy_and_the_Gentleman
https://en.wikipedia.org/wiki/The_Gyurkovics_Boys
https://en.wikipedia.org/wiki/The_Return_of_Godzilla
Language counts for https://en.wikipedia.org/wiki/List_of_films:_G:
{'english': 869, 'japanese': 81, 'hindi': 73, 'french': 40, 'kannada': 25, 'italian': 23, 'spanish': 23, 'russian': 22, 'silent (english intertitles)': 20, 'mandarin': 19}

