https://en.wikipedia.org/wiki/List_of_films:_E
hello
https://en.wikipedia.org/wiki/List_of_films:_E
https://en.wikipedia.org/wiki/%C3%89l_(film)
https://en.wikipedia.org/wiki/1966_in_film
https://en.wikipedia.org/wiki/An_Eastern_Westerner
https://en.wikipedia.org/wiki/An_Education
https://en.wikipedia.org/wiki/An_Elephant_Sitting_Still
https://en.wikipedia.org/wiki/An_Eternal_Combat
https://en.wikipedia.org/wiki/An_Ethics_Lesson
https://en.wikipedia.org/wiki/An_Evening_Visit
https://en.wikipedia.org/wiki/An_Evening_of_Edgar_Allan_Poe
https://en.wikipedia.org/wiki/An_Evening_with_Kevin_Smith
https://en.wikipedia.org/wiki/An_Extremely_Goofy_Movie
https://en.wikipedia.org/wiki/An_Eye_for_an_Eye_(1966_film)
https://en.wikipedia.org/wiki/An_Eye_for_an_Eye_(1981_film)
https://en.wikipedia.org/wiki/An_Eye_for_an_Eye_(2016_film)
https://en.wikipedia.org/wiki/Army_of_Darkness
https://en.wikipedia.org/wiki/Das_Erbe
https://en.wikipedia.org/wiki/Das_Experiment
https://en.wikipedia.org/wiki/Der_Einstein_des_Sex
https://en.wikipedia.org/wiki/Dominion:_Prequel_to_the_Exorcist
https://en.wikipedia.org/wiki/E.A._%E2%80%94_Extraordinary_Accident
https://en.wikipedia.org/wiki/E.T._the_Extra-Terrestrial
https://en.wikipedia.org/wiki/EDtv
https://en.wikipedia.org/wiki/E_(2006_film)
https://en.wikipedia.org/wiki/E_(2017_film)
https://en.wikipedia.org/wiki/Each_Dawn_I_Die
https://en.wikipedia.org/wiki/Each_Heart_Has_Its_Own_Story
https://en.wikipedia.org/wiki/Each_Pearl_a_Tear
https://en.wikipedia.org/wiki/Each_Time_I_Kill
https://en.wikipedia.org/wiki/Each_Time_We_Part_Away
https://en.wikipedia.org/wiki/Each_to_His_Kind
https://en.wikipedia.org/wiki/Each_to_His_Own_Way
https://en.wikipedia.org/wiki/Eadie_Was_a_Lady
https://en.wikipedia.org/wiki/Eadweard_(film)
https://en.wikipedia.org/wiki/Eager_Lips
https://en.wikipedia.org/wiki/Eagle_(1990_film)
https://en.wikipedia.org/wiki/Eagle_Eye
https://en.wikipedia.org/wiki/Eagle_Flute
https://en.wikipedia.org/wiki/Eagle_of_the_Night
https://en.wikipedia.org/wiki/Eagle_vs_Shark
https://en.wikipedia.org/wiki/Eain_Met_Nat_Thamee
https://en.wikipedia.org/wiki/Eain_Met_Yar_Thi
https://en.wikipedia.org/wiki/Eakantham
https://en.wikipedia.org/wiki/Ealing_Comedy_(film)
https://en.wikipedia.org/wiki/Eames:_The_Architect_and_the_Painter
https://en.wikipedia.org/wiki/Ear_for_Eye
https://en.wikipedia.org/wiki/Earl_Carroll_Vanities_(film)
https://en.wikipedia.org/wiki/Early_Frost
https://en.wikipedia.org/wiki/Early_Joys
https://en.wikipedia.org/wiki/Early_Man_(film)
https://en.wikipedia.org/wiki/Early_One_Morning_(film)
https://en.wikipedia.org/wiki/Early_Snow_in_Munich
https://en.wikipedia.org/wiki/Early_Spring_(1956_film)
https://en.wikipedia.org/wiki/Early_Summer
https://en.wikipedia.org/wiki/Early_to_Bed_(1928_film)
https://en.wikipedia.org/wiki/Earth%27s_Man
https://en.wikipedia.org/wiki/Earth_(1930_film)
https://en.wikipedia.org/wiki/Earth_(1996_film)
https://en.wikipedia.org/wiki/Earth_(1998_film)
https://en.wikipedia.org/wiki/Earth_(2007_film)
https://en.wikipedia.org/wiki/Earth_Days
https://en.wikipedia.org/wiki/Earth_Girls_Are_Easy
https://en.wikipedia.org/wiki/Earth_to_Echo
https://en.wikipedia.org/wiki/Earth_vs._the_Flying_Saucers
https://en.wikipedia.org/wiki/Earth_vs._the_Spider
https://en.wikipedia.org/wiki/Earth_vs._the_Spider_(2001_film)
https://en.wikipedia.org/wiki/Earthquake_(1974_film)
https://en.wikipedia.org/wiki/Earwig_and_the_Witch
https://en.wikipedia.org/wiki/East_Is_East_(1916_film)
https://en.wikipedia.org/wiki/East_Is_East_(1999_film)
https://en.wikipedia.org/wiki/East_Lynne_(1913_film)
https://en.wikipedia.org/wiki/East_Lynne_(1916_film)
https://en.wikipedia.org/wiki/East_Lynne_(1921_film)
https://en.wikipedia.org/wiki/East_Lynne_(1922_film)
https://en.wikipedia.org/wiki/East_Lynne_(1925_film)
https://en.wikipedia.org/wiki/East_Lynne_(1931_film)
https://en.wikipedia.org/wiki/East_Palace,_West_Palace
https://en.wikipedia.org/wiki/East_River_(film)
https://en.wikipedia.org/wiki/East_Side_Kids_(film)
https://en.wikipedia.org/wiki/East_Side_Story_(1997_film)
https://en.wikipedia.org/wiki/East_Side_Story_(2006_film)
https://en.wikipedia.org/wiki/East_of_Eden_(film)
https://en.wikipedia.org/wiki/East_of_Havana
https://en.wikipedia.org/wiki/East_of_the_Mountains_(film)
https://en.wikipedia.org/wiki/Easter_Parade_(film)
https://en.wikipedia.org/wiki/Easter_Sunday_(film)
https://en.wikipedia.org/wiki/Eastern_Condors
https://en.wikipedia.org/wiki/Eastern_Promises
https://en.wikipedia.org/wiki/Easy_A
https://en.wikipedia.org/wiki/Easy_Come,_Easy_Go_(1967_film)
https://en.wikipedia.org/wiki/Easy_Living_(1937_film)
https://en.wikipedia.org/wiki/Easy_Living_(1949_film)
https://en.wikipedia.org/wiki/Easy_Living_(2017_film)
https://en.wikipedia.org/wiki/Easy_Money_(1917_film)
https://en.wikipedia.org/wiki/Easy_Money_(1925_film)
https://en.wikipedia.org/wiki/Easy_Money_(1934_film)
https://en.wikipedia.org/wiki/Easy_Money_(1936_film)
https://en.wikipedia.org/wiki/Easy_Money_(1948_film)
https://en.wikipedia.org/wiki/Easy_Money_(1983_film)
https://en.wikipedia.org/wiki/Easy_Money_(2010_film)
https://en.wikipedia.org/wiki/Easy_Rider
https://en.wikipedia.org/wiki/Easy_Street_(1917_film)
https://en.wikipedia.org/wiki/Easy_Virtue_(1928_film)
https://en.wikipedia.org/wiki/Easy_Virtue_(2008_film)
https://en.wikipedia.org/wiki/Eat_(film)
https://en.wikipedia.org/wiki/Eat_Drink_Man_Woman
https://en.wikipedia.org/wiki/Eat_Hot_Tofu_Slowly
https://en.wikipedia.org/wiki/Eat_Pray_Love_(film)
https://en.wikipedia.org/wiki/Eat_Your_Makeup
https://en.wikipedia.org/wiki/Eat_the_Rich_(film)
https://en.wikipedia.org/wiki/Eaten_Alive
https://en.wikipedia.org/wiki/Eaten_Alive!
https://en.wikipedia.org/wiki/Eating_Out
https://en.wikipedia.org/wiki/Eating_Out_2:_Sloppy_Seconds
https://en.wikipedia.org/wiki/Eating_Raoul
https://en.wikipedia.org/wiki/Eaux_d%27artifice
https://en.wikipedia.org/wiki/Eazhaiyin_Sirippil
https://en.wikipedia.org/wiki/Ebb_Tide_(1922_film)
https://en.wikipedia.org/wiki/Ebb_Tide_(1932_film)
https://en.wikipedia.org/wiki/Ebb_Tide_(1937_film)
https://en.wikipedia.org/wiki/Ebba_the_Movie
https://en.wikipedia.org/wiki/Ebenezer_(film)
https://en.wikipedia.org/wiki/Ebola_Syndrome
https://en.wikipedia.org/wiki/Ebony,_Ivory_%26_Jade
https://en.wikipedia.org/wiki/Ebony_Parade
https://en.wikipedia.org/wiki/Eccentricities_of_a_Blonde-Haired_Girl
https://en.wikipedia.org/wiki/Echelon_Conspiracy
https://en.wikipedia.org/wiki/Echo_Park_(1986_film)
https://en.wikipedia.org/wiki/Echo_Park_(2014_film)
https://en.wikipedia.org/wiki/Echo_in_the_Canyon
https://en.wikipedia.org/wiki/Eclipse_(1962_film)
https://en.wikipedia.org/wiki/Eclipse_(1994_film)
https://en.wikipedia.org/wiki/Eclipse_de_sol
https://en.wikipedia.org/wiki/Ecstasy_(film)
https://en.wikipedia.org/wiki/Ed%27s_Next_Move
https://en.wikipedia.org/wiki/Ed_(film)
https://en.wikipedia.org/wiki/Ed_Gein_(film)
https://en.wikipedia.org/wiki/Ed_Wood_(film)
https://en.wikipedia.org/wiki/Eddie%27s_Million_Dollar_Cook-Off
https://en.wikipedia.org/wiki/Eddie_Murphy_Delirious
https://en.wikipedia.org/wiki/Eddie_Murphy_Raw
https://en.wikipedia.org/wiki/Eddie_and_the_Cruisers
https://en.wikipedia.org/wiki/Eddie_and_the_Cruisers_II:_Eddie_Lives!
https://en.wikipedia.org/wiki/Eden_Lake
https://en.wikipedia.org/wiki/Eden_Log
https://en.wikipedia.org/wiki/Eden_Valley_(film)
https://en.wikipedia.org/wiki/Edge_of_Darkness_(1943_film)
https://en.wikipedia.org/wiki/Edge_of_Darkness_(2010_film)
https://en.wikipedia.org/wiki/Edge_of_Doom
https://en.wikipedia.org/wiki/Edge_of_Innocence
https://en.wikipedia.org/wiki/Edge_of_Seventeen_(film)
https://en.wikipedia.org/wiki/Edge_of_Tomorrow
https://en.wikipedia.org/wiki/Edge_of_the_City
https://en.wikipedia.org/wiki/Edges_of_the_Lord
https://en.wikipedia.org/wiki/Edici%C3%B3n_extra
https://en.wikipedia.org/wiki/Edie_%26_Thea:_A_Very_Long_Engagement
https://en.wikipedia.org/wiki/Edipo_Alcalde
https://en.wikipedia.org/wiki/Edison,_Marconi_%26_Co.
https://en.wikipedia.org/wiki/Edison,_the_Man
https://en.wikipedia.org/wiki/Edison_(film)
https://en.wikipedia.org/wiki/Edison_Bugg%27s_Invention
https://en.wikipedia.org/wiki/Edison_and_Leo
https://en.wikipedia.org/wiki/Edmond_(film)
https://en.wikipedia.org/wiki/Educating_Rita_(film)
https://en.wikipedia.org/wiki/Education_of_a_Prince
https://en.wikipedia.org/wiki/Edvard_Munch_(film)
https://en.wikipedia.org/wiki/Edward,_My_Son
https://en.wikipedia.org/wiki/Edward_II_(film)
https://en.wikipedia.org/wiki/Edward_Scissorhands
https://en.wikipedia.org/wiki/Ee_Abbai_Chala_Manchodu
https://en.wikipedia.org/wiki/Ee_Adutha_Kaalathu
https://en.wikipedia.org/wiki/Ee_Bandha_Anubandha
https://en.wikipedia.org/wiki/Ee_Bandhana
https://en.wikipedia.org/wiki/Ee_Bhoomi_Aa_Bhanu
https://en.wikipedia.org/wiki/Ee_Dil_Helide_Nee_Bekantha
https://en.wikipedia.org/wiki/Ee_Ganam_Marakkumo
https://en.wikipedia.org/wiki/Ee_Jeeva_Ninagagi
https://en.wikipedia.org/wiki/Ee_Kaikalil
https://en.wikipedia.org/wiki/Ee_Kanni_Koodi
https://en.wikipedia.org/wiki/Ee_Lokam_Evide_Kure_Manushyar
https://en.wikipedia.org/wiki/Ee_Maaya_Peremito
https://en.wikipedia.org/wiki/Ee_Manohara_Theeram
https://en.wikipedia.org/wiki/Ee_Nadu
https://en.wikipedia.org/wiki/Ee_Nagaraniki_Emaindhi
https://en.wikipedia.org/wiki/Ee_Parakkum_Thalika
https://en.wikipedia.org/wiki/Ee_Pattanathil_Bhootham
https://en.wikipedia.org/wiki/Ee_Preethi_Yeke_Bhoomi_Melide
https://en.wikipedia.org/wiki/Ee_Puzhayum_Kadannu
https://en.wikipedia.org/wiki/Ee_Rajeev_Gandhi_Alla
https://en.wikipedia.org/wiki/Ee_Rojullo
https://en.wikipedia.org/wiki/Ee_Sabdam_Innathe_Sabdam
https://en.wikipedia.org/wiki/Ee_Sambhashane
https://en.wikipedia.org/wiki/Ee_Sanje
https://en.wikipedia.org/wiki/Ee_Shathamaanada_Veera_Madakari
https://en.wikipedia.org/wiki/Ee_Snehatheerathu
https://en.wikipedia.org/wiki/Ee_Thalamura_Ingane
https://en.wikipedia.org/wiki/Ee_Thanalil_Ithiri_Nerum
https://en.wikipedia.org/wiki/Ee_Thanutha_Veluppan_Kalathu
https://en.wikipedia.org/wiki/Ee_Thirakkinidayil
https://en.wikipedia.org/wiki/Ee_Varsham_Sakshiga
https://en.wikipedia.org/wiki/Ee_Vazhi_Mathram
https://en.wikipedia.org/wiki/Ee_Yugam
https://en.wikipedia.org/wiki/Eeb_Allay_Ooo!
https://en.wikipedia.org/wiki/Eeda
https://en.wikipedia.org/wiki/Eedo_Rakam_Aado_Rakam
https://en.wikipedia.org/wiki/Eedu_Gold_Ehe
https://en.wikipedia.org/wiki/Eedu_Jodu
https://en.wikipedia.org/wiki/Eega
https://en.wikipedia.org/wiki/Eegah
https://en.wikipedia.org/wiki/Eena_Meena_Deeka
https://en.wikipedia.org/wiki/Eenam_Thettatha_Kattaru
https://en.wikipedia.org/wiki/Eera_Nilam
https://en.wikipedia.org/wiki/Eera_Veyyil
https://en.wikipedia.org/wiki/Eera_Vizhi_Kaaviyangal
https://en.wikipedia.org/wiki/Eeram
https://en.wikipedia.org/wiki/Eeramana_Rojave
https://en.wikipedia.org/wiki/Eerie_(film)
https://en.wikipedia.org/wiki/Eesho
https://en.wikipedia.org/wiki/Eeshwar_(1989_film)
https://en.wikipedia.org/wiki/Eettappuli
https://en.wikipedia.org/wiki/Eetti
https://en.wikipedia.org/wiki/Eetti_(1985_film)
https://en.wikipedia.org/wiki/Efectos_secundarios
https://en.wikipedia.org/wiki/Effi_Briest_(1971_film)
https://en.wikipedia.org/wiki/Effi_Briest_(1974_film)
https://en.wikipedia.org/wiki/Effi_Briest_(2009_film)
https://en.wikipedia.org/wiki/Effie_Gray_(film)
https://en.wikipedia.org/wiki/Eggs_(film)
https://en.wikipedia.org/wiki/Ego_(2013_film)
https://en.wikipedia.org/wiki/Ego_(2018_film)
https://en.wikipedia.org/wiki/Ego_(2021_film)
https://en.wikipedia.org/wiki/Egon_Schiele:_Death_and_the_Maiden
https://en.wikipedia.org/wiki/Eh,_Kasi_Bata
https://en.wikipedia.org/wiki/Ehrengard:_The_Art_of_Seduction
https://en.wikipedia.org/wiki/Eidetic_(film)
https://en.wikipedia.org/wiki/Eien_no_1/2
https://en.wikipedia.org/wiki/Eierdiebe
https://en.wikipedia.org/wiki/Eiffel_(film)
https://en.wikipedia.org/wiki/Eiga_ST_Aka_to_Shir%C5%8D_no_S%C5%8Dsa_File
https://en.wikipedia.org/wiki/Eight_Below
https://en.wikipedia.org/wiki/Eight_Crazy_Nights
https://en.wikipedia.org/wiki/Eight_Days_a_Week_(film)
https://en.wikipedia.org/wiki/Eight_Deadly_Shots
https://en.wikipedia.org/wiki/Eight_Iron_Men
https://en.wikipedia.org/wiki/Eight_Legged_Freaks
https://en.wikipedia.org/wiki/Eight_Men_Out
https://en.wikipedia.org/wiki/Eight_Thousand_Li_of_Cloud_and_Moon_(film)
https://en.wikipedia.org/wiki/Eight_for_Silver
https://en.wikipedia.org/wiki/Eighth_Grade_(film)
https://en.wikipedia.org/wiki/Eijanaika_(film)
https://en.wikipedia.org/wiki/Einstein_(film)
https://en.wikipedia.org/wiki/Einstein_and_Eddington
https://en.wikipedia.org/wiki/Ejecta_(film)
https://en.wikipedia.org/wiki/Ejen_Ali:_The_Movie
https://en.wikipedia.org/wiki/Ek_Aur_Ek_Gyarah
https://en.wikipedia.org/wiki/Ek_Chhotisi_Love_Story
https://en.wikipedia.org/wiki/Ek_Deewana_Tha
https://en.wikipedia.org/wiki/Ek_Khiladi_Ek_Haseena_(film)
https://en.wikipedia.org/wiki/Ek_Ladka_Ek_Ladki
https://en.wikipedia.org/wiki/Ek_Ladki_Ko_Dekha_Toh_Aisa_Laga
https://en.wikipedia.org/wiki/Ek_Tha_Tiger
https://en.wikipedia.org/wiki/Ek_Thi_Daayan
https://en.wikipedia.org/wiki/Ek_Villain
https://en.wikipedia.org/wiki/Eko_Eko_Azarak:_Wizard_of_Darkness
https://en.wikipedia.org/wiki/El_mago_de_los_sue%C3%B1os
https://en.wikipedia.org/wiki/Elanne_Starlight
https://en.wikipedia.org/wiki/Election_(1999_film)
https://en.wikipedia.org/wiki/Election_(2005_film)
https://en.wikipedia.org/wiki/Election_2
https://en.wikipedia.org/wiki/Electra,_My_Love
https://en.wikipedia.org/wiki/Electra_(1962_film)
https://en.wikipedia.org/wiki/Electra_Glide_in_Blue
https://en.wikipedia.org/wiki/Electric_Dragon_80.000_V
https://en.wikipedia.org/wiki/Electric_Dreams_(film)
https://en.wikipedia.org/wiki/Electric_Shadows
https://en.wikipedia.org/wiki/Electronic_Labyrinth:_THX_1138_4EB
https://en.wikipedia.org/wiki/Elegy_(film)
https://en.wikipedia.org/wiki/Elektra_(2005_film)
https://en.wikipedia.org/wiki/Elektra_(2010_film)
https://en.wikipedia.org/wiki/Elektra_Luxx
https://en.wikipedia.org/wiki/Elemental_(2023_film)
https://en.wikipedia.org/wiki/Elena_(2011_film)
https://en.wikipedia.org/wiki/Elena_(2012_film)
https://en.wikipedia.org/wiki/Elena_and_Her_Men
https://en.wikipedia.org/wiki/Elephant_(1989_film)
https://en.wikipedia.org/wiki/Elephant_(1993_film)
https://en.wikipedia.org/wiki/Elephant_(2003_film)
https://en.wikipedia.org/wiki/Elephant_(2019_film)
https://en.wikipedia.org/wiki/Elephant_(2020_film)
https://en.wikipedia.org/wiki/Elephant_Boy_(film)
https://en.wikipedia.org/wiki/Elephant_Song_(film)
https://en.wikipedia.org/wiki/Elephant_Walk
https://en.wikipedia.org/wiki/Elevated_(film)
https://en.wikipedia.org/wiki/Elevator_to_the_Gallows
https://en.wikipedia.org/wiki/Eleven_Men_Out
https://en.wikipedia.org/wiki/Eleven_Years_and_One_Day
https://en.wikipedia.org/wiki/Elf_(film)
https://en.wikipedia.org/wiki/Elf_Bowling#Film_adaptation
https://en.wikipedia.org/wiki/Elfie_Hopkins
https://en.wikipedia.org/wiki/Eli_(2015_film)
https://en.wikipedia.org/wiki/Eli_(2019_film)
https://en.wikipedia.org/wiki/Elisa,_vida_m%C3%ADa
https://en.wikipedia.org/wiki/Elite_Squad
https://en.wikipedia.org/wiki/Elite_Squad:_The_Enemy_Within
https://en.wikipedia.org/wiki/Elizabeth:_The_Golden_Age
https://en.wikipedia.org/wiki/Elizabeth_(film)
https://en.wikipedia.org/wiki/Elizabeth_Harvest
https://en.wikipedia.org/wiki/Elizabethan_Express
https://en.wikipedia.org/wiki/Elizabethtown_(film)
https://en.wikipedia.org/wiki/Ella,_%C3%A9l_y_sus_millones
https://en.wikipedia.org/wiki/Ella_Enchanted_(film)
https://en.wikipedia.org/wiki/Elle_(film)
https://en.wikipedia.org/wiki/Elles_(film)
https://en.wikipedia.org/wiki/Ellie_(film)
https://en.wikipedia.org/wiki/Elling
https://en.wikipedia.org/wiki/Ellis_Island_(1936_film)
https://en.wikipedia.org/wiki/Ellos_nos_hicieron_as%C3%AD
https://en.wikipedia.org/wiki/Elmer%27s_Candid_Camera
https://en.wikipedia.org/wiki/Elmer%27s_Pet_Rabbit
https://en.wikipedia.org/wiki/Elmer,_the_Great
https://en.wikipedia.org/wiki/Elmer_Gantry_(film)
https://en.wikipedia.org/wiki/Eloy_(film)
https://en.wikipedia.org/wiki/Elsa_y_Fred
https://en.wikipedia.org/wiki/Elsewhere_(2001_film)
https://en.wikipedia.org/wiki/Elsewhere_(2009_film)
https://en.wikipedia.org/wiki/Elsewhere_(2019_film)
https://en.wikipedia.org/wiki/Elstree_1976
https://en.wikipedia.org/wiki/Elves_(film)
https://en.wikipedia.org/wiki/Elvira%27s_Haunted_Hills
https://en.wikipedia.org/wiki/Elvira,_Mistress_of_the_Dark
https://en.wikipedia.org/wiki/Elvira_Fern%C3%A1ndez,_vendedora_de_tiendas
https://en.wikipedia.org/wiki/Elvis:_That%27s_the_Way_it_Is
https://en.wikipedia.org/wiki/Elvis_(1979_film)
https://en.wikipedia.org/wiki/Elvis_(2022_film)
https://en.wikipedia.org/wiki/Elvis_Has_Left_the_Building
https://en.wikipedia.org/wiki/Elvis_and_Anabelle
https://en.wikipedia.org/wiki/Elysium_(film)
https://en.wikipedia.org/wiki/Em_Busca_de_Iara
https://en.wikipedia.org/wiki/Em_C%C3%A2mara_Lenta
https://en.wikipedia.org/wiki/Em_Magan
https://en.wikipedia.org/wiki/Ema_(film)
https://en.wikipedia.org/wiki/Ema_Nudar_Umanu
https://en.wikipedia.org/wiki/Emancipation_(2011_film)
https://en.wikipedia.org/wiki/Emancipation_(2022_film)
https://en.wikipedia.org/wiki/Emanuelle%27s_Revenge
https://en.wikipedia.org/wiki/Emanuelle_Around_the_World
https://en.wikipedia.org/wiki/Emanuelle_and_the_Last_Cannibals
https://en.wikipedia.org/wiki/Emanuelle_and_the_White_Slave_Trade
https://en.wikipedia.org/wiki/Emanuelle_in_America
https://en.wikipedia.org/wiki/Embargo_(film)
https://en.wikipedia.org/wiki/Embarrassing_Moments_(1930_film)
https://en.wikipedia.org/wiki/Embarrassing_Moments_(1934_film)
https://en.wikipedia.org/wiki/Embassy_(film)
https://en.wikipedia.org/wiki/Embattled_(film)
https://en.wikipedia.org/wiki/Embedded_(film)
https://en.wikipedia.org/wiki/Ember_(film)
https://en.wikipedia.org/wiki/Embers_(1916_film)
https://en.wikipedia.org/wiki/Embers_(2015_film)
https://en.wikipedia.org/wiki/Embodiment_of_Evil
https://en.wikipedia.org/wiki/Embrace_(film)
https://en.wikipedia.org/wiki/Embrace_Again
https://en.wikipedia.org/wiki/Embrace_of_the_Serpent
https://en.wikipedia.org/wiki/Embrace_of_the_Vampire
https://en.wikipedia.org/wiki/Embrace_of_the_Vampire_(2013_film)
https://en.wikipedia.org/wiki/Embraceable_You_(film)
https://en.wikipedia.org/wiki/Embrujada
https://en.wikipedia.org/wiki/Embrujo_antillano
https://en.wikipedia.org/wiki/Embrujo_en_Cerros_Blancos
https://en.wikipedia.org/wiki/Embryo_(film)
https://en.wikipedia.org/wiki/Emelie_(film)
https://en.wikipedia.org/wiki/Emerald_City_(film)
https://en.wikipedia.org/wiki/Emerald_of_the_East
https://en.wikipedia.org/wiki/Emergency_(1962_film)
https://en.wikipedia.org/wiki/Emergency_Act_19
https://en.wikipedia.org/wiki/Emergency_Call_(1933_film)
https://en.wikipedia.org/wiki/Emergency_Call_(1952_film)
https://en.wikipedia.org/wiki/Emergency_Declaration_(film)
https://en.wikipedia.org/wiki/Emergency_Landing_(1941_film)
https://en.wikipedia.org/wiki/Emergency_Landing_(1952_film)
https://en.wikipedia.org/wiki/Emergency_Squad_(1940_film)
https://en.wikipedia.org/wiki/Emergency_Squad_(1974_film)
https://en.wikipedia.org/wiki/Emergency_Ward_(film)
https://en.wikipedia.org/wiki/Emergency_Wedding
https://en.wikipedia.org/wiki/Emerging_(film)
https://en.wikipedia.org/wiki/Emil_and_the_Detectives_(1931_film)
https://en.wikipedia.org/wiki/Emil_and_the_Detectives_(1935_film)
https://en.wikipedia.org/wiki/Emil_and_the_Detectives_(1954_film)
https://en.wikipedia.org/wiki/Emil_and_the_Detectives_(1964_film)
https://en.wikipedia.org/wiki/Emil_and_the_Detectives_(2001_film)
https://en.wikipedia.org/wiki/Emil_and_the_Piglet
https://en.wikipedia.org/wiki/Emil_i_L%C3%B6nneberga_(film)
https://en.wikipedia.org/wiki/Emile%27s_Boat
https://en.wikipedia.org/wiki/Emile_(film)
https://en.wikipedia.org/wiki/Emile_the_African
https://en.wikipedia.org/wiki/Emilia_Galotti_(film)
https://en.wikipedia.org/wiki/Emiliano_Zapata_(film)
https://en.wikipedia.org/wiki/Emilie_H%C3%B6gquist_(film)
https://en.wikipedia.org/wiki/Emilio_(film)
https://en.wikipedia.org/wiki/Emily_%26_Tim
https://en.wikipedia.org/wiki/Emily_(1976_film)
https://en.wikipedia.org/wiki/Emily_(2022_film)
https://en.wikipedia.org/wiki/Emily_Bront%C3%AB%27s_Wuthering_Heights
https://en.wikipedia.org/wiki/Emily_the_Criminal
https://en.wikipedia.org/wiki/Eminence_Hill
https://en.wikipedia.org/wiki/Eminent_Domain_(film)
https://en.wikipedia.org/wiki/Emir_(film)
https://en.wikipedia.org/wiki/Emiti_Bi_Prema_Hue
https://en.wikipedia.org/wiki/Emma_(1932_film)
https://en.wikipedia.org/wiki/Emma_(1972_TV_serial)
https://en.wikipedia.org/wiki/Emma_(1996_TV_film)
https://en.wikipedia.org/wiki/Emma_(1996_theatrical_film)
https://en.wikipedia.org/wiki/Emmanuelle_(1974_film)
https://en.wikipedia.org/wiki/Emmanuelle_2
https://en.wikipedia.org/wiki/Emmet_Otter%27s_Jug-Band_Christmas
https://en.wikipedia.org/wiki/Emotional_Backgammon
https://en.wikipedia.org/wiki/Emperor_(2012_film)
https://en.wikipedia.org/wiki/Emperor_(2020_film)
https://en.wikipedia.org/wiki/Emperor_of_the_North_Pole
https://en.wikipedia.org/wiki/Empire_(1964_film)
https://en.wikipedia.org/wiki/Empire_(1986_film)
https://en.wikipedia.org/wiki/Empire_(2002_film)
https://en.wikipedia.org/wiki/Empire_(2005_TV_series)
https://en.wikipedia.org/wiki/Empire_Falls_(miniseries)
https://en.wikipedia.org/wiki/Empire_Records
https://en.wikipedia.org/wiki/Empire_State_(1987_film)
https://en.wikipedia.org/wiki/Empire_State_(2013_film)
https://en.wikipedia.org/wiki/Empire_of_Light_(film)
https://en.wikipedia.org/wiki/Empire_of_Passion
https://en.wikipedia.org/wiki/Empire_of_the_Ants_(film)
https://en.wikipedia.org/wiki/Empire_of_the_Sun_(film)
https://en.wikipedia.org/wiki/Employee_of_the_Month_(2004_film)
https://en.wikipedia.org/wiki/Employee_of_the_Month_(2006_film)
https://en.wikipedia.org/wiki/Empress_Chung
https://en.wikipedia.org/wiki/En_6_Vaathiyaar_Kaalpanthatta_Kuzhu
https://en.wikipedia.org/wiki/En_Aaloda_Seruppa_Kaanom
https://en.wikipedia.org/wiki/En_Aasai_Machan
https://en.wikipedia.org/wiki/En_Aasai_Rasave
https://en.wikipedia.org/wiki/En_Aasai_Thangachi
https://en.wikipedia.org/wiki/En_Aasai_Unnoduthan
https://en.wikipedia.org/wiki/En_Annan
https://en.wikipedia.org/wiki/En_Bommukutty_Ammavukku
https://en.wikipedia.org/wiki/En_Route_(film)
https://en.wikipedia.org/wiki/En_carne_viva_(1954_film)
https://en.wikipedia.org/wiki/Enakku_20_Unakku_18
https://en.wikipedia.org/wiki/Encanto
https://en.wikipedia.org/wiki/Enchanted_(film)
https://en.wikipedia.org/wiki/Enchanted_April_(1935_film)
https://en.wikipedia.org/wiki/Enchanted_April_(1991_film)
https://en.wikipedia.org/wiki/Enchanted_Island_(film)
https://en.wikipedia.org/wiki/Enchanted_Journey
https://en.wikipedia.org/wiki/Enchanted_Walk
https://en.wikipedia.org/wiki/Enchantment_(1921_film)
https://en.wikipedia.org/wiki/Enchantment_(1948_film)
https://en.wikipedia.org/wiki/Encino_Man
https://en.wikipedia.org/wiki/Enclave_(film)
https://en.wikipedia.org/wiki/Enclosure_(film)
https://en.wikipedia.org/wiki/Encore,_Once_More_Encore!
https://en.wikipedia.org/wiki/Encore_(1951_film)
https://en.wikipedia.org/wiki/Encore_(1996_film)
https://en.wikipedia.org/wiki/Encore_heureux
https://en.wikipedia.org/wiki/Encounter_(2013_film)
https://en.wikipedia.org/wiki/Encounter_(2018_film)
https://en.wikipedia.org/wiki/Encounter_(2021_film)
https://en.wikipedia.org/wiki/Encounter_at_the_Elbe
https://en.wikipedia.org/wiki/Encounter_in_Salzburg
https://en.wikipedia.org/wiki/Encounter_in_the_Air
https://en.wikipedia.org/wiki/Encounter_with_Werther
https://en.wikipedia.org/wiki/Encounter_with_the_Unknown
https://en.wikipedia.org/wiki/Encounters_at_the_End_of_the_World
https://en.wikipedia.org/wiki/Encounters_in_the_Deep
https://en.wikipedia.org/wiki/Encounters_of_the_Spooky_Kind
https://en.wikipedia.org/wiki/Encounters_of_the_Spooky_Kind_II
https://en.wikipedia.org/wiki/Encrypt_(film)
https://en.wikipedia.org/wiki/End_Play
https://en.wikipedia.org/wiki/End_of_Days_(film)
https://en.wikipedia.org/wiki/End_of_Watch
https://en.wikipedia.org/wiki/End_of_a_Priest
https://en.wikipedia.org/wiki/End_of_an_Era_(film)
https://en.wikipedia.org/wiki/End_of_the_Century_(film)
https://en.wikipedia.org/wiki/End_of_the_Line_(1987_film)
https://en.wikipedia.org/wiki/End_of_the_Line_(2007_film)
https://en.wikipedia.org/wiki/End_of_the_Road_(1970_film)
https://en.wikipedia.org/wiki/End_of_the_Spear
https://en.wikipedia.org/wiki/End_of_the_World_(1931_film)
https://en.wikipedia.org/wiki/End_of_the_World_(1977_film)
https://en.wikipedia.org/wiki/Ender%27s_Game_(film)
https://en.wikipedia.org/wiki/Endgame_(1983_film)
https://en.wikipedia.org/wiki/Endgame_(short_film)
https://en.wikipedia.org/wiki/Endhiran
https://en.wikipedia.org/wiki/Endless_Desire
https://en.wikipedia.org/wiki/Endless_Love_(1981_film)
https://en.wikipedia.org/wiki/Endless_Love_(2014_American_film)
https://en.wikipedia.org/wiki/Endless_Love_(2014_Burmese_film)
https://en.wikipedia.org/wiki/Endless_Night_(1972_film)
https://en.wikipedia.org/wiki/Endless_Night_(2015_film)
https://en.wikipedia.org/wiki/Endless_Nights_in_Aurora
https://en.wikipedia.org/wiki/Endless_Poetry
https://en.wikipedia.org/wiki/Enduring_Love_(film)
https://en.wikipedia.org/wiki/Enemies,_a_Love_Story_(film)
https://en.wikipedia.org/wiki/Enemy_(1990_film)
https://en.wikipedia.org/wiki/Enemy_(2013_film)
https://en.wikipedia.org/wiki/Enemy_(2021_film)
https://en.wikipedia.org/wiki/Enemy_Mine_(film)
https://en.wikipedia.org/wiki/Enemy_at_the_Gates
https://en.wikipedia.org/wiki/Enemy_of_the_State_(film)
https://en.wikipedia.org/wiki/Enforcement_(film)
https://en.wikipedia.org/wiki/Enforcer_from_Death_Row
https://en.wikipedia.org/wiki/Engel_%26_Joe
https://en.wikipedia.org/wiki/England_Is_Mine
https://en.wikipedia.org/wiki/Enigma_(1982_film)
https://en.wikipedia.org/wiki/Enigma_(2001_film)
https://en.wikipedia.org/wiki/Enigma_(2009_film)
https://en.wikipedia.org/wiki/Enlightenment_Guaranteed
https://en.wikipedia.org/wiki/Ennavale
https://en.wikipedia.org/wiki/Enola_Holmes_(film)
https://en.wikipedia.org/wiki/Enola_Holmes_2
https://en.wikipedia.org/wiki/Enough_(film)
https://en.wikipedia.org/wiki/Enough_Said_(film)
https://en.wikipedia.org/wiki/Enron:_The_Smartest_Guys_in_the_Room
https://en.wikipedia.org/wiki/Ensign_Pulver
https://en.wikipedia.org/wiki/Enter_Ars%C3%A8ne_Lupin
https://en.wikipedia.org/wiki/Enter_the_Dragon
https://en.wikipedia.org/wiki/Enter_the_Ninja
https://en.wikipedia.org/wiki/Enter_the_Phoenix
https://en.wikipedia.org/wiki/Enter_the_Void
https://en.wikipedia.org/wiki/Entha_Manchivaadavuraa
https://en.wikipedia.org/wiki/Entourage_(film)
https://en.wikipedia.org/wiki/Entr%27acte_(film)
https://en.wikipedia.org/wiki/Entrapment_(film)
https://en.wikipedia.org/wiki/Entre_Nous_(film)
https://en.wikipedia.org/wiki/Envy_(2004_film)
https://en.wikipedia.org/wiki/Envy_(2009_film)
https://en.wikipedia.org/wiki/Ephraim%27s_Rescue
https://en.wikipedia.org/wiki/Epic_(1984_film)
https://en.wikipedia.org/wiki/Epic_(2013_film)
https://en.wikipedia.org/wiki/Epic_Movie
https://en.wikipedia.org/wiki/Epicentro
https://en.wikipedia.org/wiki/Epidemic_(film)
https://en.wikipedia.org/wiki/Epifanio_Ang_Bilas_Ko:_NB-Eye
https://en.wikipedia.org/wiki/Epilogue_(film)
https://en.wikipedia.org/wiki/Episode_(film)
https://en.wikipedia.org/wiki/Epitome_(film)
https://en.wikipedia.org/wiki/Epoch_(film)
https://en.wikipedia.org/wiki/Equalizer_2000
https://en.wikipedia.org/wiki/Equilibrium_(film)
https://en.wikipedia.org/wiki/Equinox_(1970_film)
https://en.wikipedia.org/wiki/Equinox_(1986_film)
https://en.wikipedia.org/wiki/Equinox_(1992_film)
https://en.wikipedia.org/wiki/Equinox_Flower
https://en.wikipedia.org/wiki/Equus_(film)
https://en.wikipedia.org/wiki/Er_Conde_Jones
https://en.wikipedia.org/wiki/Er_Dong
https://en.wikipedia.org/wiki/Era_lui..._s%C3%AC!_s%C3%AC!
https://en.wikipedia.org/wiki/Eradane_Maduve
https://en.wikipedia.org/wiki/Eradane_Sala
https://en.wikipedia.org/wiki/Eradondla_Mooru
https://en.wikipedia.org/wiki/Eradu_Mukha
https://en.wikipedia.org/wiki/Eradu_Nakshatragalu
https://en.wikipedia.org/wiki/Eradu_Rekhegalu
https://en.wikipedia.org/wiki/Eragon_(film)
https://en.wikipedia.org/wiki/Erase_and_Forget
https://en.wikipedia.org/wiki/Erased_(2012_film)
https://en.wikipedia.org/wiki/Erased_(2016_film)
https://en.wikipedia.org/wiki/Erased_(2018_film)
https://en.wikipedia.org/wiki/Eraser:_Reborn
https://en.wikipedia.org/wiki/Eraser_(film)
https://en.wikipedia.org/wiki/Eraser_Wars
https://en.wikipedia.org/wiki/Eraserhead
https://en.wikipedia.org/wiki/Eregla_Panodchi
https://en.wikipedia.org/wiki/Eric,_Ernie_and_Me
https://en.wikipedia.org/wiki/Eric_and_Ernie
https://en.wikipedia.org/wiki/Erida_(film)
https://en.wikipedia.org/wiki/Erik_the_Viking
https://en.wikipedia.org/wiki/Erin_Brockovich_(film)
https://en.wikipedia.org/wiki/Ermo
https://en.wikipedia.org/wiki/Ernakulam_Junction_(film)
https://en.wikipedia.org/wiki/Ernest_%26_Celestine
https://en.wikipedia.org/wiki/Ernest_%26_Celestine:_A_Trip_to_Gibberitia
https://en.wikipedia.org/wiki/Ernest_Goes_to_Africa
https://en.wikipedia.org/wiki/Ernest_Goes_to_Camp
https://en.wikipedia.org/wiki/Ernest_Goes_to_Jail
https://en.wikipedia.org/wiki/Ernest_Goes_to_School
https://en.wikipedia.org/wiki/Ernest_P._Worrell
https://en.wikipedia.org/wiki/Ernest_Rides_Again
https://en.wikipedia.org/wiki/Ernest_Saves_Christmas
https://en.wikipedia.org/wiki/Ernest_Scared_Stupid
https://en.wikipedia.org/wiki/Ernest_in_the_Army
https://en.wikipedia.org/wiki/Ernst_Th%C3%A4lmann_(film)
https://en.wikipedia.org/wiki/Eroica_(1949_film)
https://en.wikipedia.org/wiki/Eroica_(1958_film)
https://en.wikipedia.org/wiki/Eroica_(2003_film)
https://en.wikipedia.org/wiki/Eros,_o_Deus_do_Amor
https://en.wikipedia.org/wiki/Eros_(film)
https://en.wikipedia.org/wiki/Erotic_Ghost_Story
https://en.wikipedia.org/wiki/Erotic_Inferno
https://en.wikipedia.org/wiki/Erotic_Liaisons
https://en.wikipedia.org/wiki/Erotic_Nights_of_the_Living_Dead
https://en.wikipedia.org/wiki/Erotica:_A_Journey_Into_Female_Sexuality
https://en.wikipedia.org/wiki/Erotique
https://en.wikipedia.org/wiki/Erra_Bus
https://en.wikipedia.org/wiki/Erra_Mallelu
https://en.wikipedia.org/wiki/Erra_Sainyam
https://en.wikipedia.org/wiki/Errant_Husbands
https://en.wikipedia.org/wiki/Errementari
https://en.wikipedia.org/wiki/Errors_of_Youth
https://en.wikipedia.org/wiki/Errors_of_the_Human_Body
https://en.wikipedia.org/wiki/Es_geschah_am_hellichten_Tag
https://en.wikipedia.org/wiki/Escaflowne_(film)
https://en.wikipedia.org/wiki/Escanaba_in_da_Moonlight
https://en.wikipedia.org/wiki/Escape_(1928_film)
https://en.wikipedia.org/wiki/Escape_(1930_film)
https://en.wikipedia.org/wiki/Escape_(1940_film)
https://en.wikipedia.org/wiki/Escape_(1948_film)
https://en.wikipedia.org/wiki/Escape_(2005_film)
https://en.wikipedia.org/wiki/Escape_(2012_American_film)
https://en.wikipedia.org/wiki/Escape_(2012_Norwegian_film)
https://en.wikipedia.org/wiki/Escape_Me_Never_(1935_film)
https://en.wikipedia.org/wiki/Escape_Me_Never_(1947_film)
https://en.wikipedia.org/wiki/Escape_Plan:_The_Extractors
https://en.wikipedia.org/wiki/Escape_Plan_(film)
https://en.wikipedia.org/wiki/Escape_Plan_(film_series)
https://en.wikipedia.org/wiki/Escape_Plan_2:_Hades
https://en.wikipedia.org/wiki/Escape_Room:_Tournament_of_Champions
https://en.wikipedia.org/wiki/Escape_Room_(2019_film)
https://en.wikipedia.org/wiki/Escape_at_Dawn
https://en.wikipedia.org/wiki/Escape_from_Alcatraz_(film)
https://en.wikipedia.org/wiki/Escape_from_Fort_Bravo
https://en.wikipedia.org/wiki/Escape_from_Hong_Kong_Island
https://en.wikipedia.org/wiki/Escape_from_L.A.
https://en.wikipedia.org/wiki/Escape_from_Mars
https://en.wikipedia.org/wiki/Escape_from_Mogadishu
https://en.wikipedia.org/wiki/Escape_from_New_York
https://en.wikipedia.org/wiki/Escape_from_Planet_Earth
https://en.wikipedia.org/wiki/Escape_from_Sobibor
https://en.wikipedia.org/wiki/Escape_from_Suburbia
https://en.wikipedia.org/wiki/Escape_from_Zahrain
https://en.wikipedia.org/wiki/Escape_from_the_%27Liberty%27_Cinema
https://en.wikipedia.org/wiki/Escape_from_the_Bronx
https://en.wikipedia.org/wiki/Escape_from_the_Planet_of_the_Apes
https://en.wikipedia.org/wiki/Escape_to_Victory
https://en.wikipedia.org/wiki/Escape_to_Witch_Mountain_(1975_film)
https://en.wikipedia.org/wiki/Escape_to_Witch_Mountain_(1995_film)
https://en.wikipedia.org/wiki/Eskimo_Artist:_Kenojuak
https://en.wikipedia.org/wiki/Eskimo_Nell_(film)
https://en.wikipedia.org/wiki/Esme,_My_Love
https://en.wikipedia.org/wiki/Esmeralda_(1905_film)
https://en.wikipedia.org/wiki/Esmeralda_(1915_film)
https://en.wikipedia.org/wiki/Esmeralda_(1922_film)
https://en.wikipedia.org/wiki/Esper_Mami
https://en.wikipedia.org/wiki/Essex_Boys
https://en.wikipedia.org/wiki/Est_-_Ouest
https://en.wikipedia.org/wiki/Estate_Violenta
https://en.wikipedia.org/wiki/Esther_(1916_film)
https://en.wikipedia.org/wiki/Esther_(1986_film)
https://en.wikipedia.org/wiki/Esther_(1999_film)
https://en.wikipedia.org/wiki/Esther_Waters_(film)
https://en.wikipedia.org/wiki/Esther_and_the_King
https://en.wikipedia.org/wiki/Estranged_(film)
https://en.wikipedia.org/wiki/Et_%C3%B8ye_p%C3%A5_hver_finger
https://en.wikipedia.org/wiki/Eterna_(film)
https://en.wikipedia.org/wiki/Eternal_(film)
https://en.wikipedia.org/wiki/Eternal_Beauty
https://en.wikipedia.org/wiki/Eternal_Blood
https://en.wikipedia.org/wiki/Eternal_Love_(1917_film)
https://en.wikipedia.org/wiki/Eternal_Love_(1929_film)
https://en.wikipedia.org/wiki/Eternal_Moment
https://en.wikipedia.org/wiki/Eternal_Mother_(2017_film)
https://en.wikipedia.org/wiki/Eternal_Spring_(film)
https://en.wikipedia.org/wiki/Eternal_Summer_(2006_film)
https://en.wikipedia.org/wiki/Eternal_Summer_(2015_film)
https://en.wikipedia.org/wiki/Eternal_Sunshine_of_the_Spotless_Mind
https://en.wikipedia.org/wiki/Eternal_Winter
https://en.wikipedia.org/wiki/Eternally_Yours_(film)
https://en.wikipedia.org/wiki/Eternals_(film)
https://en.wikipedia.org/wiki/Eternity:_The_Movie
https://en.wikipedia.org/wiki/Eternity_and_a_Day
https://en.wikipedia.org/wiki/Ethir_Kaatru
https://en.wikipedia.org/wiki/Ethir_Neechal_(2013_film)
https://en.wikipedia.org/wiki/Ethiraalikal
https://en.wikipedia.org/wiki/Ethirigal_Jakkirathai
https://en.wikipedia.org/wiki/Ethirkalam
https://en.wikipedia.org/wiki/Ethiroli
https://en.wikipedia.org/wiki/Ethirppukal
https://en.wikipedia.org/wiki/Ethirum_Puthirum
https://en.wikipedia.org/wiki/Etho_Oru_Swapnam
https://en.wikipedia.org/wiki/Etho_Seithai_Ennai
https://en.wikipedia.org/wiki/Ethoofaaneerey
https://en.wikipedia.org/wiki/Ethos_(film)
https://en.wikipedia.org/wiki/Eththan
https://en.wikipedia.org/wiki/Ethumai_Methumai
https://en.wikipedia.org/wiki/Etienne!
https://en.wikipedia.org/wiki/Eto_Na_Naman_Ako
https://en.wikipedia.org/wiki/Etoile_(film)
https://en.wikipedia.org/wiki/Eu_N%C3%A3o_Fa%C3%A7o_a_Menor_Ideia_do_que_eu_T%C3%B4_Fazendo_Com_a_Minha_Vida
https://en.wikipedia.org/wiki/Eugenie%E2%80%A6_The_Story_of_Her_Journey_into_Perversion
https://en.wikipedia.org/wiki/Eulogy_(film)
https://en.wikipedia.org/wiki/Eunice_(film)
https://en.wikipedia.org/wiki/Eunuchs_(film)
https://en.wikipedia.org/wiki/Euphoria_(2006_film)
https://en.wikipedia.org/wiki/Euphoria_(2017_film)
https://en.wikipedia.org/wiki/Euphoria_(2018_film)
https://en.wikipedia.org/wiki/Eureka_(1984_film)
https://en.wikipedia.org/wiki/Eureka_(2000_film)
https://en.wikipedia.org/wiki/EuroTrip
https://en.wikipedia.org/wiki/Europa_%2751
https://en.wikipedia.org/wiki/Europa_(1931_film)
https://en.wikipedia.org/wiki/Europa_(1991_film)
https://en.wikipedia.org/wiki/Europa_(2021_film)
https://en.wikipedia.org/wiki/Europa_Europa
https://en.wikipedia.org/wiki/Europa_Report
https://en.wikipedia.org/wiki/Euthanizer
https://en.wikipedia.org/wiki/Eva,_%C2%BFqu%C3%A9_hace_ese_hombre_en_tu_cama%3F
https://en.wikipedia.org/wiki/Eva,_The_Sin
https://en.wikipedia.org/wiki/Eva_%26_Leon
https://en.wikipedia.org/wiki/Eva_(1948_film)
https://en.wikipedia.org/wiki/Eva_(1953_film)
https://en.wikipedia.org/wiki/Eva_(1958_film)
https://en.wikipedia.org/wiki/Eva_(1962_film)
https://en.wikipedia.org/wiki/Eva_(2010_film)
https://en.wikipedia.org/wiki/Eva_(2011_film)
https://en.wikipedia.org/wiki/Eva_(2018_film)
https://en.wikipedia.org/wiki/Eva_Doesn%27t_Sleep
https://en.wikipedia.org/wiki/Eva_Per%C3%B3n:_The_True_Story
https://en.wikipedia.org/wiki/Eva_and_the_Grasshopper
https://en.wikipedia.org/wiki/Eva_from_Argentina
https://en.wikipedia.org/wiki/Eva_in_Silk
https://en.wikipedia.org/wiki/Eva_trop%C3%AD_hlouposti
https://en.wikipedia.org/wiki/Evadaithe_Nakenti
https://en.wikipedia.org/wiki/Evadi_Gola_Vaadidhi
https://en.wikipedia.org/wiki/Evan_Almighty
https://en.wikipedia.org/wiki/Evandi_Aavida_Vachindi
https://en.wikipedia.org/wiki/Evangeline_(1913_film)
https://en.wikipedia.org/wiki/Evangeline_(1919_film)
https://en.wikipedia.org/wiki/Evangeline_(1929_film)
https://en.wikipedia.org/wiki/Evangeline_(2013_film)
https://en.wikipedia.org/wiki/Evangelion:_1.0_You_Are_(Not)_Alone
https://en.wikipedia.org/wiki/Evangelion:_2.0_You_Can_(Not)_Advance
https://en.wikipedia.org/wiki/Evangelion:_3.0%2B1.0_Thrice_Upon_a_Time
https://en.wikipedia.org/wiki/Evangelion:_3.0_You_Can_(Not)_Redo
https://en.wikipedia.org/wiki/Evangelion:_Death_and_Rebirth
https://en.wikipedia.org/wiki/Evano_Oruvan
https://en.wikipedia.org/wiki/Evanukku_Engeyo_Matcham_Irukku
https://en.wikipedia.org/wiki/Evare_Athagadu
https://en.wikipedia.org/wiki/Evargal_Indiyargal
https://en.wikipedia.org/wiki/Evcilik_Oyunu
https://en.wikipedia.org/wiki/Evdokia_(film)
https://en.wikipedia.org/wiki/Eve%27s_Bayou
https://en.wikipedia.org/wiki/Eve%27s_Daughter
https://en.wikipedia.org/wiki/Eve%27s_Daughters
https://en.wikipedia.org/wiki/Eve%27s_Leaves
https://en.wikipedia.org/wiki/Eve%27s_Love_Letters
https://en.wikipedia.org/wiki/Eve%27s_Lover
https://en.wikipedia.org/wiki/Eve%27s_Necklace
https://en.wikipedia.org/wiki/Eve%27s_Secret
https://en.wikipedia.org/wiki/Eve_(1968_film)
https://en.wikipedia.org/wiki/Eve_(2008_film)
https://en.wikipedia.org/wiki/Eve_Knew_Her_Apples
https://en.wikipedia.org/wiki/Eve_and_the_Fire_Horse
https://en.wikipedia.org/wiki/Eve_and_the_Handyman
https://en.wikipedia.org/wiki/Eve_and_the_Serpent
https://en.wikipedia.org/wiki/Eve_in_Exile
https://en.wikipedia.org/wiki/Eve_of_Destruction_(film)
https://en.wikipedia.org/wiki/Evel_Knievel_(1971_film)
https://en.wikipedia.org/wiki/Evel_Knievel_(2004_film)
https://en.wikipedia.org/wiki/Evelyn%27s_Love_Adventures
https://en.wikipedia.org/wiki/Evelyn:_The_Cutest_Evil_Dead_Girl
https://en.wikipedia.org/wiki/Evelyn_(2002_film)
https://en.wikipedia.org/wiki/Even_Angels_Eat_Beans
https://en.wikipedia.org/wiki/Even_As_You_and_I
https://en.wikipedia.org/wiki/Even_Cowgirls_Get_the_Blues_(film)
https://en.wikipedia.org/wiki/Even_Dwarfs_Started_Small
https://en.wikipedia.org/wiki/Even_Hitler_Had_a_Girlfriend
https://en.wikipedia.org/wiki/Even_Lambs_Have_Teeth
https://en.wikipedia.org/wiki/Even_Lovers_Get_the_Blues
https://en.wikipedia.org/wiki/Even_Money_(film)
https://en.wikipedia.org/wiki/Even_Pigeons_Go_to_Heaven
https://en.wikipedia.org/wiki/Even_Though_the_Whole_World_Is_Burning
https://en.wikipedia.org/wiki/Even_When_I_Fall
https://en.wikipedia.org/wiki/Even_as_Eve
https://en.wikipedia.org/wiki/Even_as_IOU
https://en.wikipedia.org/wiki/Even_in_My_Dreams
https://en.wikipedia.org/wiki/Even_the_Clouds_Are_Drifting
https://en.wikipedia.org/wiki/Even_the_Rain
https://en.wikipedia.org/wiki/Evening_%E2%80%93_Night_%E2%80%93_Morning
https://en.wikipedia.org/wiki/Evening_(film)
https://en.wikipedia.org/wiki/Evening_Bell_(film)
https://en.wikipedia.org/wiki/Evening_Bells_(film)
https://en.wikipedia.org/wiki/Evening_Clothes
https://en.wikipedia.org/wiki/Evening_Land
https://en.wikipedia.org/wiki/Evening_Shadows
https://en.wikipedia.org/wiki/Evening_in_Byzantium
https://en.wikipedia.org/wiki/Evening_of_Roses
https://en.wikipedia.org/wiki/Evenings_(film)
https://en.wikipedia.org/wiki/Evenings_for_Sale
https://en.wikipedia.org/wiki/Evensong_(film)
https://en.wikipedia.org/wiki/Event_Horizon_(film)
https://en.wikipedia.org/wiki/Ever_After
https://en.wikipedia.org/wiki/Ever_After_The_Musical
https://en.wikipedia.org/wiki/Ever_Been_to_the_Moon%3F
https://en.wikipedia.org/wiki/Ever_Ready_(film)
https://en.wikipedia.org/wiki/Ever_Since_Eve_(1921_film)
https://en.wikipedia.org/wiki/Ever_Since_Eve_(1934_film)
https://en.wikipedia.org/wiki/Ever_Since_Eve_(1937_film)
https://en.wikipedia.org/wiki/Ever_Since_Venus
https://en.wikipedia.org/wiki/Ever_Since_We_Love
https://en.wikipedia.org/wiki/Ever_in_My_Heart
https://en.wikipedia.org/wiki/Eveready_Harton_in_Buried_Treasure
https://en.wikipedia.org/wiki/Everest_(1998_film)
https://en.wikipedia.org/wiki/Everest_(2015_film)
https://en.wikipedia.org/wiki/Everlasting_Moments
https://en.wikipedia.org/wiki/Everlasting_Regret
https://en.wikipedia.org/wiki/Every_Breath_You_Take_(film)
https://en.wikipedia.org/wiki/Every_Child_(film)
https://en.wikipedia.org/wiki/Every_Day_(2010_film)
https://en.wikipedia.org/wiki/Every_Day_(2018_film)
https://en.wikipedia.org/wiki/Every_Girl_Should_Be_Married
https://en.wikipedia.org/wiki/Every_Little_Step_(film)
https://en.wikipedia.org/wiki/Every_Time_I_Die_(film)
https://en.wikipedia.org/wiki/Every_Which_Way_but_Loose_(film)
https://en.wikipedia.org/wiki/Everybody%27s_All-American_(film)
https://en.wikipedia.org/wiki/Everybody%27s_Famous!
https://en.wikipedia.org/wiki/Everybody%27s_Fine_(2009_film)
https://en.wikipedia.org/wiki/Everybody%27s_Fine_(2016_film)
https://en.wikipedia.org/wiki/Everybody_Has_Secrets
https://en.wikipedia.org/wiki/Everybody_Knows_(film)
https://en.wikipedia.org/wiki/Everybody_Wants_Some!!_(film)
https://en.wikipedia.org/wiki/Everybody_Wins_(1990_film)
https://en.wikipedia.org/wiki/Everybody_in_Our_Family
https://en.wikipedia.org/wiki/Everyday_(film)
https://en.wikipedia.org/wiki/Everyday_(video)
https://en.wikipedia.org/wiki/Everyman%27s_Feast
https://en.wikipedia.org/wiki/Everynight_..._Everynight
https://en.wikipedia.org/wiki/Everyone%27s_Hero
https://en.wikipedia.org/wiki/Everyone_Loves_Mel
https://en.wikipedia.org/wiki/Everyone_Says_I_Love_You
https://en.wikipedia.org/wiki/Everything%27s_Gone_Green_(film)
https://en.wikipedia.org/wiki/Everything_Everywhere_All_at_Once
https://en.wikipedia.org/wiki/Everything_Goes_(film)
https://en.wikipedia.org/wiki/Everything_Is_Illuminated_(film)
https://en.wikipedia.org/wiki/Everything_Must_Go_(film)
https://en.wikipedia.org/wiki/Everything_You_Always_Wanted_to_Know_About_Sex*_(*But_Were_Afraid_to_Ask)_(film)
https://en.wikipedia.org/wiki/Evidam_Swargamanu
https://en.wikipedia.org/wiki/Evidence_(1915_film)
https://en.wikipedia.org/wiki/Evidence_(1922_film)
https://en.wikipedia.org/wiki/Evidence_(1929_film)
https://en.wikipedia.org/wiki/Evidence_(1988_film)
https://en.wikipedia.org/wiki/Evidence_(2012_film)
https://en.wikipedia.org/wiki/Evidence_(2013_film)
https://en.wikipedia.org/wiki/Evil%27s_Evil_Cousin
https://en.wikipedia.org/wiki/Evil:_In_the_Time_of_Heroes
https://en.wikipedia.org/wiki/Evil_(2003_film)
https://en.wikipedia.org/wiki/Evil_(2005_film)
https://en.wikipedia.org/wiki/Evil_Alien_Conquerors
https://en.wikipedia.org/wiki/Evil_Aliens
https://en.wikipedia.org/wiki/Evil_Ambitions
https://en.wikipedia.org/wiki/Evil_Angel_(film)
https://en.wikipedia.org/wiki/Evil_Angels_(film)
https://en.wikipedia.org/wiki/Evil_Bong
https://en.wikipedia.org/wiki/Evil_Bong_2:_King_Bong
https://en.wikipedia.org/wiki/Evil_Bong_3D:_The_Wrath_of_Bong
https://en.wikipedia.org/wiki/Evil_Brain_from_Outer_Space
https://en.wikipedia.org/wiki/Evil_Breed:_The_Legend_of_Samhain
https://en.wikipedia.org/wiki/Evil_Calls:_The_Raven
https://en.wikipedia.org/wiki/Evil_Cat
https://en.wikipedia.org/wiki/Evil_Clutch
https://en.wikipedia.org/wiki/Evil_Dead
https://en.wikipedia.org/wiki/Evil_Dead_(2013_film)
https://en.wikipedia.org/wiki/Evil_Dead_II
https://en.wikipedia.org/wiki/Evil_Dead_Rise
https://en.wikipedia.org/wiki/Evil_Dead_Trap
https://en.wikipedia.org/wiki/Evil_Dead_Trap_3:_Broken_Love_Killer
https://en.wikipedia.org/wiki/Evil_Ed
https://en.wikipedia.org/wiki/Evil_Eye_(2020_film)
https://en.wikipedia.org/wiki/Evil_Eyes
https://en.wikipedia.org/wiki/Evil_Laugh
https://en.wikipedia.org/wiki/Evil_Toons
https://en.wikipedia.org/wiki/Evil_Twin_(film)
https://en.wikipedia.org/wiki/Evil_Under_the_Sun_(1982_film)
https://en.wikipedia.org/wiki/Evilenko
https://en.wikipedia.org/wiki/Evita_(1996_film)
https://en.wikipedia.org/wiki/Evita_(2008_film)
https://en.wikipedia.org/wiki/Evolusi_KL_Drift
https://en.wikipedia.org/wiki/Evolusi_KL_Drift_2
https://en.wikipedia.org/wiki/Evolution%27s_Child
https://en.wikipedia.org/wiki/Evolution_(1971_film)
https://en.wikipedia.org/wiki/Evolution_(2001_film)
https://en.wikipedia.org/wiki/Evolution_(2015_film)
https://en.wikipedia.org/wiki/Evolution_(2021_film)
https://en.wikipedia.org/wiki/Evolution_of_a_Filipino_Family
https://en.wikipedia.org/wiki/Evolver_(film)
https://en.wikipedia.org/wiki/Evrydiki_BA_2O37
https://en.wikipedia.org/wiki/Ewoks:_The_Battle_for_Endor
https://en.wikipedia.org/wiki/Ex-Files
https://en.wikipedia.org/wiki/Ex-Files_2
https://en.wikipedia.org/wiki/Ex_Fighting
https://en.wikipedia.org/wiki/Ex_Libris:_The_New_York_Public_Library
https://en.wikipedia.org/wiki/Ex_Machina_(film)
https://en.wikipedia.org/wiki/Exam_(2003_film)
https://en.wikipedia.org/wiki/Exam_(2009_film)
https://en.wikipedia.org/wiki/Excalibur_(film)
https://en.wikipedia.org/wiki/Excellent_Cadavers_(film)
https://en.wikipedia.org/wiki/Excess_Baggage_(1928_film)
https://en.wikipedia.org/wiki/Excess_Baggage_(1933_film)
https://en.wikipedia.org/wiki/Excess_Baggage_(1997_film)
https://en.wikipedia.org/wiki/Excessive_Force_(film)
https://en.wikipedia.org/wiki/Excessive_Force_II:_Force_on_Force
https://en.wikipedia.org/wiki/Excision_(film)
https://en.wikipedia.org/wiki/Exclusive_(film)
https://en.wikipedia.org/wiki/Excursions_(film)
https://en.wikipedia.org/wiki/Execution_Squad
https://en.wikipedia.org/wiki/Execution_in_Autumn
https://en.wikipedia.org/wiki/Executioners_(film)
https://en.wikipedia.org/wiki/Executioners_from_Shaolin
https://en.wikipedia.org/wiki/Executive_Action_(film)
https://en.wikipedia.org/wiki/Executive_Decision
https://en.wikipedia.org/wiki/Executive_Suite
https://en.wikipedia.org/wiki/Exile_(1917_film)
https://en.wikipedia.org/wiki/Exile_(1994_film)
https://en.wikipedia.org/wiki/Exile_(2012_film)
https://en.wikipedia.org/wiki/Exile_(2016_film)
https://en.wikipedia.org/wiki/Exile_(2020_film)
https://en.wikipedia.org/wiki/Exiled
https://en.wikipedia.org/wiki/Exiled_(2019_film)
https://en.wikipedia.org/wiki/Existenz
https://en.wikipedia.org/wiki/Exit_Through_the_Gift_Shop
https://en.wikipedia.org/wiki/Exit_Wounds
https://en.wikipedia.org/wiki/Exit_to_Eden_(film)
https://en.wikipedia.org/wiki/Exodus:_Gods_and_Kings
https://en.wikipedia.org/wiki/Exodus:_Tales_from_the_Enchanted_Kingdom
https://en.wikipedia.org/wiki/Exodus_(1960_film)
https://en.wikipedia.org/wiki/Exodus_(2007_British_film)
https://en.wikipedia.org/wiki/Exodus_(2007_Hong_Kong_film)
https://en.wikipedia.org/wiki/Exodus_(2015_film)
https://en.wikipedia.org/wiki/Exodus_(2020_film)
https://en.wikipedia.org/wiki/Exorcist:_The_Beginning
https://en.wikipedia.org/wiki/Exorcist_II:_The_Heretic
https://en.wikipedia.org/wiki/Exotica_(film)
https://en.wikipedia.org/wiki/Expedition:_Bismarck
https://en.wikipedia.org/wiki/Expelled:_No_Intelligence_Allowed
https://en.wikipedia.org/wiki/Expend4bles
https://en.wikipedia.org/wiki/Experiment_Perilous
https://en.wikipedia.org/wiki/Experiment_in_Terror
https://en.wikipedia.org/wiki/Experiments_in_the_Revival_of_Organisms
https://en.wikipedia.org/wiki/Explorers_(film)
https://en.wikipedia.org/wiki/Expon%C3%A1t_roku_1827
https://en.wikipedia.org/wiki/Exporting_Raymond
https://en.wikipedia.org/wiki/Expresso_Bongo_(film)
https://en.wikipedia.org/wiki/Exterminator_2
https://en.wikipedia.org/wiki/Extinct_(film)
https://en.wikipedia.org/wiki/Extra_Ordinary_(film)
https://en.wikipedia.org/wiki/Extra_Terrestrial_Visitors
https://en.wikipedia.org/wiki/Extract_(film)
https://en.wikipedia.org/wiki/Extraction_(2015_film)
https://en.wikipedia.org/wiki/Extraction_(2020_film)
https://en.wikipedia.org/wiki/Extraction_2
https://en.wikipedia.org/wiki/Extraordinary_Measures_(film)
https://en.wikipedia.org/wiki/Extraordinary_Mission
https://en.wikipedia.org/wiki/Extreme_Measures
https://en.wikipedia.org/wiki/Extreme_Ops
https://en.wikipedia.org/wiki/Extreme_Prejudice_(film)
https://en.wikipedia.org/wiki/Extremely_Loud_and_Incredibly_Close_(film)
https://en.wikipedia.org/wiki/Extremities_(film)
https://en.wikipedia.org/wiki/Eye_for_Eye_(film)
https://en.wikipedia.org/wiki/Eye_for_an_Eye_(1996_film)
https://en.wikipedia.org/wiki/Eye_for_an_Eye_(2008_film)
https://en.wikipedia.org/wiki/Eye_for_an_Eye_(2019_film)
https://en.wikipedia.org/wiki/Eye_in_the_Labyrinth
https://en.wikipedia.org/wiki/Eye_in_the_Sky_(2007_film)
https://en.wikipedia.org/wiki/Eye_in_the_Sky_(2015_film)
https://en.wikipedia.org/wiki/Eye_of_God_(film)
https://en.wikipedia.org/wiki/Eye_of_the_Beast
https://en.wikipedia.org/wiki/Eye_of_the_Beholder_(film)
https://en.wikipedia.org/wiki/Eye_of_the_Cat
https://en.wikipedia.org/wiki/Eye_of_the_Devil
https://en.wikipedia.org/wiki/Eye_of_the_Dolphin
https://en.wikipedia.org/wiki/Eye_of_the_Eagle_(1987_film)
https://en.wikipedia.org/wiki/Eye_of_the_Eagle_2:_Inside_the_Enemy
https://en.wikipedia.org/wiki/Eye_of_the_Hurricane_(1989_film)
https://en.wikipedia.org/wiki/Eye_of_the_Leopard
https://en.wikipedia.org/wiki/Eye_of_the_Needle_(film)
https://en.wikipedia.org/wiki/Eye_of_the_Storm_(1991_film)
https://en.wikipedia.org/wiki/Eye_of_the_Storm_(2015_film)
https://en.wikipedia.org/wiki/Eye_of_the_Tiger_(film)
https://en.wikipedia.org/wiki/Eye_on_Juliet
https://en.wikipedia.org/wiki/Eye_on_the_Ball
https://en.wikipedia.org/wiki/Eyeball_(film)
https://en.wikipedia.org/wiki/Eyelids_(film)
https://en.wikipedia.org/wiki/Eyes_Wide_Open_(film)
https://en.wikipedia.org/wiki/Eyes_Wide_Shut
https://en.wikipedia.org/wiki/Eyes_Without_a_Face_(film)
https://en.wikipedia.org/wiki/Eyes_in_the_Dark
https://en.wikipedia.org/wiki/Eyes_in_the_Night
https://en.wikipedia.org/wiki/Eyes_of_Fire_(film)
https://en.wikipedia.org/wiki/Eyes_of_Laura_Mars
https://en.wikipedia.org/wiki/Eyes_of_Terror
https://en.wikipedia.org/wiki/Eyes_of_a_Stranger_(1981_film)
https://en.wikipedia.org/wiki/Eyewitness_(1981_film)
https://en.wikipedia.org/wiki/Ezra_(2007_film)
https://en.wikipedia.org/wiki/L%27Enfant_(film)
https://en.wikipedia.org/wiki/La_Edad_del_amor
https://en.wikipedia.org/wiki/La_estrategia_del_caracol
https://en.wikipedia.org/wiki/Lemon_Popsicle
https://en.wikipedia.org/wiki/Les_Enfants_Terribles_(film)
https://en.wikipedia.org/wiki/Naked_Childhood
https://en.wikipedia.org/wiki/Rich_and_Strange
https://en.wikipedia.org/wiki/Slam_Dunk_Ernest
https://en.wikipedia.org/wiki/Television_film
https://en.wikipedia.org/wiki/Television_movie
https://en.wikipedia.org/wiki/The_Eagle%27s_Talons
https://en.wikipedia.org/wiki/The_Eagle_(1918_film)
https://en.wikipedia.org/wiki/The_Eagle_(1925_film)
https://en.wikipedia.org/wiki/The_Eagle_(1959_film)
https://en.wikipedia.org/wiki/The_Eagle_(2011_film)
https://en.wikipedia.org/wiki/The_Eagle_Has_Landed_(film)
https://en.wikipedia.org/wiki/The_Eagle_Huntress
https://en.wikipedia.org/wiki/The_Eagle_of_the_Sea
https://en.wikipedia.org/wiki/The_Ear
https://en.wikipedia.org/wiki/The_Earl_of_Chicago
https://en.wikipedia.org/wiki/The_Earrings_of_Madame_de%E2%80%A6
https://en.wikipedia.org/wiki/The_Earth_Is_Blue_as_an_Orange
https://en.wikipedia.org/wiki/The_Earth_Is_a_Sinful_Song
https://en.wikipedia.org/wiki/The_East_(2013_film)
https://en.wikipedia.org/wiki/The_East_(2020_film)
https://en.wikipedia.org/wiki/The_East_Is_Red_(1965_film)
https://en.wikipedia.org/wiki/The_East_Is_Red_(1993_film)
https://en.wikipedia.org/wiki/The_Eavesdropper
https://en.wikipedia.org/wiki/The_Echo_of_Thunder
https://en.wikipedia.org/wiki/The_Eclipse_(2009_film)
https://en.wikipedia.org/wiki/The_Eddy_Duchin_Story
https://en.wikipedia.org/wiki/The_Edge_(1997_film)
https://en.wikipedia.org/wiki/The_Edge_(2010_film)
https://en.wikipedia.org/wiki/The_Edge_of_Heaven_(film)
https://en.wikipedia.org/wiki/The_Edge_of_Love
https://en.wikipedia.org/wiki/The_Education_of_Charlie_Banks
https://en.wikipedia.org/wiki/The_Edukators
https://en.wikipedia.org/wiki/The_Eel_(film)
https://en.wikipedia.org/wiki/The_Eerie_Midnight_Horror_Show
https://en.wikipedia.org/wiki/The_Effect_of_Gamma_Rays_on_Man-in-the-Moon_Marigolds_(film)
https://en.wikipedia.org/wiki/The_Egg_and_I_(film)
https://en.wikipedia.org/wiki/The_Egyptian_(film)
https://en.wikipedia.org/wiki/The_Eiger_Sanction_(film)
https://en.wikipedia.org/wiki/The_Eight_Diagram_Pole_Fighter
https://en.wikipedia.org/wiki/The_Eighth_Day_(1996_film)
https://en.wikipedia.org/wiki/The_Eighth_House
https://en.wikipedia.org/wiki/The_Einstein_Theory_of_Relativity
https://en.wikipedia.org/wiki/The_Electric_Horseman
https://en.wikipedia.org/wiki/The_Electric_Kool-Aid_Acid_Test_(film)
https://en.wikipedia.org/wiki/The_Electrical_Life_of_Louis_Wain
https://en.wikipedia.org/wiki/The_Element_of_Crime
https://en.wikipedia.org/wiki/The_Elephant_Man_(film)
https://en.wikipedia.org/wiki/The_Embalmer_(1965_film)
https://en.wikipedia.org/wiki/The_Embalmer_(2002_film)
https://en.wikipedia.org/wiki/The_Emerald_Forest
https://en.wikipedia.org/wiki/The_Emigrant_(1940_film)
https://en.wikipedia.org/wiki/The_Emigrant_(1994_film)
https://en.wikipedia.org/wiki/The_Emigrants_(film)
https://en.wikipedia.org/wiki/The_Emoji_Movie
https://en.wikipedia.org/wiki/The_Emperor%27s_Club
https://en.wikipedia.org/wiki/The_Emperor%27s_Naked_Army_Marches_On
https://en.wikipedia.org/wiki/The_Emperor%27s_New_Clothes_(1961_film)
https://en.wikipedia.org/wiki/The_Emperor%27s_New_Clothes_(1966_film)
https://en.wikipedia.org/wiki/The_Emperor%27s_New_Clothes_(2001_film)
https://en.wikipedia.org/wiki/The_Emperor%27s_New_Clothes_(2015_film)
https://en.wikipedia.org/wiki/The_Emperor%27s_New_Groove
https://en.wikipedia.org/wiki/The_Emperor%27s_Secret
https://en.wikipedia.org/wiki/The_Emperor%27s_Shadow
https://en.wikipedia.org/wiki/The_Emperor_Jones_(1933_film)
https://en.wikipedia.org/wiki/The_Emperor_Jones_(1955_film)
https://en.wikipedia.org/wiki/The_Emperor_Waltz
https://en.wikipedia.org/wiki/The_Emperor_Waltz_(1953_film)
https://en.wikipedia.org/wiki/The_Emperor_and_the_Assassin
https://en.wikipedia.org/wiki/The_Emperor_and_the_Golem
https://en.wikipedia.org/wiki/The_Emperor_in_August
https://en.wikipedia.org/wiki/The_Empire_Strikes_Back
https://en.wikipedia.org/wiki/The_Empty_Man_(film)
https://en.wikipedia.org/wiki/The_Enchanted_(film)
https://en.wikipedia.org/wiki/The_Enchanted_Barn
https://en.wikipedia.org/wiki/The_Enchanted_Boy
https://en.wikipedia.org/wiki/The_Enchanted_Cottage_(1924_film)
https://en.wikipedia.org/wiki/The_Enchanted_Cottage_(1945_film)
https://en.wikipedia.org/wiki/The_Enchanted_Drawing
https://en.wikipedia.org/wiki/The_Enchanted_Hill
https://en.wikipedia.org/wiki/The_Enchanted_Sedan_Chair
https://en.wikipedia.org/wiki/The_Enchanted_Valley
https://en.wikipedia.org/wiki/The_Enchanted_Well
https://en.wikipedia.org/wiki/The_Enchanting_Enemy
https://en.wikipedia.org/wiki/The_Enchanting_Shadow
https://en.wikipedia.org/wiki/The_End_(1978_film)
https://en.wikipedia.org/wiki/The_End_(1998_film)
https://en.wikipedia.org/wiki/The_End_(2012_film)
https://en.wikipedia.org/wiki/The_End_of_Evangelion
https://en.wikipedia.org/wiki/The_End_of_St._Petersburg
https://en.wikipedia.org/wiki/The_End_of_Suburbia
https://en.wikipedia.org/wiki/The_End_of_Summer
https://en.wikipedia.org/wiki/The_End_of_Violence
https://en.wikipedia.org/wiki/The_End_of_the_Affair_(1955_film)
https://en.wikipedia.org/wiki/The_End_of_the_Affair_(1999_film)
https://en.wikipedia.org/wiki/The_End_of_the_Road_(1919_film)
https://en.wikipedia.org/wiki/The_End_of_the_Road_(1936_film)
https://en.wikipedia.org/wiki/The_End_of_the_Road_(1954_film)
https://en.wikipedia.org/wiki/The_End_of_the_Road_(1976_film)
https://en.wikipedia.org/wiki/The_End_of_the_Tour
https://en.wikipedia.org/wiki/The_End_of_the_World_(1916_film)
https://en.wikipedia.org/wiki/The_End_of_the_World_(1992_film)
https://en.wikipedia.org/wiki/The_End_of_the_World_and_the_Cat%27s_Disappearance
https://en.wikipedia.org/wiki/The_Endless_(film)
https://en.wikipedia.org/wiki/The_Endless_River_(film)
https://en.wikipedia.org/wiki/The_Endless_Summer
https://en.wikipedia.org/wiki/The_Enemy_(1916_film)
https://en.wikipedia.org/wiki/The_Enemy_(1927_film)
https://en.wikipedia.org/wiki/The_Enemy_(1979_film)
https://en.wikipedia.org/wiki/The_Enemy_Below
https://en.wikipedia.org/wiki/The_Enforcer_(1951_film)
https://en.wikipedia.org/wiki/The_Enforcer_(1976_film)
https://en.wikipedia.org/wiki/The_English_Patient_(film)
https://en.wikipedia.org/wiki/The_English_Teacher_(film)
https://en.wikipedia.org/wiki/The_Englishman_who_Went_up_a_Hill_but_Came_down_a_Mountain
https://en.wikipedia.org/wiki/The_Enigma_of_Kaspar_Hauser
https://en.wikipedia.org/wiki/The_Entertainer_(film)
https://en.wikipedia.org/wiki/The_Entity
https://en.wikipedia.org/wiki/The_Epic_of_Everest
https://en.wikipedia.org/wiki/The_Equalizer
https://en.wikipedia.org/wiki/The_Equalizer_(film)
https://en.wikipedia.org/wiki/The_Equalizer_2
https://en.wikipedia.org/wiki/The_Equalizer_3
https://en.wikipedia.org/wiki/The_Equation_of_Love_and_Death
https://en.wikipedia.org/wiki/The_Erection_of_Toribio_Bardelli
https://en.wikipedia.org/wiki/The_Eremites
https://en.wikipedia.org/wiki/The_Ernest_Green_Story
https://en.wikipedia.org/wiki/The_Ernie_Game
https://en.wikipedia.org/wiki/The_Eroticist
https://en.wikipedia.org/wiki/The_Errand_Boy
https://en.wikipedia.org/wiki/The_Errand_of_Angels
https://en.wikipedia.org/wiki/The_Eruption_of_Mount_Pelee
https://en.wikipedia.org/wiki/The_Eruption_of_Mount_St._Helens!
https://en.wikipedia.org/wiki/The_Escape_(1914_film)
https://en.wikipedia.org/wiki/The_Escape_(1926_film)
https://en.wikipedia.org/wiki/The_Escape_(1928_film)
https://en.wikipedia.org/wiki/The_Escape_(1939_film)
https://en.wikipedia.org/wiki/The_Escape_(1944_film)
https://en.wikipedia.org/wiki/The_Escape_(1972_film)
https://en.wikipedia.org/wiki/The_Escape_(1998_film)
https://en.wikipedia.org/wiki/The_Escape_(2009_film)
https://en.wikipedia.org/wiki/The_Escape_(2016_film)
https://en.wikipedia.org/wiki/The_Escape_(2017_film)
https://en.wikipedia.org/wiki/The_Escapist_(2002_film)
https://en.wikipedia.org/wiki/The_Escapist_(2008_film)
https://en.wikipedia.org/wiki/The_Estate_(2020_film)
https://en.wikipedia.org/wiki/The_Eternal_(film)
https://en.wikipedia.org/wiki/The_Eternal_Breasts
https://en.wikipedia.org/wiki/The_Eternal_City_(1915_film)
https://en.wikipedia.org/wiki/The_Eternal_City_(1923_film)
https://en.wikipedia.org/wiki/The_Eternal_City_(2008_film)
https://en.wikipedia.org/wiki/The_Eternal_Daughter
https://en.wikipedia.org/wiki/The_Eternal_Empire
https://en.wikipedia.org/wiki/The_Eternal_Flame_(film)
https://en.wikipedia.org/wiki/The_Eternal_Grind
https://en.wikipedia.org/wiki/The_Eternal_Jew_(film)
https://en.wikipedia.org/wiki/The_Eternal_Magdalene
https://en.wikipedia.org/wiki/The_Eternal_Memory
https://en.wikipedia.org/wiki/The_Eternal_Moment_(film)
https://en.wikipedia.org/wiki/The_Eternal_Question
https://en.wikipedia.org/wiki/The_Eternal_Return_(film)
https://en.wikipedia.org/wiki/The_Eternal_Return_of_Antonis_Paraskevas
https://en.wikipedia.org/wiki/The_Eternal_Road_(film)
https://en.wikipedia.org/wiki/The_Eternal_Sapho
https://en.wikipedia.org/wiki/The_Eternal_Sea
https://en.wikipedia.org/wiki/The_Eternal_Secret
https://en.wikipedia.org/wiki/The_Eternal_Sin
https://en.wikipedia.org/wiki/The_Eternal_Springtime_(film)
https://en.wikipedia.org/wiki/The_Eternal_Temptress
https://en.wikipedia.org/wiki/The_Eternal_Three
https://en.wikipedia.org/wiki/The_Eternal_Waltz
https://en.wikipedia.org/wiki/The_Eternal_Zero_(film)
https://en.wikipedia.org/wiki/The_Evening_Star
https://en.wikipedia.org/wiki/The_Evictors
https://en.wikipedia.org/wiki/The_Evidence_of_the_Film
https://en.wikipedia.org/wiki/The_Evil_Cult
https://en.wikipedia.org/wiki/The_Evil_Dead
https://en.wikipedia.org/wiki/The_Evil_Eye_(1917_film)
https://en.wikipedia.org/wiki/The_Evil_Eye_(1920_serial)
https://en.wikipedia.org/wiki/The_Evil_That_Men_Do_(film)
https://en.wikipedia.org/wiki/The_Evil_Within_(1970_film)
https://en.wikipedia.org/wiki/The_Evil_Within_(2017_film)
https://en.wikipedia.org/wiki/The_Evil_of_Frankenstein
https://en.wikipedia.org/wiki/The_Ex-File_3:_The_Return_of_the_Exes
https://en.wikipedia.org/wiki/The_Ex_(1997_film)
https://en.wikipedia.org/wiki/The_Ex_(2007_film)
https://en.wikipedia.org/wiki/The_Exam_(2006_film)
https://en.wikipedia.org/wiki/The_Exam_(2011_film)
https://en.wikipedia.org/wiki/The_Exception
https://en.wikipedia.org/wiki/The_Exclusive:_Beat_the_Devil%27s_Tattoo
https://en.wikipedia.org/wiki/The_Executioner%27s_Song_(film)
https://en.wikipedia.org/wiki/The_Executioner_(1963_film)
https://en.wikipedia.org/wiki/The_Executioner_(1970_film)
https://en.wikipedia.org/wiki/The_Executioner_(1975_film)
https://en.wikipedia.org/wiki/The_Executioner_(1990_film)
https://en.wikipedia.org/wiki/The_Exile_(1914_film)
https://en.wikipedia.org/wiki/The_Exile_(1922_film)
https://en.wikipedia.org/wiki/The_Exile_(1931_film)
https://en.wikipedia.org/wiki/The_Exile_(1947_film)
https://en.wikipedia.org/wiki/The_Exiles_(1923_film)
https://en.wikipedia.org/wiki/The_Exiles_(1961_film)
https://en.wikipedia.org/wiki/The_Exorcism_of_Emily_Rose
https://en.wikipedia.org/wiki/The_Exorcist:_Believer
https://en.wikipedia.org/wiki/The_Exorcist_(film)
https://en.wikipedia.org/wiki/The_Exorcist_(franchise)
https://en.wikipedia.org/wiki/The_Exorcist_III
https://en.wikipedia.org/wiki/The_Expendables_(1989_film)
https://en.wikipedia.org/wiki/The_Expendables_(2000_film)
https://en.wikipedia.org/wiki/The_Expendables_(2010_film)
https://en.wikipedia.org/wiki/The_Expendables_(franchise)
https://en.wikipedia.org/wiki/The_Expendables_2
https://en.wikipedia.org/wiki/The_Expendables_3
https://en.wikipedia.org/wiki/The_Experiment_(1922_film)
https://en.wikipedia.org/wiki/The_Experiment_(2010_film)
https://en.wikipedia.org/wiki/The_Expert_(1932_film)
https://en.wikipedia.org/wiki/The_Expert_(1995_film)
https://en.wikipedia.org/wiki/The_Experts_(1973_film)
https://en.wikipedia.org/wiki/The_Experts_(1989_film)
https://en.wikipedia.org/wiki/The_Exploits_of_Elaine
https://en.wikipedia.org/wiki/The_Explorer_(film)
https://en.wikipedia.org/wiki/The_Express:_The_Ernie_Davis_Story
https://en.wikipedia.org/wiki/The_Expulsion_(film)
https://en.wikipedia.org/wiki/The_Exterminating_Angel_(film)
https://en.wikipedia.org/wiki/The_Exterminator
https://en.wikipedia.org/wiki/The_Extra_(1962_film)
https://en.wikipedia.org/wiki/The_Extra_(2005_film)
https://en.wikipedia.org/wiki/The_Extra_Man_(film)
https://en.wikipedia.org/wiki/The_Extraordinary_Adventures_of_Ad%C3%A8le_Blanc-Sec_(film)
https://en.wikipedia.org/wiki/The_Extraordinary_Adventures_of_Mr._West_in_the_Land_of_the_Bolsheviks
https://en.wikipedia.org/wiki/The_Extreme_Adventures_of_Super_Dave
https://en.wikipedia.org/wiki/The_Eye_(2002_film)
https://en.wikipedia.org/wiki/The_Eye_(2008_film)
https://en.wikipedia.org/wiki/The_Eye_10
https://en.wikipedia.org/wiki/The_Eye_2
https://en.wikipedia.org/wiki/The_Eye_of_the_Storm_(1970_film)
https://en.wikipedia.org/wiki/The_Eye_of_the_Storm_(2009_film)
https://en.wikipedia.org/wiki/The_Eye_of_the_Storm_(2011_film)
https://en.wikipedia.org/wiki/The_Eyes_of_Annie_Jones
https://en.wikipedia.org/wiki/The_Eyes_of_My_Mother
https://en.wikipedia.org/wiki/The_Eyes_of_Mystery
https://en.wikipedia.org/wiki/The_Eyes_of_Tammy_Faye_(2000_film)
https://en.wikipedia.org/wiki/The_Eyes_of_Tammy_Faye_(2021_film)
https://en.wikipedia.org/wiki/The_Ninth_Configuration
Language counts for https://en.wikipedia.org/wiki/List_of_films:_E:
{'english': 558, 'spanish': 45, 'tamil': 36, 'french': 34, 'silent (english intertitles)': 34, 'japanese': 33, 'german': 32, 'malayalam': 31, 'mandarin': 29, 'telugu': 22}

