https://en.wikipedia.org/wiki/List_of_films:_I
hello
https://en.wikipedia.org/wiki/List_of_films:_I
https://en.wikipedia.org/wiki/Aces:_Iron_Eagle_III
https://en.wikipedia.org/wiki/An_Ideal_Husband_(1935_film)
https://en.wikipedia.org/wiki/An_Ideal_Husband_(1947_film)
https://en.wikipedia.org/wiki/An_Ideal_Husband_(1980_film)
https://en.wikipedia.org/wiki/An_Ideal_Husband_(1999_film)
https://en.wikipedia.org/wiki/An_Ideal_Husband_(2000_film)
https://en.wikipedia.org/wiki/An_Idyll_of_the_Hills
https://en.wikipedia.org/wiki/An_Inconvenient_Sequel:_Truth_to_Power
https://en.wikipedia.org/wiki/An_Inconvenient_Truth
https://en.wikipedia.org/wiki/An_Inn_in_Tokyo
https://en.wikipedia.org/wiki/An_Inspector_Calls_(1954_film)
https://en.wikipedia.org/wiki/An_Inspector_Calls_(2015_Hong_Kong_film)
https://en.wikipedia.org/wiki/An_Inspector_Calls_(2015_TV_film)
https://en.wikipedia.org/wiki/An_Invisible_Sign
https://en.wikipedia.org/wiki/An_Italian_Name
https://en.wikipedia.org/wiki/An_Italian_Romance
https://en.wikipedia.org/wiki/An_Italian_in_America
https://en.wikipedia.org/wiki/An_Itch_in_Time
https://en.wikipedia.org/wiki/Dogme_95
https://en.wikipedia.org/wiki/El_Intruso_(1999_film)
https://en.wikipedia.org/wiki/I%27d_Climb_the_Highest_Mountain
https://en.wikipedia.org/wiki/I%27ll_Always_Know_What_You_Did_Last_Summer
https://en.wikipedia.org/wiki/I%27ll_Be_Home_for_Christmas_(1998_film)
https://en.wikipedia.org/wiki/I%27ll_Be_Seeing_You_(1944_film)
https://en.wikipedia.org/wiki/I%27ll_Cry_Tomorrow
https://en.wikipedia.org/wiki/I%27ll_Do_Anything
https://en.wikipedia.org/wiki/I%27ll_Never_Forget_What%27s_%27Isname
https://en.wikipedia.org/wiki/I%27ll_Never_Heil_Again
https://en.wikipedia.org/wiki/I%27ll_Never_Lose_You
https://en.wikipedia.org/wiki/I%27ll_Remember_April_(1945_film)
https://en.wikipedia.org/wiki/I%27ll_Remember_April_(1999_film)
https://en.wikipedia.org/wiki/I%27ll_See_You_in_My_Dreams_(1951_film)
https://en.wikipedia.org/wiki/I%27ll_See_You_in_My_Dreams_(2003_film)
https://en.wikipedia.org/wiki/I%27ll_Sleep_When_I%27m_Dead_(2003_film)
https://en.wikipedia.org/wiki/I%27m_All_Right_Jack
https://en.wikipedia.org/wiki/I%27m_Bout_It
https://en.wikipedia.org/wiki/I%27m_Dangerous_Tonight
https://en.wikipedia.org/wiki/I%27m_Gonna_Git_You_Sucka
https://en.wikipedia.org/wiki/I%27m_No_Angel
https://en.wikipedia.org/wiki/I%27m_Not_Rappaport_(film)
https://en.wikipedia.org/wiki/I%27m_Not_Scared
https://en.wikipedia.org/wiki/I%27m_Not_There.
https://en.wikipedia.org/wiki/I%27m_So_Excited_(film)
https://en.wikipedia.org/wiki/I%27m_Still_Here_(2010_film)
https://en.wikipedia.org/wiki/I%27m_Thinking_of_Ending_Things
https://en.wikipedia.org/wiki/I%27m_a_Cyborg,_But_That%27s_OK
https://en.wikipedia.org/wiki/I%27ve_Heard_the_Mermaids_Singing
https://en.wikipedia.org/wiki/I%27ve_Loved_You_So_Long
https://en.wikipedia.org/wiki/I,_Anna
https://en.wikipedia.org/wiki/I,_Claudius_(film)
https://en.wikipedia.org/wiki/I,_Daniel_Blake
https://en.wikipedia.org/wiki/I,_Frankenstein
https://en.wikipedia.org/wiki/I,_Madman
https://en.wikipedia.org/wiki/I,_Me_Aur_Main
https://en.wikipedia.org/wiki/I,_Monster
https://en.wikipedia.org/wiki/I,_Robot_(film)
https://en.wikipedia.org/wiki/I,_Tonya
https://en.wikipedia.org/wiki/I,_Zombie
https://en.wikipedia.org/wiki/I,_a_Woman
https://en.wikipedia.org/wiki/I,_the_Jury_(1953_film)
https://en.wikipedia.org/wiki/I,_the_Jury_(1982_film)
https://en.wikipedia.org/wiki/I-San_Special
https://en.wikipedia.org/wiki/I.D._(1995_film)
https://en.wikipedia.org/wiki/I.Q._(film)
https://en.wikipedia.org/wiki/ID4_(film)
https://en.wikipedia.org/wiki/IF_(film)
https://en.wikipedia.org/wiki/IParty_with_Victorious
https://en.wikipedia.org/wiki/IXE-13
https://en.wikipedia.org/wiki/I_Accuse_My_Parents
https://en.wikipedia.org/wiki/I_Am_(2010_American_documentary_film)
https://en.wikipedia.org/wiki/I_Am_(2010_American_drama_film)
https://en.wikipedia.org/wiki/I_Am_(2010_Indian_film)
https://en.wikipedia.org/wiki/I_Am_(2012_film)
https://en.wikipedia.org/wiki/I_Am_All_Girls
https://en.wikipedia.org/wiki/I_Am_Big_Bird:_The_Caroll_Spinney_Story
https://en.wikipedia.org/wiki/I_Am_Cuba
https://en.wikipedia.org/wiki/I_Am_Curious_(Blue)
https://en.wikipedia.org/wiki/I_Am_Curious_(Yellow)
https://en.wikipedia.org/wiki/I_Am_David_(film)
https://en.wikipedia.org/wiki/I_Am_Dina
https://en.wikipedia.org/wiki/I_Am_Greta
https://en.wikipedia.org/wiki/I_Am_Heath_Ledger
https://en.wikipedia.org/wiki/I_Am_Jonas
https://en.wikipedia.org/wiki/I_Am_Josh_Polonski%27s_Brother
https://en.wikipedia.org/wiki/I_Am_Kalam
https://en.wikipedia.org/wiki/I_Am_Legend_(film)
https://en.wikipedia.org/wiki/I_Am_Love_(film)
https://en.wikipedia.org/wiki/I_Am_Michael
https://en.wikipedia.org/wiki/I_Am_Mother
https://en.wikipedia.org/wiki/I_Am_Nezha
https://en.wikipedia.org/wiki/I_Am_Not_Lorena
https://en.wikipedia.org/wiki/I_Am_Not_What_You_Want
https://en.wikipedia.org/wiki/I_Am_Not_a_Hipster
https://en.wikipedia.org/wiki/I_Am_Not_a_Witch
https://en.wikipedia.org/wiki/I_Am_Number_Four_(film)
https://en.wikipedia.org/wiki/I_Am_Omega
https://en.wikipedia.org/wiki/I_Am_Sam
https://en.wikipedia.org/wiki/I_Am_Trying_to_Break_Your_Heart_(film)
https://en.wikipedia.org/wiki/I_Am_Vengeance
https://en.wikipedia.org/wiki/I_Am_Vengeance:_Retaliation
https://en.wikipedia.org/wiki/I_Am_a_Fugitive_from_a_Chain_Gang
https://en.wikipedia.org/wiki/I_Am_a_Hero
https://en.wikipedia.org/wiki/I_Am_a_Sex_Addict
https://en.wikipedia.org/wiki/I_Am_an_American_Soldier
https://en.wikipedia.org/wiki/I_Am_the_Law_(1922_film)
https://en.wikipedia.org/wiki/I_Am_the_Law_(1938_film)
https://en.wikipedia.org/wiki/I_Am_the_Pretty_Thing_That_Lives_in_the_House
https://en.wikipedia.org/wiki/I_Belonged_to_You
https://en.wikipedia.org/wiki/I_Bury_the_Living
https://en.wikipedia.org/wiki/I_Came_By
https://en.wikipedia.org/wiki/I_Can%27t_Go_Home
https://en.wikipedia.org/wiki/I_Can%27t_Sleep_(film)
https://en.wikipedia.org/wiki/I_Can_Do_Bad_All_by_Myself_(film)
https://en.wikipedia.org/wiki/I_Can_Get_It_for_You_Wholesale_(film)
https://en.wikipedia.org/wiki/I_Can_Hear_the_Sea
https://en.wikipedia.org/wiki/I_Capture_the_Castle_(film)
https://en.wikipedia.org/wiki/I_Care_a_Lot
https://en.wikipedia.org/wiki/I_Carry_You_with_Me
https://en.wikipedia.org/wiki/I_Come_in_Peace
https://en.wikipedia.org/wiki/I_Confess_(film)
https://en.wikipedia.org/wiki/I_Could_Go_On_Singing
https://en.wikipedia.org/wiki/I_Could_Never_Be_Your_Woman
https://en.wikipedia.org/wiki/I_Cover_the_Waterfront
https://en.wikipedia.org/wiki/I_Died_a_Thousand_Times
https://en.wikipedia.org/wiki/I_Do_Not_Care_If_We_Go_Down_in_History_as_Barbarians
https://en.wikipedia.org/wiki/I_Do_Not_Want_to_Know_Who_You_Are
https://en.wikipedia.org/wiki/I_Don%27t_Feel_at_Home_in_This_World_Anymore
https://en.wikipedia.org/wiki/I_Don%27t_Know_How_She_Does_It
https://en.wikipedia.org/wiki/I_Dood_It
https://en.wikipedia.org/wiki/I_Downloaded_a_Ghost
https://en.wikipedia.org/wiki/I_Dream_Too_Much_(1935_film)
https://en.wikipedia.org/wiki/I_Dream_Too_Much_(2015_film)
https://en.wikipedia.org/wiki/I_Dreamed_of_Africa
https://en.wikipedia.org/wiki/I_Drink_Your_Blood
https://en.wikipedia.org/wiki/I_Eat_Your_Skin
https://en.wikipedia.org/wiki/I_Even_Met_Happy_Gypsies
https://en.wikipedia.org/wiki/I_Feel_Pretty_(film)
https://en.wikipedia.org/wiki/I_Fidanzati
https://en.wikipedia.org/wiki/I_Girasoli
https://en.wikipedia.org/wiki/I_Give_It_a_Year
https://en.wikipedia.org/wiki/I_Got_Life!
https://en.wikipedia.org/wiki/I_Got_the_Hook_Up
https://en.wikipedia.org/wiki/I_Hate_Luv_Storys
https://en.wikipedia.org/wiki/I_Hate_Valentine%27s_Day
https://en.wikipedia.org/wiki/I_Have_Something_Important_to_Tell_You
https://en.wikipedia.org/wiki/I_Haven%27t_Got_a_Hat
https://en.wikipedia.org/wiki/I_Heard_the_Owl_Call_My_Name#TV_film_adaptation
https://en.wikipedia.org/wiki/I_Heart_Huckabees
https://en.wikipedia.org/wiki/I_Hired_a_Contract_Killer
https://en.wikipedia.org/wiki/I_Hope_They_Serve_Beer_in_Hell_(film)
https://en.wikipedia.org/wiki/I_Kill,_You_Kill
https://en.wikipedia.org/wiki/I_Kill_Giants_(film)
https://en.wikipedia.org/wiki/I_Killed_My_Lesbian_Wife,_Hung_Her_on_a_Meat_Hook,_and_Now_I_Have_a_Three-Picture_Deal_at_Disney
https://en.wikipedia.org/wiki/I_Killed_My_Mother
https://en.wikipedia.org/wiki/I_Kiss_Your_Hand,_Madame
https://en.wikipedia.org/wiki/I_Knew_Her_Well
https://en.wikipedia.org/wiki/I_Know_What_You_Did_Last_Summer
https://en.wikipedia.org/wiki/I_Know_Where_I%27m_Going!
https://en.wikipedia.org/wiki/I_Know_Who_Killed_Me
https://en.wikipedia.org/wiki/I_Like_You,_I_Like_You_Very_Much
https://en.wikipedia.org/wiki/I_Live_My_Life
https://en.wikipedia.org/wiki/I_Live_in_Fear
https://en.wikipedia.org/wiki/I_Lost_My_Body
https://en.wikipedia.org/wiki/I_Love_Beijing
https://en.wikipedia.org/wiki/I_Love_That_Crazy_Little_Thing
https://en.wikipedia.org/wiki/I_Love_Trouble_(1994_film)
https://en.wikipedia.org/wiki/I_Love_Wolffy
https://en.wikipedia.org/wiki/I_Love_Wolffy_2
https://en.wikipedia.org/wiki/I_Love_You,_Alice_B._Toklas
https://en.wikipedia.org/wiki/I_Love_You,_Beth_Cooper_(film)
https://en.wikipedia.org/wiki/I_Love_You,_I_Love_You_Not
https://en.wikipedia.org/wiki/I_Love_You,_Man
https://en.wikipedia.org/wiki/I_Love_You_(1979_Telugu_film)
https://en.wikipedia.org/wiki/I_Love_You_(1981_film)
https://en.wikipedia.org/wiki/I_Love_You_(1986_film)
https://en.wikipedia.org/wiki/I_Love_You_(1992_film)
https://en.wikipedia.org/wiki/I_Love_You_(2002_film)
https://en.wikipedia.org/wiki/I_Love_You_(2005_Croatian_film)
https://en.wikipedia.org/wiki/I_Love_You_(2005_Odia_film)
https://en.wikipedia.org/wiki/I_Love_You_(2007_Bengali_film)
https://en.wikipedia.org/wiki/I_Love_You_(2007_Mozambican_film)
https://en.wikipedia.org/wiki/I_Love_You_Again
https://en.wikipedia.org/wiki/I_Love_You_Baby_(2001_film)
https://en.wikipedia.org/wiki/I_Love_You_Phillip_Morris
https://en.wikipedia.org/wiki/I_Love_You_Too_(2001_film)
https://en.wikipedia.org/wiki/I_Love_You_to_Death
https://en.wikipedia.org/wiki/I_Love_Your_Work
https://en.wikipedia.org/wiki/I_Love_a_Man_in_Uniform_(film)
https://en.wikipedia.org/wiki/I_Love_to_Singa
https://en.wikipedia.org/wiki/I_Married_a_Communist_(film)
https://en.wikipedia.org/wiki/I_Married_a_Monster_from_Outer_Space
https://en.wikipedia.org/wiki/I_Married_a_Strange_Person!
https://en.wikipedia.org/wiki/I_Married_a_Witch
https://en.wikipedia.org/wiki/I_Married_an_Angel_(film)
https://en.wikipedia.org/wiki/I_Me_Wed
https://en.wikipedia.org/wiki/I_Melt_with_You_(film)
https://en.wikipedia.org/wiki/I_Met_Him_in_Paris
https://en.wikipedia.org/wiki/I_Missed_Flight_93
https://en.wikipedia.org/wiki/I_Never_Promised_You_a_Rose_Garden_(film)
https://en.wikipedia.org/wiki/I_Never_Sang_for_My_Father
https://en.wikipedia.org/wiki/I_Now_Pronounce_You_Chuck_%26_Larry
https://en.wikipedia.org/wiki/I_Proud_to_Be_an_Indian
https://en.wikipedia.org/wiki/I_Remember_Mama_(film)
https://en.wikipedia.org/wiki/I_Remember_You_(2015_film)
https://en.wikipedia.org/wiki/I_Remember_You_(2017_film)
https://en.wikipedia.org/wiki/I_Remember_You_Now...
https://en.wikipedia.org/wiki/I_Saw_Mommy_Kissing_Santa_Claus_(film)
https://en.wikipedia.org/wiki/I_Saw_What_You_Did
https://en.wikipedia.org/wiki/I_Saw_What_You_Did_(1988_film)
https://en.wikipedia.org/wiki/I_Saw_the_Devil
https://en.wikipedia.org/wiki/I_See_You_(2006_film)
https://en.wikipedia.org/wiki/I_See_You_(2019_film)
https://en.wikipedia.org/wiki/I_Sell_the_Dead
https://en.wikipedia.org/wiki/I_Served_the_King_of_England_(film)
https://en.wikipedia.org/wiki/I_Shot_Andy_Warhol
https://en.wikipedia.org/wiki/I_Shot_Jesse_James
https://en.wikipedia.org/wiki/I_Spit_on_Your_Grave
https://en.wikipedia.org/wiki/I_Spit_on_Your_Grave:_Deja_Vu
https://en.wikipedia.org/wiki/I_Spit_on_Your_Grave_(2010_film)
https://en.wikipedia.org/wiki/I_Spit_on_Your_Grave_2
https://en.wikipedia.org/wiki/I_Spy_(2002_film)
https://en.wikipedia.org/wiki/I_Stand_Alone_(film)
https://en.wikipedia.org/wiki/I_Start_Counting
https://en.wikipedia.org/wiki/I_Step_Through_Moscow
https://en.wikipedia.org/wiki/I_Still_Hide_To_Smoke
https://en.wikipedia.org/wiki/I_Still_Know_What_You_Did_Last_Summer
https://en.wikipedia.org/wiki/I_Stole_a_Million
https://en.wikipedia.org/wiki/I_Think_I_Do
https://en.wikipedia.org/wiki/I_Think_I_Love_My_Wife
https://en.wikipedia.org/wiki/I_Think_We%27re_Alone_Now_(film)
https://en.wikipedia.org/wiki/I_Trapped_the_Devil
https://en.wikipedia.org/wiki/I_Vampiri
https://en.wikipedia.org/wiki/I_Vitelloni
https://en.wikipedia.org/wiki/I_Wake_Up_Screaming
https://en.wikipedia.org/wiki/I_Walk_Alone
https://en.wikipedia.org/wiki/I_Walked_with_a_Zombie
https://en.wikipedia.org/wiki/I_Wanna_Hold_Your_Hand_(film)
https://en.wikipedia.org/wiki/I_Want_Candy_(film)
https://en.wikipedia.org/wiki/I_Want_Someone_to_Eat_Cheese_With
https://en.wikipedia.org/wiki/I_Want_What_I_Want_(film)
https://en.wikipedia.org/wiki/I_Want_a_Dog_(film)
https://en.wikipedia.org/wiki/I_Want_to_Live!
https://en.wikipedia.org/wiki/I_Was_Born,_But...
https://en.wikipedia.org/wiki/I_Was_Here_(film)
https://en.wikipedia.org/wiki/I_Was_Monty%27s_Double_(film)
https://en.wikipedia.org/wiki/I_Was_a_Communist_for_the_FBI
https://en.wikipedia.org/wiki/I_Was_a_Male_War_Bride
https://en.wikipedia.org/wiki/I_Was_a_Shoplifter
https://en.wikipedia.org/wiki/I_Was_a_Simple_Man
https://en.wikipedia.org/wiki/I_Was_a_Teenage_Frankenstein
https://en.wikipedia.org/wiki/I_Was_a_Teenage_Werewolf
https://en.wikipedia.org/wiki/I_Was_a_Teenage_Zombie
https://en.wikipedia.org/wiki/I_Was_at_Home,_But
https://en.wikipedia.org/wiki/I_Will_Survive_(1993_film)
https://en.wikipedia.org/wiki/I_Wish_I_Had_a_Wife
https://en.wikipedia.org/wiki/I_Wish_I_Knew
https://en.wikipedia.org/wiki/I_Woke_Up_Early_the_Day_I_Died
https://en.wikipedia.org/wiki/I_am_Sartana,_Your_Angel_of_Death
https://en.wikipedia.org/wiki/I_as_in_Icarus
https://en.wikipedia.org/wiki/Iacob_(film)
https://en.wikipedia.org/wiki/Iago_(film)
https://en.wikipedia.org/wiki/Iamhere
https://en.wikipedia.org/wiki/Ibelin_(film)
https://en.wikipedia.org/wiki/Ibiza
https://en.wikipedia.org/wiki/Iblis_(film)
https://en.wikipedia.org/wiki/Ibong_Adarna_(1941_film)
https://en.wikipedia.org/wiki/Icahn:_The_Restless_Billionaire
https://en.wikipedia.org/wiki/Icaria_(film)
https://en.wikipedia.org/wiki/Icarus_(2010_film)
https://en.wikipedia.org/wiki/Icarus_(2017_film)
https://en.wikipedia.org/wiki/Ice-Capades
https://en.wikipedia.org/wiki/Ice_(1970_film)
https://en.wikipedia.org/wiki/Ice_(1998_film)
https://en.wikipedia.org/wiki/Ice_(2003_film)
https://en.wikipedia.org/wiki/Ice_(2018_film)
https://en.wikipedia.org/wiki/Ice_Age:_Collision_Course
https://en.wikipedia.org/wiki/Ice_Age:_Continental_Drift
https://en.wikipedia.org/wiki/Ice_Age:_Dawn_of_the_Dinosaurs
https://en.wikipedia.org/wiki/Ice_Age:_The_Meltdown
https://en.wikipedia.org/wiki/Ice_Age_(1975_film)
https://en.wikipedia.org/wiki/Ice_Age_(2002_film)
https://en.wikipedia.org/wiki/Ice_Age_(franchise)
https://en.wikipedia.org/wiki/Ice_Angel
https://en.wikipedia.org/wiki/Ice_Blues
https://en.wikipedia.org/wiki/Ice_Breaker_(documentary)
https://en.wikipedia.org/wiki/Ice_Castles
https://en.wikipedia.org/wiki/Ice_Castles_(2010_film)
https://en.wikipedia.org/wiki/Ice_Cold:_Murder,_Coffee_and_Jessica_Wongso
https://en.wikipedia.org/wiki/Ice_Cold_in_Alex
https://en.wikipedia.org/wiki/Ice_Cream,_Chocolate_and_Other_Consolations
https://en.wikipedia.org/wiki/Ice_Cream,_I_Scream
https://en.wikipedia.org/wiki/Ice_Cream_(1986_film)
https://en.wikipedia.org/wiki/Ice_Cream_(1993_film)
https://en.wikipedia.org/wiki/Ice_Cream_(2014_film)
https://en.wikipedia.org/wiki/Ice_Cream_(2015_film)
https://en.wikipedia.org/wiki/Ice_Cream_(2016_film)
https://en.wikipedia.org/wiki/Ice_Cream_Man_(film)
https://en.wikipedia.org/wiki/Ice_Cream_and_the_Sound_of_Raindrops
https://en.wikipedia.org/wiki/Ice_Cream_in_the_Cupboard
https://en.wikipedia.org/wiki/Ice_Guardians
https://en.wikipedia.org/wiki/Ice_Kacang_Puppy_Love
https://en.wikipedia.org/wiki/Ice_Kings
https://en.wikipedia.org/wiki/Ice_Men_(film)
https://en.wikipedia.org/wiki/Ice_Merchants
https://en.wikipedia.org/wiki/Ice_Mother
https://en.wikipedia.org/wiki/Ice_Palace_(film)
https://en.wikipedia.org/wiki/Ice_People
https://en.wikipedia.org/wiki/Ice_Planet_(film)
https://en.wikipedia.org/wiki/Ice_Poison
https://en.wikipedia.org/wiki/Ice_Princess
https://en.wikipedia.org/wiki/Ice_Quake_(film)
https://en.wikipedia.org/wiki/Ice_Queen_(film)
https://en.wikipedia.org/wiki/Ice_Rain_(film)
https://en.wikipedia.org/wiki/Ice_Soldiers
https://en.wikipedia.org/wiki/Ice_Spiders
https://en.wikipedia.org/wiki/Ice_Station_Zebra_(film)
https://en.wikipedia.org/wiki/Ice_Twisters
https://en.wikipedia.org/wiki/Icebound_(film)
https://en.wikipedia.org/wiki/Icebreaker_(film)
https://en.wikipedia.org/wiki/Iced_(film)
https://en.wikipedia.org/wiki/Iceland_(film)
https://en.wikipedia.org/wiki/Iceman_(1984_film)
https://en.wikipedia.org/wiki/Iceman_(2014_film)
https://en.wikipedia.org/wiki/Iceman_(2017_film)
https://en.wikipedia.org/wiki/Ichadi_Manini
https://en.wikipedia.org/wiki/Ichata_Vahanamulu_Niluparadu
https://en.wikipedia.org/wiki/Ichchhemotir_Gappo
https://en.wikipedia.org/wiki/Iche_Tampha
https://en.wikipedia.org/wiki/Ichi_(film)
https://en.wikipedia.org/wiki/Ichi_the_Killer_(film)
https://en.wikipedia.org/wiki/Ichijo%27s_Wet_Lust
https://en.wikipedia.org/wiki/Ico,_el_caballito_valiente
https://en.wikipedia.org/wiki/Icon_(film)
https://en.wikipedia.org/wiki/Icy_Breasts
https://en.wikipedia.org/wiki/Ida_(film)
https://en.wikipedia.org/wiki/Idaho_(1943_film)
https://en.wikipedia.org/wiki/Idaho_(serial)
https://en.wikipedia.org/wiki/Idaho_Transfer
https://en.wikipedia.org/wiki/Idahosa_Trails
https://en.wikipedia.org/wiki/Idam_Jagath
https://en.wikipedia.org/wiki/Idam_Porul_Yaeval
https://en.wikipedia.org/wiki/Idanazhiyil_Oru_Kaalocha
https://en.wikipedia.org/wiki/Idaya_Kovil
https://en.wikipedia.org/wiki/Iddarammayilatho
https://en.wikipedia.org/wiki/Iddari_Lokam_Okate
https://en.wikipedia.org/wiki/Iddaru_Asadhyule
https://en.wikipedia.org/wiki/Iddaru_Attala_Muddula_Alludu
https://en.wikipedia.org/wiki/Iddaru_Iddare
https://en.wikipedia.org/wiki/Iddaru_Mitrulu_(1961_film)
https://en.wikipedia.org/wiki/Iddaru_Mitrulu_(1999_film)
https://en.wikipedia.org/wiki/Iddaru_Pellala_Muddula_Police
https://en.wikipedia.org/wiki/Iddaru_Pellalu
https://en.wikipedia.org/wiki/Ide_Mahasudina
https://en.wikipedia.org/wiki/Idea_Girl
https://en.wikipedia.org/wiki/Ideachi_Kalpana
https://en.wikipedia.org/wiki/Ideal_Home_(film)
https://en.wikipedia.org/wiki/Idealist_(film)
https://en.wikipedia.org/wiki/Idem_Pellam_Baboi
https://en.wikipedia.org/wiki/Identical_(2011_film)
https://en.wikipedia.org/wiki/Identification_of_a_Woman
https://en.wikipedia.org/wiki/Identifying_Features
https://en.wikipedia.org/wiki/Identikit
https://en.wikipedia.org/wiki/Identity_(1987_film)
https://en.wikipedia.org/wiki/Identity_(2003_film)
https://en.wikipedia.org/wiki/Identity_Card_(2010_film)
https://en.wikipedia.org/wiki/Identity_Card_(2014_film)
https://en.wikipedia.org/wiki/Identity_Crisis_(film)
https://en.wikipedia.org/wiki/Identity_Pieces
https://en.wikipedia.org/wiki/Identity_Theft_(film)
https://en.wikipedia.org/wiki/Identity_Thief
https://en.wikipedia.org/wiki/Identity_Unknown_(1945_film)
https://en.wikipedia.org/wiki/Identity_Unknown_(1960_film)
https://en.wikipedia.org/wiki/Idharkuthane_Aasaipattai_Balakumara
https://en.wikipedia.org/wiki/Idhaya_Kamalam
https://en.wikipedia.org/wiki/Idhaya_Malar
https://en.wikipedia.org/wiki/Idhaya_Thamarai
https://en.wikipedia.org/wiki/Idhaya_Thirudan
https://en.wikipedia.org/wiki/Idhaya_Vaasal
https://en.wikipedia.org/wiki/Idhaya_Veenai
https://en.wikipedia.org/wiki/Idhayakkani
https://en.wikipedia.org/wiki/Idhayam_(film)
https://en.wikipedia.org/wiki/Idhayam_Pesugirathu
https://en.wikipedia.org/wiki/Idhayam_Thiraiarangam
https://en.wikipedia.org/wiki/Idhayathil_Nee
https://en.wikipedia.org/wiki/Idhayaththil_Ore_Idam
https://en.wikipedia.org/wiki/Idhe_Maa_Katha
https://en.wikipedia.org/wiki/Idhu_Enna_Maayam
https://en.wikipedia.org/wiki/Idhu_Kadhal_Varum_Paruvam
https://en.wikipedia.org/wiki/Idhu_Kathirvelan_Kadhal
https://en.wikipedia.org/wiki/Idhu_Namma_Aalu_(1988_film)
https://en.wikipedia.org/wiki/Idhu_Namma_Aalu_(2016_film)
https://en.wikipedia.org/wiki/Idhu_Namma_Bhoomi
https://en.wikipedia.org/wiki/Idhu_Nijama
https://en.wikipedia.org/wiki/Idhu_Oru_Thodar_Kathai
https://en.wikipedia.org/wiki/Idhu_Sathiyam
https://en.wikipedia.org/wiki/Idhu_Unga_Kudumbam
https://en.wikipedia.org/wiki/Idhuthanda_Sattam
https://en.wikipedia.org/wiki/Idhuvum_Kadandhu_Pogum
https://en.wikipedia.org/wiki/Idi_Katha_Kaadu
https://en.wikipedia.org/wiki/Idi_Maa_Ashokgadi_Love_Story
https://en.wikipedia.org/wiki/Idi_Muzhakkam
https://en.wikipedia.org/wiki/Idi_Naa_Love_Story
https://en.wikipedia.org/wiki/Idi_Pellantara
https://en.wikipedia.org/wiki/Idi_Sangathi
https://en.wikipedia.org/wiki/Idiocracy
https://en.wikipedia.org/wiki/Idiot%27s_Delight_(film)
https://en.wikipedia.org/wiki/Idiot:_I_Do_Ishq_Only_Tumse
https://en.wikipedia.org/wiki/Idiot_(1992_film)
https://en.wikipedia.org/wiki/Idiot_(2002_film)
https://en.wikipedia.org/wiki/Idiot_(2012_film)
https://en.wikipedia.org/wiki/Idiot_(2022_film)
https://en.wikipedia.org/wiki/Idiot_Box_(film)
https://en.wikipedia.org/wiki/Idiyum_Minnalum
https://en.wikipedia.org/wiki/Idle_Hands
https://en.wikipedia.org/wiki/Idle_Wives
https://en.wikipedia.org/wiki/Idlewild_(film)
https://en.wikipedia.org/wiki/Idol_(film)
https://en.wikipedia.org/wiki/Idol_of_Paris
https://en.wikipedia.org/wiki/Idol_of_the_Crowds
https://en.wikipedia.org/wiki/Idol_on_Parade
https://en.wikipedia.org/wiki/Idolators
https://en.wikipedia.org/wiki/Idolle_Ramayana
https://en.wikipedia.org/wiki/Idols_(film)
https://en.wikipedia.org/wiki/Idols_of_Clay
https://en.wikipedia.org/wiki/Idols_of_the_Radio
https://en.wikipedia.org/wiki/Idomeneo_(film)
https://en.wikipedia.org/wiki/Idu_Saadhya
https://en.wikipedia.org/wiki/Idukki_Gold_(film)
https://en.wikipedia.org/wiki/Idyla_ze_star%C3%A9_Prahy
https://en.wikipedia.org/wiki/Idyll_in_Budapest
https://en.wikipedia.org/wiki/Idylle_au_Caire
https://en.wikipedia.org/wiki/If....
https://en.wikipedia.org/wiki/If..._Dog..._Rabbit...
https://en.wikipedia.org/wiki/If_All_the_Guys_in_the_World
https://en.wikipedia.org/wiki/If_Anything_Happens_I_Love_You
https://en.wikipedia.org/wiki/If_Beale_Street_Could_Talk_(film)
https://en.wikipedia.org/wiki/If_Cats_Disappeared_From_the_World
https://en.wikipedia.org/wiki/If_Ever_I_See_You_Again_(film)
https://en.wikipedia.org/wiki/If_Four_Walls_Told
https://en.wikipedia.org/wiki/If_God_Is_Willing_and_da_Creek_Don%27t_Rise
https://en.wikipedia.org/wiki/If_He_Hollers,_Let_Him_Go!_(film)
https://en.wikipedia.org/wiki/If_I%27m_Lucky_(film)
https://en.wikipedia.org/wiki/If_I_Am_President
https://en.wikipedia.org/wiki/If_I_Didn%27t_Care_(film)
https://en.wikipedia.org/wiki/If_I_Had_Known_I_Was_a_Genius
https://en.wikipedia.org/wiki/If_I_Had_My_Way_(film)
https://en.wikipedia.org/wiki/If_I_Had_You_(film)
https://en.wikipedia.org/wiki/If_I_Had_a_Million
https://en.wikipedia.org/wiki/If_I_Knew_What_You_Said
https://en.wikipedia.org/wiki/If_I_Marry_Again
https://en.wikipedia.org/wiki/If_I_Should_Fall
https://en.wikipedia.org/wiki/If_I_Stay_(film)
https://en.wikipedia.org/wiki/If_I_Want_to_Whistle,_I_Whistle
https://en.wikipedia.org/wiki/If_I_Was_She
https://en.wikipedia.org/wiki/If_I_Were_Free
https://en.wikipedia.org/wiki/If_I_Were_Just_Anyone
https://en.wikipedia.org/wiki/If_I_Were_King
https://en.wikipedia.org/wiki/If_I_Were_King_(1920_film)
https://en.wikipedia.org/wiki/If_I_Were_Queen
https://en.wikipedia.org/wiki/If_I_Were_Rich_(1936_film)
https://en.wikipedia.org/wiki/If_I_Were_Single
https://en.wikipedia.org/wiki/If_I_Were_You_(2006_film)
https://en.wikipedia.org/wiki/If_I_Were_You_(2012_Canadian_film)
https://en.wikipedia.org/wiki/If_I_Were_You_(2012_Chinese_film)
https://en.wikipedia.org/wiki/If_I_Were_a_Congressman
https://en.wikipedia.org/wiki/If_I_Were_a_Rich_Man_(film)
https://en.wikipedia.org/wiki/If_I_Were_a_Spy
https://en.wikipedia.org/wiki/If_I_Were_for_Real_(film)
https://en.wikipedia.org/wiki/If_It%27s_Tuesday,_This_Must_Be_Belgium
https://en.wikipedia.org/wiki/If_It%27s_Tuesday,_This_Must_Be_Belgium#Remake
https://en.wikipedia.org/wiki/If_It_Don%27t_Fit,_Use_a_Bigger_Hammer
https://en.wikipedia.org/wiki/If_It_Were_Love
https://en.wikipedia.org/wiki/If_Looks_Could_Kill_(film)
https://en.wikipedia.org/wiki/If_Lucy_Fell
https://en.wikipedia.org/wiki/If_Marriage_Fails
https://en.wikipedia.org/wiki/If_My_Country_Should_Call
https://en.wikipedia.org/wiki/If_Not_Us,_Who%3F
https://en.wikipedia.org/wiki/If_Only_(2004_film)
https://en.wikipedia.org/wiki/If_Only_Everyone
https://en.wikipedia.org/wiki/If_Only_It_Weren%27t_Love
https://en.wikipedia.org/wiki/If_Paris_Were_Told_to_Us
https://en.wikipedia.org/wiki/If_Someone_Had_Known
https://en.wikipedia.org/wiki/If_There_Be_Thorns_(film)
https://en.wikipedia.org/wiki/If_There_Is_a_Reason_to_Study
https://en.wikipedia.org/wiki/If_These_Walls_Could_Talk
https://en.wikipedia.org/wiki/If_These_Walls_Could_Talk_2
https://en.wikipedia.org/wiki/If_They_Tell_You_I_Fell
https://en.wikipedia.org/wiki/If_Thou_Wert_Blind
https://en.wikipedia.org/wiki/If_Tomorrow_Comes_(film)
https://en.wikipedia.org/wiki/If_Tomorrow_Never_Comes_(film)
https://en.wikipedia.org/wiki/If_War_Comes_Tomorrow
https://en.wikipedia.org/wiki/If_We_All_Were_Angels_(1936_film)
https://en.wikipedia.org/wiki/If_We_All_Were_Angels_(1956_film)
https://en.wikipedia.org/wiki/If_We_Only_Knew
https://en.wikipedia.org/wiki/If_You_Are_the_One_(film)
https://en.wikipedia.org/wiki/If_You_Meet_Sartana_Pray_for_Your_Death
https://en.wikipedia.org/wiki/If_the_Sun_Rises_in_the_West
https://en.wikipedia.org/wiki/Igby_Goes_Down
https://en.wikipedia.org/wiki/Iginuhit_ng_Tadhana_(The_Ferdinand_E._Marcos_Story)
https://en.wikipedia.org/wiki/Igloo_(1932_film)
https://en.wikipedia.org/wiki/Igloo_(2019_film)
https://en.wikipedia.org/wiki/Ignition_(film)
https://en.wikipedia.org/wiki/Ignorance_Is_Bliss_(film)
https://en.wikipedia.org/wiki/Igor_(film)
https://en.wikipedia.org/wiki/Igor_and_the_Lunatics
https://en.wikipedia.org/wiki/Igualita_a_m%C3%AD_(2010_film)
https://en.wikipedia.org/wiki/Iguana_(film)
https://en.wikipedia.org/wiki/Ihmiset_suviy%C3%B6ss%C3%A4_(film)
https://en.wikipedia.org/wiki/Ihre_Hoheit_die_T%C3%A4nzerin_(film)
https://en.wikipedia.org/wiki/Ijaazat
https://en.wikipedia.org/wiki/Ik_Doli
https://en.wikipedia.org/wiki/Ik_Jind_Ik_Jaan
https://en.wikipedia.org/wiki/Ik_Kudi_Punjab_Di
https://en.wikipedia.org/wiki/Ik_Madari
https://en.wikipedia.org/wiki/Ik_Omhels_Je_Met_1000_Armen
https://en.wikipedia.org/wiki/Ik_ga_naar_Tahiti
https://en.wikipedia.org/wiki/Ikarus,_the_Flying_Man
https://en.wikipedia.org/wiki/Ikaw_Ay_Akin
https://en.wikipedia.org/wiki/Ikaw_Pa_Lang_ang_Minahal
https://en.wikipedia.org/wiki/Ikaw_ang_Pag-ibig
https://en.wikipedia.org/wiki/Ike:_Countdown_to_D-Day
https://en.wikipedia.org/wiki/Ikigami_(2008_film)
https://en.wikipedia.org/wiki/Ikiru
https://en.wikipedia.org/wiki/Ikiteiru_Koheiji
https://en.wikipedia.org/wiki/Ikke_Pe_Ikka
https://en.wikipedia.org/wiki/Il_prefetto_di_ferro
https://en.wikipedia.org/wiki/Ilakkanam
https://en.wikipedia.org/wiki/Ilamai
https://en.wikipedia.org/wiki/Ilamai_Kaalangal
https://en.wikipedia.org/wiki/Ilamai_Kolam
https://en.wikipedia.org/wiki/Ilamai_Oonjal
https://en.wikipedia.org/wiki/Ilamai_Oonjal_Aadukirathu
https://en.wikipedia.org/wiki/Ilami
https://en.wikipedia.org/wiki/Ilampuyal
https://en.wikipedia.org/wiki/Ilanjippookkal
https://en.wikipedia.org/wiki/Ilavarasan
https://en.wikipedia.org/wiki/Ilavelpu
https://en.wikipedia.org/wiki/Ilaya_Ragam
https://en.wikipedia.org/wiki/Ilaya_Thalaimurai
https://en.wikipedia.org/wiki/Ilayaraja_(film)
https://en.wikipedia.org/wiki/Ilayum_Mullum
https://en.wikipedia.org/wiki/Ilf_and_Petrov_Rode_a_Tram
https://en.wikipedia.org/wiki/Ill_Gotten_Gains
https://en.wikipedia.org/wiki/Ill_Manors
https://en.wikipedia.org/wiki/Ill_Met_by_Moonlight_(film)
https://en.wikipedia.org/wiki/Ill_Noise
https://en.wikipedia.org/wiki/Ill_Wind_(film)
https://en.wikipedia.org/wiki/Illale_Devata
https://en.wikipedia.org/wiki/Illalu
https://en.wikipedia.org/wiki/Illalu_Priyuralu
https://en.wikipedia.org/wiki/Illam_(film)
https://en.wikipedia.org/wiki/Illang:_The_Wolf_Brigade
https://en.wikipedia.org/wiki/Illara_Jothi
https://en.wikipedia.org/wiki/Illarame_Nallaram
https://en.wikipedia.org/wiki/Illarikam
https://en.wikipedia.org/wiki/Illegal_Aliens_(film)
https://en.wikipedia.org/wiki/Illegal_Entry_(film)
https://en.wikipedia.org/wiki/Illegal_Tender_(film)
https://en.wikipedia.org/wiki/Illicit_(1931_film)
https://en.wikipedia.org/wiki/Illicit_(2017_film)
https://en.wikipedia.org/wiki/Illicit_Dreams
https://en.wikipedia.org/wiki/Illicit_Dreams_2
https://en.wikipedia.org/wiki/Illiterate_(film)
https://en.wikipedia.org/wiki/Illuminata_(film)
https://en.wikipedia.org/wiki/Illusion_(2004_film)
https://en.wikipedia.org/wiki/Illusion_Travels_by_Streetcar
https://en.wikipedia.org/wiki/Illusion_of_Blood
https://en.wikipedia.org/wiki/Illusions_%26_Mirrors
https://en.wikipedia.org/wiki/Illusions_(1982_film)
https://en.wikipedia.org/wiki/Illusive_Tracks
https://en.wikipedia.org/wiki/Illustrious_Corpses
https://en.wikipedia.org/wiki/Ilona_Arrives_with_the_Rain
https://en.wikipedia.org/wiki/Ilsa,_Harem_Keeper_of_the_Oil_Sheiks
https://en.wikipedia.org/wiki/Ilsa,_She_Wolf_of_the_SS
https://en.wikipedia.org/wiki/Ilsa,_the_Tigress_of_Siberia
https://en.wikipedia.org/wiki/Ilsa,_the_Wicked_Warden
https://en.wikipedia.org/wiki/Ilya_Muromets_(film)
https://en.wikipedia.org/wiki/Ilzaam
https://en.wikipedia.org/wiki/ImMature
https://en.wikipedia.org/wiki/Im_Banne_des_Unheimlichen
https://en.wikipedia.org/wiki/Im_toten_Winkel
https://en.wikipedia.org/wiki/Imaandaar
https://en.wikipedia.org/wiki/Image_of_Death
https://en.wikipedia.org/wiki/Images_(film)
https://en.wikipedia.org/wiki/Images_in_a_Convent
https://en.wikipedia.org/wiki/Images_of_Liberation
https://en.wikipedia.org/wiki/Imagi_Ningthem
https://en.wikipedia.org/wiki/Imaginaerum_(film)
https://en.wikipedia.org/wiki/Imaginary_Crimes
https://en.wikipedia.org/wiki/Imaginary_Friend_(film)
https://en.wikipedia.org/wiki/Imaginary_Heroes
https://en.wikipedia.org/wiki/Imaginary_Larry
https://en.wikipedia.org/wiki/Imaginary_Playmate
https://en.wikipedia.org/wiki/Imaginary_Witness
https://en.wikipedia.org/wiki/Imagination_(film)
https://en.wikipedia.org/wiki/Imagine_(1972_film)
https://en.wikipedia.org/wiki/Imagine_(2012_film)
https://en.wikipedia.org/wiki/Imagine_Me_%26_You
https://en.wikipedia.org/wiki/Imagine_That_(film)
https://en.wikipedia.org/wiki/Imagine_You_and_Me
https://en.wikipedia.org/wiki/Imagine_the_Sound
https://en.wikipedia.org/wiki/Imagining_America
https://en.wikipedia.org/wiki/Imagining_Argentina_(film)
https://en.wikipedia.org/wiki/Imagining_Indians
https://en.wikipedia.org/wiki/Imaginum
https://en.wikipedia.org/wiki/Imago_Mortis
https://en.wikipedia.org/wiki/Imaikkaa_Nodigal
https://en.wikipedia.org/wiki/Imani_(film)
https://en.wikipedia.org/wiki/Imar_the_Servitor
https://en.wikipedia.org/wiki/Imayam
https://en.wikipedia.org/wiki/Imbabazi:_The_Pardon
https://en.wikipedia.org/wiki/Imelda_(film)
https://en.wikipedia.org/wiki/Imfura
https://en.wikipedia.org/wiki/Imitation_(film)
https://en.wikipedia.org/wiki/Imitation_General
https://en.wikipedia.org/wiki/Imitation_of_Christ_(film)
https://en.wikipedia.org/wiki/Imitation_of_Life_(1934_film)
https://en.wikipedia.org/wiki/Imitation_of_Life_(1959_film)
https://en.wikipedia.org/wiki/Immaan_Dharam
https://en.wikipedia.org/wiki/Immacolata_and_Concetta:_The_Other_Jealousy
https://en.wikipedia.org/wiki/Immaculate_(1950_film)
https://en.wikipedia.org/wiki/Immaculate_Conception_(film)
https://en.wikipedia.org/wiki/Immaculate_Memories:_The_Uncluttered_Worlds_of_Christopher_Pratt
https://en.wikipedia.org/wiki/Immadi_Pulikeshi_(film)
https://en.wikipedia.org/wiki/Immanuel_(film)
https://en.wikipedia.org/wiki/Immediate_Call
https://en.wikipedia.org/wiki/Immediate_Delivery
https://en.wikipedia.org/wiki/Immediate_Family_(film)
https://en.wikipedia.org/wiki/Immensee_(film)
https://en.wikipedia.org/wiki/Immer_die_Radfahrer
https://en.wikipedia.org/wiki/Immigrants_(1948_film)
https://en.wikipedia.org/wiki/Immigrants_(2008_film)
https://en.wikipedia.org/wiki/Immigration_Tango
https://en.wikipedia.org/wiki/Imminent_Threat
https://en.wikipedia.org/wiki/Immoral_Affairs
https://en.wikipedia.org/wiki/Immoral_Tales_(film)
https://en.wikipedia.org/wiki/Immoral_Women
https://en.wikipedia.org/wiki/Immorality_(film)
https://en.wikipedia.org/wiki/Immortal_(2004_film)
https://en.wikipedia.org/wiki/Immortal_(2015_film)
https://en.wikipedia.org/wiki/Immortal_Beloved_(1951_film)
https://en.wikipedia.org/wiki/Immortal_Beloved_(1994_film)
https://en.wikipedia.org/wiki/Immortal_Combat_(film)
https://en.wikipedia.org/wiki/Immortal_Gentleman
https://en.wikipedia.org/wiki/Immortal_Light
https://en.wikipedia.org/wiki/Immortal_Love
https://en.wikipedia.org/wiki/Immortal_Melodies
https://en.wikipedia.org/wiki/Immortal_Sergeant
https://en.wikipedia.org/wiki/Immortal_Song_(film)
https://en.wikipedia.org/wiki/Immortal_Waltz
https://en.wikipedia.org/wiki/Immortally_Yours
https://en.wikipedia.org/wiki/Immortals_(2011_film)
https://en.wikipedia.org/wiki/Impact_(1949_film)
https://en.wikipedia.org/wiki/Impact_(1963_film)
https://en.wikipedia.org/wiki/Impasse_(film)
https://en.wikipedia.org/wiki/Impasse_de_la_vignette
https://en.wikipedia.org/wiki/Impeccable_Henri
https://en.wikipedia.org/wiki/Imperative_(film)
https://en.wikipedia.org/wiki/Imperfect_(2012_film)
https://en.wikipedia.org/wiki/Imperfect_Journey
https://en.wikipedia.org/wiki/Imperial_Blue_(film)
https://en.wikipedia.org/wiki/Imperial_Navy_(film)
https://en.wikipedia.org/wiki/Imperial_Venus_(film)
https://en.wikipedia.org/wiki/Imperial_Violets_(1924_film)
https://en.wikipedia.org/wiki/Imperial_Violets_(1932_film)
https://en.wikipedia.org/wiki/Imperial_Violets_(1952_film)
https://en.wikipedia.org/wiki/Imperium:_Augustus
https://en.wikipedia.org/wiki/Imperium:_Nero
https://en.wikipedia.org/wiki/Imperium:_Pompeii
https://en.wikipedia.org/wiki/Imperium:_Saint_Peter
https://en.wikipedia.org/wiki/Imperium_(2016_film)
https://en.wikipedia.org/wiki/Imperium_(film_series)
https://en.wikipedia.org/wiki/Impetuous_Love_in_Action
https://en.wikipedia.org/wiki/Impolite_(film)
https://en.wikipedia.org/wiki/Impossible_(2015_film)
https://en.wikipedia.org/wiki/Impossible_Object
https://en.wikipedia.org/wiki/Impostor_(1921_film)
https://en.wikipedia.org/wiki/Impostor_(2001_film)
https://en.wikipedia.org/wiki/Impromptu_(1932_film)
https://en.wikipedia.org/wiki/Impromptu_(1991_film)
https://en.wikipedia.org/wiki/Improper_Conduct_(1984_film)
https://en.wikipedia.org/wiki/Imsai_Arasan_23rd_Pulikecei
https://en.wikipedia.org/wiki/Imthihaan_(1993_film)
https://en.wikipedia.org/wiki/Imtihaan
https://en.wikipedia.org/wiki/Imtihaan_(1949_film)
https://en.wikipedia.org/wiki/Imtihan
https://en.wikipedia.org/wiki/In_%26_Out_(film)
https://en.wikipedia.org/wiki/In_America_(film)
https://en.wikipedia.org/wiki/In_Bruges
https://en.wikipedia.org/wiki/In_China_They_Eat_Dogs
https://en.wikipedia.org/wiki/In_Cold_Blood_(film)
https://en.wikipedia.org/wiki/In_Country
https://en.wikipedia.org/wiki/In_Custody_(film)
https://en.wikipedia.org/wiki/In_Darkness_(2009_film)
https://en.wikipedia.org/wiki/In_Darkness_(2011_film)
https://en.wikipedia.org/wiki/In_Dreams_(film)
https://en.wikipedia.org/wiki/In_Dubious_Battle_(film)
https://en.wikipedia.org/wiki/In_Enemy_Hands_(film)
https://en.wikipedia.org/wiki/In_Fear
https://en.wikipedia.org/wiki/In_Front_of_Your_Face
https://en.wikipedia.org/wiki/In_God%27s_Hands_(film)
https://en.wikipedia.org/wiki/In_God_We_Tru$t
https://en.wikipedia.org/wiki/In_God_We_Trust_(2013_film)
https://en.wikipedia.org/wiki/In_Good_Company_(2000_film)
https://en.wikipedia.org/wiki/In_Good_Company_(2004_film)
https://en.wikipedia.org/wiki/In_Harm%27s_Way
https://en.wikipedia.org/wiki/In_Hell
https://en.wikipedia.org/wiki/In_Her_Footsteps
https://en.wikipedia.org/wiki/In_Her_Shoes_(film)
https://en.wikipedia.org/wiki/In_July_(film)
https://en.wikipedia.org/wiki/In_Like_Flint
https://en.wikipedia.org/wiki/In_Like_Flynn_(film)
https://en.wikipedia.org/wiki/In_Love_We_Trust
https://en.wikipedia.org/wiki/In_Love_and_War_(1996_film)
https://en.wikipedia.org/wiki/In_My_Country_(2004_film)
https://en.wikipedia.org/wiki/In_My_Father%27s_Den_(film)
https://en.wikipedia.org/wiki/In_Nacht_und_Eis
https://en.wikipedia.org/wiki/In_Name_Only
https://en.wikipedia.org/wiki/In_Old_Arizona
https://en.wikipedia.org/wiki/In_Old_Chicago
https://en.wikipedia.org/wiki/In_Olden_Days
https://en.wikipedia.org/wiki/In_Praise_of_Love_(film)
https://en.wikipedia.org/wiki/In_Public_(film)
https://en.wikipedia.org/wiki/In_Search_of_Darkness
https://en.wikipedia.org/wiki/In_Search_of_Dr._Seuss
https://en.wikipedia.org/wiki/In_Search_of_Fellini
https://en.wikipedia.org/wiki/In_Search_of_Greatness
https://en.wikipedia.org/wiki/In_Search_of_Happiness
https://en.wikipedia.org/wiki/In_Search_of_Noah%27s_Ark
https://en.wikipedia.org/wiki/In_Search_of_Santa
https://en.wikipedia.org/wiki/In_Search_of_Tomorrow
https://en.wikipedia.org/wiki/In_Search_of_a_Midnight_Kiss
https://en.wikipedia.org/wiki/In_Search_of_the_Castaways_(film)
https://en.wikipedia.org/wiki/In_Society
https://en.wikipedia.org/wiki/In_The_Navy_(film)
https://en.wikipedia.org/wiki/In_This_Our_Life
https://en.wikipedia.org/wiki/In_This_World
https://en.wikipedia.org/wiki/In_Time
https://en.wikipedia.org/wiki/In_Transit_(film)
https://en.wikipedia.org/wiki/In_Vanda%27s_Room
https://en.wikipedia.org/wiki/In_Which_We_Serve
https://en.wikipedia.org/wiki/In_a_Better_World
https://en.wikipedia.org/wiki/In_a_Glass_Cage
https://en.wikipedia.org/wiki/In_a_Lonely_Place
https://en.wikipedia.org/wiki/In_a_Shallow_Grave
https://en.wikipedia.org/wiki/In_a_Valley_of_Violence
https://en.wikipedia.org/wiki/In_a_Year_of_13_Moons
https://en.wikipedia.org/wiki/In_the_Aisles
https://en.wikipedia.org/wiki/In_the_Aisles_of_the_Wild
https://en.wikipedia.org/wiki/In_the_Army_Now_(film)
https://en.wikipedia.org/wiki/In_the_Basement_(film)
https://en.wikipedia.org/wiki/In_the_Bedroom
https://en.wikipedia.org/wiki/In_the_Bleak_Midwinter_(film)
https://en.wikipedia.org/wiki/In_the_Blood_(1923_film)
https://en.wikipedia.org/wiki/In_the_Blood_(1988_film)
https://en.wikipedia.org/wiki/In_the_Blood_(2014_film)
https://en.wikipedia.org/wiki/In_the_Blood_(2016_film)
https://en.wikipedia.org/wiki/In_the_Company_of_Men
https://en.wikipedia.org/wiki/In_the_Courtyard
https://en.wikipedia.org/wiki/In_the_Cut_(film)
https://en.wikipedia.org/wiki/In_the_Earth
https://en.wikipedia.org/wiki/In_the_Electric_Mist
https://en.wikipedia.org/wiki/In_the_Folds_of_the_Flesh
https://en.wikipedia.org/wiki/In_the_French_Style
https://en.wikipedia.org/wiki/In_the_Gloaming_(film)
https://en.wikipedia.org/wiki/In_the_Good_Old_Summertime
https://en.wikipedia.org/wiki/In_the_Heart_of_the_Sea_(film)
https://en.wikipedia.org/wiki/In_the_Heat_of_the_Night_(film)
https://en.wikipedia.org/wiki/In_the_Heat_of_the_Sun
https://en.wikipedia.org/wiki/In_the_Heights_(film)
https://en.wikipedia.org/wiki/In_the_Land_of_Blood_and_Honey
https://en.wikipedia.org/wiki/In_the_Land_of_Women
https://en.wikipedia.org/wiki/In_the_Land_of_the_Cactus
https://en.wikipedia.org/wiki/In_the_Land_of_the_Deaf
https://en.wikipedia.org/wiki/In_the_Land_of_the_Head_Hunters
https://en.wikipedia.org/wiki/In_the_Line_of_Fire
https://en.wikipedia.org/wiki/In_the_Loop
https://en.wikipedia.org/wiki/In_the_Mix_(film)
https://en.wikipedia.org/wiki/In_the_Mood_for_Love
https://en.wikipedia.org/wiki/In_the_Mouth_of_Madness
https://en.wikipedia.org/wiki/In_the_Name_of_the_Father_(2006_film)
https://en.wikipedia.org/wiki/In_the_Name_of_the_Father_(film)
https://en.wikipedia.org/wiki/In_the_Name_of_the_King
https://en.wikipedia.org/wiki/In_the_Name_of_the_King_(1924_film)
https://en.wikipedia.org/wiki/In_the_Name_of_the_King_2:_Two_Worlds
https://en.wikipedia.org/wiki/In_the_Name_of_the_King_3:_The_Last_Mission
https://en.wikipedia.org/wiki/In_the_Name_of_the_Son_(2007_film)
https://en.wikipedia.org/wiki/In_the_Name_of_the_Son_(2012_film)
https://en.wikipedia.org/wiki/In_the_Nick_of_Time_(1911_film)
https://en.wikipedia.org/wiki/In_the_Nick_of_Time_(1991_film)
https://en.wikipedia.org/wiki/In_the_Park
https://en.wikipedia.org/wiki/In_the_Presence_of_a_Clown
https://en.wikipedia.org/wiki/In_the_Radiant_City
https://en.wikipedia.org/wiki/In_the_Realm_of_the_Senses
https://en.wikipedia.org/wiki/In_the_Shadow_of_the_Moon_(2007_film)
https://en.wikipedia.org/wiki/In_the_Tall_Grass_(film)
https://en.wikipedia.org/wiki/In_the_Time_of_the_Butterflies_(film)
https://en.wikipedia.org/wiki/In_the_Valley_of_Elah
https://en.wikipedia.org/wiki/In_the_Wake_of_the_Bounty
https://en.wikipedia.org/wiki/In_the_Winter_Dark_(film)
https://en.wikipedia.org/wiki/Ina_(film)
https://en.wikipedia.org/wiki/Ina_Ka_ng_Anak_Mo
https://en.wikipedia.org/wiki/Inaam_Dus_Hazaar
https://en.wikipedia.org/wiki/Inadequate_People
https://en.wikipedia.org/wiki/Inadequate_People_2
https://en.wikipedia.org/wiki/Inadmissible_Evidence_(film)
https://en.wikipedia.org/wiki/Inaindha_Kaigal
https://en.wikipedia.org/wiki/Inappropriate_Comedy
https://en.wikipedia.org/wiki/Inauguration_of_the_Pleasure_Dome
https://en.wikipedia.org/wiki/Inazuma_Eleven:_Saiky%C5%8D_Gundan_%C5%8Cga_Sh%C5%ABrai
https://en.wikipedia.org/wiki/Inazuma_Eleven_GO:_Ky%C5%ABkyoku_no_Kizuna_Gurifon
https://en.wikipedia.org/wiki/Inazuma_Eleven_GO_vs._Danb%C5%8Dru_Senki_W
https://en.wikipedia.org/wiki/Inba_(film)
https://en.wikipedia.org/wiki/Inba_Twinkle_Lilly
https://en.wikipedia.org/wiki/Inbetween_Worlds
https://en.wikipedia.org/wiki/Inbred_(film)
https://en.wikipedia.org/wiki/Incantation_(film)
https://en.wikipedia.org/wiki/Incarnate_(film)
https://en.wikipedia.org/wiki/Incendiary:_The_Willingham_Case
https://en.wikipedia.org/wiki/Incendiary_(film)
https://en.wikipedia.org/wiki/Incendiary_Blonde
https://en.wikipedia.org/wiki/Incendies_(film)
https://en.wikipedia.org/wiki/Incense_(film)
https://en.wikipedia.org/wiki/Inception
https://en.wikipedia.org/wiki/Incessant_Visions
https://en.wikipedia.org/wiki/Incest_(film)
https://en.wikipedia.org/wiki/Inch%27Allah_(2012_film)
https://en.wikipedia.org/wiki/Inchi_Inchi_Prem
https://en.wikipedia.org/wiki/Inchon_(film)
https://en.wikipedia.org/wiki/Incident_(film)
https://en.wikipedia.org/wiki/Incident_Light
https://en.wikipedia.org/wiki/Incident_at_Clovelly_Cottage
https://en.wikipedia.org/wiki/Incident_at_Loch_Ness
https://en.wikipedia.org/wiki/Incident_at_Oglala
https://en.wikipedia.org/wiki/Incident_at_Raven%27s_Gate
https://en.wikipedia.org/wiki/Incident_in_San_Francisco
https://en.wikipedia.org/wiki/Incident_in_a_Small_Town
https://en.wikipedia.org/wiki/Incident_of_the_7th_Bamboo_Flute
https://en.wikipedia.org/wiki/Incident_on_a_Dark_Street
https://en.wikipedia.org/wiki/Incitement_(film)
https://en.wikipedia.org/wiki/Incomplete_Eclipse
https://en.wikipedia.org/wiki/Inconceivable_(2017_film)
https://en.wikipedia.org/wiki/Incredibles
https://en.wikipedia.org/wiki/Incredibles_2
https://en.wikipedia.org/wiki/Incubus_(1966_film)
https://en.wikipedia.org/wiki/Incubus_(2006_film)
https://en.wikipedia.org/wiki/Indecent_Proposal
https://en.wikipedia.org/wiki/Independence_Day_(1983_film)
https://en.wikipedia.org/wiki/Independence_Day_2
https://en.wikipedia.org/wiki/Indestructible_Man
https://en.wikipedia.org/wiki/India_Song
https://en.wikipedia.org/wiki/India_Speaks
https://en.wikipedia.org/wiki/Indian_(1996_film)
https://en.wikipedia.org/wiki/Indian_(2001_film)
https://en.wikipedia.org/wiki/Indian_2
https://en.wikipedia.org/wiki/Indian_Summer_(1970_film)
https://en.wikipedia.org/wiki/Indian_Summer_(1973_film)
https://en.wikipedia.org/wiki/Indian_Summer_(1993_film)
https://en.wikipedia.org/wiki/Indian_Summer_(1996_film)
https://en.wikipedia.org/wiki/Indiana_Jones
https://en.wikipedia.org/wiki/Indiana_Jones_and_the_Dial_of_Destiny
https://en.wikipedia.org/wiki/Indiana_Jones_and_the_Kingdom_of_the_Crystal_Skull
https://en.wikipedia.org/wiki/Indiana_Jones_and_the_Last_Crusade
https://en.wikipedia.org/wiki/Indiana_Jones_and_the_Temple_of_Doom
https://en.wikipedia.org/wiki/Indig%C3%A8nes
https://en.wikipedia.org/wiki/Indigenous_(film)
https://en.wikipedia.org/wiki/Indiscreet_(1931_film)
https://en.wikipedia.org/wiki/Indiscreet_(1958_film)
https://en.wikipedia.org/wiki/Indochine_(film)
https://en.wikipedia.org/wiki/Indra_(2002_film)
https://en.wikipedia.org/wiki/Indra_(2008_film)
https://en.wikipedia.org/wiki/Infamous_(2006_film)
https://en.wikipedia.org/wiki/Infamous_(2020_film)
https://en.wikipedia.org/wiki/Infection_(2003_film)
https://en.wikipedia.org/wiki/Infection_(2004_film)
https://en.wikipedia.org/wiki/Infection_(2019_film)
https://en.wikipedia.org/wiki/Infernal_Affairs
https://en.wikipedia.org/wiki/Infernal_Affairs_(film_series)
https://en.wikipedia.org/wiki/Infernal_Affairs_II
https://en.wikipedia.org/wiki/Infernal_Affairs_III
https://en.wikipedia.org/wiki/Infernal_Machine_(film)
https://en.wikipedia.org/wiki/Inferno_(1953_film)
https://en.wikipedia.org/wiki/Inferno_(1980_film)
https://en.wikipedia.org/wiki/Inferno_(2016_film)
https://en.wikipedia.org/wiki/Infestation_(2009_film)
https://en.wikipedia.org/wiki/Infidel_(film)
https://en.wikipedia.org/wiki/Infidelity_(1917_film)
https://en.wikipedia.org/wiki/Infidelity_(1987_film)
https://en.wikipedia.org/wiki/Infinite_(film)
https://en.wikipedia.org/wiki/Infinity_(1996_film)
https://en.wikipedia.org/wiki/Infinity_Pool_(film)
https://en.wikipedia.org/wiki/Ingagi
https://en.wikipedia.org/wiki/Inglourious_Basterds
https://en.wikipedia.org/wiki/Ingmar_Bergman_Makes_a_Movie
https://en.wikipedia.org/wiki/Ingrid_Goes_West
https://en.wikipedia.org/wiki/Inherent_Vice_(film)
https://en.wikipedia.org/wiki/Inherit_the_Wind_(1960_film)
https://en.wikipedia.org/wiki/Inherit_the_Wind_(1988_film)
https://en.wikipedia.org/wiki/Inherit_the_Wind_(1999_film)
https://en.wikipedia.org/wiki/Initial_D_(film)
https://en.wikipedia.org/wiki/Initiation:_Silent_Night,_Deadly_Night_4
https://en.wikipedia.org/wiki/Initiation_Love
https://en.wikipedia.org/wiki/Injustice_(2021_film)
https://en.wikipedia.org/wiki/Ink_(film)
https://en.wikipedia.org/wiki/Inkaar_(1943_film)
https://en.wikipedia.org/wiki/Inkaar_(1977_film)
https://en.wikipedia.org/wiki/Inkaar_(2013_film)
https://en.wikipedia.org/wiki/Inkheart_(film)
https://en.wikipedia.org/wiki/Inland_Empire_(film)
https://en.wikipedia.org/wiki/Inn_for_Trouble
https://en.wikipedia.org/wiki/Inn_of_Evil
https://en.wikipedia.org/wiki/Inn_of_the_Damned
https://en.wikipedia.org/wiki/Inn_of_the_Sinful_Daughters
https://en.wikipedia.org/wiki/Inna_de_Yard:_The_Soul_of_Jamaica
https://en.wikipedia.org/wiki/Innale
https://en.wikipedia.org/wiki/Innale_Innu
https://en.wikipedia.org/wiki/Innalenkil_Nale
https://en.wikipedia.org/wiki/Innaleyude_Baakki
https://en.wikipedia.org/wiki/Innanu_Aa_Kalyanam
https://en.wikipedia.org/wiki/Innathe_Chintha_Vishayam
https://en.wikipedia.org/wiki/Innathe_Program
https://en.wikipedia.org/wiki/Inner_City_(1995_film)
https://en.wikipedia.org/wiki/Inner_Demons
https://en.wikipedia.org/wiki/Inner_Jellyfishes
https://en.wikipedia.org/wiki/Inner_Sanctum_(1948_film)
https://en.wikipedia.org/wiki/Inner_Sanctum_(1991_film)
https://en.wikipedia.org/wiki/Inner_Workings
https://en.wikipedia.org/wiki/Innerspace
https://en.wikipedia.org/wiki/Innocence_(1923_film)
https://en.wikipedia.org/wiki/Innocence_(2000_film)
https://en.wikipedia.org/wiki/Innocence_(2004_film)
https://en.wikipedia.org/wiki/Innocence_(2005_film)
https://en.wikipedia.org/wiki/Innocence_(2011_film)
https://en.wikipedia.org/wiki/Innocence_(2013_film)
https://en.wikipedia.org/wiki/Innocence_(2020_film)
https://en.wikipedia.org/wiki/Innocence_of_Muslims
https://en.wikipedia.org/wiki/Innocent_Blood_(film)
https://en.wikipedia.org/wiki/Innocent_Steps
https://en.wikipedia.org/wiki/Inochi
https://en.wikipedia.org/wiki/Insane_(film)
https://en.wikipedia.org/wiki/Insanity_(2015_film)
https://en.wikipedia.org/wiki/Insatiable_(film)
https://en.wikipedia.org/wiki/Inseminoid
https://en.wikipedia.org/wiki/Inside/Out_(1997_film)
https://en.wikipedia.org/wiki/Inside_(1996_film)
https://en.wikipedia.org/wiki/Inside_(2002_film)
https://en.wikipedia.org/wiki/Inside_(2007_film)
https://en.wikipedia.org/wiki/Inside_(2011_film)
https://en.wikipedia.org/wiki/Inside_(2012_film)
https://en.wikipedia.org/wiki/Inside_(2013_film)
https://en.wikipedia.org/wiki/Inside_(2016_film)
https://en.wikipedia.org/wiki/Inside_Daisy_Clover
https://en.wikipedia.org/wiki/Inside_Deep_Throat
https://en.wikipedia.org/wiki/Inside_I%27m_Dancing
https://en.wikipedia.org/wiki/Inside_Job_(1946_film)
https://en.wikipedia.org/wiki/Inside_Job_(2010_film)
https://en.wikipedia.org/wiki/Inside_Llewyn_Davis
https://en.wikipedia.org/wiki/Inside_Man
https://en.wikipedia.org/wiki/Inside_Men_(film)
https://en.wikipedia.org/wiki/Inside_Monkey_Zetterland
https://en.wikipedia.org/wiki/Inside_Nazi_Germany
https://en.wikipedia.org/wiki/Inside_Out_(1975_film)
https://en.wikipedia.org/wiki/Inside_Out_(1986_film)
https://en.wikipedia.org/wiki/Inside_Out_(2011_film)
https://en.wikipedia.org/wiki/Inside_Out_(2015_film)
https://en.wikipedia.org/wiki/Inside_the_Girls
https://en.wikipedia.org/wiki/Insidious:_Chapter_2
https://en.wikipedia.org/wiki/Insidious:_Chapter_3
https://en.wikipedia.org/wiki/Insidious:_The_Last_Key
https://en.wikipedia.org/wiki/Insidious:_The_Red_Door
https://en.wikipedia.org/wiki/Insidious_(film)
https://en.wikipedia.org/wiki/Insidious_(film_series)
https://en.wikipedia.org/wiki/Insignificance_(film)
https://en.wikipedia.org/wiki/Insomnia_(1997_film)
https://en.wikipedia.org/wiki/Insomnia_(2002_film)
https://en.wikipedia.org/wiki/Insomnia_Lover
https://en.wikipedia.org/wiki/Inspector_Clouseau_(film)
https://en.wikipedia.org/wiki/Inspector_Gadget_(film)
https://en.wikipedia.org/wiki/Inspector_Gadget_2
https://en.wikipedia.org/wiki/Inspiration_(1915_film)
https://en.wikipedia.org/wiki/Inspiration_(1928_film)
https://en.wikipedia.org/wiki/Inspiration_(1931_film)
https://en.wikipedia.org/wiki/Inspiration_(1949_film)
https://en.wikipedia.org/wiki/Instant_Family
https://en.wikipedia.org/wiki/Instinct_(1930_film)
https://en.wikipedia.org/wiki/Instinct_(1999_film)
https://en.wikipedia.org/wiki/Instinct_(2019_film)
https://en.wikipedia.org/wiki/Insult_(film)
https://en.wikipedia.org/wiki/Insyriated
https://en.wikipedia.org/wiki/Intact_(film)
https://en.wikipedia.org/wiki/Intentions_of_Murder
https://en.wikipedia.org/wiki/Interceptor_(film)
https://en.wikipedia.org/wiki/Interiors
https://en.wikipedia.org/wiki/Intermezzo_(1936_film)
https://en.wikipedia.org/wiki/Intermezzo_(1939_film)
https://en.wikipedia.org/wiki/Intermission_(film)
https://en.wikipedia.org/wiki/Intern_Academy
https://en.wikipedia.org/wiki/Internal_Affairs_(film)
https://en.wikipedia.org/wiki/International_House_(1933_film)
https://en.wikipedia.org/wiki/International_Khiladi
https://en.wikipedia.org/wiki/International_Sweethearts_of_Rhythm_(film)
https://en.wikipedia.org/wiki/International_Velvet_(film)
https://en.wikipedia.org/wiki/Intersection_(1994_film)
https://en.wikipedia.org/wiki/Interstate_60
https://en.wikipedia.org/wiki/Interstella_5555:_The_5tory_of_the_5ecret_5tar_5ystem
https://en.wikipedia.org/wiki/Interstellar_(film)
https://en.wikipedia.org/wiki/Interview_(1971_film)
https://en.wikipedia.org/wiki/Interview_(1973_film)
https://en.wikipedia.org/wiki/Interview_(2003_film)
https://en.wikipedia.org/wiki/Interview_(2007_film)
https://en.wikipedia.org/wiki/Interview_with_the_Vampire_(film)
https://en.wikipedia.org/wiki/Interviewing_Monsters_and_Bigfoot
https://en.wikipedia.org/wiki/Intervista
https://en.wikipedia.org/wiki/Intimacy_(1966_film)
https://en.wikipedia.org/wiki/Intimacy_(2001_film)
https://en.wikipedia.org/wiki/Intimate_Lighting
https://en.wikipedia.org/wiki/Intimate_Relations_(1937_film)
https://en.wikipedia.org/wiki/Intimate_Relations_(1953_film)
https://en.wikipedia.org/wiki/Intimate_Relations_(1996_film)
https://en.wikipedia.org/wiki/Intimate_Strangers_(1977_film)
https://en.wikipedia.org/wiki/Intimate_Strangers_(2004_film)
https://en.wikipedia.org/wiki/Intimate_Strangers_(2018_film)
https://en.wikipedia.org/wiki/Into_Great_Silence
https://en.wikipedia.org/wiki/Into_Temptation_(film)
https://en.wikipedia.org/wiki/Into_the_Abyss_(film)
https://en.wikipedia.org/wiki/Into_the_Arms_of_Strangers:_Stories_of_the_Kindertransport
https://en.wikipedia.org/wiki/Into_the_Blue_(1950_film)
https://en.wikipedia.org/wiki/Into_the_Blue_(2005_film)
https://en.wikipedia.org/wiki/Into_the_Blue_2:_The_Reef
https://en.wikipedia.org/wiki/Into_the_Dark_(film)
https://en.wikipedia.org/wiki/Into_the_Deep_(film)
https://en.wikipedia.org/wiki/Into_the_Forest
https://en.wikipedia.org/wiki/Into_the_Grizzly_Maze
https://en.wikipedia.org/wiki/Into_the_Mirror
https://en.wikipedia.org/wiki/Into_the_Night_(1928_film)
https://en.wikipedia.org/wiki/Into_the_Night_(1985_film)
https://en.wikipedia.org/wiki/Into_the_Storm_(2009_film)
https://en.wikipedia.org/wiki/Into_the_Storm_(2014_film)
https://en.wikipedia.org/wiki/Into_the_Sun_(1992_film)
https://en.wikipedia.org/wiki/Into_the_Sun_(2005_film)
https://en.wikipedia.org/wiki/Into_the_West_(film)
https://en.wikipedia.org/wiki/Into_the_White
https://en.wikipedia.org/wiki/Into_the_Wild_(film)
https://en.wikipedia.org/wiki/Into_the_Woods_(film)
https://en.wikipedia.org/wiki/Intolerable_Cruelty
https://en.wikipedia.org/wiki/Intolerance_(film)
https://en.wikipedia.org/wiki/Intriga_en_Lima
https://en.wikipedia.org/wiki/Introduction_(film)
https://en.wikipedia.org/wiki/Intruders_(2011_film)
https://en.wikipedia.org/wiki/Intruders_(2013_film)
https://en.wikipedia.org/wiki/Intruders_(2015_film)
https://en.wikipedia.org/wiki/Intrusion_(film)
https://en.wikipedia.org/wiki/Inuyasha_the_Movie:_The_Castle_Beyond_the_Looking_Glass
https://en.wikipedia.org/wiki/Invader_(1992_film)
https://en.wikipedia.org/wiki/Invader_(2012_film)
https://en.wikipedia.org/wiki/Invader_Zim:_Enter_the_Florpus
https://en.wikipedia.org/wiki/Invaders_from_Mars_(1953_film)
https://en.wikipedia.org/wiki/Invaders_from_Mars_(1986_film)
https://en.wikipedia.org/wiki/Invaders_from_Space
https://en.wikipedia.org/wiki/Invasi%C3%B3n_(2024_film)
https://en.wikipedia.org/wiki/Invasion_(1966_film)
https://en.wikipedia.org/wiki/Invasion_(2012_film)
https://en.wikipedia.org/wiki/Invasion_(2014_film)
https://en.wikipedia.org/wiki/Invasion_(2017_film)
https://en.wikipedia.org/wiki/Invasion_(2020_film)
https://en.wikipedia.org/wiki/Invasion_(miniseries)
https://en.wikipedia.org/wiki/Invasion_1897
https://en.wikipedia.org/wiki/Invasion_Planet_Earth
https://en.wikipedia.org/wiki/Invasion_Quartet
https://en.wikipedia.org/wiki/Invasion_U.S.A._(1952_film)
https://en.wikipedia.org/wiki/Invasion_U.S.A._(1985_film)
https://en.wikipedia.org/wiki/Invasion_from_Inner_Earth
https://en.wikipedia.org/wiki/Invasion_of_Astro-Monster
https://en.wikipedia.org/wiki/Invasion_of_Privacy_(film)
https://en.wikipedia.org/wiki/Invasion_of_the_Animal_People
https://en.wikipedia.org/wiki/Invasion_of_the_Bee_Girls
https://en.wikipedia.org/wiki/Invasion_of_the_Blood_Farmers
https://en.wikipedia.org/wiki/Invasion_of_the_Body_Snatchers
https://en.wikipedia.org/wiki/Invasion_of_the_Body_Snatchers_(1978_film)
https://en.wikipedia.org/wiki/Invasion_of_the_Bunny_Snatchers
https://en.wikipedia.org/wiki/Invasion_of_the_Neptune_Men
https://en.wikipedia.org/wiki/Invasion_of_the_Pod_People
https://en.wikipedia.org/wiki/Invasion_of_the_Saucer_Men
https://en.wikipedia.org/wiki/Invasion_of_the_Scream_Queens
https://en.wikipedia.org/wiki/Invasion_of_the_Star_Creatures
https://en.wikipedia.org/wiki/Inventing_Our_Life:_The_Kibbutz_Experiment
https://en.wikipedia.org/wiki/Inventing_the_Abbotts
https://en.wikipedia.org/wiki/Invention_for_Destruction
https://en.wikipedia.org/wiki/Inversion_(film)
https://en.wikipedia.org/wiki/Investigating_Sex
https://en.wikipedia.org/wiki/Investigation_of_a_Citizen_Above_Suspicion
https://en.wikipedia.org/wiki/Investigation_of_a_Flame
https://en.wikipedia.org/wiki/Investment_(film)
https://en.wikipedia.org/wiki/Invictus_(film)
https://en.wikipedia.org/wiki/Invincible_(2001_TV_film)
https://en.wikipedia.org/wiki/Invincible_(2001_drama_film)
https://en.wikipedia.org/wiki/Invincible_(2006_film)
https://en.wikipedia.org/wiki/Invincible_(2022_film)
https://en.wikipedia.org/wiki/Invisible_(2011_film)
https://en.wikipedia.org/wiki/Invisible_(2015_film)
https://en.wikipedia.org/wiki/Invisible_Agent
https://en.wikipedia.org/wiki/Invisible_Avenger
https://en.wikipedia.org/wiki/Invisible_Battalion_(film)
https://en.wikipedia.org/wiki/Invisible_Beauty
https://en.wikipedia.org/wiki/Invisible_Ghost
https://en.wikipedia.org/wiki/Invisible_Waves
https://en.wikipedia.org/wiki/Invisible_Wings
https://en.wikipedia.org/wiki/Invitation_(1952_film)
https://en.wikipedia.org/wiki/Invitation_(2008_film)
https://en.wikipedia.org/wiki/Invitation_to_a_Gunfighter
https://en.wikipedia.org/wiki/Invitation_to_the_Dance_(film)
https://en.wikipedia.org/wiki/Io_(film)
https://en.wikipedia.org/wiki/Io_amo_Andrea
https://en.wikipedia.org/wiki/Io_che_amo_solo_te_(film)
https://en.wikipedia.org/wiki/Io_con_te_non_ci_sto_pi%C3%B9
https://en.wikipedia.org/wiki/Io_e_il_re
https://en.wikipedia.org/wiki/Io_e_lui
https://en.wikipedia.org/wiki/Io_e_mia_sorella
https://en.wikipedia.org/wiki/Io_non_protesto,_io_amo
https://en.wikipedia.org/wiki/Io_non_spezzo..._rompo
https://en.wikipedia.org/wiki/Io_piaccio
https://en.wikipedia.org/wiki/Io_sono_Mia
https://en.wikipedia.org/wiki/Io_sono_Tempesta
https://en.wikipedia.org/wiki/Io_sono_Tony_Scott
https://en.wikipedia.org/wiki/Io_sono_il_capataz
https://en.wikipedia.org/wiki/Io_ti_amo
https://en.wikipedia.org/wiki/Iodine_(film)
https://en.wikipedia.org/wiki/Iodo_(film)
https://en.wikipedia.org/wiki/Iona_(film)
https://en.wikipedia.org/wiki/Ip_Man:_Kung_Fu_Master
https://en.wikipedia.org/wiki/Ip_Man:_The_Final_Fight
https://en.wikipedia.org/wiki/Ip_Man_(film)
https://en.wikipedia.org/wiki/Ip_Man_(film_series)
https://en.wikipedia.org/wiki/Ip_Man_2
https://en.wikipedia.org/wiki/Ip_Man_3
https://en.wikipedia.org/wiki/Ip_Man_4:_The_Finale
https://en.wikipedia.org/wiki/Iphigenia_(film)
https://en.wikipedia.org/wiki/Ipolochagos_Natassa
https://en.wikipedia.org/wiki/Ippadai_Vellum
https://en.wikipedia.org/wiki/Ippadikku_En_Kadhal
https://en.wikipedia.org/wiki/Ippadiyum_Oru_Penn
https://en.wikipedia.org/wiki/Ippodromi_all%27alba
https://en.wikipedia.org/wiki/Iqaluit_(film)
https://en.wikipedia.org/wiki/Iqbal_(film)
https://en.wikipedia.org/wiki/Ira_%26_Abby
https://en.wikipedia.org/wiki/Ira_(film)
https://en.wikipedia.org/wiki/Ira_Thedunna_Manushyar
https://en.wikipedia.org/wiki/Iracema:_Uma_Transa_Amaz%C3%B4nica
https://en.wikipedia.org/wiki/Iracema_(1917_film)
https://en.wikipedia.org/wiki/Iracema_(1949_film)
https://en.wikipedia.org/wiki/Irada_(1991_film)
https://en.wikipedia.org/wiki/Irada_(2017_film)
https://en.wikipedia.org/wiki/Irada_Pakka
https://en.wikipedia.org/wiki/Iraivan_Kodutha_Varam
https://en.wikipedia.org/wiki/Irina_Palm
https://en.wikipedia.org/wiki/Iris_(2001_film)
https://en.wikipedia.org/wiki/Irma_Vep
https://en.wikipedia.org/wiki/Irma_la_Douce
https://en.wikipedia.org/wiki/Iron_Eagle
https://en.wikipedia.org/wiki/Iron_Eagle_II
https://en.wikipedia.org/wiki/Iron_Eagle_on_the_Attack
https://en.wikipedia.org/wiki/Iron_Man:_Rise_of_Technovore
https://en.wikipedia.org/wiki/Iron_Man_%26_Captain_America:_Heroes_United
https://en.wikipedia.org/wiki/Iron_Man_%26_Hulk:_Heroes_United
https://en.wikipedia.org/wiki/Iron_Man_(1931_film)
https://en.wikipedia.org/wiki/Iron_Man_(1951_film)
https://en.wikipedia.org/wiki/Iron_Man_(2008_film)
https://en.wikipedia.org/wiki/Iron_Man_(2009_film)
https://en.wikipedia.org/wiki/Iron_Man_2
https://en.wikipedia.org/wiki/Iron_Man_3
https://en.wikipedia.org/wiki/Iron_Monkey_(1977_film)
https://en.wikipedia.org/wiki/Iron_Monkey_(1993_film)
https://en.wikipedia.org/wiki/Iron_Sky
https://en.wikipedia.org/wiki/Iron_Sky:_The_Coming_Race
https://en.wikipedia.org/wiki/Iron_Warrior
https://en.wikipedia.org/wiki/Iron_Will
https://en.wikipedia.org/wiki/Ironclad_(film)
https://en.wikipedia.org/wiki/Ironweed_(film)
https://en.wikipedia.org/wiki/Irony_of_Fate
https://en.wikipedia.org/wiki/Irr%C3%A9versible
https://en.wikipedia.org/wiki/Irrational_Man_(film)
https://en.wikipedia.org/wiki/Irreconcilable_Differences
https://en.wikipedia.org/wiki/Is_Anybody_There%3F
https://en.wikipedia.org/wiki/Is_Divorce_a_Failure%3F
https://en.wikipedia.org/wiki/Is_Everybody_Happy%3F_(1929_film)
https://en.wikipedia.org/wiki/Is_Everybody_Happy%3F_(1943_film)
https://en.wikipedia.org/wiki/Is_Genesis_History%3F
https://en.wikipedia.org/wiki/Is_Harry_on_the_Boat%3F
https://en.wikipedia.org/wiki/Is_It_Always_Right_to_Be_Right%3F
https://en.wikipedia.org/wiki/Is_It_Clear,_My_Friend%3F
https://en.wikipedia.org/wiki/Is_It_College_Yet%3F
https://en.wikipedia.org/wiki/Is_It_Easy_to_Be_Young%3F
https://en.wikipedia.org/wiki/Is_It_Fall_Yet%3F
https://en.wikipedia.org/wiki/Is_It_Just_Me%3F_(film)
https://en.wikipedia.org/wiki/Is_It_My_Turn
https://en.wikipedia.org/wiki/Is_Life_Worth_Living%3F
https://en.wikipedia.org/wiki/Is_Love_Everything%3F
https://en.wikipedia.org/wiki/Is_Matrimony_a_Failure%3F
https://en.wikipedia.org/wiki/Is_Money_Everything%3F
https://en.wikipedia.org/wiki/Is_My_Face_Red%3F
https://en.wikipedia.org/wiki/Is_My_Palm_Read
https://en.wikipedia.org/wiki/Is_Paris_Burning%3F_(film)
https://en.wikipedia.org/wiki/Is_Raat_Ki_Subah_Nahin
https://en.wikipedia.org/wiki/Isaac_(film)
https://en.wikipedia.org/wiki/Isabella_(1988_film)
https://en.wikipedia.org/wiki/Isabella_(2006_film)
https://en.wikipedia.org/wiki/Isadora_(film)
https://en.wikipedia.org/wiki/Ishaqzaade
https://en.wikipedia.org/wiki/Ishq_(1997_film)
https://en.wikipedia.org/wiki/Ishq_Garaari
https://en.wikipedia.org/wiki/Ishq_Hai_Tumse
https://en.wikipedia.org/wiki/Ishq_Vishk
https://en.wikipedia.org/wiki/Ishqiya
https://en.wikipedia.org/wiki/Ishtar_(film)
https://en.wikipedia.org/wiki/Isi_%26_Ossi
https://en.wikipedia.org/wiki/Isi_Ka_Naam_Duniya_Hai
https://en.wikipedia.org/wiki/Isi_Ka_Naam_Zindagi
https://en.wikipedia.org/wiki/Isi_Life_Mein...!
https://en.wikipedia.org/wiki/Iska%27s_Journey
https://en.wikipedia.org/wiki/Iski_Topi_Uske_Sarr
https://en.wikipedia.org/wiki/Iskra_(film)
https://en.wikipedia.org/wiki/Iskul_Bukol_20_Years_After:_The_Ungasis_and_Escaleras_Adventure
https://en.wikipedia.org/wiki/Isla_Blanca_(film)
https://en.wikipedia.org/wiki/Islam:_What_the_West_Needs_to_Know
https://en.wikipedia.org/wiki/Island_in_the_Sky_(1938_film)
https://en.wikipedia.org/wiki/Island_in_the_Sky_(1953_film)
https://en.wikipedia.org/wiki/Island_in_the_Sun_(film)
https://en.wikipedia.org/wiki/Island_of_Death
https://en.wikipedia.org/wiki/Island_of_Doomed_Men
https://en.wikipedia.org/wiki/Island_of_Lost_Men
https://en.wikipedia.org/wiki/Island_of_Lost_Souls_(1932_film)
https://en.wikipedia.org/wiki/Island_of_Lost_Souls_(2007_film)
https://en.wikipedia.org/wiki/Island_of_Terror
https://en.wikipedia.org/wiki/Island_of_the_Blue_Dolphins_(film)
https://en.wikipedia.org/wiki/Island_of_the_Fishmen
https://en.wikipedia.org/wiki/Isle_of_Dogs_(film)
https://en.wikipedia.org/wiki/Isle_of_Flowers
https://en.wikipedia.org/wiki/Isle_of_the_Dead_(film)
https://en.wikipedia.org/wiki/Ism_(film)
https://en.wikipedia.org/wiki/Ismael%27s_Ghosts
https://en.wikipedia.org/wiki/Ismael_(film)
https://en.wikipedia.org/wiki/Ismail_Yassine_in_the_Navy
https://en.wikipedia.org/wiki/Isn%27t_Anyone_Alive%3F
https://en.wikipedia.org/wiki/Isn%27t_It_Delicious
https://en.wikipedia.org/wiki/Isn%27t_It_Romantic%3F_(1948_film)
https://en.wikipedia.org/wiki/Isn%27t_It_Romantic_(2019_film)
https://en.wikipedia.org/wiki/Isn%27t_It_Shocking%3F
https://en.wikipedia.org/wiki/Isn%27t_Life_Wonderful
https://en.wikipedia.org/wiki/Isn%27t_Life_Wonderful!
https://en.wikipedia.org/wiki/Isn%27t_She_Great
https://en.wikipedia.org/wiki/Iso_lo
https://en.wikipedia.org/wiki/Isola_(film)
https://en.wikipedia.org/wiki/Isolation_(2005_film)
https://en.wikipedia.org/wiki/Isolation_(2009_film)
https://en.wikipedia.org/wiki/Isoroku_(film)
https://en.wikipedia.org/wiki/Ispade_Rajavum_Idhaya_Raniyum
https://en.wikipedia.org/wiki/Ispiritista:_Itay,_May_Moomoo
https://en.wikipedia.org/wiki/Israel:_A_Right_to_Live
https://en.wikipedia.org/wiki/Issues_101
https://en.wikipedia.org/wiki/Istanbul_(film)
https://en.wikipedia.org/wiki/Istanbul_Beneath_My_Wings
https://en.wikipedia.org/wiki/Istoria_mias_zois
https://en.wikipedia.org/wiki/Isusumbong_Kita_sa_Tatay_Ko...
https://en.wikipedia.org/wiki/It!_The_Terror_from_Beyond_Space
https://en.wikipedia.org/wiki/It%27s_Alive_(1974_film)
https://en.wikipedia.org/wiki/It%27s_Alive_(2009_film)
https://en.wikipedia.org/wiki/It%27s_All_About_Love
https://en.wikipedia.org/wiki/It%27s_All_Gone_Pete_Tong
https://en.wikipedia.org/wiki/It%27s_All_True:_Based_on_an_Unfinished_Film_by_Orson_Welles
https://en.wikipedia.org/wiki/It%27s_All_True_(film)
https://en.wikipedia.org/wiki/It%27s_Always_Fair_Weather
https://en.wikipedia.org/wiki/It%27s_Complicated_(film)
https://en.wikipedia.org/wiki/It%27s_Entertainment
https://en.wikipedia.org/wiki/It%27s_Great_to_Be_Alive_(film)
https://en.wikipedia.org/wiki/It%27s_In_the_Water
https://en.wikipedia.org/wiki/It%27s_Kind_of_a_Funny_Story_(film)
https://en.wikipedia.org/wiki/It%27s_My_Party_(film)
https://en.wikipedia.org/wiki/It%27s_Not_Just_You,_Murray!
https://en.wikipedia.org/wiki/It%27s_Only_Money
https://en.wikipedia.org/wiki/It%27s_a_Disaster
https://en.wikipedia.org/wiki/It%27s_a_Gift
https://en.wikipedia.org/wiki/It%27s_a_Great_Feeling
https://en.wikipedia.org/wiki/It%27s_a_Long_Road
https://en.wikipedia.org/wiki/It%27s_a_Mad,_Mad,_Mad,_Mad_World
https://en.wikipedia.org/wiki/It%27s_a_Small_World_(1935_film)
https://en.wikipedia.org/wiki/It%27s_a_Small_World_(1950_film)
https://en.wikipedia.org/wiki/It%27s_a_Very_Merry_Muppet_Christmas_Movie
https://en.wikipedia.org/wiki/It%27s_a_Wonderful_Afterlife
https://en.wikipedia.org/wiki/It%27s_a_Wonderful_Life
https://en.wikipedia.org/wiki/It%27s_a_Wonderful_World_(1939_film)
https://en.wikipedia.org/wiki/It%27s_a_Wonderful_World_(1956_film)
https://en.wikipedia.org/wiki/It%27s_in_the_Air_(1938_film)
https://en.wikipedia.org/wiki/It%27s_in_the_Bag!_(1945_film)
https://en.wikipedia.org/wiki/It%27s_in_the_Bag_(1936_film)
https://en.wikipedia.org/wiki/It%27s_in_the_Bag_(1944_film)
https://en.wikipedia.org/wiki/It%27s_the_Rage_(film)
https://en.wikipedia.org/wiki/It_(1927_film)
https://en.wikipedia.org/wiki/It_(2017_film)
https://en.wikipedia.org/wiki/It_(miniseries)
https://en.wikipedia.org/wiki/It_Always_Rains_on_Sunday
https://en.wikipedia.org/wiki/It_Came_From_Hollywood
https://en.wikipedia.org/wiki/It_Came_From_the_Sky_(film)
https://en.wikipedia.org/wiki/It_Came_from_Beneath_the_Sea
https://en.wikipedia.org/wiki/It_Came_from_Outer_Space
https://en.wikipedia.org/wiki/It_Chapter_Two
https://en.wikipedia.org/wiki/It_Comes_at_Night
https://en.wikipedia.org/wiki/It_Conquered_the_World
https://en.wikipedia.org/wiki/It_Could_Happen_to_You_(1937_film)
https://en.wikipedia.org/wiki/It_Could_Happen_to_You_(1939_film)
https://en.wikipedia.org/wiki/It_Could_Happen_to_You_(1994_film)
https://en.wikipedia.org/wiki/It_Couldn%27t_Happen_Here
https://en.wikipedia.org/wiki/It_Follows
https://en.wikipedia.org/wiki/It_Had_to_Be_You!
https://en.wikipedia.org/wiki/It_Had_to_Be_You_(1947_film)
https://en.wikipedia.org/wiki/It_Had_to_Be_You_(2000_film)
https://en.wikipedia.org/wiki/It_Happened_Here
https://en.wikipedia.org/wiki/It_Happened_One_Night
https://en.wikipedia.org/wiki/It_Happened_Tomorrow
https://en.wikipedia.org/wiki/It_Happened_at_Lakewood_Manor
https://en.wikipedia.org/wiki/It_Happened_at_the_Inn
https://en.wikipedia.org/wiki/It_Happened_at_the_Police_Station
https://en.wikipedia.org/wiki/It_Happened_at_the_Police_Station_(1963_film)
https://en.wikipedia.org/wiki/It_Happened_at_the_World%27s_Fair
https://en.wikipedia.org/wiki/It_Happened_in_Brooklyn
https://en.wikipedia.org/wiki/It_Happened_on_5th_Avenue
https://en.wikipedia.org/wiki/It_Might_Get_Loud
https://en.wikipedia.org/wiki/It_Runs_in_the_Family_(2003_film)
https://en.wikipedia.org/wiki/It_Should_Happen_to_You
https://en.wikipedia.org/wiki/It_Started_in_Naples
https://en.wikipedia.org/wiki/It_Started_with_a_Kiss_(film)
https://en.wikipedia.org/wiki/It_Takes_Two_(1982_film)
https://en.wikipedia.org/wiki/It_Takes_Two_(1988_film)
https://en.wikipedia.org/wiki/It_Takes_Two_(1995_film)
https://en.wikipedia.org/wiki/It_Was_a_Wonderful_Life
https://en.wikipedia.org/wiki/Italian_Race
https://en.wikipedia.org/wiki/Italian_for_Beginners
https://en.wikipedia.org/wiki/Italianamerican
https://en.wikipedia.org/wiki/Italians_(film)
https://en.wikipedia.org/wiki/Italiencele
https://en.wikipedia.org/wiki/Italo_(film)
https://en.wikipedia.org/wiki/Italy_Has_Awakened
https://en.wikipedia.org/wiki/Italy_in_a_Day
https://en.wikipedia.org/wiki/Item_47
https://en.wikipedia.org/wiki/Item_One
https://en.wikipedia.org/wiki/Itha_Innu_Muthal
https://en.wikipedia.org/wiki/Itha_Ivide_Vare
https://en.wikipedia.org/wiki/Itha_Oru_Dhikkari
https://en.wikipedia.org/wiki/Itha_Oru_Snehagatha
https://en.wikipedia.org/wiki/Itha_Oru_Theeram
https://en.wikipedia.org/wiki/Itha_Samayamayi
https://en.wikipedia.org/wiki/Ithaa_Oru_Manushyan
https://en.wikipedia.org/wiki/Ithaanente_Vazhi
https://en.wikipedia.org/wiki/Ithaca_(film)
https://en.wikipedia.org/wiki/Ithalukalkappuram
https://en.wikipedia.org/wiki/Ithaya_Geetham
https://en.wikipedia.org/wiki/Ithihasa
https://en.wikipedia.org/wiki/Ithile_Iniyum_Varu
https://en.wikipedia.org/wiki/Ithile_Vannavar
https://en.wikipedia.org/wiki/Ithinumappuram
https://en.wikipedia.org/wiki/Ithiri_Poove_Chuvannapoove
https://en.wikipedia.org/wiki/Ithramathram_(2012_film)
https://en.wikipedia.org/wiki/Ithrayum_Kaalam
https://en.wikipedia.org/wiki/Ithu_Engal_Neethi
https://en.wikipedia.org/wiki/Ithu_Manushyano
https://en.wikipedia.org/wiki/Ithu_Nalla_Thamasha
https://en.wikipedia.org/wiki/Ithu_Namma_Veedu
https://en.wikipedia.org/wiki/Ithu_Nammude_Katha
https://en.wikipedia.org/wiki/Ithu_Njangalude_Katha
https://en.wikipedia.org/wiki/Ithu_Oru_Thudakkom_Mathram
https://en.wikipedia.org/wiki/Ithu_Pathiramanal
https://en.wikipedia.org/wiki/Ithu_Thaanda_Police
https://en.wikipedia.org/wiki/Ithubaaru
https://en.wikipedia.org/wiki/Ithum_Oru_Jeevitham
https://en.wikipedia.org/wiki/Iti_Mrinalini
https://en.wikipedia.org/wiki/Iti_Srikanta
https://en.wikipedia.org/wiki/Itihaas_(1987_film)
https://en.wikipedia.org/wiki/Itihaas_(1997_film)
https://en.wikipedia.org/wiki/Itihas_(2002_film)
https://en.wikipedia.org/wiki/Itinerary_of_a_Spoiled_Child
https://en.wikipedia.org/wiki/Itlu_Sravani_Subramanyam
https://en.wikipedia.org/wiki/Ito:_A_Diary_of_an_Urban_Priest
https://en.wikipedia.org/wiki/Itsuka_dokusho_suruhi
https://en.wikipedia.org/wiki/Itsuka_no_Kimi_e
https://en.wikipedia.org/wiki/Itsy_Bitsy_Spider_(film)
https://en.wikipedia.org/wiki/Itt_a_szabads%C3%A1g!
https://en.wikipedia.org/wiki/Ittefaq_(1969_film)
https://en.wikipedia.org/wiki/Ittefaq_(2001_film)
https://en.wikipedia.org/wiki/Ittefaq_(2017_film)
https://en.wikipedia.org/wiki/Itty_Bitty_Titty_Committee
https://en.wikipedia.org/wiki/Ittymaani:_Made_in_China
https://en.wikipedia.org/wiki/Ival_Eevazhi_Ithu_Vare
https://en.wikipedia.org/wiki/Ival_Oru_Naadody
https://en.wikipedia.org/wiki/Ivan%27s_Childhood
https://en.wikipedia.org/wiki/Ivan,_Son_of_the_White_Devil
https://en.wikipedia.org/wiki/Ivan_%26_Ivana
https://en.wikipedia.org/wiki/Ivan_(1932_film)
https://en.wikipedia.org/wiki/Ivan_(2002_film)
https://en.wikipedia.org/wiki/Ivan_(2017_film)
https://en.wikipedia.org/wiki/Ivan_Brovkin_on_the_State_Farm
https://en.wikipedia.org/wiki/Ivan_Tsarevich_and_the_Gray_Wolf_(film)
https://en.wikipedia.org/wiki/Ivan_Tsarevich_and_the_Gray_Wolf_2
https://en.wikipedia.org/wiki/Ivan_Tsarevich_and_the_Gray_Wolf_3
https://en.wikipedia.org/wiki/Ivan_Vasilievich:_Back_to_the_Future
https://en.wikipedia.org/wiki/Ivan_and_Alexandra
https://en.wikipedia.org/wiki/Ivan_and_Marya
https://en.wikipedia.org/wiki/Ivan_the_Terrible,_Part_II
https://en.wikipedia.org/wiki/Ivan_the_Terrible_(1917_film)
https://en.wikipedia.org/wiki/Ivan_the_Terrible_(1944_film)
https://en.wikipedia.org/wiki/Ivanhoe,_the_Norman_Swordsman
https://en.wikipedia.org/wiki/Ivanhoe_(1913_American_film)
https://en.wikipedia.org/wiki/Ivanhoe_(1913_British_film)
https://en.wikipedia.org/wiki/Ivanhoe_(1952_film)
https://en.wikipedia.org/wiki/Ivanhoe_(1982_film)
https://en.wikipedia.org/wiki/Ivanna_(film)
https://en.wikipedia.org/wiki/Ivanov_(film)
https://en.wikipedia.org/wiki/Ivans_Xtc
https://en.wikipedia.org/wiki/Ivanuku_Thannila_Gandam
https://en.wikipedia.org/wiki/Ivar_(1980_film)
https://en.wikipedia.org/wiki/Ivar_(2003_film)
https://en.wikipedia.org/wiki/Ivargal_Varungala_Thoongal
https://en.wikipedia.org/wiki/Iyer_the_Great
https://en.wikipedia.org/wiki/Iyobinte_Pusthakam
https://en.wikipedia.org/wiki/Izo
https://en.wikipedia.org/wiki/Izu_no_Odoriko_(1974_film)
https://en.wikipedia.org/wiki/Izu_no_odoriko_(1954_film)
https://en.wikipedia.org/wiki/Izzat_(1937_film)
https://en.wikipedia.org/wiki/Izzat_(1960_film)
https://en.wikipedia.org/wiki/Izzat_(1968_film)
https://en.wikipedia.org/wiki/Izzat_(1991_film)
https://en.wikipedia.org/wiki/Izzat_(2005_film)
https://en.wikipedia.org/wiki/Izzie%27s_Way_Home
https://en.wikipedia.org/wiki/Izzy_Gets_the_F*ck_Across_Town
https://en.wikipedia.org/wiki/Izzy_Lyon:_The_Unspun_Truth
https://en.wikipedia.org/wiki/Izzy_and_Moe
https://en.wikipedia.org/wiki/J%27entends_plus_la_guitare
https://en.wikipedia.org/wiki/L%27Inferno_(1911)
https://en.wikipedia.org/wiki/Les_Innocents_(film)
https://en.wikipedia.org/wiki/Raiders_of_the_Lost_Ark
https://en.wikipedia.org/wiki/Television_film
https://en.wikipedia.org/wiki/Terminal_Station_(film)
https://en.wikipedia.org/wiki/The_I_Inside
https://en.wikipedia.org/wiki/The_Icarus_Line_Must_Die
https://en.wikipedia.org/wiki/The_Ice_Age_Adventures_of_Buck_Wild
https://en.wikipedia.org/wiki/The_Ice_Cream_Truck
https://en.wikipedia.org/wiki/The_Ice_Flood
https://en.wikipedia.org/wiki/The_Ice_Follies_of_1939
https://en.wikipedia.org/wiki/The_Ice_Forest
https://en.wikipedia.org/wiki/The_Ice_Harvest
https://en.wikipedia.org/wiki/The_Ice_House_(1969_film)
https://en.wikipedia.org/wiki/The_Ice_House_(1978_film)
https://en.wikipedia.org/wiki/The_Ice_Palace_(1987_film)
https://en.wikipedia.org/wiki/The_Ice_Pirates
https://en.wikipedia.org/wiki/The_Ice_Rink
https://en.wikipedia.org/wiki/The_Ice_Road
https://en.wikipedia.org/wiki/The_Ice_Road_2:_Road_to_the_Sky
https://en.wikipedia.org/wiki/The_Ice_Storm_(film)
https://en.wikipedia.org/wiki/The_Icebreaker_(film)
https://en.wikipedia.org/wiki/The_Iced_Bullet
https://en.wikipedia.org/wiki/The_Icelandic_Dream
https://en.wikipedia.org/wiki/The_Iceman_(film)
https://en.wikipedia.org/wiki/The_Iceman_Cometh_(1973_film)
https://en.wikipedia.org/wiki/The_Iceman_Cometh_(1989_film)
https://en.wikipedia.org/wiki/The_Iceman_Cometh_(2014_film)
https://en.wikipedia.org/wiki/The_Iceman_Ducketh
https://en.wikipedia.org/wiki/The_Icicle_Thief
https://en.wikipedia.org/wiki/The_Id_(film)
https://en.wikipedia.org/wiki/The_Idea_(1932_film)
https://en.wikipedia.org/wiki/The_Idea_of_You
https://en.wikipedia.org/wiki/The_Ideal_City
https://en.wikipedia.org/wiki/The_Ideal_Man
https://en.wikipedia.org/wiki/The_Idealist
https://en.wikipedia.org/wiki/The_Identical
https://en.wikipedia.org/wiki/The_Ides_of_March_(1961_film)
https://en.wikipedia.org/wiki/The_Ides_of_March_(2011_film)
https://en.wikipedia.org/wiki/The_Idiot_(1946_film)
https://en.wikipedia.org/wiki/The_Idiot_(1951_film)
https://en.wikipedia.org/wiki/The_Idiot_(1958_film)
https://en.wikipedia.org/wiki/The_Idiot_(2011_film)
https://en.wikipedia.org/wiki/The_Idiot_Cycle
https://en.wikipedia.org/wiki/The_Idiot_Maiden
https://en.wikipedia.org/wiki/The_Idiot_Returns
https://en.wikipedia.org/wiki/The_Idiots
https://en.wikipedia.org/wiki/The_Idle_Class
https://en.wikipedia.org/wiki/The_Idle_Rich_(1929_film)
https://en.wikipedia.org/wiki/The_Idol_(1966_film)
https://en.wikipedia.org/wiki/The_Idol_(2015_film)
https://en.wikipedia.org/wiki/The_Idol_of_Bonanza_Camp
https://en.wikipedia.org/wiki/The_Idol_of_Paris_(1914_film)
https://en.wikipedia.org/wiki/The_Idol_of_the_North
https://en.wikipedia.org/wiki/The_Idolmaker
https://en.wikipedia.org/wiki/The_Idolmaster_Movie:_Beyond_the_Brilliant_Future!
https://en.wikipedia.org/wiki/The_Illegal_(film)
https://en.wikipedia.org/wiki/The_Illegal_Immigrant
https://en.wikipedia.org/wiki/The_Illiterate_One
https://en.wikipedia.org/wiki/The_Illumination
https://en.wikipedia.org/wiki/The_Illusionauts
https://en.wikipedia.org/wiki/The_Illusionist_(1983_film)
https://en.wikipedia.org/wiki/The_Illusionist_(2006_film)
https://en.wikipedia.org/wiki/The_Illusionist_(2010_film)
https://en.wikipedia.org/wiki/The_Illustrated_Man_(film)
https://en.wikipedia.org/wiki/The_Illustrious_Prince
https://en.wikipedia.org/wiki/The_Image_Book
https://en.wikipedia.org/wiki/The_Imaginarium_of_Doctor_Parnassus
https://en.wikipedia.org/wiki/The_Imaginary_Voyage
https://en.wikipedia.org/wiki/The_Imitation_Game
https://en.wikipedia.org/wiki/The_Immaculate_Room
https://en.wikipedia.org/wiki/The_Immigrant_(1915_film)
https://en.wikipedia.org/wiki/The_Immigrant_(1917_film)
https://en.wikipedia.org/wiki/The_Immigrant_(2013_film)
https://en.wikipedia.org/wiki/The_Imperfect_Lady_(1947_film)
https://en.wikipedia.org/wiki/The_Importance_of_Being_Earnest_(1952_film)
https://en.wikipedia.org/wiki/The_Importance_of_Being_Earnest_(2002_film)
https://en.wikipedia.org/wiki/The_Impossible_(1965_film)
https://en.wikipedia.org/wiki/The_Impossible_(2012_film)
https://en.wikipedia.org/wiki/The_Impossible_Voyage
https://en.wikipedia.org/wiki/The_Imposter_(2008_film)
https://en.wikipedia.org/wiki/The_Imposter_(2012_film)
https://en.wikipedia.org/wiki/The_Impostor_(1927_film)
https://en.wikipedia.org/wiki/The_Impostor_(1944_American_film)
https://en.wikipedia.org/wiki/The_Impostors
https://en.wikipedia.org/wiki/The_In-Laws_(1979_film)
https://en.wikipedia.org/wiki/The_In-Laws_(2003_film)
https://en.wikipedia.org/wiki/The_In_Between_(film)
https://en.wikipedia.org/wiki/The_In_Crowd_(1988_film)
https://en.wikipedia.org/wiki/The_In_Crowd_(2000_film)
https://en.wikipedia.org/wiki/The_Inbetweeners_Movie
https://en.wikipedia.org/wiki/The_Incident_(1967_film)
https://en.wikipedia.org/wiki/The_Incident_(1978_film)
https://en.wikipedia.org/wiki/The_Incident_(1990_film)
https://en.wikipedia.org/wiki/The_Incident_(2014_film)
https://en.wikipedia.org/wiki/The_Incredible_Burt_Wonderstone
https://en.wikipedia.org/wiki/The_Incredible_Hulk_(film)
https://en.wikipedia.org/wiki/The_Incredible_Melting_Man
https://en.wikipedia.org/wiki/The_Incredible_Mr._Limpet
https://en.wikipedia.org/wiki/The_Incredible_Professor_Zovek
https://en.wikipedia.org/wiki/The_Incredible_Shrinking_Man
https://en.wikipedia.org/wiki/The_Incredible_Shrinking_Woman
https://en.wikipedia.org/wiki/The_Incredibles_(franchise)
https://en.wikipedia.org/wiki/The_Incredibly_Strange_Creatures_Who_Stopped_Living_and_Became_Mixed-Up_Zombies
https://en.wikipedia.org/wiki/The_Incredibly_True_Adventure_of_Two_Girls_in_Love
https://en.wikipedia.org/wiki/The_Incubus_(film)
https://en.wikipedia.org/wiki/The_Independent_(2000_film)
https://en.wikipedia.org/wiki/The_Independent_(2007_film)
https://en.wikipedia.org/wiki/The_Independent_(2022_film)
https://en.wikipedia.org/wiki/The_Indian_Runner
https://en.wikipedia.org/wiki/The_Indian_Tomb_(1921_film)
https://en.wikipedia.org/wiki/The_Indian_Tomb_(1938_film)
https://en.wikipedia.org/wiki/The_Indian_Tomb_(1959_film)
https://en.wikipedia.org/wiki/The_Indian_in_the_Cupboard_(film)
https://en.wikipedia.org/wiki/The_Inerasable
https://en.wikipedia.org/wiki/The_Infernal_Cake_Walk
https://en.wikipedia.org/wiki/The_Infernal_Cauldron
https://en.wikipedia.org/wiki/The_Informant!
https://en.wikipedia.org/wiki/The_Informer_(1912_film)
https://en.wikipedia.org/wiki/The_Informer_(1929_film)
https://en.wikipedia.org/wiki/The_Informer_(1935_film)
https://en.wikipedia.org/wiki/The_Informer_(2019_film)
https://en.wikipedia.org/wiki/The_Informers_(1963_film)
https://en.wikipedia.org/wiki/The_Informers_(2008_film)
https://en.wikipedia.org/wiki/The_Inglorious_Bastards
https://en.wikipedia.org/wiki/The_Inheritance_or_Fuckoffguysgoodday
https://en.wikipedia.org/wiki/The_Initiation_(film)
https://en.wikipedia.org/wiki/The_Initiation_of_Sarah
https://en.wikipedia.org/wiki/The_Initiation_of_Sarah_(2006_film)
https://en.wikipedia.org/wiki/The_Inkwell
https://en.wikipedia.org/wiki/The_Inn_of_the_Sixth_Happiness
https://en.wikipedia.org/wiki/The_Inn_on_the_River
https://en.wikipedia.org/wiki/The_Inner_Life_of_Martin_Frost
https://en.wikipedia.org/wiki/The_Innkeepers_(film)
https://en.wikipedia.org/wiki/The_Innocent_(1976_film)
https://en.wikipedia.org/wiki/The_Innocent_(1985_film)
https://en.wikipedia.org/wiki/The_Innocent_(1986_film)
https://en.wikipedia.org/wiki/The_Innocent_(1993_film)
https://en.wikipedia.org/wiki/The_Innocent_(1994_film)
https://en.wikipedia.org/wiki/The_Innocent_(2022_film)
https://en.wikipedia.org/wiki/The_Innocents_(1961_film)
https://en.wikipedia.org/wiki/The_Innocents_(1963_film)
https://en.wikipedia.org/wiki/The_Innocents_(2016_film)
https://en.wikipedia.org/wiki/The_Innocents_(2021_film)
https://en.wikipedia.org/wiki/The_Insect_Woman
https://en.wikipedia.org/wiki/The_Insider_(film)
https://en.wikipedia.org/wiki/The_Inspector_General_(1933_film)
https://en.wikipedia.org/wiki/The_Inspector_General_(1949_film)
https://en.wikipedia.org/wiki/The_Insult_(film)
https://en.wikipedia.org/wiki/The_Intern_(2000_film)
https://en.wikipedia.org/wiki/The_Intern_(2015_film)
https://en.wikipedia.org/wiki/The_International_(2006_film)
https://en.wikipedia.org/wiki/The_International_(2009_film)
https://en.wikipedia.org/wiki/The_Internship
https://en.wikipedia.org/wiki/The_Interpreter_(2005_film)
https://en.wikipedia.org/wiki/The_Interview
https://en.wikipedia.org/wiki/The_Interview_(1998_film)
https://en.wikipedia.org/wiki/The_Intimate_Stranger_(1956_film)
https://en.wikipedia.org/wiki/The_Intimate_Stranger_(unfinished_film)
https://en.wikipedia.org/wiki/The_Intouchables
https://en.wikipedia.org/wiki/The_Intruder_(1933_film)
https://en.wikipedia.org/wiki/The_Intruder_(1939_film)
https://en.wikipedia.org/wiki/The_Intruder_(1944_film)
https://en.wikipedia.org/wiki/The_Intruder_(1953_film)
https://en.wikipedia.org/wiki/The_Intruder_(1956_film)
https://en.wikipedia.org/wiki/The_Intruder_(1962_film)
https://en.wikipedia.org/wiki/The_Intruder_(1975_film)
https://en.wikipedia.org/wiki/The_Intruder_(1986_film)
https://en.wikipedia.org/wiki/The_Intruder_(1999_film)
https://en.wikipedia.org/wiki/The_Intruder_(2004_film)
https://en.wikipedia.org/wiki/The_Intruder_(2005_film)
https://en.wikipedia.org/wiki/The_Intruder_(2010_film)
https://en.wikipedia.org/wiki/The_Intruder_(2017_film)
https://en.wikipedia.org/wiki/The_Intruder_(2019_film)
https://en.wikipedia.org/wiki/The_Intruder_(2020_film)
https://en.wikipedia.org/wiki/The_Invasion_(film)
https://en.wikipedia.org/wiki/The_Invention_of_Lying
https://en.wikipedia.org/wiki/The_Inventor_(1981_film)
https://en.wikipedia.org/wiki/The_Inventor_(2023_film)
https://en.wikipedia.org/wiki/The_Inventor_Crazybrains_and_His_Wonderful_Airship
https://en.wikipedia.org/wiki/The_Invincible_Iron_Man_(film)
https://en.wikipedia.org/wiki/The_Invincible_Masked_Rider
https://en.wikipedia.org/wiki/The_Invincible_Piglet
https://en.wikipedia.org/wiki/The_Invisible_(2002_film)
https://en.wikipedia.org/wiki/The_Invisible_(2007_film)
https://en.wikipedia.org/wiki/The_Invisible_Avenger
https://en.wikipedia.org/wiki/The_Invisible_Circus_(film)
https://en.wikipedia.org/wiki/The_Invisible_Informer
https://en.wikipedia.org/wiki/The_Invisible_Man_(1933_film)
https://en.wikipedia.org/wiki/The_Invisible_Man_(2020_film)
https://en.wikipedia.org/wiki/The_Invisible_Man_Returns
https://en.wikipedia.org/wiki/The_Invisible_Maniac
https://en.wikipedia.org/wiki/The_Invisible_War
https://en.wikipedia.org/wiki/The_Invisible_Woman_(1940_film)
https://en.wikipedia.org/wiki/The_Invisible_Woman_(1969_film)
https://en.wikipedia.org/wiki/The_Invisible_Woman_(1983_film)
https://en.wikipedia.org/wiki/The_Invisible_Woman_(2013_film)
https://en.wikipedia.org/wiki/The_Invitation_(1973_film)
https://en.wikipedia.org/wiki/The_Invitation_(2015_film)
https://en.wikipedia.org/wiki/The_Invitation_(2022_film)
https://en.wikipedia.org/wiki/The_Ipcress_File_(film)
https://en.wikipedia.org/wiki/The_Irishman
https://en.wikipedia.org/wiki/The_Irishman_(1978_film)
https://en.wikipedia.org/wiki/The_Iron_Giant
https://en.wikipedia.org/wiki/The_Iron_Heel_(film)
https://en.wikipedia.org/wiki/The_Iron_Heel_of_Oligarchy
https://en.wikipedia.org/wiki/The_Iron_Lady_(film)
https://en.wikipedia.org/wiki/The_Iron_Orchard
https://en.wikipedia.org/wiki/The_Irrefutable_Truth_about_Demons
https://en.wikipedia.org/wiki/The_Island_(1980_film)
https://en.wikipedia.org/wiki/The_Island_(2005_film)
https://en.wikipedia.org/wiki/The_Island_at_the_Top_of_the_World
https://en.wikipedia.org/wiki/The_Island_of_Doctor_Agor
https://en.wikipedia.org/wiki/The_Island_of_Dr._Moreau_(1977_film)
https://en.wikipedia.org/wiki/The_Island_of_Dr._Moreau_(1996_film)
https://en.wikipedia.org/wiki/The_Isle
https://en.wikipedia.org/wiki/The_Italian_(1915_film)
https://en.wikipedia.org/wiki/The_Italian_(2005_film)
https://en.wikipedia.org/wiki/The_Italian_Barber
https://en.wikipedia.org/wiki/The_Italian_Brigands
https://en.wikipedia.org/wiki/The_Italian_Connection
https://en.wikipedia.org/wiki/The_Italian_Job
https://en.wikipedia.org/wiki/The_Italian_Job_(2003_film)
https://en.wikipedia.org/wiki/The_Italian_Key
https://en.wikipedia.org/wiki/The_Italian_Straw_Hat_(1928_film)
https://en.wikipedia.org/wiki/The_Italians_They_Are_Crazy
https://en.wikipedia.org/wiki/Voyage_to_the_End_of_the_Universe
Language counts for https://en.wikipedia.org/wiki/List_of_films:_I:
{'english': 782, 'tamil': 70, 'malayalam': 54, 'italian': 50, 'french': 46, 'hindi': 41, 'telugu': 35, 'spanish': 31, 'japanese': 30, 'russian': 25}

