https://en.wikipedia.org/wiki/List_of_films:_X%E2%80%93Z#Z
hello
https://en.wikipedia.org/wiki/List_of_films:_X%E2%80%93Z#Z
https://en.wikipedia.org/wiki/%C5%BDelary
https://en.wikipedia.org/wiki/A_Yank_Comes_Back
https://en.wikipedia.org/wiki/A_Yank_at_Eton
https://en.wikipedia.org/wiki/A_Yank_at_Oxford
https://en.wikipedia.org/wiki/A_Yank_in_Australia
https://en.wikipedia.org/wiki/A_Yank_in_Ermine
https://en.wikipedia.org/wiki/A_Yank_in_Indo-China
https://en.wikipedia.org/wiki/A_Yank_in_Korea
https://en.wikipedia.org/wiki/A_Yank_in_Libya
https://en.wikipedia.org/wiki/A_Yank_in_Rome
https://en.wikipedia.org/wiki/A_Yank_in_Viet-Nam
https://en.wikipedia.org/wiki/A_Yank_in_the_R.A.F.
https://en.wikipedia.org/wiki/A_Yank_on_the_Burma_Road
https://en.wikipedia.org/wiki/A_Yankee_Go_Getter
https://en.wikipedia.org/wiki/A_Yankee_Princess
https://en.wikipedia.org/wiki/A_Year_Ago_in_Winter
https://en.wikipedia.org/wiki/A_Year_Along_the_Abandoned_Road
https://en.wikipedia.org/wiki/A_Year_Toward_Tomorrow
https://en.wikipedia.org/wiki/A_Year_Without_Love
https://en.wikipedia.org/wiki/A_Year_and_Change
https://en.wikipedia.org/wiki/A_Year_and_a_Half_in_the_Life_of_Metallica
https://en.wikipedia.org/wiki/A_Year_in_the_Death_of_Jack_Richards
https://en.wikipedia.org/wiki/A_Year_of_the_Quiet_Sun
https://en.wikipedia.org/wiki/A_Yellow_Bird
https://en.wikipedia.org/wiki/A_Yiddish_World_Remembered
https://en.wikipedia.org/wiki/A_Yoke_of_Gold
https://en.wikipedia.org/wiki/A_Zealous_Batman
https://en.wikipedia.org/wiki/A_Zed_%26_Two_Noughts
https://en.wikipedia.org/wiki/Dark_Phoenix_(film)
https://en.wikipedia.org/wiki/Dawn_of_the_Dead_(1978_film)
https://en.wikipedia.org/wiki/De_Zeemeerman
https://en.wikipedia.org/wiki/El_zurdo
https://en.wikipedia.org/wiki/La_Zandunga_(film)
https://en.wikipedia.org/wiki/Les_Yeux_cern%C3%A9s
https://en.wikipedia.org/wiki/Les_Yeux_jaunes_des_crocodiles
https://en.wikipedia.org/wiki/Los_Zapaticos_me_Aprietan
https://en.wikipedia.org/wiki/Television_film
https://en.wikipedia.org/wiki/The_Star_(2002_film)
https://en.wikipedia.org/wiki/The_X-Files:_I_Want_to_Believe
https://en.wikipedia.org/wiki/The_X-Files_(film)
https://en.wikipedia.org/wiki/The_X_from_Outer_Space
https://en.wikipedia.org/wiki/The_Xi%27an_Incident_(film)
https://en.wikipedia.org/wiki/The_Xpos%C3%A9
https://en.wikipedia.org/wiki/The_Yacht_Isabel_Arrived_This_Afternoon
https://en.wikipedia.org/wiki/The_Yacoubian_Building_(film)
https://en.wikipedia.org/wiki/The_Yakuza
https://en.wikipedia.org/wiki/The_Yank
https://en.wikipedia.org/wiki/The_Yankee_Clipper_(film)
https://en.wikipedia.org/wiki/The_Yankee_Consul_(film)
https://en.wikipedia.org/wiki/The_Yankee_Doodle_Mouse
https://en.wikipedia.org/wiki/The_Yankee_Girl
https://en.wikipedia.org/wiki/The_Yankee_Se%C3%B1or
https://en.wikipedia.org/wiki/The_Yankles
https://en.wikipedia.org/wiki/The_Yanks_Are_Coming_(1942_film)
https://en.wikipedia.org/wiki/The_Yanks_Are_Coming_(1963_film)
https://en.wikipedia.org/wiki/The_Yaqui_Cur
https://en.wikipedia.org/wiki/The_Yaqui_Girl
https://en.wikipedia.org/wiki/The_Yards
https://en.wikipedia.org/wiki/The_Year_01
https://en.wikipedia.org/wiki/The_Year_Dolly_Parton_Was_My_Mom
https://en.wikipedia.org/wiki/The_Year_My_Parents_Went_on_Vacation
https://en.wikipedia.org/wiki/The_Year_My_Voice_Broke
https://en.wikipedia.org/wiki/The_Year_We_Thought_About_Love
https://en.wikipedia.org/wiki/The_Year_Without_a_Santa_Claus
https://en.wikipedia.org/wiki/The_Year_Without_a_Santa_Claus_(2006_film)
https://en.wikipedia.org/wiki/The_Year_of_Getting_to_Know_Us
https://en.wikipedia.org/wiki/The_Year_of_Living_Dangerously_(film)
https://en.wikipedia.org/wiki/The_Year_of_Sir_Ivor
https://en.wikipedia.org/wiki/The_Year_of_Spectacular_Men
https://en.wikipedia.org/wiki/The_Year_of_the_Dog_(film)
https://en.wikipedia.org/wiki/The_Year_of_the_Everlasting_Storm
https://en.wikipedia.org/wiki/The_Year_of_the_Hare_(1977_film)
https://en.wikipedia.org/wiki/The_Year_of_the_Mouse
https://en.wikipedia.org/wiki/The_Year_of_the_Rabbit
https://en.wikipedia.org/wiki/The_Year_of_the_Tiger_(2011_film)
https://en.wikipedia.org/wiki/The_Year_of_the_Wolf
https://en.wikipedia.org/wiki/The_Year_of_the_Yao
https://en.wikipedia.org/wiki/The_Yearling_(1946_film)
https://en.wikipedia.org/wiki/The_Yearling_(1994_film)
https://en.wikipedia.org/wiki/The_Years_Between_(film)
https://en.wikipedia.org/wiki/The_Years_Pass
https://en.wikipedia.org/wiki/The_Years_of_the_Locust
https://en.wikipedia.org/wiki/The_Yellow_Arm
https://en.wikipedia.org/wiki/The_Yellow_Back
https://en.wikipedia.org/wiki/The_Yellow_Balloon_(film)
https://en.wikipedia.org/wiki/The_Yellow_Bird_(film)
https://en.wikipedia.org/wiki/The_Yellow_Birds_(film)
https://en.wikipedia.org/wiki/The_Yellow_Cab_Man
https://en.wikipedia.org/wiki/The_Yellow_Cameo
https://en.wikipedia.org/wiki/The_Yellow_Canary
https://en.wikipedia.org/wiki/The_Yellow_Claw_(film)
https://en.wikipedia.org/wiki/The_Yellow_Death
https://en.wikipedia.org/wiki/The_Yellow_Diplomat
https://en.wikipedia.org/wiki/The_Yellow_Division
https://en.wikipedia.org/wiki/The_Yellow_Dog_(1918_film)
https://en.wikipedia.org/wiki/The_Yellow_Flag
https://en.wikipedia.org/wiki/The_Yellow_Foal
https://en.wikipedia.org/wiki/The_Yellow_Handkerchief_(1977_film)
https://en.wikipedia.org/wiki/The_Yellow_Handkerchief_(2008_film)
https://en.wikipedia.org/wiki/The_Yellow_Mask
https://en.wikipedia.org/wiki/The_Yellow_Mountain
https://en.wikipedia.org/wiki/The_Yellow_Passport
https://en.wikipedia.org/wiki/The_Yellow_Pawn
https://en.wikipedia.org/wiki/The_Yellow_Rolls-Royce
https://en.wikipedia.org/wiki/The_Yellow_Rose_of_Texas_(film)
https://en.wikipedia.org/wiki/The_Yellow_Sea_(film)
https://en.wikipedia.org/wiki/The_Yellow_Star:_The_Persecution_of_the_Jews_in_Europe_1933-45
https://en.wikipedia.org/wiki/The_Yellow_Teddy_Bears
https://en.wikipedia.org/wiki/The_Yellow_Ticket_(1918_film)
https://en.wikipedia.org/wiki/The_Yellow_Ticket_(1928_film)
https://en.wikipedia.org/wiki/The_Yellow_Tomahawk
https://en.wikipedia.org/wiki/The_Yellow_Typhoon
https://en.wikipedia.org/wiki/The_Yellow_Wallpaper_(film)
https://en.wikipedia.org/wiki/The_Yellowback
https://en.wikipedia.org/wiki/The_Yeomen_of_the_Guard_(1978_film)
https://en.wikipedia.org/wiki/The_Yes_Man
https://en.wikipedia.org/wiki/The_Yes_Men_(film)
https://en.wikipedia.org/wiki/The_Yes_Men_Are_Revolting
https://en.wikipedia.org/wiki/The_Yes_Men_Fix_the_World
https://en.wikipedia.org/wiki/The_Yesterday_Machine
https://en.wikipedia.org/wiki/The_Yin-Yang_Master:_Dream_of_Eternity
https://en.wikipedia.org/wiki/The_Yin_Yang_Master_2
https://en.wikipedia.org/wiki/The_Yin_and_the_Yang_of_Mr._Go
https://en.wikipedia.org/wiki/The_Yinyang_Master
https://en.wikipedia.org/wiki/The_Yo-Yo_Gang
https://en.wikipedia.org/wiki/The_Yogi
https://en.wikipedia.org/wiki/The_Yoke%27s_on_Me
https://en.wikipedia.org/wiki/The_Yolk%27s_on_You
https://en.wikipedia.org/wiki/The_Young,_the_Evil_and_the_Savage
https://en.wikipedia.org/wiki/The_Young_Americans_(film)
https://en.wikipedia.org/wiki/The_Young_Animals
https://en.wikipedia.org/wiki/The_Young_Baron_Neuhaus
https://en.wikipedia.org/wiki/The_Young_Black_Stallion
https://en.wikipedia.org/wiki/The_Young_Blood_Chronicles
https://en.wikipedia.org/wiki/The_Young_Fritz
https://en.wikipedia.org/wiki/The_Young_Girls_of_Rochefort
https://en.wikipedia.org/wiki/The_Young_Lieutenant
https://en.wikipedia.org/wiki/The_Young_Lovers_(1954_film)
https://en.wikipedia.org/wiki/The_Young_Lovers_(1964_film)
https://en.wikipedia.org/wiki/The_Young_Man_and_Moby_Dick
https://en.wikipedia.org/wiki/The_Young_Master
https://en.wikipedia.org/wiki/The_Young_Messiah
https://en.wikipedia.org/wiki/The_Young_Nurses
https://en.wikipedia.org/wiki/The_Young_One
https://en.wikipedia.org/wiki/The_Young_One_(2016_film)
https://en.wikipedia.org/wiki/The_Young_Philadelphians
https://en.wikipedia.org/wiki/The_Young_Poisoner%27s_Handbook
https://en.wikipedia.org/wiki/The_Young_Savages
https://en.wikipedia.org/wiki/The_Young_Victoria_(film)
https://en.wikipedia.org/wiki/The_Yuppie_Fantasia
https://en.wikipedia.org/wiki/The_Yuppie_Fantasia_3
https://en.wikipedia.org/wiki/The_Za-Bum_Circus
https://en.wikipedia.org/wiki/The_Zany_Adventures_of_Robin_Hood
https://en.wikipedia.org/wiki/The_Zen_Diaries_of_Garry_Shandling
https://en.wikipedia.org/wiki/The_Zen_of_Bennett
https://en.wikipedia.org/wiki/The_Zero_Boys
https://en.wikipedia.org/wiki/The_Zero_Hour_(1939_film)
https://en.wikipedia.org/wiki/The_Zero_Hour_(2010_film)
https://en.wikipedia.org/wiki/The_Zero_Theorem
https://en.wikipedia.org/wiki/The_Zero_Years
https://en.wikipedia.org/wiki/The_Zhang_Family%27s_Daughter-in-Law
https://en.wikipedia.org/wiki/The_Zigzag_Kid
https://en.wikipedia.org/wiki/The_Zodiac_(film)
https://en.wikipedia.org/wiki/The_Zodiac_Killer_(film)
https://en.wikipedia.org/wiki/The_Zombie_Diaries
https://en.wikipedia.org/wiki/The_Zombie_Farm
https://en.wikipedia.org/wiki/The_Zombie_King
https://en.wikipedia.org/wiki/The_Zombinator
https://en.wikipedia.org/wiki/The_Zone_(2003_film)
https://en.wikipedia.org/wiki/The_Zone_(2011_film)
https://en.wikipedia.org/wiki/The_Zone_of_Death
https://en.wikipedia.org/wiki/The_Zoo_Gang_(film)
https://en.wikipedia.org/wiki/The_Zookeeper%27s_Wife_(film)
https://en.wikipedia.org/wiki/The_Zookeeper_(2001_film)
https://en.wikipedia.org/wiki/The_Zoot_Cat
https://en.wikipedia.org/wiki/The_Zoya_Factor_(film)
https://en.wikipedia.org/wiki/The_Zulu%27s_Heart
https://en.wikipedia.org/wiki/The_Zurich_Engagement
https://en.wikipedia.org/wiki/X%2BY
https://en.wikipedia.org/wiki/X-15_(film)
https://en.wikipedia.org/wiki/X-Cross
https://en.wikipedia.org/wiki/X-Large_(film)
https://en.wikipedia.org/wiki/X-Men:_Apocalypse
https://en.wikipedia.org/wiki/X-Men:_Days_of_Future_Past
https://en.wikipedia.org/wiki/X-Men:_First_Class
https://en.wikipedia.org/wiki/X-Men:_The_Last_Stand
https://en.wikipedia.org/wiki/X-Men_(film)
https://en.wikipedia.org/wiki/X-Men_Origins:_Wolverine
https://en.wikipedia.org/wiki/X-Paroni
https://en.wikipedia.org/wiki/X-Ray_of_a_Lie
https://en.wikipedia.org/wiki/X/Y
https://en.wikipedia.org/wiki/X2000
https://en.wikipedia.org/wiki/X2_(film)
https://en.wikipedia.org/wiki/X500_(film)
https://en.wikipedia.org/wiki/X:_Night_of_Vengeance
https://en.wikipedia.org/wiki/X:_Past_Is_Present
https://en.wikipedia.org/wiki/X:_The_Man_with_the_X-ray_Eyes
https://en.wikipedia.org/wiki/X:_The_Unheard_Music
https://en.wikipedia.org/wiki/XCU:_Extreme_Close_Up
https://en.wikipedia.org/wiki/XChange_(film)
https://en.wikipedia.org/wiki/XIII:_The_Conspiracy
https://en.wikipedia.org/wiki/XL_-_Extra_Large
https://en.wikipedia.org/wiki/XOXO_(film)
https://en.wikipedia.org/wiki/XTC:_This_Is_Pop
https://en.wikipedia.org/wiki/XX/XY
https://en.wikipedia.org/wiki/XX:_Beautiful_Beast
https://en.wikipedia.org/wiki/XX:_Beautiful_Hunter
https://en.wikipedia.org/wiki/XX:_Beautiful_Prey
https://en.wikipedia.org/wiki/XXL_(film)
https://en.wikipedia.org/wiki/XXX:_Return_of_Xander_Cage
https://en.wikipedia.org/wiki/XXX:_Return_of_Xander_Cage#Sequel
https://en.wikipedia.org/wiki/XXX:_State_of_the_Union
https://en.wikipedia.org/wiki/XXXY_(film)
https://en.wikipedia.org/wiki/XXX_(2002_film)
https://en.wikipedia.org/wiki/XXX_(2016_film)
https://en.wikipedia.org/wiki/XXX_(franchise)
https://en.wikipedia.org/wiki/XXY_(film)
https://en.wikipedia.org/wiki/XX_(film)
https://en.wikipedia.org/wiki/X_%26_Y_(film)
https://en.wikipedia.org/wiki/X_(1986_film)
https://en.wikipedia.org/wiki/X_(1996_film)
https://en.wikipedia.org/wiki/X_(2022_film)
https://en.wikipedia.org/wiki/X_Games_3D:_The_Movie
https://en.wikipedia.org/wiki/X_Marks_the_Spot_(1931_film)
https://en.wikipedia.org/wiki/X_Marks_the_Spot_(1942_film)
https://en.wikipedia.org/wiki/X_Ray:_The_Inner_Image
https://en.wikipedia.org/wiki/X_Videos_(film)
https://en.wikipedia.org/wiki/X_the_Unknown
https://en.wikipedia.org/wiki/X_to_Y
https://en.wikipedia.org/wiki/Xagoroloi_Bohudoor
https://en.wikipedia.org/wiki/Xala
https://en.wikipedia.org/wiki/Xanadu_(film)
https://en.wikipedia.org/wiki/Xcuse_Me
https://en.wikipedia.org/wiki/Xenia_(film)
https://en.wikipedia.org/wiki/Xenoa
https://en.wikipedia.org/wiki/Xenogenesis_(film)
https://en.wikipedia.org/wiki/Xero_(film)
https://en.wikipedia.org/wiki/Xero_Error
https://en.wikipedia.org/wiki/Xiao_Shan_Going_Home
https://en.wikipedia.org/wiki/Xiao_Wu
https://en.wikipedia.org/wiki/Xica
https://en.wikipedia.org/wiki/Xime_(film)
https://en.wikipedia.org/wiki/Xingu_(film)
https://en.wikipedia.org/wiki/Xinnian_Is_Coming_%E2%80%93_Uproar_of_Chuxi
https://en.wikipedia.org/wiki/Xira_(film)
https://en.wikipedia.org/wiki/Xiu_Xiu:_The_Sent_Down_Girl
https://en.wikipedia.org/wiki/Xtinction:_Predator_X
https://en.wikipedia.org/wiki/Xtro
https://en.wikipedia.org/wiki/Xtro_3:_Watch_the_Skies
https://en.wikipedia.org/wiki/Xtro_II:_The_Second_Encounter
https://en.wikipedia.org/wiki/Xuanzang_(film)
https://en.wikipedia.org/wiki/Xuxa_Abracadabra
https://en.wikipedia.org/wiki/Xuxa_G%C3%AAmeas
https://en.wikipedia.org/wiki/Xuxa_Popstar
https://en.wikipedia.org/wiki/Xuxa_Requebra
https://en.wikipedia.org/wiki/Xuxa_e_o_Tesouro_da_Cidade_Perdida
https://en.wikipedia.org/wiki/Xuxa_e_os_Duendes
https://en.wikipedia.org/wiki/Xuxa_e_os_Duendes_2_-_No_Caminho_das_Fadas
https://en.wikipedia.org/wiki/Xuxa_em_Sonho_de_Menina
https://en.wikipedia.org/wiki/Xuxinha_e_Guto_contra_os_Monstros_do_Espa%C3%A7o
https://en.wikipedia.org/wiki/XxxHolic:_A_Midsummer_Night%27s_Dream
https://en.wikipedia.org/wiki/Y%C4%B1k%C4%B1lmayan_Adam
https://en.wikipedia.org/wiki/Y%C5%ABgure_made
https://en.wikipedia.org/wiki/Y2K_(1999_film)
https://en.wikipedia.org/wiki/YZ_(film)
https://en.wikipedia.org/wiki/Y_(2017_film)
https://en.wikipedia.org/wiki/Y_(2022_film)
https://en.wikipedia.org/wiki/Y_Mabinogi
https://en.wikipedia.org/wiki/Y_Tu_Mam%C3%A1_Tambi%C3%A9n
https://en.wikipedia.org/wiki/Y_que_patat%C3%ADn...y_que_patat%C3%A1n
https://en.wikipedia.org/wiki/Ya%C5%9Fam_Kavgas%C4%B1
https://en.wikipedia.org/wiki/Ya%C5%9Famak_Ne_G%C3%BCzel_%C5%9Eey
https://en.wikipedia.org/wiki/Ya_Rab
https://en.wikipedia.org/wiki/Ya_Ya_(film)
https://en.wikipedia.org/wiki/Ya_nunca_m%C3%A1s_(film)
https://en.wikipedia.org/wiki/Ya_tiene_comisario_el_pueblo_(1936_film)
https://en.wikipedia.org/wiki/Ya_veremos
https://en.wikipedia.org/wiki/Yaaba
https://en.wikipedia.org/wiki/Yaad_Rahe
https://en.wikipedia.org/wiki/Yaad_Rakhegi_Duniya
https://en.wikipedia.org/wiki/Yaadein_(1964_film)
https://en.wikipedia.org/wiki/Yaadein_(2001_film)
https://en.wikipedia.org/wiki/Yaadgaar_(1970_film)
https://en.wikipedia.org/wiki/Yaadgaar_(1984_film)
https://en.wikipedia.org/wiki/Yaadhavam
https://en.wikipedia.org/wiki/Yaadhumagi_Nindraai
https://en.wikipedia.org/wiki/Yaadon_Ki_Baaraat
https://en.wikipedia.org/wiki/Yaadon_Ki_Kasam
https://en.wikipedia.org/wiki/Yaakkai
https://en.wikipedia.org/wiki/Yaamirukka_Bayamey
https://en.wikipedia.org/wiki/Yaan_(film)
https://en.wikipedia.org/wiki/Yaana_(film)
https://en.wikipedia.org/wiki/Yaanai_Mel_Kuthirai_Sawaari
https://en.wikipedia.org/wiki/Yaanum_Theeyavan
https://en.wikipedia.org/wiki/Yaar%3F_(film)
https://en.wikipedia.org/wiki/Yaar_Anmulle_Returns
https://en.wikipedia.org/wiki/Yaar_Annmulle
https://en.wikipedia.org/wiki/Yaar_Baash
https://en.wikipedia.org/wiki/Yaar_Gaddar
https://en.wikipedia.org/wiki/Yaar_Mera
https://en.wikipedia.org/wiki/Yaar_Meri_Zindagi
https://en.wikipedia.org/wiki/Yaar_Nee%3F
https://en.wikipedia.org/wiki/Yaar_Paiyyan
https://en.wikipedia.org/wiki/Yaar_Pardesi
https://en.wikipedia.org/wiki/Yaara_Dildara
https://en.wikipedia.org/wiki/Yaara_Silly_Silly
https://en.wikipedia.org/wiki/Yaara_o_Dildaara
https://en.wikipedia.org/wiki/Yaaradi_Nee_Mohini
https://en.wikipedia.org/wiki/Yaaram
https://en.wikipedia.org/wiki/Yaaran_Naal_Baharan
https://en.wikipedia.org/wiki/Yaarana_(1981_film)
https://en.wikipedia.org/wiki/Yaarana_(2015_film)
https://en.wikipedia.org/wiki/Yaare_Koogadali
https://en.wikipedia.org/wiki/Yaare_Neenu_Cheluve
https://en.wikipedia.org/wiki/Yaarige_Saluthe_Sambala
https://en.wikipedia.org/wiki/Yaariyan_(2008_film)
https://en.wikipedia.org/wiki/Yaariyan_(2014_film)
https://en.wikipedia.org/wiki/Yaaro_Ezhuthiya_Kavithai
https://en.wikipedia.org/wiki/Yaaron_Ka_Yaar
https://en.wikipedia.org/wiki/Yaaruda_Mahesh
https://en.wikipedia.org/wiki/Yaarukkaga_Azhudhaan
https://en.wikipedia.org/wiki/Yaarukku_Theriyum
https://en.wikipedia.org/wiki/Yaaruku_Yaaro
https://en.wikipedia.org/wiki/Yaathrayude_Anthyam
https://en.wikipedia.org/wiki/Yaava_Janmada_Maitri
https://en.wikipedia.org/wiki/Yachakan
https://en.wikipedia.org/wiki/Yacht_of_the_Seven_Sins
https://en.wikipedia.org/wiki/Yachts_and_Hearts,_or_The_Opium_Smugglers
https://en.wikipedia.org/wiki/Yackety_Yack
https://en.wikipedia.org/wiki/Yad_Vashem:_Preserving_the_Past_to_Ensure_the_Future
https://en.wikipedia.org/wiki/Yadana_(film)
https://en.wikipedia.org/wiki/Yadanabon_(1953_film)
https://en.wikipedia.org/wiki/Yadvi_%E2%80%93_The_Dignified_Princess
https://en.wikipedia.org/wiki/Yaen%3F
https://en.wikipedia.org/wiki/Yagam_(1982_film)
https://en.wikipedia.org/wiki/Yagam_(2010_film)
https://en.wikipedia.org/wiki/Yagaswam
https://en.wikipedia.org/wiki/Yagavarayinum_Naa_Kaakka
https://en.wikipedia.org/wiki/Yagnam_(1992_film)
https://en.wikipedia.org/wiki/Yagnam_(2004_film)
https://en.wikipedia.org/wiki/Yagy%C5%AB_Ren%27yasai:_Hidentsuki_Kagesh%C5%8D
https://en.wikipedia.org/wiki/Yah%C5%9Fi_Bat%C4%B1
https://en.wikipedia.org/wiki/Yahaan
https://en.wikipedia.org/wiki/Yahaan_Sabki_Lagi_Hai
https://en.wikipedia.org/wiki/Yahaluvo
https://en.wikipedia.org/wiki/Yahan_Ameena_Bikti_Hai
https://en.wikipedia.org/wiki/Yahudi
https://en.wikipedia.org/wiki/Yahudi_Ki_Ladki_(1933_film)
https://en.wikipedia.org/wiki/Yahudi_Ki_Ladki_(1957_film)
https://en.wikipedia.org/wiki/Yai_Nee_Romba_Azhaga_Irukke
https://en.wikipedia.org/wiki/Yaiskulgee_Pakhang_Angaoba
https://en.wikipedia.org/wiki/Yajamana_(2000_film)
https://en.wikipedia.org/wiki/Yajamana_(2019_film)
https://en.wikipedia.org/wiki/Yaji_and_Kita:_The_Battle_of_Toba_Fushimi
https://en.wikipedia.org/wiki/Yaji_and_Kita:_The_Midnight_Pilgrims
https://en.wikipedia.org/wiki/Yaji_and_Kita:_Yasuda%27s_Rescue
https://en.wikipedia.org/wiki/Yajilarra
https://en.wikipedia.org/wiki/Yaju-deka
https://en.wikipedia.org/wiki/Yak:_The_Giant_King
https://en.wikipedia.org/wiki/Yakada_Pihatu
https://en.wikipedia.org/wiki/Yakeen_(1969_film)
https://en.wikipedia.org/wiki/Yakeen_(2005_film)
https://en.wikipedia.org/wiki/Yakov_Sverdlov_(film)
https://en.wikipedia.org/wiki/Yaksha:_Ruthless_Operations
https://en.wikipedia.org/wiki/Yakshagaanam
https://en.wikipedia.org/wiki/Yakshi_%E2%80%93_Faithfully_Yours
https://en.wikipedia.org/wiki/Yakshi_(film)
https://en.wikipedia.org/wiki/Yakshi_Paaru
https://en.wikipedia.org/wiki/Yakshiyum_Njanum
https://en.wikipedia.org/wiki/Yakuza%27s_Law:_Yakuza_Keibatsushi:_Rinchi
https://en.wikipedia.org/wiki/Yakuza_Apocalypse
https://en.wikipedia.org/wiki/Yakuza_Deka
https://en.wikipedia.org/wiki/Yakuza_Graveyard
https://en.wikipedia.org/wiki/Yakuza_Princess
https://en.wikipedia.org/wiki/Yakuza_Weapon
https://en.wikipedia.org/wiki/Yale_vs._Harvard
https://en.wikipedia.org/wiki/Yalghaar
https://en.wikipedia.org/wiki/Yalkae,_a_Joker_in_High_School
https://en.wikipedia.org/wiki/Yalom%27s_Cure
https://en.wikipedia.org/wiki/Yalu_Malu_Yalu_2
https://en.wikipedia.org/wiki/Yam_Daabo
https://en.wikipedia.org/wiki/Yam_Yasothon
https://en.wikipedia.org/wiki/Yama%E2%80%94Attack_to_Attack
https://en.wikipedia.org/wiki/Yama_Raja_Siri
https://en.wikipedia.org/wiki/Yamada:_The_Samurai_of_Ayothaya
https://en.wikipedia.org/wiki/Yamagola
https://en.wikipedia.org/wiki/Yamagola_Malli_Modalayindi
https://en.wikipedia.org/wiki/Yamaho_Yama
https://en.wikipedia.org/wiki/Yamakasi_(film)
https://en.wikipedia.org/wiki/Yamakinkarudu
https://en.wikipedia.org/wiki/Yamaleela
https://en.wikipedia.org/wiki/Yamaleela_2
https://en.wikipedia.org/wiki/Yaman_(film)
https://en.wikipedia.org/wiki/Yamanam
https://en.wikipedia.org/wiki/Yamanukku_Yaman
https://en.wikipedia.org/wiki/Yamashita:_The_Tiger%27s_Treasure
https://en.wikipedia.org/wiki/Yamata
https://en.wikipedia.org/wiki/Yamata_no_Orochi_no_Gyakush%C5%AB
https://en.wikipedia.org/wiki/Yamato:_The_New_Voyage
https://en.wikipedia.org/wiki/Yamato_(film)
https://en.wikipedia.org/wiki/Yamba%C3%B3
https://en.wikipedia.org/wiki/Yamini_(film)
https://en.wikipedia.org/wiki/Yamiutsu_shinzo_(2005_film)
https://en.wikipedia.org/wiki/Yamla_Jat
https://en.wikipedia.org/wiki/Yamla_Pagla_Deewana
https://en.wikipedia.org/wiki/Yamla_Pagla_Deewana:_Phir_Se
https://en.wikipedia.org/wiki/Yamla_Pagla_Deewana_(film_series)
https://en.wikipedia.org/wiki/Yamla_Pagla_Deewana_2
https://en.wikipedia.org/wiki/Yamraaj_(film)
https://en.wikipedia.org/wiki/Yamudiki_Mogudu:_Ee_Nela_Thakkuvodu
https://en.wikipedia.org/wiki/Yamudiki_Mogudu_(1988_film)
https://en.wikipedia.org/wiki/Yamuna_(film)
https://en.wikipedia.org/wiki/Yan_Thu
https://en.wikipedia.org/wiki/Yana%27s_Friends
https://en.wikipedia.org/wiki/Yanai_Paagan
https://en.wikipedia.org/wiki/Yand%C3%A9_Codou,_la_griotte_de_Senghor
https://en.wikipedia.org/wiki/Yang_%C2%B1_Yin:_Gender_in_Chinese_Cinema
https://en.wikipedia.org/wiki/Yangtse_Incident:_The_Story_of_H.M.S._Amethyst
https://en.wikipedia.org/wiki/Yankee_(film)
https://en.wikipedia.org/wiki/Yankee_Buccaneer
https://en.wikipedia.org/wiki/Yankee_Don
https://en.wikipedia.org/wiki/Yankee_Dood_It
https://en.wikipedia.org/wiki/Yankee_Doodle_Boy
https://en.wikipedia.org/wiki/Yankee_Doodle_Bugs
https://en.wikipedia.org/wiki/Yankee_Doodle_Daffy
https://en.wikipedia.org/wiki/Yankee_Doodle_Dandy
https://en.wikipedia.org/wiki/Yankee_Doodle_in_Berlin
https://en.wikipedia.org/wiki/Yankee_Dudler
https://en.wikipedia.org/wiki/Yankee_Fakir
https://en.wikipedia.org/wiki/Yankee_Pasha_(film)
https://en.wikipedia.org/wiki/Yankee_Pluck
https://en.wikipedia.org/wiki/Yankee_Speed
https://en.wikipedia.org/wiki/Yanks
https://en.wikipedia.org/wiki/Yanks_Ahoy
https://en.wikipedia.org/wiki/Yanky_Clippers
https://en.wikipedia.org/wiki/Yaps_and_Yokels
https://en.wikipedia.org/wiki/Yaqui_Drums
https://en.wikipedia.org/wiki/Yar%C4%B1n_A%C4%9Flayaca%C4%9F%C4%B1m
https://en.wikipedia.org/wiki/Yar%C4%B1ns%C4%B1z_Adam
https://en.wikipedia.org/wiki/Yar_Manamagan%3F
https://en.wikipedia.org/wiki/Yaraana_(1995_film)
https://en.wikipedia.org/wiki/Yardie_(film)
https://en.wikipedia.org/wiki/Yare_Nee_Abhimani
https://en.wikipedia.org/wiki/Yari_Dushmani
https://en.wikipedia.org/wiki/Yarukku_Maappillai_Yaro
https://en.wikipedia.org/wiki/Yarukku_Sontham
https://en.wikipedia.org/wiki/Yarukkum_Vetkam_Illai
https://en.wikipedia.org/wiki/Yasak_A%C5%9Fk
https://en.wikipedia.org/wiki/Yasemin
https://en.wikipedia.org/wiki/Yash_(film)
https://en.wikipedia.org/wiki/Yashoda_Krishna
https://en.wikipedia.org/wiki/Yasmin_(1955_film)
https://en.wikipedia.org/wiki/Yasmin_(2004_film)
https://en.wikipedia.org/wiki/Yasmina_(film)
https://en.wikipedia.org/wiki/Yasukuni_(film)
https://en.wikipedia.org/wiki/Yatchan
https://en.wikipedia.org/wiki/Yateem
https://en.wikipedia.org/wiki/Yatheem
https://en.wikipedia.org/wiki/Yathra
https://en.wikipedia.org/wiki/Yathra_Chodikkathe
https://en.wikipedia.org/wiki/Yathrakarude_Sradhakku
https://en.wikipedia.org/wiki/Yathrakkoduvil
https://en.wikipedia.org/wiki/Yathumaagi
https://en.wikipedia.org/wiki/Yatra_(2007_film)
https://en.wikipedia.org/wiki/Yatra_(2019_film)
https://en.wikipedia.org/wiki/Yatrik
https://en.wikipedia.org/wiki/Yatterman_(film)
https://en.wikipedia.org/wiki/Yauwan
https://en.wikipedia.org/wiki/Yavanika
https://en.wikipedia.org/wiki/Yavarum_Nalam
https://en.wikipedia.org/wiki/Yavvanam_Katesindi
https://en.wikipedia.org/wiki/Yaya_and_Angelina:_The_Spoiled_Brat_Movie
https://en.wikipedia.org/wiki/Yayathi
https://en.wikipedia.org/wiki/Ye_Happy_Pilgrims
https://en.wikipedia.org/wiki/Ye_Maaya_Chesave
https://en.wikipedia.org/wiki/Ye_Mantram_Vesave
https://en.wikipedia.org/wiki/Ye_Olde_Minstrels
https://en.wikipedia.org/wiki/Ye_Olden_Days
https://en.wikipedia.org/wiki/Ye_Re_Ye_Re_Paisa
https://en.wikipedia.org/wiki/Ye_Stupid_Pyar
https://en.wikipedia.org/wiki/Ye_Wooing_of_Peggy
https://en.wikipedia.org/wiki/Yea_Toh_Two_Much_Ho_Gayaa
https://en.wikipedia.org/wiki/Yeah_Right!
https://en.wikipedia.org/wiki/Year_One_(film)
https://en.wikipedia.org/wiki/Year_as_Long_as_Life
https://en.wikipedia.org/wiki/Year_at_Danger
https://en.wikipedia.org/wiki/Year_by_the_Sea
https://en.wikipedia.org/wiki/Year_of_Enlightment
https://en.wikipedia.org/wiki/Year_of_Freedom._Mariupol_After_DNR
https://en.wikipedia.org/wiki/Year_of_the_Carnivore
https://en.wikipedia.org/wiki/Year_of_the_Comet
https://en.wikipedia.org/wiki/Year_of_the_Devil
https://en.wikipedia.org/wiki/Year_of_the_Dog_(film)
https://en.wikipedia.org/wiki/Year_of_the_Dogs
https://en.wikipedia.org/wiki/Year_of_the_Dragon_(film)
https://en.wikipedia.org/wiki/Year_of_the_Fish
https://en.wikipedia.org/wiki/Year_of_the_Gun_(film)
https://en.wikipedia.org/wiki/Year_of_the_Horse
https://en.wikipedia.org/wiki/Year_of_the_Jellyfish
https://en.wikipedia.org/wiki/Year_of_the_Nail
https://en.wikipedia.org/wiki/Yearning_(1964_film)
https://en.wikipedia.org/wiki/Yearning_(1990_film)
https://en.wikipedia.org/wiki/Yearning_(1993_film)
https://en.wikipedia.org/wiki/Yearning_to_Belong
https://en.wikipedia.org/wiki/Yeats_Country
https://en.wikipedia.org/wiki/Yedanthasthula_Meda
https://en.wikipedia.org/wiki/Yedi_Evlat_%C4%B0ki_Damat
https://en.wikipedia.org/wiki/Yedyanchi_Jatra
https://en.wikipedia.org/wiki/Yeelen
https://en.wikipedia.org/wiki/Yeh_Aag_Kab_Bujhegi
https://en.wikipedia.org/wiki/Yeh_Adam
https://en.wikipedia.org/wiki/Yeh_Desh
https://en.wikipedia.org/wiki/Yeh_Dil
https://en.wikipedia.org/wiki/Yeh_Dil_Aap_Ka_Huwa
https://en.wikipedia.org/wiki/Yeh_Dil_Aashiqanaa
https://en.wikipedia.org/wiki/Yeh_Dil_Kisko_Doon
https://en.wikipedia.org/wiki/Yeh_Dillagi
https://en.wikipedia.org/wiki/Yeh_Dooriyan
https://en.wikipedia.org/wiki/Yeh_Faasley
https://en.wikipedia.org/wiki/Yeh_Gulistan_Hamara
https://en.wikipedia.org/wiki/Yeh_Hai_Bakrapur
https://en.wikipedia.org/wiki/Yeh_Hai_Chakkad_Bakkad_Bumbe_Bo
https://en.wikipedia.org/wiki/Yeh_Hai_India
https://en.wikipedia.org/wiki/Yeh_Hai_Jalwa
https://en.wikipedia.org/wiki/Yeh_Hai_Mumbai_Meri_Jaan
https://en.wikipedia.org/wiki/Yeh_Hui_Na_Mardon_Wali_Baat
https://en.wikipedia.org/wiki/Yeh_Ishq_Nahin_Aasaan
https://en.wikipedia.org/wiki/Yeh_Jawaani_Hai_Deewani
https://en.wikipedia.org/wiki/Yeh_Jo_Mohabbat_Hai
https://en.wikipedia.org/wiki/Yeh_Kaisi_Mohabbat
https://en.wikipedia.org/wiki/Yeh_Khula_Aasmaan
https://en.wikipedia.org/wiki/Yeh_Kya_Ho_Raha_Hai%3F
https://en.wikipedia.org/wiki/Yeh_Lamhe_Judaai_Ke
https://en.wikipedia.org/wiki/Yeh_Mera_India
https://en.wikipedia.org/wiki/Yeh_Mohabbat_Hai
https://en.wikipedia.org/wiki/Yeh_Nazdeekiyan
https://en.wikipedia.org/wiki/Yeh_Raaste_Hain_Pyaar_Ke
https://en.wikipedia.org/wiki/Yeh_Raat
https://en.wikipedia.org/wiki/Yeh_Raat_Phir_Na_Aayegi_(1966_film)
https://en.wikipedia.org/wiki/Yeh_Raat_Phir_Na_Aayegi_(1992_film)
https://en.wikipedia.org/wiki/Yeh_Rastey_Hain_Pyar_Ke
https://en.wikipedia.org/wiki/Yeh_Saali_Zindagi
https://en.wikipedia.org/wiki/Yeh_Teraa_Ghar_Yeh_Meraa_Ghar
https://en.wikipedia.org/wiki/Yeh_To_Kamaal_Ho_Gaya
https://en.wikipedia.org/wiki/Yeh_Vaada_Raha_(film)
https://en.wikipedia.org/wiki/Yeh_Wada_Raha
https://en.wikipedia.org/wiki/Yeh_Woh_Manzil_To_Nahin
https://en.wikipedia.org/wiki/Yeh_Zindagi_Ka_Safar
https://en.wikipedia.org/wiki/Yeh_Zindagi_Kitni_Haseen_Hai
https://en.wikipedia.org/wiki/Yehi_Hai_Zindagi
https://en.wikipedia.org/wiki/Yeidhavan
https://en.wikipedia.org/wiki/Yella_(film)
https://en.wikipedia.org/wiki/Yelling_to_the_Sky
https://en.wikipedia.org/wiki/YellowBrickRoad
https://en.wikipedia.org/wiki/Yellow_(1998_film)
https://en.wikipedia.org/wiki/Yellow_(2006_feature_film)
https://en.wikipedia.org/wiki/Yellow_(2006_short_film)
https://en.wikipedia.org/wiki/Yellow_(2012_film)
https://en.wikipedia.org/wiki/Yellow_(2014_film)
https://en.wikipedia.org/wiki/Yellow_Asphalt
https://en.wikipedia.org/wiki/Yellow_Caesar
https://en.wikipedia.org/wiki/Yellow_Canary_(film)
https://en.wikipedia.org/wiki/Yellow_Cargo
https://en.wikipedia.org/wiki/Yellow_Contraband
https://en.wikipedia.org/wiki/Yellow_Crow
https://en.wikipedia.org/wiki/Yellow_Dust_(film)
https://en.wikipedia.org/wiki/Yellow_Earth
https://en.wikipedia.org/wiki/Yellow_Face_(film)
https://en.wikipedia.org/wiki/Yellow_Fin_(film)
https://en.wikipedia.org/wiki/Yellow_Fingers
https://en.wikipedia.org/wiki/Yellow_Flowers_on_the_Green_Grass
https://en.wikipedia.org/wiki/Yellow_Hair
https://en.wikipedia.org/wiki/Yellow_Hair_2
https://en.wikipedia.org/wiki/Yellow_Hair_and_the_Fortress_of_Gold
https://en.wikipedia.org/wiki/Yellow_Is_Forbidden
https://en.wikipedia.org/wiki/Yellow_Jack
https://en.wikipedia.org/wiki/Yellow_Lily
https://en.wikipedia.org/wiki/Yellow_Sands_(film)
https://en.wikipedia.org/wiki/Yellow_Sky
https://en.wikipedia.org/wiki/Yellow_Star_(film)
https://en.wikipedia.org/wiki/Yellow_Sticky_Notes
https://en.wikipedia.org/wiki/Yellow_Stockings
https://en.wikipedia.org/wiki/Yellow_Submarine_(film)
https://en.wikipedia.org/wiki/Yellowbeard
https://en.wikipedia.org/wiki/Yellowbird_(film)
https://en.wikipedia.org/wiki/Yellowknife_(film)
https://en.wikipedia.org/wiki/Yellowneck
https://en.wikipedia.org/wiki/Yellowstone_(film)
https://en.wikipedia.org/wiki/Yellowstone_Kelly
https://en.wikipedia.org/wiki/Yeltsin:_Three_Days_in_August
https://en.wikipedia.org/wiki/Yemaali
https://en.wikipedia.org/wiki/Yemaatrathe_Yemaaraathe
https://en.wikipedia.org/wiki/Yemaindi_Ee_Vela
https://en.wikipedia.org/wiki/Yemen:_The_Silent_War
https://en.wikipedia.org/wiki/Yenda_Thalaiyila_Yenna_Vekkala
https://en.wikipedia.org/wiki/Yenge%C3%A7_Sepeti
https://en.wikipedia.org/wiki/Yennai_Arindhaal
https://en.wikipedia.org/wiki/Yennamo_Yedho
https://en.wikipedia.org/wiki/Yentl_(film)
https://en.wikipedia.org/wiki/Yerma_(1984_film)
https://en.wikipedia.org/wiki/Yerma_(1998_film)
https://en.wikipedia.org/wiki/Yerra_Mandaram
https://en.wikipedia.org/wiki/Yes,_But...
https://en.wikipedia.org/wiki/Yes,_Giorgio
https://en.wikipedia.org/wiki/Yes,_God,_Yes
https://en.wikipedia.org/wiki/Yes,_Madam%3F
https://en.wikipedia.org/wiki/Yes,_Madam_(1933_film)
https://en.wikipedia.org/wiki/Yes,_Madam_(1942_film)
https://en.wikipedia.org/wiki/Yes,_Madam_(1985_film)
https://en.wikipedia.org/wiki/Yes,_Mr_Brown
https://en.wikipedia.org/wiki/Yes,_My_Darling_Daughter_(film)
https://en.wikipedia.org/wiki/Yes,_My_Love
https://en.wikipedia.org/wiki/Yes,_We_Have_No_Bonanza
https://en.wikipedia.org/wiki/Yes,_Yes,_Nanette
https://en.wikipedia.org/wiki/Yes,_Yes,_Women_Are_My_Weakness
https://en.wikipedia.org/wiki/Yes,_we_fuck!
https://en.wikipedia.org/wiki/Yes_(film)
https://en.wikipedia.org/wiki/Yes_Boss_(film)
https://en.wikipedia.org/wiki/Yes_Day
https://en.wikipedia.org/wiki/Yes_Madam_(2003_film)
https://en.wikipedia.org/wiki/Yes_Man_(film)
https://en.wikipedia.org/wiki/Yes_Nurse!_No_Nurse!
https://en.wikipedia.org/wiki/Yes_Sir,_Mr._Bones
https://en.wikipedia.org/wiki/Yes_Sir,_That%27s_My_Baby_(film)
https://en.wikipedia.org/wiki/Yes_Your_Honour
https://en.wikipedia.org/wiki/Yes_or_No%3F_(1920_film)
https://en.wikipedia.org/wiki/Yes_or_No_(film)
https://en.wikipedia.org/wiki/Yesa_(film)
https://en.wikipedia.org/wiki/Yesenia_(film)
https://en.wikipedia.org/wiki/Yeshwant
https://en.wikipedia.org/wiki/Yessongs_(film)
https://en.wikipedia.org/wiki/Yesterday%27s_Enemy
https://en.wikipedia.org/wiki/Yesterday%27s_Guys_Used_No_Arsenic
https://en.wikipedia.org/wiki/Yesterday%27s_Hero
https://en.wikipedia.org/wiki/Yesterday%27s_Heroes
https://en.wikipedia.org/wiki/Yesterday%27s_Wife
https://en.wikipedia.org/wiki/Yesterday,_Today,_Tomorrow_(film)
https://en.wikipedia.org/wiki/Yesterday,_Today_and_Tomorrow
https://en.wikipedia.org/wiki/Yesterday_(1959_film)
https://en.wikipedia.org/wiki/Yesterday_(1981_film)
https://en.wikipedia.org/wiki/Yesterday_(1985_film)
https://en.wikipedia.org/wiki/Yesterday_(2002_film)
https://en.wikipedia.org/wiki/Yesterday_(2004_film)
https://en.wikipedia.org/wiki/Yesterday_(2019_film)
https://en.wikipedia.org/wiki/Yesterday_Girl
https://en.wikipedia.org/wiki/Yesterday_Once_More_(2004_film)
https://en.wikipedia.org/wiki/Yesterday_Once_More_(2016_film)
https://en.wikipedia.org/wiki/Yesterday_Was_Spring
https://en.wikipedia.org/wiki/Yesterday_Was_a_Lie
https://en.wikipedia.org/wiki/Yesteryou,_Yesterme,_Yesterday
https://en.wikipedia.org/wiki/Yeti:_A_Love_Story
https://en.wikipedia.org/wiki/Yeti:_Curse_of_the_Snow_Demon
https://en.wikipedia.org/wiki/Yeti:_Giant_of_the_20th_Century
https://en.wikipedia.org/wiki/Yeti_Obhijaan
https://en.wikipedia.org/wiki/Yeto_Vellipoyindhi_Manasu
https://en.wikipedia.org/wiki/Yeva_(film)
https://en.wikipedia.org/wiki/Yevade_Subramanyam
https://en.wikipedia.org/wiki/Yevadu
https://en.wikipedia.org/wiki/Yi_Yi
https://en.wikipedia.org/wiki/Yiddle_with_Her_Fiddle
https://en.wikipedia.org/wiki/Yield_to_the_Night
https://en.wikipedia.org/wiki/Yin_Bat_Htae_Ka_Dar
https://en.wikipedia.org/wiki/Yip_Yip_Yippy
https://en.wikipedia.org/wiki/Yippee
https://en.wikipedia.org/wiki/Yira,_yira
https://en.wikipedia.org/wiki/Yitzhak_Rabin:_A_Biography
https://en.wikipedia.org/wiki/Yksityisalue
https://en.wikipedia.org/wiki/Ynav_Bosseba
https://en.wikipedia.org/wiki/Yo,_tambi%C3%A9n
https://en.wikipedia.org/wiki/Yo-Kai_Watch
https://en.wikipedia.org/wiki/Yo-Yo_Girl_Cop
https://en.wikipedia.org/wiki/Yo-kai_Watch:_Enma_Dai%C5%8D_to_Itsutsu_no_Monogatari_da_Nyan!
https://en.wikipedia.org/wiki/Yo-kai_Watch:_Forever_Friends
https://en.wikipedia.org/wiki/Yo-kai_Watch:_Soratobu_Kujira_to_Double_no_Sekai_no_Daib%C5%8Dken_da_Nyan!
https://en.wikipedia.org/wiki/Yo-kai_Watch:_The_Movie
https://en.wikipedia.org/wiki/Yo-kai_Watch_Shadowside:_Oni-%C5%8D_no_Fukkatsu
https://en.wikipedia.org/wiki/Yo..._el_aventurero
https://en.wikipedia.org/wiki/Yo_(film)
https://en.wikipedia.org/wiki/Yo_Ho_Ho
https://en.wikipedia.org/wiki/Yo_Yo
https://en.wikipedia.org/wiki/Yo_conoc%C3%AD_a_esa_mujer
https://en.wikipedia.org/wiki/Yo_mate_a_Facundo
https://en.wikipedia.org/wiki/Yo_no_eleg%C3%AD_mi_vida
https://en.wikipedia.org/wiki/Yo_pecador
https://en.wikipedia.org/wiki/Yo_quiero_ser_hombre
https://en.wikipedia.org/wiki/Yo_quiero_ser_tonta
https://en.wikipedia.org/wiki/Yo_soy_Boricua,_pa%27que_tu_lo_sepas!_(film)
https://en.wikipedia.org/wiki/Yo_soy_tu_padre
https://en.wikipedia.org/wiki/Yo_tambi%C3%A9n_tengo_fiaca
https://en.wikipedia.org/wiki/Yoake_no_Machi_de
https://en.wikipedia.org/wiki/Yobi,_the_Five_Tailed_Fox
https://en.wikipedia.org/wiki/Yoddha:_The_Warrior
https://en.wikipedia.org/wiki/Yoddha_(1992_film)
https://en.wikipedia.org/wiki/Yodelin%27_Kid_from_Pine_Ridge
https://en.wikipedia.org/wiki/Yodeling_Yokels
https://en.wikipedia.org/wiki/Yodha_(1991_film)
https://en.wikipedia.org/wiki/Yodha_(2009_film)
https://en.wikipedia.org/wiki/Yodok_Stories
https://en.wikipedia.org/wiki/Yoel,_Israel_%26_Pashkavils
https://en.wikipedia.org/wiki/Yoga_Hakwon
https://en.wikipedia.org/wiki/Yoga_Hosers
https://en.wikipedia.org/wiki/Yogamullaval
https://en.wikipedia.org/wiki/Yogera_(film)
https://en.wikipedia.org/wiki/Yogi%27s_Ark_Lark
https://en.wikipedia.org/wiki/Yogi%27s_First_Christmas
https://en.wikipedia.org/wiki/Yogi%27s_Great_Escape
https://en.wikipedia.org/wiki/Yogi_(2007_film)
https://en.wikipedia.org/wiki/Yogi_(2009_Tamil_film)
https://en.wikipedia.org/wiki/Yogi_Bear
https://en.wikipedia.org/wiki/Yogi_Bear_(film)
https://en.wikipedia.org/wiki/Yogi_Bear_and_the_Magical_Flight_of_the_Spruce_Goose
https://en.wikipedia.org/wiki/Yogi_Vemana_(film)
https://en.wikipedia.org/wiki/Yogi_and_the_Invasion_of_the_Space_Bears
https://en.wikipedia.org/wiki/Yogi_the_Easter_Bear
https://en.wikipedia.org/wiki/Yogiri_yo_Kon%27yamo_Arigat%C5%8D
https://en.wikipedia.org/wiki/Yohan:_The_Child_Wanderer
https://en.wikipedia.org/wiki/Yohwa_Eoludong
https://en.wikipedia.org/wiki/Yoj%C5%8Dhan_monogatari:_Sh%C5%8Dfu_shino
https://en.wikipedia.org/wiki/Yojimbo_(film)
https://en.wikipedia.org/wiki/Yokai_Monsters
https://en.wikipedia.org/wiki/Yokai_Monsters:_100_Monsters
https://en.wikipedia.org/wiki/Yokai_Monsters:_Along_with_Ghosts
https://en.wikipedia.org/wiki/Yokai_Monsters:_Spook_Warfare
https://en.wikipedia.org/wiki/Yokel_Boy
https://en.wikipedia.org/wiki/Yol_(film)
https://en.wikipedia.org/wiki/Yolanda_(film)
https://en.wikipedia.org/wiki/Yolanda_and_the_Thief
https://en.wikipedia.org/wiki/Yolki
https://en.wikipedia.org/wiki/Yolki_1914
https://en.wikipedia.org/wiki/Yolki_2
https://en.wikipedia.org/wiki/Yolki_3
https://en.wikipedia.org/wiki/Yolki_5
https://en.wikipedia.org/wiki/Yolki_6
https://en.wikipedia.org/wiki/Yolki_7
https://en.wikipedia.org/wiki/Yolngu_Boy
https://en.wikipedia.org/wiki/Yoma_Paw_Kya_Tae_Myet_Yay
https://en.wikipedia.org/wiki/Yomeddine
https://en.wikipedia.org/wiki/Yomigaeri
https://en.wikipedia.org/wiki/Yona_(film)
https://en.wikipedia.org/wiki/Yona_Yona_Penguin
https://en.wikipedia.org/wiki/Yondiradi_Kuydiradi_(2011_Uzbek_film)
https://en.wikipedia.org/wiki/Yongary,_Monster_from_the_Deep
https://en.wikipedia.org/wiki/Yonggary_(1999_film)
https://en.wikipedia.org/wiki/Yonkers_Joe
https://en.wikipedia.org/wiki/Yonna_in_the_Solitary_Fortress
https://en.wikipedia.org/wiki/Yoo-Hoo,_Mrs._Goldberg
https://en.wikipedia.org/wiki/Yoogan
https://en.wikipedia.org/wiki/Yor,_the_Hunter_from_the_Future
https://en.wikipedia.org/wiki/Yor-yor_(film)
https://en.wikipedia.org/wiki/Yoroi_Samurai_Zombie
https://en.wikipedia.org/wiki/Yorokobi_mo_kanashimi_mo_ikutoshitsuki
https://en.wikipedia.org/wiki/Yoru_no_Kamome
https://en.wikipedia.org/wiki/Yoru_no_kiba
https://en.wikipedia.org/wiki/Yosemite_(film)
https://en.wikipedia.org/wiki/Yoshiwara_(1920_film)
https://en.wikipedia.org/wiki/Yoshiwara_(1937_film)
https://en.wikipedia.org/wiki/Yossi_%26_Jagger
https://en.wikipedia.org/wiki/Yossi_(film)
https://en.wikipedia.org/wiki/Yotsuya_Kaidan_(1956_film)
https://en.wikipedia.org/wiki/You%27d_Be_Surprised!
https://en.wikipedia.org/wiki/You%27d_Be_Surprised_(film)
https://en.wikipedia.org/wiki/You%27ll_Be_in_My_Heart_(film)
https://en.wikipedia.org/wiki/You%27ll_Find_Out
https://en.wikipedia.org/wiki/You%27ll_Get_Over_It
https://en.wikipedia.org/wiki/You%27ll_Like_My_Mother
https://en.wikipedia.org/wiki/You%27ll_Never_Be_Alone_(film)
https://en.wikipedia.org/wiki/You%27ll_Never_Get_Rich
https://en.wikipedia.org/wiki/You%27ll_Never_See_Me_Again
https://en.wikipedia.org/wiki/You%27re_Darn_Tootin%27
https://en.wikipedia.org/wiki/You%27re_Dead_(film)
https://en.wikipedia.org/wiki/You%27re_Fired
https://en.wikipedia.org/wiki/You%27re_Gonna_Miss_Me_(film)
https://en.wikipedia.org/wiki/You%27re_Killing_Me_Susana
https://en.wikipedia.org/wiki/You%27re_Missing_the_Point
https://en.wikipedia.org/wiki/You%27re_My_Boss
https://en.wikipedia.org/wiki/You%27re_My_Everything_(film)
https://en.wikipedia.org/wiki/You%27re_My_Pet_(film)
https://en.wikipedia.org/wiki/You%27re_Never_Too_Young
https://en.wikipedia.org/wiki/You%27re_Next
https://en.wikipedia.org/wiki/You%27re_Nobody_%27til_Somebody_Kills_You
https://en.wikipedia.org/wiki/You%27re_Not_Built_That_Way
https://en.wikipedia.org/wiki/You%27re_Not_So_Tough
https://en.wikipedia.org/wiki/You%27re_Not_You
https://en.wikipedia.org/wiki/You%27re_Only_Young_Once
https://en.wikipedia.org/wiki/You%27re_Only_Young_Twice_(film)
https://en.wikipedia.org/wiki/You%27re_Out_of_Luck
https://en.wikipedia.org/wiki/You%27re_Still_the_One_(film)
https://en.wikipedia.org/wiki/You%27re_Telling_Me!
https://en.wikipedia.org/wiki/You%27re_Telling_Me_(film)
https://en.wikipedia.org/wiki/You%27re_Ugly_Too
https://en.wikipedia.org/wiki/You%27re_a_Big_Boy_Now
https://en.wikipedia.org/wiki/You%27re_a_Lucky_Fellow,_Mr._Smith
https://en.wikipedia.org/wiki/You%27re_a_Sap,_Mr._Jap
https://en.wikipedia.org/wiki/You%27re_a_Sweetheart
https://en.wikipedia.org/wiki/You%27re_an_Education
https://en.wikipedia.org/wiki/You%27re_in_the_Army_Now
https://en.wikipedia.org/wiki/You%27re_in_the_Navy_Now
https://en.wikipedia.org/wiki/You%27re_on_Your_Own
https://en.wikipedia.org/wiki/You%27re_the_Doctor
https://en.wikipedia.org/wiki/You%27re_the_One_(1941_film)
https://en.wikipedia.org/wiki/You%27re_the_One_(2000_film)
https://en.wikipedia.org/wiki/You%27ve_Got_Mail
https://en.wikipedia.org/wiki/You%27ve_Got_Me_By_the_Wing
https://en.wikipedia.org/wiki/You%27ve_Got_This
https://en.wikipedia.org/wiki/You%27ve_Got_to_Be_Smart
https://en.wikipedia.org/wiki/You%27ve_Got_to_Walk_It_Like_You_Talk_It_or_You%27ll_Lose_That_Beat
https://en.wikipedia.org/wiki/You,_John_Jones!
https://en.wikipedia.org/wiki/You,_Me_and_Dupree
https://en.wikipedia.org/wiki/You,_Me_and_Him_(2007_film)
https://en.wikipedia.org/wiki/You,_Me_and_Him_(2017_film)
https://en.wikipedia.org/wiki/You,_Your,_Yours
https://en.wikipedia.org/wiki/You,_the_Living
https://en.wikipedia.org/wiki/You_%26_Me_Forever
https://en.wikipedia.org/wiki/You_(2007_film)
https://en.wikipedia.org/wiki/You_(2009_film)
https://en.wikipedia.org/wiki/You_Again
https://en.wikipedia.org/wiki/You_Are_Here_(2010_film)
https://en.wikipedia.org/wiki/You_Are_Here_(2018_film)
https://en.wikipedia.org/wiki/You_Are_My_Love_(film)
https://en.wikipedia.org/wiki/You_Are_My_Sassy_Girl
https://en.wikipedia.org/wiki/You_Are_My_Sunshine_(2005_film)
https://en.wikipedia.org/wiki/You_Are_My_Sunshine_(2015_film)
https://en.wikipedia.org/wiki/You_Are_Not_Alone_(film)
https://en.wikipedia.org/wiki/You_Are_Not_My_Mother
https://en.wikipedia.org/wiki/You_Are_on_Indian_Land
https://en.wikipedia.org/wiki/You_Belong_to_Me_(1934_film)
https://en.wikipedia.org/wiki/You_Belong_to_Me_(1941_film)
https://en.wikipedia.org/wiki/You_Can%27t_Always_Tell
https://en.wikipedia.org/wiki/You_Can%27t_Cheat_an_Honest_Man
https://en.wikipedia.org/wiki/You_Can%27t_Escape_Forever
https://en.wikipedia.org/wiki/You_Can%27t_Get_Away_with_Murder
https://en.wikipedia.org/wiki/You_Can%27t_Kill_Stephen_King
https://en.wikipedia.org/wiki/You_Can%27t_Stop_the_Murders
https://en.wikipedia.org/wiki/You_Can%27t_Take_It_With_You_(film)
https://en.wikipedia.org/wiki/You_Can_Count_on_Me
https://en.wikipedia.org/wiki/You_Don%27t_Know_What_You%27re_Doin%27!
https://en.wikipedia.org/wiki/You_Don%27t_Mess_with_the_Zohan
https://en.wikipedia.org/wiki/You_Got_Served
https://en.wikipedia.org/wiki/You_I_Love
https://en.wikipedia.org/wiki/You_Kill_Me
https://en.wikipedia.org/wiki/You_Know_My_Name_(film)
https://en.wikipedia.org/wiki/You_Lucky_Dog
https://en.wikipedia.org/wiki/You_Nazty_Spy!
https://en.wikipedia.org/wiki/You_Only_Live_Once_(1937_film)
https://en.wikipedia.org/wiki/You_Only_Live_Once_(1952_film)
https://en.wikipedia.org/wiki/You_Only_Live_Once_(2017_film)
https://en.wikipedia.org/wiki/You_Only_Live_Twice_(film)
https://en.wikipedia.org/wiki/You_Ought_to_Be_in_Pictures
https://en.wikipedia.org/wiki/You_Ruined_My_Life
https://en.wikipedia.org/wiki/You_Said_a_Mouthful
https://en.wikipedia.org/wiki/You_Should_Have_Left
https://en.wikipedia.org/wiki/You_So_Crazy
https://en.wikipedia.org/wiki/You_Were_Like_a_Wild_Chrysanthemum
https://en.wikipedia.org/wiki/You_Were_Never_Lovelier
https://en.wikipedia.org/wiki/You_Were_Never_Really_Here
https://en.wikipedia.org/wiki/You_Will_Be_My_Son
https://en.wikipedia.org/wiki/You_Will_Be_My_Wife
https://en.wikipedia.org/wiki/You_Will_Die_at_Twenty
https://en.wikipedia.org/wiki/You_Will_Meet_a_Tall_Dark_Stranger
https://en.wikipedia.org/wiki/You_Wish!_(film)
https://en.wikipedia.org/wiki/You_Won%27t_Be_Alone
https://en.wikipedia.org/wiki/You_and_I_(1938_film)
https://en.wikipedia.org/wiki/You_and_I_(2008_film)
https://en.wikipedia.org/wiki/You_and_Me_(1938_film)
https://en.wikipedia.org/wiki/You_and_Me_(2005_film)
https://en.wikipedia.org/wiki/You_and_Me_Are_Three
https://en.wikipedia.org/wiki/You_and_the_Night
https://en.wikipedia.org/wiki/Young@Heart_(film)
https://en.wikipedia.org/wiki/Young_Adam_(film)
https://en.wikipedia.org/wiki/Young_Adult_(film)
https://en.wikipedia.org/wiki/Young_Ahmed
https://en.wikipedia.org/wiki/Young_Bess
https://en.wikipedia.org/wiki/Young_Blood_(1926_film)
https://en.wikipedia.org/wiki/Young_Blood_(1932_film)
https://en.wikipedia.org/wiki/Young_Detective_Dee:_Rise_of_the_Sea_Dragon
https://en.wikipedia.org/wiki/Young_Doctors_in_Love
https://en.wikipedia.org/wiki/Young_Dr._Kildare
https://en.wikipedia.org/wiki/Young_Einstein
https://en.wikipedia.org/wiki/Young_Frankenstein
https://en.wikipedia.org/wiki/Young_Friend_Forever
https://en.wikipedia.org/wiki/Young_Goethe_in_Love
https://en.wikipedia.org/wiki/Young_Guns_(film)
https://en.wikipedia.org/wiki/Young_Guns_II
https://en.wikipedia.org/wiki/Young_Hearts_(1936_film)
https://en.wikipedia.org/wiki/Young_Hearts_(1944_film)
https://en.wikipedia.org/wiki/Young_Hearts_(1953_film)
https://en.wikipedia.org/wiki/Young_Man_with_a_Horn_(film)
https://en.wikipedia.org/wiki/Young_Mr._Lincoln
https://en.wikipedia.org/wiki/Young_Nowheres
https://en.wikipedia.org/wiki/Young_Policemen_in_Love
https://en.wikipedia.org/wiki/Young_Sherlock_Holmes
https://en.wikipedia.org/wiki/Young_T%C3%B6rless
https://en.wikipedia.org/wiki/Young_Winston
https://en.wikipedia.org/wiki/Young_Wives%27_Tale
https://en.wikipedia.org/wiki/Young_and_Dangerous_(1996_film)
https://en.wikipedia.org/wiki/Young_and_Dangerous_(film_series)
https://en.wikipedia.org/wiki/Young_and_Dangerous_2
https://en.wikipedia.org/wiki/Young_and_Dangerous_3
https://en.wikipedia.org/wiki/Young_and_Dangerous_4
https://en.wikipedia.org/wiki/Young_and_Dangerous_5
https://en.wikipedia.org/wiki/Young_and_Innocent
https://en.wikipedia.org/wiki/Young_at_Heart_(1954_film)
https://en.wikipedia.org/wiki/Young_at_Heart_(1987_film)
https://en.wikipedia.org/wiki/Young_at_Heart_(1995_film)
https://en.wikipedia.org/wiki/Youngblood_(1978_film)
https://en.wikipedia.org/wiki/Youngblood_(1986_film)
https://en.wikipedia.org/wiki/Youngblood_Hawke
https://en.wikipedia.org/wiki/Youngistaan
https://en.wikipedia.org/wiki/Your_Best_Friend_(film)
https://en.wikipedia.org/wiki/Your_Friends_%26_Neighbors
https://en.wikipedia.org/wiki/Your_Highness
https://en.wikipedia.org/wiki/Your_Lie_in_April_(film)
https://en.wikipedia.org/wiki/Your_Name
https://en.wikipedia.org/wiki/Your_Safety_First
https://en.wikipedia.org/wiki/Your_Sister%27s_Sister
https://en.wikipedia.org/wiki/Your_Studio_and_You
https://en.wikipedia.org/wiki/Yours,_Mine_%26_Ours_(2005_film)
https://en.wikipedia.org/wiki/Yours,_Mine_and_Ours_(1968_film)
https://en.wikipedia.org/wiki/Yours_(film)
https://en.wikipedia.org/wiki/Yours_Emotionally
https://en.wikipedia.org/wiki/Yours_Truly_(2018_film)
https://en.wikipedia.org/wiki/Yours_Truly_(2019_film)
https://en.wikipedia.org/wiki/Yourself_and_Yours
https://en.wikipedia.org/wiki/Youth_(1917_film)
https://en.wikipedia.org/wiki/Youth_(1922_film)
https://en.wikipedia.org/wiki/Youth_(1934_film)
https://en.wikipedia.org/wiki/Youth_(2002_film)
https://en.wikipedia.org/wiki/Youth_(2013_film)
https://en.wikipedia.org/wiki/Youth_(2015_film)
https://en.wikipedia.org/wiki/Youth_(2017_film)
https://en.wikipedia.org/wiki/Youth_Takes_a_Fling
https://en.wikipedia.org/wiki/Youth_Will_Be_Served
https://en.wikipedia.org/wiki/Youth_Without_Youth_(film)
https://en.wikipedia.org/wiki/Youth_in_Revolt_(film)
https://en.wikipedia.org/wiki/Youth_of_China_(film)
https://en.wikipedia.org/wiki/Youth_of_the_Beast
https://en.wikipedia.org/wiki/Youvanam
https://en.wikipedia.org/wiki/Yoyes_(film)
https://en.wikipedia.org/wiki/Ypres_(film)
https://en.wikipedia.org/wiki/Yrrol
https://en.wikipedia.org/wiki/Yu-Gi-Oh!#Films
https://en.wikipedia.org/wiki/Yu-Gi-Oh!:_Bonds_Beyond_Time
https://en.wikipedia.org/wiki/Yu-Gi-Oh!:_The_Dark_Side_of_Dimensions
https://en.wikipedia.org/wiki/Yu-Gi-Oh!_(film)
https://en.wikipedia.org/wiki/Yu-Gi-Oh!_The_Movie:_Pyramid_of_Light
https://en.wikipedia.org/wiki/Yu_(film)
https://en.wikipedia.org/wiki/Yu_Ming_Is_Ainm_Dom
https://en.wikipedia.org/wiki/Yucat%C3%A1n_(film)
https://en.wikipedia.org/wiki/Yuddha_Bhoomi
https://en.wikipedia.org/wiki/Yuddha_Kaanda
https://en.wikipedia.org/wiki/Yuddham
https://en.wikipedia.org/wiki/Yuddham_(1984_film)
https://en.wikipedia.org/wiki/Yuddham_Sei
https://en.wikipedia.org/wiki/Yuddham_Sharanam
https://en.wikipedia.org/wiki/Yuddho
https://en.wikipedia.org/wiki/Yudh_(film)
https://en.wikipedia.org/wiki/Yudhabhoomi
https://en.wikipedia.org/wiki/Yudham
https://en.wikipedia.org/wiki/Yudhpath
https://en.wikipedia.org/wiki/Yug_Dekhi_Yug_Samma
https://en.wikipedia.org/wiki/Yuga_(2006_film)
https://en.wikipedia.org/wiki/Yuga_Purusha
https://en.wikipedia.org/wiki/Yuga_Purushudu
https://en.wikipedia.org/wiki/Yugandhar
https://en.wikipedia.org/wiki/Yugant
https://en.wikipedia.org/wiki/Yuganthaya_(film)
https://en.wikipedia.org/wiki/Yugapurushan
https://en.wikipedia.org/wiki/Yugo_%26_Lala
https://en.wikipedia.org/wiki/Yugo_%26_Lala_2
https://en.wikipedia.org/wiki/Yugo_%26_Lala_3
https://en.wikipedia.org/wiki/Yuhi_Kabhi
https://en.wikipedia.org/wiki/Yukon_Flight
https://en.wikipedia.org/wiki/Yukon_Gold_(film)
https://en.wikipedia.org/wiki/Yukon_Manhunt
https://en.wikipedia.org/wiki/Yukon_Vengeance
https://en.wikipedia.org/wiki/Yuma_(1971_film)
https://en.wikipedia.org/wiki/Yuma_(2012_film)
https://en.wikipedia.org/wiki/Yumeji
https://en.wikipedia.org/wiki/Yummy_(film)
https://en.wikipedia.org/wiki/Yun_Hota_Toh_Kya_Hota
https://en.wikipedia.org/wiki/Yuppi_du
https://en.wikipedia.org/wiki/Yuri%27s_Day_(film)
https://en.wikipedia.org/wiki/Yuri_Nosenko:_Double_Agent
https://en.wikipedia.org/wiki/Yuriko%27s_Aroma
https://en.wikipedia.org/wiki/Yuva
https://en.wikipedia.org/wiki/Yuvajanotsavam
https://en.wikipedia.org/wiki/Yuvakudu
https://en.wikipedia.org/wiki/Yuvan_Yuvathi
https://en.wikipedia.org/wiki/Yuvaraja_(film)
https://en.wikipedia.org/wiki/Yuvaraju_(1982_film)
https://en.wikipedia.org/wiki/Yuvaraju_(2000_film)
https://en.wikipedia.org/wiki/Yuvataram_Pilicindi
https://en.wikipedia.org/wiki/Yuvatha
https://en.wikipedia.org/wiki/Yuvatharam_Kadilindi
https://en.wikipedia.org/wiki/Yuvathurki
https://en.wikipedia.org/wiki/Yuvvraaj
https://en.wikipedia.org/wiki/Yuwakusha
https://en.wikipedia.org/wiki/Yves_(film)
https://en.wikipedia.org/wiki/Yves_Saint_Laurent_(film)
https://en.wikipedia.org/wiki/Yvette,_the_Fashion_Princesss
https://en.wikipedia.org/wiki/Yvette_(1928_film)
https://en.wikipedia.org/wiki/Yvette_(1938_film)
https://en.wikipedia.org/wiki/Yvonne_from_Paris
https://en.wikipedia.org/wiki/Yvonne_of_the_Night
https://en.wikipedia.org/wiki/Z%27har
https://en.wikipedia.org/wiki/Z%C3%A1topek_(film)
https://en.wikipedia.org/wiki/Z%C3%BC%C4%9F%C3%BCrt_A%C4%9Fa
https://en.wikipedia.org/wiki/Z%C3%BCb%C3%BCk
https://en.wikipedia.org/wiki/Z.P.G.
https://en.wikipedia.org/wiki/ZMD:_Zombies_of_Mass_Destruction_(film)
https://en.wikipedia.org/wiki/ZR-7_:The_Red_House_Seven
https://en.wikipedia.org/wiki/ZTS:_State_of_Entropy
https://en.wikipedia.org/wiki/Z_(1969_film)
https://en.wikipedia.org/wiki/Z_(1999_film)
https://en.wikipedia.org/wiki/Z_(2019_film)
https://en.wikipedia.org/wiki/Z_Channel:_A_Magnificent_Obsession
https://en.wikipedia.org/wiki/Z_Island
https://en.wikipedia.org/wiki/Z_Storm
https://en.wikipedia.org/wiki/Z_for_Zachariah_(film)
https://en.wikipedia.org/wiki/Za_Gokiburi
https://en.wikipedia.org/wiki/Za_La_Mort_(film)
https://en.wikipedia.org/wiki/Za_co%3F
https://en.wikipedia.org/wiki/Za_humny_je_drak
https://en.wikipedia.org/wiki/Za_svobodu_n%C3%A1roda
https://en.wikipedia.org/wiki/Za_trnkov%C3%BDm_ke%C5%99em
https://en.wikipedia.org/wiki/Za_volantem_nep%C5%99%C3%ADtel
https://en.wikipedia.org/wiki/Zaalim
https://en.wikipedia.org/wiki/Zaat
https://en.wikipedia.org/wiki/Zabak
https://en.wikipedia.org/wiki/Zabana!
https://en.wikipedia.org/wiki/Zabardast
https://en.wikipedia.org/wiki/Zabata
https://en.wikipedia.org/wiki/Zabawka_(film)
https://en.wikipedia.org/wiki/Zabriskie_Point_(film)
https://en.wikipedia.org/wiki/Zach%27s_Ceremony
https://en.wikipedia.org/wiki/Zacharia_Pothen_Jeevichirippundu
https://en.wikipedia.org/wiki/Zachariah_(film)
https://en.wikipedia.org/wiki/Zack_Snyder%27s_Justice_League
https://en.wikipedia.org/wiki/Zack_and_Miri_Make_a_Porno
https://en.wikipedia.org/wiki/Zadar!_Cow_from_Hell
https://en.wikipedia.org/wiki/Zadarski_memento
https://en.wikipedia.org/wiki/Zaganella_and_the_Cavalier
https://en.wikipedia.org/wiki/Zagar_Pyaw_Thaw_Athe_Hnalone
https://en.wikipedia.org/wiki/Zahreelay
https://en.wikipedia.org/wiki/Zai_Jian_Wo_Men_De_Shi_Nian
https://en.wikipedia.org/wiki/Zaida,_the_Tragedy_of_a_Model
https://en.wikipedia.org/wiki/Zakazane_piosenki
https://en.wikipedia.org/wiki/Zakham_(1989_film)
https://en.wikipedia.org/wiki/Zakham_(1994_film)
https://en.wikipedia.org/wiki/Zakhm
https://en.wikipedia.org/wiki/Zakhmee
https://en.wikipedia.org/wiki/Zakhmee_Insaan
https://en.wikipedia.org/wiki/Zakhmi_Aurat
https://en.wikipedia.org/wiki/Zakhmi_Dil_(1981_film)
https://en.wikipedia.org/wiki/Zakhmi_Dil_(1994_film)
https://en.wikipedia.org/wiki/Zakhmi_Rooh
https://en.wikipedia.org/wiki/Zakhmi_Sher
https://en.wikipedia.org/wiki/Zakhmi_Sipahi
https://en.wikipedia.org/wiki/Zakhmo_Ka_Hisaab
https://en.wikipedia.org/wiki/Zakhmona
https://en.wikipedia.org/wiki/Zakurozaka_no_Adauchi
https://en.wikipedia.org/wiki/Zalim_Saudagar
https://en.wikipedia.org/wiki/Zalim_Tera_Jawab_Nahin
https://en.wikipedia.org/wiki/Zalzala_(1988_film)
https://en.wikipedia.org/wiki/Zalzalaa
https://en.wikipedia.org/wiki/Zalzalaa_En%27buri_Aun
https://en.wikipedia.org/wiki/Zam_Zam_(film)
https://en.wikipedia.org/wiki/Zama_(film)
https://en.wikipedia.org/wiki/Zamaana_Deewana
https://en.wikipedia.org/wiki/Zamaanat
https://en.wikipedia.org/wiki/Zamana_(1985_film)
https://en.wikipedia.org/wiki/Zamana_(1993_film)
https://en.wikipedia.org/wiki/Zamana_(2010_film)
https://en.wikipedia.org/wiki/Zamane_Ko_Dikhana_Hai
https://en.wikipedia.org/wiki/Zamane_Se_Kya_Darna
https://en.wikipedia.org/wiki/Zamane_Se_Poocho
https://en.wikipedia.org/wiki/Zamani_Manzil_Kay_Maskharay
https://en.wikipedia.org/wiki/Zamba_(film)
https://en.wikipedia.org/wiki/Zambezia_(film)
https://en.wikipedia.org/wiki/Zameen_(1943_film)
https://en.wikipedia.org/wiki/Zameen_(2003_film)
https://en.wikipedia.org/wiki/Zameen_Aasmaan_(1946_film)
https://en.wikipedia.org/wiki/Zameen_Aasmaan_(1972_film)
https://en.wikipedia.org/wiki/Zameen_Aasmaan_(1984_film)
https://en.wikipedia.org/wiki/Zameen_Aasman
https://en.wikipedia.org/wiki/Zameen_Ke_Tare
https://en.wikipedia.org/wiki/Zameer:_The_Awakening_of_a_Soul
https://en.wikipedia.org/wiki/Zameer:_The_Fire_Within
https://en.wikipedia.org/wiki/Zameer_(1975_film)
https://en.wikipedia.org/wiki/Zamindar_(1952_film)
https://en.wikipedia.org/wiki/Zamindar_(1965_film)
https://en.wikipedia.org/wiki/Zana_(film)
https://en.wikipedia.org/wiki/Zandalee
https://en.wikipedia.org/wiki/Zander_the_Great
https://en.wikipedia.org/wiki/Zandy%27s_Bride
https://en.wikipedia.org/wiki/Zangezur_(film)
https://en.wikipedia.org/wiki/Zangiku_monogatari_(1956_film)
https://en.wikipedia.org/wiki/Zanjeer_(1973_film)
https://en.wikipedia.org/wiki/Zanjeer_(1998_film)
https://en.wikipedia.org/wiki/Zanjeer_(2013_film)
https://en.wikipedia.org/wiki/Zanna_Bianca_e_il_grande_Kid
https://en.wikipedia.org/wiki/Zanzibar_(film)
https://en.wikipedia.org/wiki/Zapata%27s_Gang
https://en.wikipedia.org/wiki/Zapata:_El_sue%C3%B1o_de_un_h%C3%A9roe
https://en.wikipedia.org/wiki/Zapatlela
https://en.wikipedia.org/wiki/Zapatlela_2
https://en.wikipedia.org/wiki/Zapatos_Viejos_(1993_film)
https://en.wikipedia.org/wiki/Zappa_(1983_film)
https://en.wikipedia.org/wiki/Zappatore
https://en.wikipedia.org/wiki/Zapped!
https://en.wikipedia.org/wiki/Zapped_(2014_film)
https://en.wikipedia.org/wiki/Zapped_Again!
https://en.wikipedia.org/wiki/Zapruder_film
https://en.wikipedia.org/wiki/Zara_Si_Zindagi
https://en.wikipedia.org/wiki/Zarak
https://en.wikipedia.org/wiki/Zardoz
https://en.wikipedia.org/wiki/Zare_(film)
https://en.wikipedia.org/wiki/Zaritsas:_Russian_Women_in_New_York
https://en.wikipedia.org/wiki/Zarkorr!_The_Invader
https://en.wikipedia.org/wiki/Zaroorat
https://en.wikipedia.org/wiki/Zarra%27s_Law
https://en.wikipedia.org/wiki/Zat%C5%8Dichi_(2003_film)
https://en.wikipedia.org/wiki/Zathura:_A_Space_Adventure
https://en.wikipedia.org/wiki/Zatoichi
https://en.wikipedia.org/wiki/Zatoichi%27s_Cane_Sword
https://en.wikipedia.org/wiki/Zatoichi%27s_Flashing_Sword
https://en.wikipedia.org/wiki/Zatoichi%27s_Pilgrimage
https://en.wikipedia.org/wiki/Zatoichi%27s_Revenge
https://en.wikipedia.org/wiki/Zatoichi%27s_Vengeance
https://en.wikipedia.org/wiki/Zatoichi:_The_Last
https://en.wikipedia.org/wiki/Zatoichi_(1989_film)
https://en.wikipedia.org/wiki/Zatoichi_Challenged
https://en.wikipedia.org/wiki/Zatoichi_Goes_to_the_Fire_Festival
https://en.wikipedia.org/wiki/Zatoichi_Meets_Yojimbo
https://en.wikipedia.org/wiki/Zatoichi_and_the_Chess_Expert
https://en.wikipedia.org/wiki/Zatoichi_and_the_Chest_of_Gold
https://en.wikipedia.org/wiki/Zatoichi_and_the_Doomed_Man
https://en.wikipedia.org/wiki/Zatoichi_and_the_Fugitives
https://en.wikipedia.org/wiki/Zatoichi_and_the_One-Armed_Swordsman
https://en.wikipedia.org/wiki/Zatoichi_at_Large
https://en.wikipedia.org/wiki/Zatoichi_on_the_Road
https://en.wikipedia.org/wiki/Zatoichi_the_Fugitive
https://en.wikipedia.org/wiki/Zatoichi_the_Outlaw
https://en.wikipedia.org/wiki/Zavall%C4%B1lar
https://en.wikipedia.org/wiki/Zaw_Ka_Ka_Nay_The
https://en.wikipedia.org/wiki/Zay_El_Naharda
https://en.wikipedia.org/wiki/Zaynab,_la_rose_d%27Aghmat
https://en.wikipedia.org/wiki/Zaytoun_(film)
https://en.wikipedia.org/wiki/Zaza_(1915_film)
https://en.wikipedia.org/wiki/Zaza_(1923_film)
https://en.wikipedia.org/wiki/Zaza_(1939_film)
https://en.wikipedia.org/wiki/Zaza_Rising_(2017_film)
https://en.wikipedia.org/wiki/Zazel:_The_Scent_of_Love
https://en.wikipedia.org/wiki/Zazie_dans_le_M%C3%A9tro
https://en.wikipedia.org/wiki/Zdroj
https://en.wikipedia.org/wiki/Zea_(film)
https://en.wikipedia.org/wiki/Zeb_vs._Paprika
https://en.wikipedia.org/wiki/Zebra_Force
https://en.wikipedia.org/wiki/Zebra_Lounge
https://en.wikipedia.org/wiki/Zebra_in_the_Kitchen
https://en.wikipedia.org/wiki/Zebrahead_(film)
https://en.wikipedia.org/wiki/Zebraman
https://en.wikipedia.org/wiki/Zebraman_2:_Attack_on_Zebra_City
https://en.wikipedia.org/wiki/Zed_Plus
https://en.wikipedia.org/wiki/Zeder
https://en.wikipedia.org/wiki/Zee_and_Co.
https://en.wikipedia.org/wiki/Zeemansvrouwen
https://en.wikipedia.org/wiki/Zeenat_(1945_film)
https://en.wikipedia.org/wiki/Zeenat_(1975_film)
https://en.wikipedia.org/wiki/Zegen
https://en.wikipedia.org/wiki/Zeher
https://en.wikipedia.org/wiki/Zehreela_Insaan
https://en.wikipedia.org/wiki/Zeiram
https://en.wikipedia.org/wiki/Zeisters
https://en.wikipedia.org/wiki/Zeit_der_St%C3%B6rche
https://en.wikipedia.org/wiki/Zeit_der_W%C3%BCnsche
https://en.wikipedia.org/wiki/Zeit_zu_leben
https://en.wikipedia.org/wiki/Zeiten_%C3%A4ndern_dich
https://en.wikipedia.org/wiki/Zeitgeist_(film_series)#Zeitgeist:_Addendum
https://en.wikipedia.org/wiki/Zeitgeist_(film_series)#Zeitgeist:_Moving_Forward
https://en.wikipedia.org/wiki/Zeitgeist_(film_series)#Zeitgeist:_The_Movie
https://en.wikipedia.org/wiki/Zelal
https://en.wikipedia.org/wiki/Zelda_(film)
https://en.wikipedia.org/wiki/Zelig
https://en.wikipedia.org/wiki/Zelly_and_Me
https://en.wikipedia.org/wiki/Zen_(2007_film)
https://en.wikipedia.org/wiki/Zen_(2009_film)
https://en.wikipedia.org/wiki/Zen_Noir
https://en.wikipedia.org/wiki/Zenabel
https://en.wikipedia.org/wiki/Zenda_(film)
https://en.wikipedia.org/wiki/Zenda_Swabhimanacha
https://en.wikipedia.org/wiki/Zenigata_Heiji:_Ghost_Lord
https://en.wikipedia.org/wiki/Zenigata_Heiji:_Human-skin_Spider
https://en.wikipedia.org/wiki/Zenith_(film)
https://en.wikipedia.org/wiki/Zenne_Dancer
https://en.wikipedia.org/wiki/Zenobia_(film)
https://en.wikipedia.org/wiki/Zenon:_Girl_of_the_21st_Century_(film)
https://en.wikipedia.org/wiki/Zenon:_The_Zequel
https://en.wikipedia.org/wiki/Zenon:_Z3
https://en.wikipedia.org/wiki/Zephyr_(film)
https://en.wikipedia.org/wiki/Zepped
https://en.wikipedia.org/wiki/Zeppelin_(film)
https://en.wikipedia.org/wiki/Zero:_Black_Blood
https://en.wikipedia.org/wiki/Zero_(1928_film)
https://en.wikipedia.org/wiki/Zero_(2009_film)
https://en.wikipedia.org/wiki/Zero_(2010_film)
https://en.wikipedia.org/wiki/Zero_(2016_film)
https://en.wikipedia.org/wiki/Zero_(2018_film)
https://en.wikipedia.org/wiki/Zero_Charisma
https://en.wikipedia.org/wiki/Zero_Contact
https://en.wikipedia.org/wiki/Zero_Dark_Thirty
https://en.wikipedia.org/wiki/Zero_Day_(2003_film)
https://en.wikipedia.org/wiki/Zero_Day_(2020_film)
https://en.wikipedia.org/wiki/Zero_Days
https://en.wikipedia.org/wiki/Zero_Degree_(film)
https://en.wikipedia.org/wiki/Zero_Effect
https://en.wikipedia.org/wiki/Zero_Focus
https://en.wikipedia.org/wiki/Zero_Focus_(2009_film)
https://en.wikipedia.org/wiki/Zero_Hour!
https://en.wikipedia.org/wiki/Zero_Hour_(1944_film)
https://en.wikipedia.org/wiki/Zero_Hour_(1977_film)
https://en.wikipedia.org/wiki/Zero_Kelvin_(film)
https://en.wikipedia.org/wiki/Zero_Killed
https://en.wikipedia.org/wiki/Zero_Motivation
https://en.wikipedia.org/wiki/Zero_Patience
https://en.wikipedia.org/wiki/Zero_Point_(film)
https://en.wikipedia.org/wiki/Zero_Point_Five_Love
https://en.wikipedia.org/wiki/Zero_Tolerance_(1995_film)
https://en.wikipedia.org/wiki/Zero_Tolerance_(1999_film)
https://en.wikipedia.org/wiki/Zero_Tolerance_(2015_film)
https://en.wikipedia.org/wiki/Zero_Woman
https://en.wikipedia.org/wiki/Zero_Woman:_Assassin_Lovers
https://en.wikipedia.org/wiki/Zero_Woman:_Dangerous_Game
https://en.wikipedia.org/wiki/Zero_Woman:_The_Accused
https://en.wikipedia.org/wiki/Zero_Woman:_The_Hunted
https://en.wikipedia.org/wiki/Zero_for_Conduct
https://en.wikipedia.org/wiki/Zero_to_Sixty
https://en.wikipedia.org/wiki/Zerograd
https://en.wikipedia.org/wiki/Zerophilia
https://en.wikipedia.org/wiki/Zeros_and_Ones
https://en.wikipedia.org/wiki/Zeroville_(film)
https://en.wikipedia.org/wiki/Zessh%C5%8D_(1958_film)
https://en.wikipedia.org/wiki/Zeta_One
https://en.wikipedia.org/wiki/Zeus_and_Roxanne
https://en.wikipedia.org/wiki/Zevar
https://en.wikipedia.org/wiki/Zeven_jongens_en_een_oude_schuit
https://en.wikipedia.org/wiki/Zeyda_and_the_Hitman
https://en.wikipedia.org/wiki/Zeynep%27s_Eight_Days
https://en.wikipedia.org/wiki/Zhagaram_(film)
https://en.wikipedia.org/wiki/Zhenya,_Zhenechka_and_Katyusha
https://en.wikipedia.org/wiki/Zhong_Kui:_Snow_Girl_and_the_Dark_Crystal
https://en.wikipedia.org/wiki/Zhou_Yu%27s_Train
https://en.wikipedia.org/wiki/Zhuangzi_Tests_His_Wife
https://en.wikipedia.org/wiki/Zhukovsky_(film)
https://en.wikipedia.org/wiki/Zibahkhana
https://en.wikipedia.org/wiki/Zid_(1976_film)
https://en.wikipedia.org/wiki/Zid_(2014_film)
https://en.wikipedia.org/wiki/Zidane:_A_21st_Century_Portrait
https://en.wikipedia.org/wiki/Ziddi_(1948_film)
https://en.wikipedia.org/wiki/Ziddi_(1964_film)
https://en.wikipedia.org/wiki/Ziddi_(1973_film)
https://en.wikipedia.org/wiki/Ziddi_(1997_film)
https://en.wikipedia.org/wiki/Ziegfeld_Follies_(film)
https://en.wikipedia.org/wiki/Ziegfeld_Girl_(film)
https://en.wikipedia.org/wiki/Zielen_Van_Napels
https://en.wikipedia.org/wiki/Zift
https://en.wikipedia.org/wiki/Zig_Zag_(1970_film)
https://en.wikipedia.org/wiki/Zig_Zag_(2002_film)
https://en.wikipedia.org/wiki/Zigeunerweisen_(film)
https://en.wikipedia.org/wiki/Ziggy_Stardust_and_the_Spiders_from_Mars_(film)
https://en.wikipedia.org/wiki/Zigzag_(1963_film)
https://en.wikipedia.org/wiki/Zigzag_of_Success
https://en.wikipedia.org/wiki/Zila_Ghaziabad
https://en.wikipedia.org/wiki/Zim_and_Co.
https://en.wikipedia.org/wiki/Zimbo_(film)
https://en.wikipedia.org/wiki/Zimbo_Comes_To_Town
https://en.wikipedia.org/wiki/Zina_(film)
https://en.wikipedia.org/wiki/Zinda_(film)
https://en.wikipedia.org/wiki/Zinda_Dil_(1975_film)
https://en.wikipedia.org/wiki/Zinda_Dil_(2003_film)
https://en.wikipedia.org/wiki/Zinda_Laash
https://en.wikipedia.org/wiki/Zinda_Lash
https://en.wikipedia.org/wiki/Zindagani
https://en.wikipedia.org/wiki/Zindaggi_Rocks
https://en.wikipedia.org/wiki/Zindagi_(1940_film)
https://en.wikipedia.org/wiki/Zindagi_(1964_film)
https://en.wikipedia.org/wiki/Zindagi_(1976_film)
https://en.wikipedia.org/wiki/Zindagi_50-50
https://en.wikipedia.org/wiki/Zindagi_Aur_Toofan
https://en.wikipedia.org/wiki/Zindagi_Ek_Juaa
https://en.wikipedia.org/wiki/Zindagi_Jalebi
https://en.wikipedia.org/wiki/Zindagi_Khoobsoorat_Hai
https://en.wikipedia.org/wiki/Zindagi_Kitni_Haseen_Hay
https://en.wikipedia.org/wiki/Zindagi_Na_Milegi_Dobara
https://en.wikipedia.org/wiki/Zindagi_Tere_Naam
https://en.wikipedia.org/wiki/Zindagi_Zindagi
https://en.wikipedia.org/wiki/Zindagi_aur_Khwab
https://en.wikipedia.org/wiki/Zingara_(film)
https://en.wikipedia.org/wiki/Zingari_(film)
https://en.wikipedia.org/wiki/Zion_and_His_Brother
https://en.wikipedia.org/wiki/Zip,_the_Dodger
https://en.wikipedia.org/wiki/Zip_%26_Zap_and_the_Captain%27s_Island
https://en.wikipedia.org/wiki/Zip_%26_Zap_and_the_Marble_Gang
https://en.wikipedia.org/wiki/Zip_%27N_Snort
https://en.wikipedia.org/wiki/Zip_%27n_Zoo
https://en.wikipedia.org/wiki/Zipper_(film)
https://en.wikipedia.org/wiki/Zipperface
https://en.wikipedia.org/wiki/Zipping_Along
https://en.wikipedia.org/wiki/Zis_Boom_Bah
https://en.wikipedia.org/wiki/Zizek!
https://en.wikipedia.org/wiki/Zkou%C5%A1ka_pokra%C4%8Duje
https://en.wikipedia.org/wiki/Zl%C3%A9_pond%C4%9Bl%C3%AD
https://en.wikipedia.org/wiki/Zlat%C3%A9_dno
https://en.wikipedia.org/wiki/Zlat%C3%BD_podraz
https://en.wikipedia.org/wiki/Zlatna_levica,_pri%C4%8Da_o_Radivoju_Kora%C4%87u
https://en.wikipedia.org/wiki/Zlep%C5%A1ov%C3%A1k
https://en.wikipedia.org/wiki/Zlo%C4%8Din_a_trik_II.
https://en.wikipedia.org/wiki/Znachor_(1937_film)
https://en.wikipedia.org/wiki/Znaki_na_drodze
https://en.wikipedia.org/wiki/Zodiac:_Signs_of_the_Apocalypse
https://en.wikipedia.org/wiki/Zodiac:_The_Race_Begins
https://en.wikipedia.org/wiki/Zodiac_(film)
https://en.wikipedia.org/wiki/Zodiac_Killers
https://en.wikipedia.org/wiki/Zodiac_Rapist
https://en.wikipedia.org/wiki/Zoe_(film)
https://en.wikipedia.org/wiki/Zoeken_naar_Eileen_(film)
https://en.wikipedia.org/wiki/Zoetrope_(film)
https://en.wikipedia.org/wiki/Zoey_102
https://en.wikipedia.org/wiki/Zohi_Sdom
https://en.wikipedia.org/wiki/Zohra_(film)
https://en.wikipedia.org/wiki/Zokkomon
https://en.wikipedia.org/wiki/Zoku_Aoi_sanmyaku_Yukiko_no_maki
https://en.wikipedia.org/wiki/Zola_(film)
https://en.wikipedia.org/wiki/Zoltan,_Hound_of_Dracula_(film)
https://en.wikipedia.org/wiki/Zolykha%27s_Secret
https://en.wikipedia.org/wiki/Zombeavers
https://en.wikipedia.org/wiki/Zombi_(film_series)
https://en.wikipedia.org/wiki/Zombi_2
https://en.wikipedia.org/wiki/Zombi_3
https://en.wikipedia.org/wiki/Zombi_Child
https://en.wikipedia.org/wiki/Zombi_Kampung_Pisang
https://en.wikipedia.org/wiki/Zombibi
https://en.wikipedia.org/wiki/Zombie!_vs._Mardi_Gras
https://en.wikipedia.org/wiki/Zombie_(2019_film)
https://en.wikipedia.org/wiki/Zombie_108
https://en.wikipedia.org/wiki/Zombie_Apocalypse_(film)
https://en.wikipedia.org/wiki/Zombie_Ass:_Toilet_of_the_Dead
https://en.wikipedia.org/wiki/Zombie_Bloodbath
https://en.wikipedia.org/wiki/Zombie_Brigade
https://en.wikipedia.org/wiki/Zombie_Chronicles
https://en.wikipedia.org/wiki/Zombie_Dogs
https://en.wikipedia.org/wiki/Zombie_Fighters
https://en.wikipedia.org/wiki/Zombie_Girl:_The_Movie
https://en.wikipedia.org/wiki/Zombie_High
https://en.wikipedia.org/wiki/Zombie_Holidays_3D
https://en.wikipedia.org/wiki/Zombie_Holocaust
https://en.wikipedia.org/wiki/Zombie_Honeymoon
https://en.wikipedia.org/wiki/Zombie_Hunter_(film)
https://en.wikipedia.org/wiki/Zombie_Island_Massacre
https://en.wikipedia.org/wiki/Zombie_Killers:_Elephant%27s_Graveyard
https://en.wikipedia.org/wiki/Zombie_King_and_the_Legion_of_Doom
https://en.wikipedia.org/wiki/Zombie_Lake
https://en.wikipedia.org/wiki/Zombie_Massacre_(film)
https://en.wikipedia.org/wiki/Zombie_Movie
https://en.wikipedia.org/wiki/Zombie_Nation_(film)
https://en.wikipedia.org/wiki/Zombie_Night_(2003_film)
https://en.wikipedia.org/wiki/Zombie_Night_(2013_film)
https://en.wikipedia.org/wiki/Zombie_Night_2:_Awakening
https://en.wikipedia.org/wiki/Zombie_Nightmare
https://en.wikipedia.org/wiki/Zombie_Planet
https://en.wikipedia.org/wiki/Zombie_Prom#Zombie_Prom_.282006_short_film.29
https://en.wikipedia.org/wiki/Zombie_Reddy
https://en.wikipedia.org/wiki/Zombie_Self-Defense_Force
https://en.wikipedia.org/wiki/Zombie_Spring_Breakers
https://en.wikipedia.org/wiki/Zombie_Strippers
https://en.wikipedia.org/wiki/Zombie_Undead
https://en.wikipedia.org/wiki/Zombie_Wars
https://en.wikipedia.org/wiki/Zombie_Women_of_Satan
https://en.wikipedia.org/wiki/Zombie_and_the_Ghost_Train
https://en.wikipedia.org/wiki/Zombie_in_a_Penguin_Suit
https://en.wikipedia.org/wiki/Zombiegeddon
https://en.wikipedia.org/wiki/Zombieland
https://en.wikipedia.org/wiki/Zombieland:_Double_Tap
https://en.wikipedia.org/wiki/Zombies!_Zombies!_Zombies!
https://en.wikipedia.org/wiki/Zombies_(2016_film)
https://en.wikipedia.org/wiki/Zombies_(2018_film)
https://en.wikipedia.org/wiki/Zombies_2
https://en.wikipedia.org/wiki/Zombies_3
https://en.wikipedia.org/wiki/Zombies_of_Mora_Tau
https://en.wikipedia.org/wiki/Zombies_of_the_Stratosphere
https://en.wikipedia.org/wiki/Zombies_on_Broadway
https://en.wikipedia.org/wiki/Zombiesthaan
https://en.wikipedia.org/wiki/Zombiez
https://en.wikipedia.org/wiki/Zombillenium
https://en.wikipedia.org/wiki/Zombitopia
https://en.wikipedia.org/wiki/Zombivli_(2022_film)
https://en.wikipedia.org/wiki/Zona_J
https://en.wikipedia.org/wiki/Zona_Roja
https://en.wikipedia.org/wiki/Zona_Zamfirova
https://en.wikipedia.org/wiki/Zona_pericolosa
https://en.wikipedia.org/wiki/Zonad
https://en.wikipedia.org/wiki/Zone_414
https://en.wikipedia.org/wiki/Zone_Pro_Site
https://en.wikipedia.org/wiki/Zone_Troopers
https://en.wikipedia.org/wiki/Zone_of_the_Dead
https://en.wikipedia.org/wiki/Zontar,_the_Thing_from_Venus
https://en.wikipedia.org/wiki/Zoo_(2005_film)
https://en.wikipedia.org/wiki/Zoo_(2007_film)
https://en.wikipedia.org/wiki/Zoo_(2017_film)
https://en.wikipedia.org/wiki/Zoo_in_Budapest
https://en.wikipedia.org/wiki/Zookeeper_(film)
https://en.wikipedia.org/wiki/Zoolander
https://en.wikipedia.org/wiki/Zoolander_2
https://en.wikipedia.org/wiki/Zoology_(film)
https://en.wikipedia.org/wiki/Zooloo_(film)
https://en.wikipedia.org/wiki/Zoom,_Zoom,_Superman!
https://en.wikipedia.org/wiki/Zoom_(2006_film)
https://en.wikipedia.org/wiki/Zoom_(2015_film)
https://en.wikipedia.org/wiki/Zoom_(2016_Kannada_film)
https://en.wikipedia.org/wiki/Zoom_(2016_Sinhala_film)
https://en.wikipedia.org/wiki/Zoom_In:_Rape_Apartments
https://en.wikipedia.org/wiki/Zoom_and_Bored
https://en.wikipedia.org/wiki/Zoom_at_the_Top
https://en.wikipedia.org/wiki/Zoombies
https://en.wikipedia.org/wiki/Zoop_in_Africa
https://en.wikipedia.org/wiki/Zoop_in_India
https://en.wikipedia.org/wiki/Zoop_in_South_America
https://en.wikipedia.org/wiki/Zoot_Suit_(film)
https://en.wikipedia.org/wiki/Zootopia
https://en.wikipedia.org/wiki/Zor_(film)
https://en.wikipedia.org/wiki/Zor_Lagaa_Ke...Haiya!
https://en.wikipedia.org/wiki/Zora_the_Vampire
https://en.wikipedia.org/wiki/Zoran,_My_Nephew_the_Idiot
https://en.wikipedia.org/wiki/Zorawar
https://en.wikipedia.org/wiki/Zorba_the_Greek_(film)
https://en.wikipedia.org/wiki/Zorina_(film)
https://en.wikipedia.org/wiki/Zorns_Lemma_(film)
https://en.wikipedia.org/wiki/Zorro%27s_Black_Whip
https://en.wikipedia.org/wiki/Zorro%27s_Fighting_Legion
https://en.wikipedia.org/wiki/Zorro,_The_Gay_Blade
https://en.wikipedia.org/wiki/Zorro_(1975_Hindi_film)
https://en.wikipedia.org/wiki/Zorro_(1975_Italian_film)
https://en.wikipedia.org/wiki/Zorro_Rides_Again
https://en.wikipedia.org/wiki/Zorro_and_the_Three_Musketeers
https://en.wikipedia.org/wiki/Zorro_in_the_Court_of_England
https://en.wikipedia.org/wiki/Zotz!
https://en.wikipedia.org/wiki/Zouzou_(film)
https://en.wikipedia.org/wiki/Zoya_(1944_film)
https://en.wikipedia.org/wiki/Zozo_(film)
https://en.wikipedia.org/wiki/Zp%C3%ADvaj%C3%ADc%C3%AD_pud%C5%99enka
https://en.wikipedia.org/wiki/Zpov%C4%9B%C4%8F_Dona_Juana
https://en.wikipedia.org/wiki/Zpov%C4%9B%C4%8F_zapomenut%C3%A9ho
https://en.wikipedia.org/wiki/Zsa_Zsa_Zaturnnah,_ze_Moveeh
https://en.wikipedia.org/wiki/Zu_Warriors_from_the_Magic_Mountain
https://en.wikipedia.org/wiki/Zubaan
https://en.wikipedia.org/wiki/Zubeidaa
https://en.wikipedia.org/wiki/Zuckerkandl_(film)
https://en.wikipedia.org/wiki/Zugverkehr_unregelm%C3%A4%C3%9Fig
https://en.wikipedia.org/wiki/Zula_Hula
https://en.wikipedia.org/wiki/Zulfiqar_(film)
https://en.wikipedia.org/wiki/Zulm-O-Sitam
https://en.wikipedia.org/wiki/Zulm_Ka_Badla
https://en.wikipedia.org/wiki/Zulm_Ki_Hukumat
https://en.wikipedia.org/wiki/Zulm_Ko_Jala_Doonga
https://en.wikipedia.org/wiki/Zulu_(1964_film)
https://en.wikipedia.org/wiki/Zulu_(2013_film)
https://en.wikipedia.org/wiki/Zulu_Dawn
https://en.wikipedia.org/wiki/Zulu_Love_Letter
https://en.wikipedia.org/wiki/Zulu_Wedding
https://en.wikipedia.org/wiki/Zum_Teufel_mit_der_Penne
https://en.wikipedia.org/wiki/Zuma_Beach_(film)
https://en.wikipedia.org/wiki/Zur_H%C3%B6lle_mit_den_Paukern
https://en.wikipedia.org/wiki/Zur_Sache,_Macho!
https://en.wikipedia.org/wiki/Zurdo
https://en.wikipedia.org/wiki/Zurich_(film)
https://en.wikipedia.org/wiki/Zus_%26_Zo
https://en.wikipedia.org/wiki/Zutto_Mae_Kara_Suki_Deshita
https://en.wikipedia.org/wiki/Zuzu_Angel_(film)
https://en.wikipedia.org/wiki/Zvenigora
https://en.wikipedia.org/wiki/Zvony_z_r%C3%A1kosu
https://en.wikipedia.org/wiki/Zwei_M%C3%BCtter
https://en.wikipedia.org/wiki/Zwei_himmlische_Dicksch%C3%A4del
https://en.wikipedia.org/wiki/Zwischen_2_Welten
https://en.wikipedia.org/wiki/Zwischenfall_in_Benderath
https://en.wikipedia.org/wiki/Zygon:_When_Being_You_Just_Isn%27t_Enough
https://en.wikipedia.org/wiki/Zyzzyx_Road
https://en.wikipedia.org/wiki/Zzyzx_(film)
Language counts for https://en.wikipedia.org/wiki/List_of_films:_X%E2%80%93Z#Z:
{'english': 477, 'hindi': 178, 'japanese': 100, 'tamil': 52, 'spanish': 47, 'telugu': 42, 'german': 31, 'malayalam': 31, 'french': 29, '': 25}

