https://en.wikipedia.org/wiki/List_of_films:_numbers
hello
https://en.wikipedia.org/wiki/List_of_films:_numbers
https://en.wikipedia.org/wiki/%2768_(film)
https://en.wikipedia.org/wiki/%2771_(film)
https://en.wikipedia.org/wiki/%2796_(film)
https://en.wikipedia.org/wiki/%CE%A0_(film)
https://en.wikipedia.org/wiki/(500)_Days_of_Summer
https://en.wikipedia.org/wiki/-30-_(film)
https://en.wikipedia.org/wiki/.45_(film)
https://en.wikipedia.org/wiki/0.5_mm
https://en.wikipedia.org/wiki/00_Schneider_%E2%80%93_Jagd_auf_Nihil_Baxter
https://en.wikipedia.org/wiki/10%C2%BD
https://en.wikipedia.org/wiki/10,000_BC_(film)
https://en.wikipedia.org/wiki/10/31_(film)
https://en.wikipedia.org/wiki/10000_Years_Later
https://en.wikipedia.org/wiki/100_Bloody_Acres
https://en.wikipedia.org/wiki/100_Days_(1991_film)
https://en.wikipedia.org/wiki/100_Days_with_Mr._Arrogant
https://en.wikipedia.org/wiki/100_Feet_(film)
https://en.wikipedia.org/wiki/100_Rifles
https://en.wikipedia.org/wiki/100_Years_(film)
https://en.wikipedia.org/wiki/1014_(film)
https://en.wikipedia.org/wiki/101_Dalmatians_(1996_film)
https://en.wikipedia.org/wiki/101_Dalmatians_II:_Patch%27s_London_Adventure
https://en.wikipedia.org/wiki/101_Rent_Boys
https://en.wikipedia.org/wiki/101_Reykjav%C3%ADk
https://en.wikipedia.org/wiki/102_Dalmatians
https://en.wikipedia.org/wiki/108_Demon_Kings
https://en.wikipedia.org/wiki/10_(1979_film)
https://en.wikipedia.org/wiki/10_Cloverfield_Lane
https://en.wikipedia.org/wiki/10_Items_or_Less_(film)
https://en.wikipedia.org/wiki/10_Questions_for_the_Dalai_Lama
https://en.wikipedia.org/wiki/10_Rillington_Place_(film)
https://en.wikipedia.org/wiki/10_Rules_for_Sleeping_Around
https://en.wikipedia.org/wiki/10_Things_I_Hate_About_You
https://en.wikipedia.org/wiki/10_Years_(2011_film)
https://en.wikipedia.org/wiki/10_Years_Later_(TV_series)
https://en.wikipedia.org/wiki/10_to_Midnight
https://en.wikipedia.org/wiki/10th_%26_Wolf
https://en.wikipedia.org/wiki/11%2709%2201_September_11
https://en.wikipedia.org/wiki/11-11-11_(2011_film)
https://en.wikipedia.org/wiki/11:14
https://en.wikipedia.org/wiki/120_(film)
https://en.wikipedia.org/wiki/122_(film)
https://en.wikipedia.org/wiki/125_Years_Memory
https://en.wikipedia.org/wiki/127_Hours
https://en.wikipedia.org/wiki/12:01_(1993_film)
https://en.wikipedia.org/wiki/12:01_PM_(1990_film)
https://en.wikipedia.org/wiki/12_(2003_film)
https://en.wikipedia.org/wiki/12_(2007_film)
https://en.wikipedia.org/wiki/12_Angry_Men_(1957_film)
https://en.wikipedia.org/wiki/12_Angry_Men_(1997_film)
https://en.wikipedia.org/wiki/12_Citizens
https://en.wikipedia.org/wiki/12_Hour_Shift
https://en.wikipedia.org/wiki/12_Men_of_Christmas
https://en.wikipedia.org/wiki/12_Monkeys_(film)
https://en.wikipedia.org/wiki/12_O%27Clock_Boys
https://en.wikipedia.org/wiki/12_Rounds_(film)
https://en.wikipedia.org/wiki/12_Rounds_2:_Reloaded
https://en.wikipedia.org/wiki/12_Rounds_3:_Lockdown
https://en.wikipedia.org/wiki/12_Strong
https://en.wikipedia.org/wiki/12_Years_A_Slave_(film)
https://en.wikipedia.org/wiki/12_Years_a_Slave_(film)
https://en.wikipedia.org/wiki/12_and_Holding
https://en.wikipedia.org/wiki/12th_%26_Delaware
https://en.wikipedia.org/wiki/13_(2010_film)
https://en.wikipedia.org/wiki/13_(2022_film)
https://en.wikipedia.org/wiki/13_Assassins_(1963_film)
https://en.wikipedia.org/wiki/13_Assassins_(2010_film)
https://en.wikipedia.org/wiki/13_Beloved
https://en.wikipedia.org/wiki/13_Ghosts_(1960_film)
https://en.wikipedia.org/wiki/13_Going_on_30
https://en.wikipedia.org/wiki/13_Hours:_The_Secret_Soldiers_of_Benghazi
https://en.wikipedia.org/wiki/13_Moons
https://en.wikipedia.org/wiki/13_Rue_Madeleine
https://en.wikipedia.org/wiki/13_Sins
https://en.wikipedia.org/wiki/13_Tzameti
https://en.wikipedia.org/wiki/13th_(film)
https://en.wikipedia.org/wiki/1408_(film)
https://en.wikipedia.org/wiki/1492:_Conquest_of_Paradise
https://en.wikipedia.org/wiki/14_Peaks:_Nothing_Is_Impossible
https://en.wikipedia.org/wiki/15_(film)
https://en.wikipedia.org/wiki/15_August_(2019_film)
https://en.wikipedia.org/wiki/15_Lads
https://en.wikipedia.org/wiki/15_Minutes
https://en.wikipedia.org/wiki/16-Love
https://en.wikipedia.org/wiki/16_Blocks
https://en.wikipedia.org/wiki/16_December_(film)
https://en.wikipedia.org/wiki/16_Wishes
https://en.wikipedia.org/wiki/1776_(film)
https://en.wikipedia.org/wiki/17_Again_(film)
https://en.wikipedia.org/wiki/18_Again!
https://en.wikipedia.org/wiki/18_Presents
https://en.wikipedia.org/wiki/1900_(film)
https://en.wikipedia.org/wiki/1915_(film)
https://en.wikipedia.org/wiki/1917_(1970_film)
https://en.wikipedia.org/wiki/1917_(2019_film)
https://en.wikipedia.org/wiki/1920:_London
https://en.wikipedia.org/wiki/1920:_The_Evil_Returns
https://en.wikipedia.org/wiki/1920_(film)
https://en.wikipedia.org/wiki/1920_(film_series)
https://en.wikipedia.org/wiki/1921_(2018_film)
https://en.wikipedia.org/wiki/1922_(2017_film)
https://en.wikipedia.org/wiki/1941_(film)
https://en.wikipedia.org/wiki/1945_(2017_film)
https://en.wikipedia.org/wiki/1968_Tunnel_Rats
https://en.wikipedia.org/wiki/1969_(film)
https://en.wikipedia.org/wiki/1971_(2007_film)
https://en.wikipedia.org/wiki/1982_-_A_Love_Marriage
https://en.wikipedia.org/wiki/1983_(film)
https://en.wikipedia.org/wiki/1984_(1956_film)
https://en.wikipedia.org/wiki/1984_(2023_film)
https://en.wikipedia.org/wiki/1985_(film)
https://en.wikipedia.org/wiki/1987_(film)
https://en.wikipedia.org/wiki/1990:_The_Bronx_Warriors
https://en.wikipedia.org/wiki/1991:_The_Year_Punk_Broke
https://en.wikipedia.org/wiki/19_(film)
https://en.wikipedia.org/wiki/20,000_Leagues_Under_the_Sea_(1916_film)
https://en.wikipedia.org/wiki/20,000_Leagues_Under_the_Sea_(1954_film)
https://en.wikipedia.org/wiki/20,000_Leagues_Under_the_Sea_(1997_Hallmark_film)
https://en.wikipedia.org/wiki/20,000_Leagues_Under_the_Sea_(1997_Village_Roadshow_film)
https://en.wikipedia.org/wiki/20,000_Years_in_Sing_Sing
https://en.wikipedia.org/wiki/20,000_lieues_sous_les_mers_(film)
https://en.wikipedia.org/wiki/2000_Maniacs
https://en.wikipedia.org/wiki/2001:_A_Space_Odyssey_(film)
https://en.wikipedia.org/wiki/2001:_A_Space_Travesty
https://en.wikipedia.org/wiki/2001_Maniacs
https://en.wikipedia.org/wiki/2001_Maniacs:_Field_of_Screams
https://en.wikipedia.org/wiki/2009:_Lost_Memories
https://en.wikipedia.org/wiki/200_Cigarettes
https://en.wikipedia.org/wiki/200_Motels
https://en.wikipedia.org/wiki/200_Pounds_Beauty
https://en.wikipedia.org/wiki/2010_(film)
https://en.wikipedia.org/wiki/2012_(film)
https://en.wikipedia.org/wiki/2019,_After_the_Fall_of_New_York
https://en.wikipedia.org/wiki/2020_Texas_Gladiators
https://en.wikipedia.org/wiki/2036:_Nexus_Dawn
https://en.wikipedia.org/wiki/2046_(film)
https://en.wikipedia.org/wiki/2048:_Nowhere_to_Run
https://en.wikipedia.org/wiki/2050_(film)
https://en.wikipedia.org/wiki/2067_(film)
https://en.wikipedia.org/wiki/2081_(film)
https://en.wikipedia.org/wiki/20_Dates
https://en.wikipedia.org/wiki/20_Feet_From_Stardom
https://en.wikipedia.org/wiki/20_Million_Miles_to_Earth
https://en.wikipedia.org/wiki/20th_Century_Girl
https://en.wikipedia.org/wiki/211_(film)
https://en.wikipedia.org/wiki/21_%26_Over_(film)
https://en.wikipedia.org/wiki/21_(2008_film)
https://en.wikipedia.org/wiki/21_Grams
https://en.wikipedia.org/wiki/21_Jump_Street_(film)
https://en.wikipedia.org/wiki/22_Jump_Street
https://en.wikipedia.org/wiki/23_(film)
https://en.wikipedia.org/wiki/23_Blast
https://en.wikipedia.org/wiki/23_Paces_to_Baker_Street
https://en.wikipedia.org/wiki/23rd_March_1931:_Shaheed
https://en.wikipedia.org/wiki/24_City
https://en.wikipedia.org/wiki/24_Frames_(film)
https://en.wikipedia.org/wiki/24_Hour_Party_People
https://en.wikipedia.org/wiki/25th_Hour
https://en.wikipedia.org/wiki/27_Dresses
https://en.wikipedia.org/wiki/28_Days_(film)
https://en.wikipedia.org/wiki/28_Days_Later
https://en.wikipedia.org/wiki/28_Hotel_Rooms
https://en.wikipedia.org/wiki/28_Weeks_Later
https://en.wikipedia.org/wiki/29th_Street_(film)
https://en.wikipedia.org/wiki/2:22_(2017_film)
https://en.wikipedia.org/wiki/2:37
https://en.wikipedia.org/wiki/2_Days_in_New_York
https://en.wikipedia.org/wiki/2_Days_in_Paris
https://en.wikipedia.org/wiki/2_Days_in_the_Valley
https://en.wikipedia.org/wiki/2_Fast_2_Furious
https://en.wikipedia.org/wiki/2_Guns
https://en.wikipedia.org/wiki/2_States_(2014_film)
https://en.wikipedia.org/wiki/2_or_3_Things_I_Know_About_Her
https://en.wikipedia.org/wiki/3,2,1..._Frankie_Go_Boom
https://en.wikipedia.org/wiki/3-Iron
https://en.wikipedia.org/wiki/30-Love
https://en.wikipedia.org/wiki/3000_Miles_to_Graceland
https://en.wikipedia.org/wiki/300:_Rise_of_an_Empire
https://en.wikipedia.org/wiki/300_(film)
https://en.wikipedia.org/wiki/301,_302
https://en.wikipedia.org/wiki/3022
https://en.wikipedia.org/wiki/305_(film)
https://en.wikipedia.org/wiki/30_Days_of_Night:_Dark_Days_(film)
https://en.wikipedia.org/wiki/30_Days_of_Night_(film)
https://en.wikipedia.org/wiki/30_Minutes_or_Less
https://en.wikipedia.org/wiki/31_(film)
https://en.wikipedia.org/wiki/31st_October_(film)
https://en.wikipedia.org/wiki/35_Shots_of_Rum
https://en.wikipedia.org/wiki/360_(film)
https://en.wikipedia.org/wiki/3615_code_P%C3%A8re_No%C3%ABl
https://en.wikipedia.org/wiki/365_Days_(2020_film)
https://en.wikipedia.org/wiki/36_China_Town
https://en.wikipedia.org/wiki/36_Ghante
https://en.wikipedia.org/wiki/36_Hours_(1964_film)
https://en.wikipedia.org/wiki/36_Quai_des_Orf%C3%A8vres_(film)
https://en.wikipedia.org/wiki/3:10_to_Yuma_(1957_film)
https://en.wikipedia.org/wiki/3:10_to_Yuma_(2007_film)
https://en.wikipedia.org/wiki/3:_The_Dale_Earnhardt_Story
https://en.wikipedia.org/wiki/3G_(film)
https://en.wikipedia.org/wiki/3_Days_to_Kill
https://en.wikipedia.org/wiki/3_Dev_Adam
https://en.wikipedia.org/wiki/3_Godfathers
https://en.wikipedia.org/wiki/3_Idiots
https://en.wikipedia.org/wiki/3_Ninjas
https://en.wikipedia.org/wiki/3_Ring_Circus
https://en.wikipedia.org/wiki/3_Women
https://en.wikipedia.org/wiki/4.3.2.1
https://en.wikipedia.org/wiki/404_(film)
https://en.wikipedia.org/wiki/40_Days_and_40_Nights
https://en.wikipedia.org/wiki/42_(film)
https://en.wikipedia.org/wiki/42nd_Street_(film)
https://en.wikipedia.org/wiki/44_Inch_Chest
https://en.wikipedia.org/wiki/44_Minutes:_The_North_Hollywood_Shoot-Out
https://en.wikipedia.org/wiki/47_Meters_Down
https://en.wikipedia.org/wiki/47_Meters_Down:_Uncaged
https://en.wikipedia.org/wiki/47_Ronin_(1994_film)
https://en.wikipedia.org/wiki/47_Ronin_(2013_film)
https://en.wikipedia.org/wiki/48_Hrs.
https://en.wikipedia.org/wiki/499_(film)
https://en.wikipedia.org/wiki/49th_Parallel_(film)
https://en.wikipedia.org/wiki/4D_Man
https://en.wikipedia.org/wiki/4_Days_in_May
https://en.wikipedia.org/wiki/4_Little_Girls
https://en.wikipedia.org/wiki/4_Months,_3_Weeks_and_2_Days
https://en.wikipedia.org/wiki/4_for_Texas
https://en.wikipedia.org/wiki/50/50_(2011_film)
https://en.wikipedia.org/wiki/50_First_Dates
https://en.wikipedia.org/wiki/50_Ways_of_Saying_Fabulous
https://en.wikipedia.org/wiki/51_(film)
https://en.wikipedia.org/wiki/52_Pick-Up
https://en.wikipedia.org/wiki/52_Tuesdays
https://en.wikipedia.org/wiki/54_(film)
https://en.wikipedia.org/wiki/55_Days_at_Peking
https://en.wikipedia.org/wiki/5_Broken_Cameras
https://en.wikipedia.org/wiki/5_Card_Stud
https://en.wikipedia.org/wiki/5_Centimeters_Per_Second
https://en.wikipedia.org/wiki/5_Centimeters_per_Second
https://en.wikipedia.org/wiki/5_Days_of_War
https://en.wikipedia.org/wiki/5_Fingers
https://en.wikipedia.org/wiki/5ive_Girls
https://en.wikipedia.org/wiki/5x2
https://en.wikipedia.org/wiki/61*
https://en.wikipedia.org/wiki/633_Squadron
https://en.wikipedia.org/wiki/64:_Part_I
https://en.wikipedia.org/wiki/64:_Part_II
https://en.wikipedia.org/wiki/65_(film)
https://en.wikipedia.org/wiki/678_(film)
https://en.wikipedia.org/wiki/6_Angels
https://en.wikipedia.org/wiki/6_Below:_Miracle_on_the_Mountain
https://en.wikipedia.org/wiki/6_Days_(2017_film)
https://en.wikipedia.org/wiki/6_Souls
https://en.wikipedia.org/wiki/6_Underground_(film)
https://en.wikipedia.org/wiki/7%C2%BD_Phere
https://en.wikipedia.org/wiki/708090_(film)
https://en.wikipedia.org/wiki/7:35_in_the_Morning
https://en.wikipedia.org/wiki/7_Faces_of_Dr._Lao
https://en.wikipedia.org/wiki/7_Khoon_Maaf
https://en.wikipedia.org/wiki/7_Seconds_(film)
https://en.wikipedia.org/wiki/7_Women
https://en.wikipedia.org/wiki/8%C2%BD
https://en.wikipedia.org/wiki/8%C2%BD_Women
https://en.wikipedia.org/wiki/8-Bit_Christmas
https://en.wikipedia.org/wiki/8000_Miles
https://en.wikipedia.org/wiki/80_for_Brady
https://en.wikipedia.org/wiki/84,_Charing_Cross_Road#Adaptations
https://en.wikipedia.org/wiki/84_Charing_Cross_Road_(film)
https://en.wikipedia.org/wiki/88_(film)
https://en.wikipedia.org/wiki/88_Minutes
https://en.wikipedia.org/wiki/8:_The_Mormon_Proposition
https://en.wikipedia.org/wiki/8_Heads_in_a_Duffel_Bag
https://en.wikipedia.org/wiki/8_Mile_(film)
https://en.wikipedia.org/wiki/8_Million_Ways_to_Die
https://en.wikipedia.org/wiki/8_Seconds
https://en.wikipedia.org/wiki/8_Women
https://en.wikipedia.org/wiki/8_x_10_Tasveer
https://en.wikipedia.org/wiki/8mm_(film)
https://en.wikipedia.org/wiki/8mm_2
https://en.wikipedia.org/wiki/9%C2%BD_Weeks
https://en.wikipedia.org/wiki/9/11_(2002_film)
https://en.wikipedia.org/wiki/9012Live_(video)
https://en.wikipedia.org/wiki/92_in_the_Shade
https://en.wikipedia.org/wiki/964_Pinocchio
https://en.wikipedia.org/wiki/976-EVIL
https://en.wikipedia.org/wiki/99_(1918_film)
https://en.wikipedia.org/wiki/99_(2009_film)
https://en.wikipedia.org/wiki/99_Homes
https://en.wikipedia.org/wiki/9_(2005_film)
https://en.wikipedia.org/wiki/9_(2009_animated_film)
https://en.wikipedia.org/wiki/9_Dead_Gay_Guys
https://en.wikipedia.org/wiki/9_Songs
https://en.wikipedia.org/wiki/9_Souls
https://en.wikipedia.org/wiki/9_to_5_(film)
https://en.wikipedia.org/wiki/9th_Company
https://en.wikipedia.org/wiki/A_Thousand_Acres_(film)
https://en.wikipedia.org/wiki/A_Thousand_Clowns
https://en.wikipedia.org/wiki/A_Thousand_Words_(film)
https://en.wikipedia.org/wiki/Black_%2747_(film)
https://en.wikipedia.org/wiki/Buffalo_%2766
https://en.wikipedia.org/wiki/Da_5_Bloods
https://en.wikipedia.org/wiki/Day_One_(1989_film)
https://en.wikipedia.org/wiki/District_9
https://en.wikipedia.org/wiki/Eight_Ball_(film)
https://en.wikipedia.org/wiki/Eight_Bells_(film)
https://en.wikipedia.org/wiki/Eight_Below
https://en.wikipedia.org/wiki/Eight_Crazy_Nights
https://en.wikipedia.org/wiki/Eight_Days_a_Week_(film)
https://en.wikipedia.org/wiki/Eight_Girls_in_a_Boat_(1932_film)
https://en.wikipedia.org/wiki/Eight_Girls_in_a_Boat_(1934_film)
https://en.wikipedia.org/wiki/Eight_Hours_of_Terror
https://en.wikipedia.org/wiki/Eight_Iron_Men
https://en.wikipedia.org/wiki/Eight_Legged_Freaks
https://en.wikipedia.org/wiki/Eight_Men_Out
https://en.wikipedia.org/wiki/Eight_Minutes_to_Midnight:_A_Portrait_of_Dr._Helen_Caldicott
https://en.wikipedia.org/wiki/Eight_O%27Clock_Walk
https://en.wikipedia.org/wiki/Eight_on_the_Lam
https://en.wikipedia.org/wiki/Eighth_Grade_(film)
https://en.wikipedia.org/wiki/Five_Children_and_It_(film)
https://en.wikipedia.org/wiki/Five_Easy_Pieces
https://en.wikipedia.org/wiki/Five_Feet_Apart
https://en.wikipedia.org/wiki/Five_Fingers_(2006_film)
https://en.wikipedia.org/wiki/Five_Fingers_of_Death
https://en.wikipedia.org/wiki/Five_Graves_to_Cairo
https://en.wikipedia.org/wiki/Five_Million_Years_to_Earth
https://en.wikipedia.org/wiki/Five_Minutes_of_Heaven
https://en.wikipedia.org/wiki/Five_Weeks_in_a_Balloon_(film)
https://en.wikipedia.org/wiki/Four_Brothers_(film)
https://en.wikipedia.org/wiki/Four_Daughters_(1938_film)
https://en.wikipedia.org/wiki/Four_Flies_on_Grey_Velvet
https://en.wikipedia.org/wiki/Four_Horsemen_of_the_Apocalypse_(film)
https://en.wikipedia.org/wiki/Four_Lions
https://en.wikipedia.org/wiki/Four_Rooms
https://en.wikipedia.org/wiki/Four_Weddings_and_a_Funeral
https://en.wikipedia.org/wiki/Four_for_Venice
https://en.wikipedia.org/wiki/Las_13_rosas
https://en.wikipedia.org/wiki/Million_Dollar_Arm
https://en.wikipedia.org/wiki/Million_Dollar_Baby
https://en.wikipedia.org/wiki/Millions_(2004_film)
https://en.wikipedia.org/wiki/Nine_(2009_live-action_film)
https://en.wikipedia.org/wiki/Nine_Dead
https://en.wikipedia.org/wiki/Nine_Hours_to_Rama
https://en.wikipedia.org/wiki/Nine_Lives_(1957_film)
https://en.wikipedia.org/wiki/Nine_Lives_(2002_film)
https://en.wikipedia.org/wiki/Nine_Lives_(2005_film)
https://en.wikipedia.org/wiki/Nine_Lives_(2016_film)
https://en.wikipedia.org/wiki/Nine_Miles_Down
https://en.wikipedia.org/wiki/Nine_Months
https://en.wikipedia.org/wiki/Nine_Queens
https://en.wikipedia.org/wiki/Nineteen_Eighty-Four_(1984_film)
https://en.wikipedia.org/wiki/One,_Two,_Three
https://en.wikipedia.org/wiki/One-Way_Ticket_to_Mombasa
https://en.wikipedia.org/wiki/One_A.M._(1916_film)
https://en.wikipedia.org/wiki/One_Day_(2011_film)
https://en.wikipedia.org/wiki/One_False_Move
https://en.wikipedia.org/wiki/One_Fine_Day_(1996_film)
https://en.wikipedia.org/wiki/One_Flew_Over_the_Cuckoo%27s_Nest_(film)
https://en.wikipedia.org/wiki/One_Hour_Photo
https://en.wikipedia.org/wiki/One_Hundred_Men_and_a_Girl
https://en.wikipedia.org/wiki/One_Hundred_and_One_Dalmatians
https://en.wikipedia.org/wiki/One_Million_Years_B.C.
https://en.wikipedia.org/wiki/One_More_Time_(1970_film)
https://en.wikipedia.org/wiki/One_Night_of_Love
https://en.wikipedia.org/wiki/One_Night_with_the_King
https://en.wikipedia.org/wiki/One_Way_Passage
https://en.wikipedia.org/wiki/One_Week_(1920_film)
https://en.wikipedia.org/wiki/One_Week_(2008_film)
https://en.wikipedia.org/wiki/One_of_Our_Dinosaurs_Is_Missing
https://en.wikipedia.org/wiki/Pi_(film)
https://en.wikipedia.org/wiki/Ridiculous_Six
https://en.wikipedia.org/wiki/Seven_(1995_film)
https://en.wikipedia.org/wiki/Seven_Beauties
https://en.wikipedia.org/wiki/Seven_Brides_for_Seven_Brothers_(film)
https://en.wikipedia.org/wiki/Seven_Days_in_May
https://en.wikipedia.org/wiki/Seven_Men_from_Now
https://en.wikipedia.org/wiki/Seven_Pounds
https://en.wikipedia.org/wiki/Seven_Psychopaths
https://en.wikipedia.org/wiki/Seven_Samurai
https://en.wikipedia.org/wiki/Seven_Swords
https://en.wikipedia.org/wiki/Seven_Up!
https://en.wikipedia.org/wiki/Seven_Years_in_Tibet_(1997_film)
https://en.wikipedia.org/wiki/Seventh_Heaven_(1927_film)
https://en.wikipedia.org/wiki/Seventh_Heaven_(1937_film)
https://en.wikipedia.org/wiki/Seventh_Heaven_(1993_film)
https://en.wikipedia.org/wiki/Seventh_Son_(film)
https://en.wikipedia.org/wiki/Six_Days,_Seven_Nights
https://en.wikipedia.org/wiki/Six_Days_Seven_Nights
https://en.wikipedia.org/wiki/Six_Degrees_of_Separation_(film)
https://en.wikipedia.org/wiki/Six_Pack_(film)
https://en.wikipedia.org/wiki/Sixteen_Candles
https://en.wikipedia.org/wiki/Snow_White_and_the_Seven_Dwarfs_(1937_film)
https://en.wikipedia.org/wiki/Television_film
https://en.wikipedia.org/wiki/Television_movie
https://en.wikipedia.org/wiki/Ten_Little_Indians_(1965_film)
https://en.wikipedia.org/wiki/Ten_Little_Indians_(1989_film)
https://en.wikipedia.org/wiki/Ten_Years_(2015_film)
https://en.wikipedia.org/wiki/The_$1,000,000_Reward
https://en.wikipedia.org/wiki/The_10th_Kingdom
https://en.wikipedia.org/wiki/The_10th_Victim
https://en.wikipedia.org/wiki/The_11th_Hour_(2007_film)
https://en.wikipedia.org/wiki/The_13th_Warrior
https://en.wikipedia.org/wiki/The_15:17_to_Paris
https://en.wikipedia.org/wiki/The_1_Second_Film
https://en.wikipedia.org/wiki/The_300_Spartans
https://en.wikipedia.org/wiki/The_355
https://en.wikipedia.org/wiki/The_36th_Chamber_of_Shaolin
https://en.wikipedia.org/wiki/The_39_Steps_(1935_film)
https://en.wikipedia.org/wiki/The_39_Steps_(1959_film)
https://en.wikipedia.org/wiki/The_39_Steps_(2008_film)
https://en.wikipedia.org/wiki/The_40-Year-Old_Virgin
https://en.wikipedia.org/wiki/The_400_Blows
https://en.wikipedia.org/wiki/The_41-Year-Old_Virgin_Who_Knocked_Up_Sarah_Marshall_and_Felt_Superbad_About_It
https://en.wikipedia.org/wiki/The_47_Ronin_(1941_film)
https://en.wikipedia.org/wiki/The_4th_Floor_(1999_film)
https://en.wikipedia.org/wiki/The_5,000_Fingers_of_Dr._T
https://en.wikipedia.org/wiki/The_51st_State
https://en.wikipedia.org/wiki/The_601st_Phone_Call
https://en.wikipedia.org/wiki/The_6th_Day
https://en.wikipedia.org/wiki/The_7th_Voyage_of_Sinbad
https://en.wikipedia.org/wiki/The_8th_Night
https://en.wikipedia.org/wiki/The_9th_Life_of_Louis_Drax
https://en.wikipedia.org/wiki/The_Eight_Diagram_Pole_Fighter
https://en.wikipedia.org/wiki/The_Fifth_Element
https://en.wikipedia.org/wiki/The_Five_Man_Army
https://en.wikipedia.org/wiki/The_Five_People_you_Meet_in_Heaven
https://en.wikipedia.org/wiki/The_Five_Senses_(film)
https://en.wikipedia.org/wiki/The_Four_Feathers_(1939_film)
https://en.wikipedia.org/wiki/The_Four_Feathers_(1978_film)
https://en.wikipedia.org/wiki/The_Four_Feathers_(2002_film)
https://en.wikipedia.org/wiki/The_Four_Horsemen_of_the_Apocalypse_(film)
https://en.wikipedia.org/wiki/The_Four_Musketeers_(1974_film)
https://en.wikipedia.org/wiki/The_Four_Seasons_(1981_film)
https://en.wikipedia.org/wiki/The_Fourth_Kind
https://en.wikipedia.org/wiki/The_Fourth_Man_(1983_film)
https://en.wikipedia.org/wiki/The_Fourth_Protocol_(film)
https://en.wikipedia.org/wiki/The_Hateful_Eight
https://en.wikipedia.org/wiki/The_Magnificent_Seven
https://en.wikipedia.org/wiki/The_Million_Dollar_Duck
https://en.wikipedia.org/wiki/The_Nines
https://en.wikipedia.org/wiki/The_Ninth_Configuration
https://en.wikipedia.org/wiki/The_Ninth_Gate
https://en.wikipedia.org/wiki/The_Number_23
https://en.wikipedia.org/wiki/The_One_(2001_film)
https://en.wikipedia.org/wiki/The_Seven-Ups
https://en.wikipedia.org/wiki/The_Seven_Tapes
https://en.wikipedia.org/wiki/The_Seven_Year_Itch
https://en.wikipedia.org/wiki/The_Seventh_Seal
https://en.wikipedia.org/wiki/The_Seventh_Sign
https://en.wikipedia.org/wiki/The_Seventh_Victim
https://en.wikipedia.org/wiki/The_Sixth_Sense
https://en.wikipedia.org/wiki/The_Ten_(film)
https://en.wikipedia.org/wiki/The_Ten_Commandments:_The_Movie
https://en.wikipedia.org/wiki/The_Ten_Commandments_(1923_film)
https://en.wikipedia.org/wiki/The_Ten_Commandments_(1956_film)
https://en.wikipedia.org/wiki/The_Ten_Commandments_(2007_film)
https://en.wikipedia.org/wiki/The_Third_Man
https://en.wikipedia.org/wiki/The_Thirteen_Chairs
https://en.wikipedia.org/wiki/The_Thirteenth_Floor
https://en.wikipedia.org/wiki/The_Thirty_Nine_Steps_(1978_film)
https://en.wikipedia.org/wiki/The_Three_Burials_of_Melquiades_Estrada
https://en.wikipedia.org/wiki/The_Three_Caballeros
https://en.wikipedia.org/wiki/The_Three_Faces_of_Eve
https://en.wikipedia.org/wiki/The_Three_Godfathers_(1916_film)
https://en.wikipedia.org/wiki/The_Three_Musketeers:_D%27Artagnan
https://en.wikipedia.org/wiki/The_Three_Musketeers_(1921_film)
https://en.wikipedia.org/wiki/The_Three_Musketeers_(1933_serial)
https://en.wikipedia.org/wiki/The_Three_Musketeers_(1948_film)
https://en.wikipedia.org/wiki/The_Three_Musketeers_(1973_live-action_film)
https://en.wikipedia.org/wiki/The_Three_Musketeers_(1992_film)
https://en.wikipedia.org/wiki/The_Three_Musketeers_(1993_film)
https://en.wikipedia.org/wiki/The_Three_Musketeers_(2011_film)
https://en.wikipedia.org/wiki/The_Three_Sisters_(1966_film)
https://en.wikipedia.org/wiki/The_Three_Sisters_(1970_film)
https://en.wikipedia.org/wiki/The_Twelve_Chairs_(1962_film)
https://en.wikipedia.org/wiki/The_Twelve_Chairs_(1970_film)
https://en.wikipedia.org/wiki/The_Twelve_Chairs_(1971_film)
https://en.wikipedia.org/wiki/The_Twelve_Chairs_(1976_film)
https://en.wikipedia.org/wiki/The_Twelve_Tasks_of_Asterix
https://en.wikipedia.org/wiki/The_Two_Faces_of_January_(film)
https://en.wikipedia.org/wiki/The_Two_Jakes
https://en.wikipedia.org/wiki/The_Zero_Theorem
https://en.wikipedia.org/wiki/Thirteen_(2003_film)
https://en.wikipedia.org/wiki/Thirteen_Days_(film)
https://en.wikipedia.org/wiki/Thirteen_Ghosts
https://en.wikipedia.org/wiki/Thr3e_(film)
https://en.wikipedia.org/wiki/Three..._Extremes
https://en.wikipedia.org/wiki/Three_(2002_film)
https://en.wikipedia.org/wiki/Three_Amigos
https://en.wikipedia.org/wiki/Three_Billboards_Outside_Ebbing,_Missouri
https://en.wikipedia.org/wiki/Three_Coins_in_the_Fountain_(1954_film)
https://en.wikipedia.org/wiki/Three_Colors:_Blue
https://en.wikipedia.org/wiki/Three_Colors:_Red
https://en.wikipedia.org/wiki/Three_Colors:_White
https://en.wikipedia.org/wiki/Three_Comrades_(1938_film)
https://en.wikipedia.org/wiki/Three_Days_of_the_Condor
https://en.wikipedia.org/wiki/Three_Fugitives
https://en.wikipedia.org/wiki/Three_Godfathers_(1936_film)
https://en.wikipedia.org/wiki/Three_Kings_(1999_film)
https://en.wikipedia.org/wiki/Three_Men_and_a_Baby
https://en.wikipedia.org/wiki/Three_Men_and_a_Little_Lady
https://en.wikipedia.org/wiki/Three_Mothers_(2006_film)
https://en.wikipedia.org/wiki/Three_Sisters_(1970_Olivier_film)
https://en.wikipedia.org/wiki/Three_Sisters_(1994_film)
https://en.wikipedia.org/wiki/Three_Young_Texans
https://en.wikipedia.org/wiki/Three_for_the_Road
https://en.wikipedia.org/wiki/Three_on_a_Couch
https://en.wikipedia.org/wiki/Three_on_a_Match
https://en.wikipedia.org/wiki/Three_the_Hard_Way_(film)
https://en.wikipedia.org/wiki/Three_to_Tango
https://en.wikipedia.org/wiki/Twelve_(2010_film)
https://en.wikipedia.org/wiki/Twenty-One_(1991_film)
https://en.wikipedia.org/wiki/Two_Days,_One_Night
https://en.wikipedia.org/wiki/Two_Family_House
https://en.wikipedia.org/wiki/Two_Lovers_(2008_film)
https://en.wikipedia.org/wiki/Two_Mules_for_Sister_Sara
https://en.wikipedia.org/wiki/Two_Solitudes_(film)
https://en.wikipedia.org/wiki/Two_Thousand_Maniacs!
https://en.wikipedia.org/wiki/Two_Weeks_Notice
https://en.wikipedia.org/wiki/Two_Women
https://en.wikipedia.org/wiki/Two_for_the_Money_(2005_film)
https://en.wikipedia.org/wiki/Zero_(2018_film)
https://en.wikipedia.org/wiki/Zero_Charisma
https://en.wikipedia.org/wiki/Zero_Dark_Thirty
https://en.wikipedia.org/wiki/Zero_Day_(2003_film)
https://en.wikipedia.org/wiki/Zero_Effect
https://en.wikipedia.org/wiki/Zero_Hour!_(1957_film)
https://en.wikipedia.org/wiki/Zero_Kelvin_(film)
https://en.wikipedia.org/wiki/Zero_Tolerance_(1995_film)
https://en.wikipedia.org/wiki/Zero_for_Conduct
Language counts for https://en.wikipedia.org/wiki/List_of_films:_numbers:
{'english': 343, 'hindi': 26, 'japanese': 13, 'french': 12, '': 8, 'best foreign language film\n': 8, 'korean': 6, 'mandarin': 5, 'russian': 5, 'silent filmenglish intertitles': 4}

